<?xml version="1.0" encoding="UTF-8"?>
<!-- Generated by org.testng.reporters.JUnitXMLReporter -->
<testsuite hostname="ROC-RDEVWS07" ignored="2" name="Smoke Test(failed)" tests="6" failures="2" timestamp="12 Jan 2018 10:46:41 GMT" time="187.099" errors="0">
  <testcase name="review_QAArating_worksheet_details" time="30.115" classname="com.LegacyApplication.SubmissionPage.TC013_VerifyQAARatingWorkSheetData">
    <skipped/>
  </testcase> <!-- review_QAArating_worksheet_details -->
  <testcase name="review_QAArating_worksheet_details" time="27.312" classname="com.LegacyApplication.SubmissionPage.TC013_VerifyQAARatingWorkSheetData">
    <skipped/>
  </testcase> <!-- review_QAArating_worksheet_details -->
  <testcase name="review_QAArating_worksheet_details" time="26.702" classname="com.LegacyApplication.SubmissionPage.TC013_VerifyQAARatingWorkSheetData">
    <failure type="java.lang.AssertionError" message="expected [QAA01074800] but found [QAA01074812]">
      <![CDATA[java.lang.AssertionError: expected [QAA01074800] but found [QAA01074812]
	at com.LegacyApplication.PageMethods.AdminSubmissionPageMethods.verify_QAArating_info(AdminSubmissionPageMethods.java:46)
	at com.LegacyApplication.SubmissionPage.TC013_VerifyQAARatingWorkSheetData.review_QAArating_worksheet_details(TC013_VerifyQAARatingWorkSheetData.java:24)
... Removed 31 stack frames]]>
    </failure>
  </testcase> <!-- review_QAArating_worksheet_details -->
  <testcase name="verify_specific_eligibility__information" time="29.773" classname="com.LegacyApplication.SubmissionPage.TC009_VerifySpecificPageInfo">
    <skipped/>
  </testcase> <!-- verify_specific_eligibility__information -->
  <testcase name="verify_specific_eligibility__information" time="31.382" classname="com.LegacyApplication.SubmissionPage.TC009_VerifySpecificPageInfo">
    <skipped/>
  </testcase> <!-- verify_specific_eligibility__information -->
  <testcase name="verify_specific_eligibility__information" time="31.067" classname="com.LegacyApplication.SubmissionPage.TC009_VerifySpecificPageInfo">
    <failure type="java.lang.AssertionError" message="expected [true] but found [false]">
      <![CDATA[java.lang.AssertionError: expected [true] but found [false]
	at com.LegacyApplication.PageMethods.SubmissionPageMethods.verify_specific_eligibility_elements(SubmissionPageMethods.java:460)
	at com.LegacyApplication.SubmissionPage.TC009_VerifySpecificPageInfo.verify_specific_eligibility__information(TC009_VerifySpecificPageInfo.java:29)
... Removed 31 stack frames]]>
    </failure>
  </testcase> <!-- verify_specific_eligibility__information -->
  <testcase name="verify_Admin_specific_eligibility__information" time="0.0" classname="com.LegacyApplication.SubmissionPage.TC009_VerifySpecificPageInfo">
    <ignored/>
  </testcase> <!-- verify_Admin_specific_eligibility__information -->
  <testcase name="@AfterTest teardown" time="0.0" classname="com.LegacyApplication.TestBase.TestBase">
    <ignored/>
  </testcase> <!-- @AfterTest teardown -->
</testsuite> <!-- Smoke Test(failed) -->
