<?xml version="1.0" encoding="UTF-8"?>
<!-- Generated by org.testng.reporters.JUnitReportReporter -->
<<<<<<< HEAD
<<<<<<< HEAD
<testsuite skipped="1" hostname="MCC-TESTPC" name="com.LegacyApplication.RegressionIssues.TC047_SubmitVoctoryContactorBonds" tests="2" failures="0" timestamp="14 Nov 2018 06:32:47 GMT" time="79.570" errors="0">
  <testcase name="submit_victory_contractor_bonds" time="27.289" classname="com.LegacyApplication.RegressionIssues.TC047_SubmitVoctoryContactorBonds">
    <skipped/>
  </testcase> <!-- submit_victory_contractor_bonds -->
  <testcase name="submit_victory_contractor_bonds" time="52.281" classname="com.LegacyApplication.RegressionIssues.TC047_SubmitVoctoryContactorBonds"/>
=======
<<<<<<< HEAD
<testsuite skipped="0" hostname="ROC-RDEVWS10" name="com.LegacyApplication.RegressionIssues.TC047_SubmitVoctoryContactorBonds" tests="1" failures="0" timestamp="15 Nov 2018 13:01:07 GMT" time="71.072" errors="0">
  <testcase name="submit_victory_contractor_bonds" time="71.072" classname="com.LegacyApplication.RegressionIssues.TC047_SubmitVoctoryContactorBonds"/>
=======
<testsuite skipped="2" hostname="ROC-RDEVWS07" name="com.LegacyApplication.RegressionIssues.TC047_SubmitVoctoryContactorBonds" tests="3" failures="0" timestamp="19 Nov 2018 12:13:17 GMT" time="145.146" errors="1">
  <testcase name="submit_victory_contractor_bonds" time="26.270" classname="com.LegacyApplication.RegressionIssues.TC047_SubmitVoctoryContactorBonds">
    <error type="org.openqa.selenium.WebDriverException" message="unknown error: Element &lt;select data-val=&quot;true&quot; data-val-number=&quot;The field Company Type must be a number.&quot; data-val-required=&quot;*&quot; id=&quot;CompanyInfo_BusinessTypeId&quot; name=&quot;CompanyInfo.BusinessTypeId&quot; style=&quot;width:275px;&quot; tabindex=&quot;10&quot;&gt;...&lt;/select&gt; is not clickable at point (649, 443). Other element would receive the click: &lt;a class=&quot;ui-state-default&quot; href=&quot;#&quot;&gt;...&lt;/a&gt;
  (Session info: chrome=70.0.3538.102)
  (Driver info: chromedriver=2.42.591088 (7b2b2dca23cca0862f674758c9a3933e685c27d5),platform=Windows NT 10.0.14393 x86_64) (WARNING: The server did not provide any stacktrace information)
Command duration or timeout: 0 milliseconds
Build info: version: &#039;3.14.0&#039;, revision: &#039;aacccce0&#039;, time: &#039;2018-08-02T20:19:58.91Z&#039;
System info: host: &#039;ROC-RDEVWS07&#039;, ip: &#039;10.31.42.222&#039;, os.name: &#039;Windows 10&#039;, os.arch: &#039;amd64&#039;, os.version: &#039;10.0&#039;, java.version: &#039;1.8.0_144&#039;
Driver info: org.openqa.selenium.chrome.ChromeDriver
Capabilities {acceptInsecureCerts: false, acceptSslCerts: false, applicationCacheEnabled: false, browserConnectionEnabled: false, browserName: chrome, chrome: {chromedriverVersion: 2.42.591088 (7b2b2dca23cca0..., userDataDir: C:\Users\abelman\AppData\Lo...}, cssSelectorsEnabled: true, databaseEnabled: false, goog:chromeOptions: {debuggerAddress: localhost:50797}, handlesAlerts: true, hasTouchScreen: false, javascriptEnabled: true, locationContextEnabled: true, mobileEmulationEnabled: false, nativeEvents: true, networkConnectionEnabled: false, pageLoadStrategy: normal, platform: XP, platformName: XP, rotatable: false, setWindowRect: true, takesHeapSnapshot: true, takesScreenshot: true, unexpectedAlertBehaviour: accept, unhandledPromptBehavior: accept, version: 70.0.3538.102, webStorageEnabled: true}
Session ID: 8efbdb0558c0ed090e8c3fdddcb0cf55">
      <![CDATA[org.openqa.selenium.WebDriverException: unknown error: Element <select data-val="true" data-val-number="The field Company Type must be a number." data-val-required="*" id="CompanyInfo_BusinessTypeId" name="CompanyInfo.BusinessTypeId" style="width:275px;" tabindex="10">...</select> is not clickable at point (649, 443). Other element would receive the click: <a class="ui-state-default" href="#">...</a>
  (Session info: chrome=70.0.3538.102)
  (Driver info: chromedriver=2.42.591088 (7b2b2dca23cca0862f674758c9a3933e685c27d5),platform=Windows NT 10.0.14393 x86_64) (WARNING: The server did not provide any stacktrace information)
Command duration or timeout: 0 milliseconds
Build info: version: '3.14.0', revision: 'aacccce0', time: '2018-08-02T20:19:58.91Z'
System info: host: 'ROC-RDEVWS07', ip: '10.31.42.222', os.name: 'Windows 10', os.arch: 'amd64', os.version: '10.0', java.version: '1.8.0_144'
Driver info: org.openqa.selenium.chrome.ChromeDriver
Capabilities {acceptInsecureCerts: false, acceptSslCerts: false, applicationCacheEnabled: false, browserConnectionEnabled: false, browserName: chrome, chrome: {chromedriverVersion: 2.42.591088 (7b2b2dca23cca0..., userDataDir: C:\Users\abelman\AppData\Lo...}, cssSelectorsEnabled: true, databaseEnabled: false, goog:chromeOptions: {debuggerAddress: localhost:50797}, handlesAlerts: true, hasTouchScreen: false, javascriptEnabled: true, locationContextEnabled: true, mobileEmulationEnabled: false, nativeEvents: true, networkConnectionEnabled: false, pageLoadStrategy: normal, platform: XP, platformName: XP, rotatable: false, setWindowRect: true, takesHeapSnapshot: true, takesScreenshot: true, unexpectedAlertBehaviour: accept, unhandledPromptBehavior: accept, version: 70.0.3538.102, webStorageEnabled: true}
Session ID: 8efbdb0558c0ed090e8c3fdddcb0cf55
at sun.reflect.NativeConstructorAccessorImpl.newInstance0(Native Method)
at sun.reflect.NativeConstructorAccessorImpl.newInstance(NativeConstructorAccessorImpl.java:62)
at sun.reflect.DelegatingConstructorAccessorImpl.newInstance(DelegatingConstructorAccessorImpl.java:45)
at java.lang.reflect.Constructor.newInstance(Constructor.java:423)
at org.openqa.selenium.remote.ErrorHandler.createThrowable(ErrorHandler.java:214)
at org.openqa.selenium.remote.ErrorHandler.throwIfResponseFailed(ErrorHandler.java:166)
at org.openqa.selenium.remote.http.JsonHttpResponseCodec.reconstructValue(JsonHttpResponseCodec.java:40)
at org.openqa.selenium.remote.http.AbstractHttpResponseCodec.decode(AbstractHttpResponseCodec.java:80)
at org.openqa.selenium.remote.http.AbstractHttpResponseCodec.decode(AbstractHttpResponseCodec.java:44)
at org.openqa.selenium.remote.HttpCommandExecutor.execute(HttpCommandExecutor.java:158)
at org.openqa.selenium.remote.service.DriverCommandExecutor.execute(DriverCommandExecutor.java:83)
at org.openqa.selenium.remote.RemoteWebDriver.execute(RemoteWebDriver.java:548)
at org.openqa.selenium.remote.RemoteWebElement.execute(RemoteWebElement.java:276)
at org.openqa.selenium.remote.RemoteWebElement.click(RemoteWebElement.java:83)
at sun.reflect.GeneratedMethodAccessor10.invoke(Unknown Source)
at sun.reflect.DelegatingMethodAccessorImpl.invoke(DelegatingMethodAccessorImpl.java:43)
at java.lang.reflect.Method.invoke(Method.java:498)
at org.openqa.selenium.support.pagefactory.internal.LocatingElementHandler.invoke(LocatingElementHandler.java:51)
at com.sun.proxy.$Proxy11.click(Unknown Source)
at com.LegacyApplication.Utilities.GenericMethods.select_using_action(GenericMethods.java:391)
at com.LegacyApplication.PageMethods.BondsMethods.fill_VCB_rating_info(BondsMethods.java:88)
at com.LegacyApplication.RegressionIssues.TC047_SubmitVoctoryContactorBonds.submit_victory_contractor_bonds(TC047_SubmitVoctoryContactorBonds.java:31)
at sun.reflect.NativeMethodAccessorImpl.invoke0(Native Method)
at sun.reflect.NativeMethodAccessorImpl.invoke(NativeMethodAccessorImpl.java:62)
at sun.reflect.DelegatingMethodAccessorImpl.invoke(DelegatingMethodAccessorImpl.java:43)
at java.lang.reflect.Method.invoke(Method.java:498)
at org.testng.internal.MethodInvocationHelper.invokeMethod(MethodInvocationHelper.java:124)
at org.testng.internal.Invoker.invokeMethod(Invoker.java:580)
at org.testng.internal.Invoker.retryFailed(Invoker.java:838)
at org.testng.internal.Invoker.invokeTestMethods(Invoker.java:1009)
at org.testng.internal.TestMethodWorker.invokeTestMethods(TestMethodWorker.java:125)
at org.testng.internal.TestMethodWorker.run(TestMethodWorker.java:109)
at org.testng.TestRunner.privateRun(TestRunner.java:648)
at org.testng.TestRunner.run(TestRunner.java:505)
at org.testng.SuiteRunner.runTest(SuiteRunner.java:455)
at org.testng.SuiteRunner.runSequentially(SuiteRunner.java:450)
at org.testng.SuiteRunner.privateRun(SuiteRunner.java:415)
at org.testng.SuiteRunner.run(SuiteRunner.java:364)
at org.testng.SuiteRunnerWorker.runSuite(SuiteRunnerWorker.java:52)
at org.testng.SuiteRunnerWorker.run(SuiteRunnerWorker.java:84)
at org.testng.TestNG.runSuitesSequentially(TestNG.java:1208)
at org.testng.TestNG.runSuitesLocally(TestNG.java:1137)
at org.testng.TestNG.runSuites(TestNG.java:1049)
at org.testng.TestNG.run(TestNG.java:1017)
at org.testng.remote.AbstractRemoteTestNG.run(AbstractRemoteTestNG.java:114)
at org.testng.remote.RemoteTestNG.initAndRun(RemoteTestNG.java:251)
at org.testng.remote.RemoteTestNG.main(RemoteTestNG.java:77)
]]>
    </error>
  </testcase> <!-- submit_victory_contractor_bonds -->
  <testcase name="submit_victory_contractor_bonds" time="88.180" classname="com.LegacyApplication.RegressionIssues.TC047_SubmitVoctoryContactorBonds">
    <skipped/>
  </testcase> <!-- submit_victory_contractor_bonds -->
  <testcase name="submit_victory_contractor_bonds" time="30.696" classname="com.LegacyApplication.RegressionIssues.TC047_SubmitVoctoryContactorBonds">
    <skipped/>
  </testcase> <!-- submit_victory_contractor_bonds -->
>>>>>>> ebfbf10a2d5d439e033fce1ebca49cdf5731c7e5
>>>>>>> 01f6c7c53117b9debf0479e60efbcdfd4c8fc0cf
=======
<testsuite skipped="0" hostname="ROC-RDEVWS07" name="com.LegacyApplication.RegressionIssues.TC047_SubmitVoctoryContactorBonds" tests="1" failures="0" timestamp="06 Dec 2018 05:33:04 GMT" time="58.283" errors="0">
  <testcase name="submit_victory_contractor_bonds" time="58.283" classname="com.LegacyApplication.RegressionIssues.TC047_SubmitVoctoryContactorBonds"/>
>>>>>>> 9b932924b9dd1ed964b8846c62d4b5787e0e0699
</testsuite> <!-- com.LegacyApplication.RegressionIssues.TC047_SubmitVoctoryContactorBonds -->
