<html>
<head>
<title>TestNG:  Starr End-End Test</title>
<link href="../testng.css" rel="stylesheet" type="text/css" />
<link href="../my-testng.css" rel="stylesheet" type="text/css" />

<style type="text/css">
.log { display: none;} 
.stack-trace { display: none;} 
</style>
<script type="text/javascript">
<!--
function flip(e) {
  current = e.style.display;
  if (current == 'block') {
    e.style.display = 'none';
    return 0;
  }
  else {
    e.style.display = 'block';
    return 1;
  }
}

function toggleBox(szDivId, elem, msg1, msg2)
{
  var res = -1;  if (document.getElementById) {
    res = flip(document.getElementById(szDivId));
  }
  else if (document.all) {
    // this is the way old msie versions work
    res = flip(document.all[szDivId]);
  }
  if(elem) {
    if(res == 0) elem.innerHTML = msg1; else elem.innerHTML = msg2;
  }

}

function toggleAllBoxes() {
  if (document.getElementsByTagName) {
    d = document.getElementsByTagName('div');
    for (i = 0; i < d.length; i++) {
      if (d[i].className == 'log') {
        flip(d[i]);
      }
    }
  }
}

// -->
</script>

</head>
<body>
<h2 align='center'>Starr End-End Test</h2><table border='1' align="center">
<tr>
<td>Tests passed/Failed/Skipped:</td><td>9/0/2</td>
</tr><tr>
<td>Started on:</td><td>Wed Dec 11 20:34:41 PST 2019</td>
</tr>
<tr><td>Total time:</td><td>2252 seconds (2252461 ms)</td>
</tr><tr>
<td>Included groups:</td><td></td>
</tr><tr>
<td>Excluded groups:</td><td></td>
</tr>
</table><p/>
<small><i>(Hover the method name to see the test class name)</i></small><p/>
<table width='100%' border='1' class='invocation-passed'>
<tr><td colspan='4' align='center'><b>PASSED TESTS</b></td></tr>
<tr><td><b>Test method</b></td>
<td width="30%"><b>Exception</b></td>
<td width="10%"><b>Time (seconds)</b></td>
<td><b>Instance</b></td>
</tr>
<tr>
<td title='StarUI.TC096_ServiceFeeStateWise.serviceFeeStateWise()'><b>serviceFeeStateWise</b><br>Test class: StarUI.TC096_ServiceFeeStateWise<br/>
<a href="#Output-1314452077" onClick='toggleBox("Output-1314452077", this, "Show output", "Hide output");'>Show output</a>

<a href="#Output-1314452077" onClick="toggleAllBoxes();">Show all outputs</a>
<div class='log' id="Output-1314452077">
<a href='C:\BTIS\directgl\Testing\BTIS_Application\LegacyApplication\src\main\java\com\LegacyApplication\Success_Screenshots\serviceFeeStateWise_11_12_2019_08_59_03.png'><img src='C:\BTIS\directgl\Testing\BTIS_Application\LegacyApplication\src\main\java\com\LegacyApplication\Success_Screenshots\serviceFeeStateWise_11_12_2019_08_59_03.png'height='100'width='100'/></a><br/>
<a href='C:\BTIS\directgl\Testing\BTIS_Application\LegacyApplication\src\main\java\com\LegacyApplication\Success_Screenshots\serviceFeeStateWise_11_12_2019_08_59_04.png'><img src='C:\BTIS\directgl\Testing\BTIS_Application\LegacyApplication\src\main\java\com\LegacyApplication\Success_Screenshots\serviceFeeStateWise_11_12_2019_08_59_04.png'height='100'width='100'/></a><br/>
</div>
</td>
<td></td>
<td>233</td>
<td>StarUI.TC096_ServiceFeeStateWise@65d6b83b</td></tr>
<tr>
<td title='StarUI.TC098_Submission_MultiplePaymentOptions.starr_PayNow_payement()'><b>starr_PayNow_payement</b><br>Test class: StarUI.TC098_Submission_MultiplePaymentOptions<br/>
<a href="#Output-1916048370" onClick='toggleBox("Output-1916048370", this, "Show output", "Hide output");'>Show output</a>

<a href="#Output-1916048370" onClick="toggleAllBoxes();">Show all outputs</a>
<div class='log' id="Output-1916048370">
<a href='C:\BTIS\directgl\Testing\BTIS_Application\LegacyApplication\src\main\java\com\LegacyApplication\Success_Screenshots\starr_PayNow_payement_11_12_2019_09_05_45.png'><img src='C:\BTIS\directgl\Testing\BTIS_Application\LegacyApplication\src\main\java\com\LegacyApplication\Success_Screenshots\starr_PayNow_payement_11_12_2019_09_05_45.png'height='100'width='100'/></a><br/>
<a href='C:\BTIS\directgl\Testing\BTIS_Application\LegacyApplication\src\main\java\com\LegacyApplication\Success_Screenshots\starr_PayNow_payement_11_12_2019_09_05_46.png'><img src='C:\BTIS\directgl\Testing\BTIS_Application\LegacyApplication\src\main\java\com\LegacyApplication\Success_Screenshots\starr_PayNow_payement_11_12_2019_09_05_46.png'height='100'width='100'/></a><br/>
</div>
</td>
<td></td>
<td>196</td>
<td>StarUI.TC098_Submission_MultiplePaymentOptions@30b7c004</td></tr>
<tr>
<td title='StarUI.TC092_CreateStarr_SmallMarine_Sub.starr_SmallArt_Submission()'><b>starr_SmallArt_Submission</b><br>Test class: StarUI.TC092_CreateStarr_SmallMarine_Sub<br/>
<a href="#Output-1457899771" onClick='toggleBox("Output-1457899771", this, "Show output", "Hide output");'>Show output</a>

<a href="#Output-1457899771" onClick="toggleAllBoxes();">Show all outputs</a>
<div class='log' id="Output-1457899771">
<a href='C:\BTIS\directgl\Testing\BTIS_Application\LegacyApplication\src\main\java\com\LegacyApplication\Success_Screenshots\starr_SmallArt_Submission_11_12_2019_08_43_56.png'><img src='C:\BTIS\directgl\Testing\BTIS_Application\LegacyApplication\src\main\java\com\LegacyApplication\Success_Screenshots\starr_SmallArt_Submission_11_12_2019_08_43_56.png'height='100'width='100'/></a><br/>
<a href='C:\BTIS\directgl\Testing\BTIS_Application\LegacyApplication\src\main\java\com\LegacyApplication\Success_Screenshots\starr_SmallArt_Submission_11_12_2019_08_43_58.png'><img src='C:\BTIS\directgl\Testing\BTIS_Application\LegacyApplication\src\main\java\com\LegacyApplication\Success_Screenshots\starr_SmallArt_Submission_11_12_2019_08_43_58.png'height='100'width='100'/></a><br/>
</div>
</td>
<td></td>
<td>204</td>
<td>StarUI.TC092_CreateStarr_SmallMarine_Sub@7b227d8d</td></tr>
<tr>
<td title='StarUI.TC098_Submission_MultiplePaymentOptions.starr_manualFinance_payement()'><b>starr_manualFinance_payement</b><br>Test class: StarUI.TC098_Submission_MultiplePaymentOptions<br/>
<a href="#Output-1314589328" onClick='toggleBox("Output-1314589328", this, "Show output", "Hide output");'>Show output</a>

<a href="#Output-1314589328" onClick="toggleAllBoxes();">Show all outputs</a>
<div class='log' id="Output-1314589328">
<a href='C:\BTIS\directgl\Testing\BTIS_Application\LegacyApplication\src\main\java\com\LegacyApplication\Success_Screenshots\starr_manualFinance_payement_11_12_2019_09_08_59.png'><img src='C:\BTIS\directgl\Testing\BTIS_Application\LegacyApplication\src\main\java\com\LegacyApplication\Success_Screenshots\starr_manualFinance_payement_11_12_2019_09_08_59.png'height='100'width='100'/></a><br/>
<a href='C:\BTIS\directgl\Testing\BTIS_Application\LegacyApplication\src\main\java\com\LegacyApplication\Success_Screenshots\starr_manualFinance_payement_11_12_2019_09_09_00.png'><img src='C:\BTIS\directgl\Testing\BTIS_Application\LegacyApplication\src\main\java\com\LegacyApplication\Success_Screenshots\starr_manualFinance_payement_11_12_2019_09_09_00.png'height='100'width='100'/></a><br/>
</div>
</td>
<td></td>
<td>189</td>
<td>StarUI.TC098_Submission_MultiplePaymentOptions@30b7c004</td></tr>
<tr>
<td title='StarUI.TC091_CreateStarr_MarineArt_Sub.starr_marineSubmission()'><b>starr_marineSubmission</b><br>Test class: StarUI.TC091_CreateStarr_MarineArt_Sub<br/>
<a href="#Output-1135348328" onClick='toggleBox("Output-1135348328", this, "Show output", "Hide output");'>Show output</a>

<a href="#Output-1135348328" onClick="toggleAllBoxes();">Show all outputs</a>
<div class='log' id="Output-1135348328">
<a href='C:\BTIS\directgl\Testing\BTIS_Application\LegacyApplication\src\main\java\com\LegacyApplication\Success_Screenshots\starr_marineSubmission_11_12_2019_08_40_27.png'><img src='C:\BTIS\directgl\Testing\BTIS_Application\LegacyApplication\src\main\java\com\LegacyApplication\Success_Screenshots\starr_marineSubmission_11_12_2019_08_40_27.png'height='100'width='100'/></a><br/>
<a href='C:\BTIS\directgl\Testing\BTIS_Application\LegacyApplication\src\main\java\com\LegacyApplication\Success_Screenshots\starr_marineSubmission_11_12_2019_08_40_28.png'><img src='C:\BTIS\directgl\Testing\BTIS_Application\LegacyApplication\src\main\java\com\LegacyApplication\Success_Screenshots\starr_marineSubmission_11_12_2019_08_40_28.png'height='100'width='100'/></a><br/>
</div>
</td>
<td></td>
<td>209</td>
<td>StarUI.TC091_CreateStarr_MarineArt_Sub@4c1d9d4b</td></tr>
<tr>
<td title='StarUI.TC098_Submission_MultiplePaymentOptions.starr_paperlessFinance_payement()'><b>starr_paperlessFinance_payement</b><br>Test class: StarUI.TC098_Submission_MultiplePaymentOptions<br/>
<a href="#Output-1542187282" onClick='toggleBox("Output-1542187282", this, "Show output", "Hide output");'>Show output</a>

<a href="#Output-1542187282" onClick="toggleAllBoxes();">Show all outputs</a>
<div class='log' id="Output-1542187282">
<a href='C:\BTIS\directgl\Testing\BTIS_Application\LegacyApplication\src\main\java\com\LegacyApplication\Success_Screenshots\starr_paperlessFinance_payement_11_12_2019_09_12_09.png'><img src='C:\BTIS\directgl\Testing\BTIS_Application\LegacyApplication\src\main\java\com\LegacyApplication\Success_Screenshots\starr_paperlessFinance_payement_11_12_2019_09_12_09.png'height='100'width='100'/></a><br/>
<a href='C:\BTIS\directgl\Testing\BTIS_Application\LegacyApplication\src\main\java\com\LegacyApplication\Success_Screenshots\starr_paperlessFinance_payement_11_12_2019_09_12_11.png'><img src='C:\BTIS\directgl\Testing\BTIS_Application\LegacyApplication\src\main\java\com\LegacyApplication\Success_Screenshots\starr_paperlessFinance_payement_11_12_2019_09_12_11.png'height='100'width='100'/></a><br/>
</div>
</td>
<td></td>
<td>186</td>
<td>StarUI.TC098_Submission_MultiplePaymentOptions@30b7c004</td></tr>
<tr>
<td title='StarUI.TC097_CreateSub_Diff_BusinessNmailAddress.starr_submissionWithDifferentAddress()'><b>starr_submissionWithDifferentAddress</b><br>Test class: StarUI.TC097_CreateSub_Diff_BusinessNmailAddress<br/>
<a href="#Output-1167527656" onClick='toggleBox("Output-1167527656", this, "Show output", "Hide output");'>Show output</a>

<a href="#Output-1167527656" onClick="toggleAllBoxes();">Show all outputs</a>
<div class='log' id="Output-1167527656">
<a href='C:\BTIS\directgl\Testing\BTIS_Application\LegacyApplication\src\main\java\com\LegacyApplication\Success_Screenshots\starr_submissionWithDifferentAddress_11_12_2019_09_02_23.png'><img src='C:\BTIS\directgl\Testing\BTIS_Application\LegacyApplication\src\main\java\com\LegacyApplication\Success_Screenshots\starr_submissionWithDifferentAddress_11_12_2019_09_02_23.png'height='100'width='100'/></a><br/>
<a href='C:\BTIS\directgl\Testing\BTIS_Application\LegacyApplication\src\main\java\com\LegacyApplication\Success_Screenshots\starr_submissionWithDifferentAddress_11_12_2019_09_02_24.png'><img src='C:\BTIS\directgl\Testing\BTIS_Application\LegacyApplication\src\main\java\com\LegacyApplication\Success_Screenshots\starr_submissionWithDifferentAddress_11_12_2019_09_02_24.png'height='100'width='100'/></a><br/>
</div>
</td>
<td></td>
<td>197</td>
<td>StarUI.TC097_CreateSub_Diff_BusinessNmailAddress@d706f19</td></tr>
<tr>
<td title='StarUI.TC094_ValidateStates_support.states_for_submission()'><b>states_for_submission</b><br>Test class: StarUI.TC094_ValidateStates_support<br/>
<a href="#Output-663531845" onClick='toggleBox("Output-663531845", this, "Show output", "Hide output");'>Show output</a>

<a href="#Output-663531845" onClick="toggleAllBoxes();">Show all outputs</a>
<div class='log' id="Output-663531845">
<a href='C:\BTIS\directgl\Testing\BTIS_Application\LegacyApplication\src\main\java\com\LegacyApplication\Success_Screenshots\states_for_submission_11_12_2019_08_48_00.png'><img src='C:\BTIS\directgl\Testing\BTIS_Application\LegacyApplication\src\main\java\com\LegacyApplication\Success_Screenshots\states_for_submission_11_12_2019_08_48_00.png'height='100'width='100'/></a><br/>
<a href='C:\BTIS\directgl\Testing\BTIS_Application\LegacyApplication\src\main\java\com\LegacyApplication\Success_Screenshots\states_for_submission_11_12_2019_08_48_00.png'><img src='C:\BTIS\directgl\Testing\BTIS_Application\LegacyApplication\src\main\java\com\LegacyApplication\Success_Screenshots\states_for_submission_11_12_2019_08_48_00.png'height='100'width='100'/></a><br/>
</div>
</td>
<td></td>
<td>97</td>
<td>StarUI.TC094_ValidateStates_support@7219ec67</td></tr>
<tr>
<td title='StarUI.TC095_Validate_Deductible.validate_deuctible()'><b>validate_deuctible</b><br>Test class: StarUI.TC095_Validate_Deductible<br/>
<a href="#Output-1244182224" onClick='toggleBox("Output-1244182224", this, "Show output", "Hide output");'>Show output</a>

<a href="#Output-1244182224" onClick="toggleAllBoxes();">Show all outputs</a>
<div class='log' id="Output-1244182224">
<a href='C:\BTIS\directgl\Testing\BTIS_Application\LegacyApplication\src\main\java\com\LegacyApplication\Success_Screenshots\validate_deuctible_11_12_2019_08_55_08.png'><img src='C:\BTIS\directgl\Testing\BTIS_Application\LegacyApplication\src\main\java\com\LegacyApplication\Success_Screenshots\validate_deuctible_11_12_2019_08_55_08.png'height='100'width='100'/></a><br/>
<a href='C:\BTIS\directgl\Testing\BTIS_Application\LegacyApplication\src\main\java\com\LegacyApplication\Success_Screenshots\validate_deuctible_11_12_2019_08_55_08.png'><img src='C:\BTIS\directgl\Testing\BTIS_Application\LegacyApplication\src\main\java\com\LegacyApplication\Success_Screenshots\validate_deuctible_11_12_2019_08_55_08.png'height='100'width='100'/></a><br/>
</div>
</td>
<td></td>
<td>425</td>
<td>StarUI.TC095_Validate_Deductible@45018215</td></tr>
</table><p>
<table width='100%' border='1' class='invocation-skipped'>
<tr><td colspan='4' align='center'><b>SKIPPED TESTS</b></td></tr>
<tr><td><b>Test method</b></td>
<td width="30%"><b>Exception</b></td>
<td width="10%"><b>Time (seconds)</b></td>
<td><b>Instance</b></td>
</tr>
<tr>
<td title='StarUI.TC091_CreateStarr_MarineArt_Sub.starr_marineSubmission()'><b>starr_marineSubmission</b><br>Test class: StarUI.TC091_CreateStarr_MarineArt_Sub</td>
<td><div><pre>org.openqa.selenium.WebDriverException: unknown error: Element &lt;input _ngcontent-c2=&quot;&quot; class=&quot;btn btn-default wizard-button-next next-btn&quot; type=&quot;submit&quot; value=&quot;Save&quot;&gt; is not clickable at point (598, 17). Other element would receive the click: &lt;div _ngcontent-c2=&quot;&quot; class=&quot;loading-text&quot; id=&quot;loading-spinner-text&quot; style=&quot;z-index: 9999;&quot;&gt;...&lt;/div&gt;
  (Session info: chrome=77.0.3865.120)
  (Driver info: chromedriver=2.42.591088 (7b2b2dca23cca0862f674758c9a3933e685c27d5),platform=Windows NT 10.0.16299 x86_64) (WARNING: The server did not provide any stacktrace information)
Command duration or timeout: 0 milliseconds
Build info: version: &apos;3.14.0&apos;, revision: &apos;aacccce0&apos;, time: &apos;2018-08-02T20:19:58.91Z&apos;
System info: host: &apos;MCC-RDEVWS10&apos;, ip: &apos;10.31.47.183&apos;, os.name: &apos;Windows 10&apos;, os.arch: &apos;amd64&apos;, os.version: &apos;10.0&apos;, java.version: &apos;1.8.0_131&apos;
Driver info: org.openqa.selenium.chrome.ChromeDriver
Capabilities {acceptInsecureCerts: false, acceptSslCerts: false, applicationCacheEnabled: false, browserConnectionEnabled: false, browserName: chrome, chrome: {chromedriverVersion: 2.42.591088 (7b2b2dca23cca0..., userDataDir: C:\Users\amaske\AppData\Loc...}, cssSelectorsEnabled: true, databaseEnabled: false, goog:chromeOptions: {debuggerAddress: localhost:61262}, handlesAlerts: true, hasTouchScreen: false, javascriptEnabled: true, locationContextEnabled: true, mobileEmulationEnabled: false, nativeEvents: true, networkConnectionEnabled: false, pageLoadStrategy: normal, platform: XP, platformName: XP, rotatable: false, setWindowRect: true, takesHeapSnapshot: true, takesScreenshot: true, unexpectedAlertBehaviour: accept, unhandledPromptBehavior: accept, version: 77.0.3865.120, webStorageEnabled: true}
Session ID: 7c05913e5b46f7300b17a771076f7983
	at org.openqa.selenium.remote.ErrorHandler.createThrowable(ErrorHandler.java:214)
	at org.openqa.selenium.remote.ErrorHandler.throwIfResponseFailed(ErrorHandler.java:166)
	at org.openqa.selenium.remote.http.JsonHttpResponseCodec.reconstructValue(JsonHttpResponseCodec.java:40)
	at org.openqa.selenium.remote.http.AbstractHttpResponseCodec.decode(AbstractHttpResponseCodec.java:80)
	at org.openqa.selenium.remote.http.AbstractHttpResponseCodec.decode(AbstractHttpResponseCodec.java:44)
	at org.openqa.selenium.remote.HttpCommandExecutor.execute(HttpCommandExecutor.java:158)
	at org.openqa.selenium.remote.service.DriverCommandExecutor.execute(DriverCommandExecutor.java:83)
	at org.openqa.selenium.remote.RemoteWebDriver.execute(RemoteWebDriver.java:548)
	at org.openqa.selenium.remote.RemoteWebElement.execute(RemoteWebElement.java:276)
	at org.openqa.selenium.remote.RemoteWebElement.click(RemoteWebElement.java:83)
	at org.openqa.selenium.support.pagefactory.internal.LocatingElementHandler.invoke(LocatingElementHandler.java:51)
	at com.sun.proxy.$Proxy11.click(Unknown Source)
	at com.LegacyApplication.Utilities.GenericMethods.click_Element(GenericMethods.java:119)
	at com.BtisNewUI.PageMethods.StarrUIMethods.addBrokerFee(StarrUIMethods.java:216)
	at StarUI.TC091_CreateStarr_MarineArt_Sub.starr_marineSubmission(TC091_CreateStarr_MarineArt_Sub.java:37)
... Removed 33 stack frames</pre></div><a href='#' onClick='toggleBox("stack-trace1479100519", this, "Click to show all stack frames", "Click to hide stack frames")'>Click to show all stack frames</a>
<div class='stack-trace' id='stack-trace1479100519'><pre>org.openqa.selenium.WebDriverException: unknown error: Element &lt;input _ngcontent-c2=&quot;&quot; class=&quot;btn btn-default wizard-button-next next-btn&quot; type=&quot;submit&quot; value=&quot;Save&quot;&gt; is not clickable at point (598, 17). Other element would receive the click: &lt;div _ngcontent-c2=&quot;&quot; class=&quot;loading-text&quot; id=&quot;loading-spinner-text&quot; style=&quot;z-index: 9999;&quot;&gt;...&lt;/div&gt;
  (Session info: chrome=77.0.3865.120)
  (Driver info: chromedriver=2.42.591088 (7b2b2dca23cca0862f674758c9a3933e685c27d5),platform=Windows NT 10.0.16299 x86_64) (WARNING: The server did not provide any stacktrace information)
Command duration or timeout: 0 milliseconds
Build info: version: &apos;3.14.0&apos;, revision: &apos;aacccce0&apos;, time: &apos;2018-08-02T20:19:58.91Z&apos;
System info: host: &apos;MCC-RDEVWS10&apos;, ip: &apos;10.31.47.183&apos;, os.name: &apos;Windows 10&apos;, os.arch: &apos;amd64&apos;, os.version: &apos;10.0&apos;, java.version: &apos;1.8.0_131&apos;
Driver info: org.openqa.selenium.chrome.ChromeDriver
Capabilities {acceptInsecureCerts: false, acceptSslCerts: false, applicationCacheEnabled: false, browserConnectionEnabled: false, browserName: chrome, chrome: {chromedriverVersion: 2.42.591088 (7b2b2dca23cca0..., userDataDir: C:\Users\amaske\AppData\Loc...}, cssSelectorsEnabled: true, databaseEnabled: false, goog:chromeOptions: {debuggerAddress: localhost:61262}, handlesAlerts: true, hasTouchScreen: false, javascriptEnabled: true, locationContextEnabled: true, mobileEmulationEnabled: false, nativeEvents: true, networkConnectionEnabled: false, pageLoadStrategy: normal, platform: XP, platformName: XP, rotatable: false, setWindowRect: true, takesHeapSnapshot: true, takesScreenshot: true, unexpectedAlertBehaviour: accept, unhandledPromptBehavior: accept, version: 77.0.3865.120, webStorageEnabled: true}
Session ID: 7c05913e5b46f7300b17a771076f7983
	at sun.reflect.NativeConstructorAccessorImpl.newInstance0(Native Method)
	at sun.reflect.NativeConstructorAccessorImpl.newInstance(NativeConstructorAccessorImpl.java:62)
	at sun.reflect.DelegatingConstructorAccessorImpl.newInstance(DelegatingConstructorAccessorImpl.java:45)
	at java.lang.reflect.Constructor.newInstance(Constructor.java:423)
	at org.openqa.selenium.remote.ErrorHandler.createThrowable(ErrorHandler.java:214)
	at org.openqa.selenium.remote.ErrorHandler.throwIfResponseFailed(ErrorHandler.java:166)
	at org.openqa.selenium.remote.http.JsonHttpResponseCodec.reconstructValue(JsonHttpResponseCodec.java:40)
	at org.openqa.selenium.remote.http.AbstractHttpResponseCodec.decode(AbstractHttpResponseCodec.java:80)
	at org.openqa.selenium.remote.http.AbstractHttpResponseCodec.decode(AbstractHttpResponseCodec.java:44)
	at org.openqa.selenium.remote.HttpCommandExecutor.execute(HttpCommandExecutor.java:158)
	at org.openqa.selenium.remote.service.DriverCommandExecutor.execute(DriverCommandExecutor.java:83)
	at org.openqa.selenium.remote.RemoteWebDriver.execute(RemoteWebDriver.java:548)
	at org.openqa.selenium.remote.RemoteWebElement.execute(RemoteWebElement.java:276)
	at org.openqa.selenium.remote.RemoteWebElement.click(RemoteWebElement.java:83)
	at sun.reflect.NativeMethodAccessorImpl.invoke0(Native Method)
	at sun.reflect.NativeMethodAccessorImpl.invoke(NativeMethodAccessorImpl.java:62)
	at sun.reflect.DelegatingMethodAccessorImpl.invoke(DelegatingMethodAccessorImpl.java:43)
	at java.lang.reflect.Method.invoke(Method.java:498)
	at org.openqa.selenium.support.pagefactory.internal.LocatingElementHandler.invoke(LocatingElementHandler.java:51)
	at com.sun.proxy.$Proxy11.click(Unknown Source)
	at com.LegacyApplication.Utilities.GenericMethods.click_Element(GenericMethods.java:119)
	at com.BtisNewUI.PageMethods.StarrUIMethods.addBrokerFee(StarrUIMethods.java:216)
	at StarUI.TC091_CreateStarr_MarineArt_Sub.starr_marineSubmission(TC091_CreateStarr_MarineArt_Sub.java:37)
	at sun.reflect.NativeMethodAccessorImpl.invoke0(Native Method)
	at sun.reflect.NativeMethodAccessorImpl.invoke(NativeMethodAccessorImpl.java:62)
	at sun.reflect.DelegatingMethodAccessorImpl.invoke(DelegatingMethodAccessorImpl.java:43)
	at java.lang.reflect.Method.invoke(Method.java:498)
	at org.testng.internal.MethodInvocationHelper.invokeMethod(MethodInvocationHelper.java:100)
	at org.testng.internal.Invoker.invokeMethod(Invoker.java:646)
	at org.testng.internal.Invoker.invokeTestMethod(Invoker.java:811)
	at org.testng.internal.Invoker.invokeTestMethods(Invoker.java:1129)
	at org.testng.internal.TestMethodWorker.invokeTestMethods(TestMethodWorker.java:129)
	at org.testng.internal.TestMethodWorker.run(TestMethodWorker.java:112)
	at org.testng.TestRunner.privateRun(TestRunner.java:746)
	at org.testng.TestRunner.run(TestRunner.java:600)
	at org.testng.SuiteRunner.runTest(SuiteRunner.java:366)
	at org.testng.SuiteRunner.runSequentially(SuiteRunner.java:361)
	at org.testng.SuiteRunner.privateRun(SuiteRunner.java:319)
	at org.testng.SuiteRunner.run(SuiteRunner.java:268)
	at org.testng.SuiteRunnerWorker.runSuite(SuiteRunnerWorker.java:52)
	at org.testng.SuiteRunnerWorker.run(SuiteRunnerWorker.java:86)
	at org.testng.TestNG.runSuitesSequentially(TestNG.java:1264)
	at org.testng.TestNG.runSuitesLocally(TestNG.java:1189)
	at org.testng.TestNG.runSuites(TestNG.java:1104)
	at org.testng.TestNG.run(TestNG.java:1076)
	at org.testng.remote.AbstractRemoteTestNG.run(AbstractRemoteTestNG.java:126)
	at org.testng.remote.RemoteTestNG.initAndRun(RemoteTestNG.java:152)
	at org.testng.remote.RemoteTestNG.main(RemoteTestNG.java:57)
</pre></div></td>
<td>133</td>
<td>StarUI.TC091_CreateStarr_MarineArt_Sub@4c1d9d4b</td></tr>
<tr>
<td title='StarUI.TC094_ValidateStates_support.states_for_submission()'><b>states_for_submission</b><br>Test class: StarUI.TC094_ValidateStates_support</td>
<td><div><pre>org.openqa.selenium.TimeoutException: Expected condition failed: waiting for visibility of Proxy element for: DefaultElementLocator &apos;By.xpath: //select[@id=&apos;BusinessClass&apos;]&apos; (tried for 30 second(s) with 500 milliseconds interval)
	at org.openqa.selenium.support.ui.WebDriverWait.timeoutException(WebDriverWait.java:113)
	at org.openqa.selenium.support.ui.FluentWait.until(FluentWait.java:283)
	at com.LegacyApplication.Utilities.WaitMethods.wait_for_element_present(WaitMethods.java:39)
	at com.LegacyApplication.Utilities.GenericMethods.get_selected_optn_frm_ele(GenericMethods.java:550)
	at com.BtisNewUI.PageMethods.StarrUIMethods.LetsGetStarted(StarrUIMethods.java:62)
	at StarUI.TC094_ValidateStates_support.states_for_submission(TC094_ValidateStates_support.java:29)
Caused by: org.openqa.selenium.NoSuchElementException: no such element: Unable to locate element: {&quot;method&quot;:&quot;xpath&quot;,&quot;selector&quot;:&quot;//select[@id=&apos;BusinessClass&apos;]&quot;}
  (Session info: chrome=77.0.3865.120)
  (Driver info: chromedriver=2.42.591088 (7b2b2dca23cca0862f674758c9a3933e685c27d5),platform=Windows NT 10.0.16299 x86_64) (WARNING: The server did not provide any stacktrace information)
Command duration or timeout: 0 milliseconds
For documentation on this error, please visit: http://seleniumhq.org/exceptions/no_such_element.html
Build info: version: &apos;3.14.0&apos;, revision: &apos;aacccce0&apos;, time: &apos;2018-08-02T20:19:58.91Z&apos;
System info: host: &apos;MCC-RDEVWS10&apos;, ip: &apos;10.31.47.183&apos;, os.name: &apos;Windows 10&apos;, os.arch: &apos;amd64&apos;, os.version: &apos;10.0&apos;, java.version: &apos;1.8.0_131&apos;
Driver info: org.openqa.selenium.chrome.ChromeDriver
Capabilities {acceptInsecureCerts: false, acceptSslCerts: false, applicationCacheEnabled: false, browserConnectionEnabled: false, browserName: chrome, chrome: {chromedriverVersion: 2.42.591088 (7b2b2dca23cca0..., userDataDir: C:\Users\amaske\AppData\Loc...}, cssSelectorsEnabled: true, databaseEnabled: false, goog:chromeOptions: {debuggerAddress: localhost:61553}, handlesAlerts: true, hasTouchScreen: false, javascriptEnabled: true, locationContextEnabled: true, mobileEmulationEnabled: false, nativeEvents: true, networkConnectionEnabled: false, pageLoadStrategy: normal, platform: XP, platformName: XP, rotatable: false, setWindowRect: true, takesHeapSnapshot: true, takesScreenshot: true, unexpectedAlertBehaviour: accept, unhandledPromptBehavior: accept, version: 77.0.3865.120, webStorageEnabled: true}
Session ID: cf09a326a73eaa3d7a46b7839c7cdeb1
*** Element info: {Using=xpath, value=//select[@id=&apos;BusinessClass&apos;]}
	at org.openqa.selenium.remote.ErrorHandler.createThrowable(ErrorHandler.java:214)
	at org.openqa.selenium.remote.ErrorHandler.throwIfResponseFailed(ErrorHandler.java:166)
	at org.openqa.selenium.remote.http.JsonHttpResponseCodec.reconstructValue(JsonHttpResponseCodec.java:40)
	at org.openqa.selenium.remote.http.AbstractHttpResponseCodec.decode(AbstractHttpResponseCodec.java:80)
	at org.openqa.selenium.remote.http.AbstractHttpResponseCodec.decode(AbstractHttpResponseCodec.java:44)
	at org.openqa.selenium.remote.HttpCommandExecutor.execute(HttpCommandExecutor.java:158)
	at org.openqa.selenium.remote.service.DriverCommandExecutor.execute(DriverCommandExecutor.java:83)
	at org.openqa.selenium.remote.RemoteWebDriver.execute(RemoteWebDriver.java:548)
	at org.openqa.selenium.remote.RemoteWebDriver.findElement(RemoteWebDriver.java:322)
	at org.openqa.selenium.remote.RemoteWebDriver.findElementByXPath(RemoteWebDriver.java:424)
	at org.openqa.selenium.By$ByXPath.findElement(By.java:353)
	at org.openqa.selenium.remote.RemoteWebDriver.findElement(RemoteWebDriver.java:314)
	at org.openqa.selenium.support.pagefactory.DefaultElementLocator.findElement(DefaultElementLocator.java:69)
	at org.openqa.selenium.support.pagefactory.internal.LocatingElementHandler.invoke(LocatingElementHandler.java:38)
	at com.sun.proxy.$Proxy11.isDisplayed(Unknown Source)
	at org.openqa.selenium.support.ui.ExpectedConditions.elementIfVisible(ExpectedConditions.java:315)
	at org.openqa.selenium.support.ui.ExpectedConditions.access$100(ExpectedConditions.java:44)
	at org.openqa.selenium.support.ui.ExpectedConditions$10.apply(ExpectedConditions.java:301)
	at org.openqa.selenium.support.ui.ExpectedConditions$10.apply(ExpectedConditions.java:298)
	at org.openqa.selenium.support.ui.FluentWait.until(FluentWait.java:260)
	... 29 more
... Removed 29 stack frames</pre></div><a href='#' onClick='toggleBox("stack-trace1648992397", this, "Click to show all stack frames", "Click to hide stack frames")'>Click to show all stack frames</a>
<div class='stack-trace' id='stack-trace1648992397'><pre>org.openqa.selenium.TimeoutException: Expected condition failed: waiting for visibility of Proxy element for: DefaultElementLocator &apos;By.xpath: //select[@id=&apos;BusinessClass&apos;]&apos; (tried for 30 second(s) with 500 milliseconds interval)
	at org.openqa.selenium.support.ui.WebDriverWait.timeoutException(WebDriverWait.java:113)
	at org.openqa.selenium.support.ui.FluentWait.until(FluentWait.java:283)
	at com.LegacyApplication.Utilities.WaitMethods.wait_for_element_present(WaitMethods.java:39)
	at com.LegacyApplication.Utilities.GenericMethods.get_selected_optn_frm_ele(GenericMethods.java:550)
	at com.BtisNewUI.PageMethods.StarrUIMethods.LetsGetStarted(StarrUIMethods.java:62)
	at StarUI.TC094_ValidateStates_support.states_for_submission(TC094_ValidateStates_support.java:29)
	at sun.reflect.NativeMethodAccessorImpl.invoke0(Native Method)
	at sun.reflect.NativeMethodAccessorImpl.invoke(NativeMethodAccessorImpl.java:62)
	at sun.reflect.DelegatingMethodAccessorImpl.invoke(DelegatingMethodAccessorImpl.java:43)
	at java.lang.reflect.Method.invoke(Method.java:498)
	at org.testng.internal.MethodInvocationHelper.invokeMethod(MethodInvocationHelper.java:100)
	at org.testng.internal.Invoker.invokeMethod(Invoker.java:646)
	at org.testng.internal.Invoker.invokeTestMethod(Invoker.java:811)
	at org.testng.internal.Invoker.invokeTestMethods(Invoker.java:1129)
	at org.testng.internal.TestMethodWorker.invokeTestMethods(TestMethodWorker.java:129)
	at org.testng.internal.TestMethodWorker.run(TestMethodWorker.java:112)
	at org.testng.TestRunner.privateRun(TestRunner.java:746)
	at org.testng.TestRunner.run(TestRunner.java:600)
	at org.testng.SuiteRunner.runTest(SuiteRunner.java:366)
	at org.testng.SuiteRunner.runSequentially(SuiteRunner.java:361)
	at org.testng.SuiteRunner.privateRun(SuiteRunner.java:319)
	at org.testng.SuiteRunner.run(SuiteRunner.java:268)
	at org.testng.SuiteRunnerWorker.runSuite(SuiteRunnerWorker.java:52)
	at org.testng.SuiteRunnerWorker.run(SuiteRunnerWorker.java:86)
	at org.testng.TestNG.runSuitesSequentially(TestNG.java:1264)
	at org.testng.TestNG.runSuitesLocally(TestNG.java:1189)
	at org.testng.TestNG.runSuites(TestNG.java:1104)
	at org.testng.TestNG.run(TestNG.java:1076)
	at org.testng.remote.AbstractRemoteTestNG.run(AbstractRemoteTestNG.java:126)
	at org.testng.remote.RemoteTestNG.initAndRun(RemoteTestNG.java:152)
	at org.testng.remote.RemoteTestNG.main(RemoteTestNG.java:57)
Caused by: org.openqa.selenium.NoSuchElementException: no such element: Unable to locate element: {&quot;method&quot;:&quot;xpath&quot;,&quot;selector&quot;:&quot;//select[@id=&apos;BusinessClass&apos;]&quot;}
  (Session info: chrome=77.0.3865.120)
  (Driver info: chromedriver=2.42.591088 (7b2b2dca23cca0862f674758c9a3933e685c27d5),platform=Windows NT 10.0.16299 x86_64) (WARNING: The server did not provide any stacktrace information)
Command duration or timeout: 0 milliseconds
For documentation on this error, please visit: http://seleniumhq.org/exceptions/no_such_element.html
Build info: version: &apos;3.14.0&apos;, revision: &apos;aacccce0&apos;, time: &apos;2018-08-02T20:19:58.91Z&apos;
System info: host: &apos;MCC-RDEVWS10&apos;, ip: &apos;10.31.47.183&apos;, os.name: &apos;Windows 10&apos;, os.arch: &apos;amd64&apos;, os.version: &apos;10.0&apos;, java.version: &apos;1.8.0_131&apos;
Driver info: org.openqa.selenium.chrome.ChromeDriver
Capabilities {acceptInsecureCerts: false, acceptSslCerts: false, applicationCacheEnabled: false, browserConnectionEnabled: false, browserName: chrome, chrome: {chromedriverVersion: 2.42.591088 (7b2b2dca23cca0..., userDataDir: C:\Users\amaske\AppData\Loc...}, cssSelectorsEnabled: true, databaseEnabled: false, goog:chromeOptions: {debuggerAddress: localhost:61553}, handlesAlerts: true, hasTouchScreen: false, javascriptEnabled: true, locationContextEnabled: true, mobileEmulationEnabled: false, nativeEvents: true, networkConnectionEnabled: false, pageLoadStrategy: normal, platform: XP, platformName: XP, rotatable: false, setWindowRect: true, takesHeapSnapshot: true, takesScreenshot: true, unexpectedAlertBehaviour: accept, unhandledPromptBehavior: accept, version: 77.0.3865.120, webStorageEnabled: true}
Session ID: cf09a326a73eaa3d7a46b7839c7cdeb1
*** Element info: {Using=xpath, value=//select[@id=&apos;BusinessClass&apos;]}
	at sun.reflect.NativeConstructorAccessorImpl.newInstance0(Native Method)
	at sun.reflect.NativeConstructorAccessorImpl.newInstance(NativeConstructorAccessorImpl.java:62)
	at sun.reflect.DelegatingConstructorAccessorImpl.newInstance(DelegatingConstructorAccessorImpl.java:45)
	at java.lang.reflect.Constructor.newInstance(Constructor.java:423)
	at org.openqa.selenium.remote.ErrorHandler.createThrowable(ErrorHandler.java:214)
	at org.openqa.selenium.remote.ErrorHandler.throwIfResponseFailed(ErrorHandler.java:166)
	at org.openqa.selenium.remote.http.JsonHttpResponseCodec.reconstructValue(JsonHttpResponseCodec.java:40)
	at org.openqa.selenium.remote.http.AbstractHttpResponseCodec.decode(AbstractHttpResponseCodec.java:80)
	at org.openqa.selenium.remote.http.AbstractHttpResponseCodec.decode(AbstractHttpResponseCodec.java:44)
	at org.openqa.selenium.remote.HttpCommandExecutor.execute(HttpCommandExecutor.java:158)
	at org.openqa.selenium.remote.service.DriverCommandExecutor.execute(DriverCommandExecutor.java:83)
	at org.openqa.selenium.remote.RemoteWebDriver.execute(RemoteWebDriver.java:548)
	at org.openqa.selenium.remote.RemoteWebDriver.findElement(RemoteWebDriver.java:322)
	at org.openqa.selenium.remote.RemoteWebDriver.findElementByXPath(RemoteWebDriver.java:424)
	at org.openqa.selenium.By$ByXPath.findElement(By.java:353)
	at org.openqa.selenium.remote.RemoteWebDriver.findElement(RemoteWebDriver.java:314)
	at org.openqa.selenium.support.pagefactory.DefaultElementLocator.findElement(DefaultElementLocator.java:69)
	at org.openqa.selenium.support.pagefactory.internal.LocatingElementHandler.invoke(LocatingElementHandler.java:38)
	at com.sun.proxy.$Proxy11.isDisplayed(Unknown Source)
	at org.openqa.selenium.support.ui.ExpectedConditions.elementIfVisible(ExpectedConditions.java:315)
	at org.openqa.selenium.support.ui.ExpectedConditions.access$100(ExpectedConditions.java:44)
	at org.openqa.selenium.support.ui.ExpectedConditions$10.apply(ExpectedConditions.java:301)
	at org.openqa.selenium.support.ui.ExpectedConditions$10.apply(ExpectedConditions.java:298)
	at org.openqa.selenium.support.ui.FluentWait.until(FluentWait.java:260)
	... 29 more
</pre></div></td>
<td>140</td>
<td>StarUI.TC094_ValidateStates_support@7219ec67</td></tr>
</table><p>
</body>
</html>