<html>
<head>
<title>TestNG:  Production Tickets Regression Test</title>
<link href="../testng.css" rel="stylesheet" type="text/css" />
<link href="../my-testng.css" rel="stylesheet" type="text/css" />

<style type="text/css">
.log { display: none;} 
.stack-trace { display: none;} 
</style>
<script type="text/javascript">
<!--
function flip(e) {
  current = e.style.display;
  if (current == 'block') {
    e.style.display = 'none';
    return 0;
  }
  else {
    e.style.display = 'block';
    return 1;
  }
}

function toggleBox(szDivId, elem, msg1, msg2)
{
  var res = -1;  if (document.getElementById) {
    res = flip(document.getElementById(szDivId));
  }
  else if (document.all) {
    // this is the way old msie versions work
    res = flip(document.all[szDivId]);
  }
  if(elem) {
    if(res == 0) elem.innerHTML = msg1; else elem.innerHTML = msg2;
  }

}

function toggleAllBoxes() {
  if (document.getElementsByTagName) {
    d = document.getElementsByTagName('div');
    for (i = 0; i < d.length; i++) {
      if (d[i].className == 'log') {
        flip(d[i]);
      }
    }
  }
}

// -->
</script>

</head>
<body>
<h2 align='center'>Production Tickets Regression Test</h2><table border='1' align="center">
<tr>
<<<<<<< HEAD
<td>Tests passed/Failed/Skipped:</td><td>22/0/0</td>
</tr><tr>
<td>Started on:</td><td>Mon Dec 10 21:05:59 PST 2018</td>
</tr>
<tr><td>Total time:</td><td>2492 seconds (2492338 ms)</td>
=======
<td>Tests passed/Failed/Skipped:</td><td>4/0/19</td>
</tr><tr>
<td>Started on:</td><td>Tue Dec 18 00:46:53 PST 2018</td>
</tr>
<tr><td>Total time:</td><td>818 seconds (818167 ms)</td>
>>>>>>> 1e4144cfa49c5a2d36581fa3d56bc9f96d6659bc
</tr><tr>
<td>Included groups:</td><td></td>
</tr><tr>
<td>Excluded groups:</td><td></td>
</tr>
</table><p/>
<small><i>(Hover the method name to see the test class name)</i></small><p/>
<table width='100%' border='1' class='invocation-failed'>
<tr><td colspan='4' align='center'><b>FAILED CONFIGURATIONS</b></td></tr>
<tr><td><b>Test method</b></td>
<td width="30%"><b>Exception</b></td>
<td width="10%"><b>Time (seconds)</b></td>
<td><b>Instance</b></td>
</tr>
<tr>
<<<<<<< HEAD
<td title='com.LegacyApplication.ProductionTickets.TC041_CreatingKraftLakeWholesalerGLSubmission.create_KraftLakeWholesaler_submission()'><b>create_KraftLakeWholesaler_submission</b><br>Test class: com.LegacyApplication.ProductionTickets.TC041_CreatingKraftLakeWholesalerGLSubmission<br/>
<a href="#Output-1290551629" onClick='toggleBox("Output-1290551629", this, "Show output", "Hide output");'>Show output</a>

<a href="#Output-1290551629" onClick="toggleAllBoxes();">Show all outputs</a>
<div class='log' id="Output-1290551629">
<a href='C:\BTIS\directgl\Testing\BTIS_Application\LegacyApplication\src\main\java\com\LegacyApplication\Success_Screenshots\create_KraftLakeWholesaler_submission_10_12_2018_09_26_09.png'><img src='C:\BTIS\directgl\Testing\BTIS_Application\LegacyApplication\src\main\java\com\LegacyApplication\Success_Screenshots\create_KraftLakeWholesaler_submission_10_12_2018_09_26_09.png'height='100'width='100'/></a><br/>
<a href='C:\BTIS\directgl\Testing\BTIS_Application\LegacyApplication\src\main\java\com\LegacyApplication\Success_Screenshots\create_KraftLakeWholesaler_submission_10_12_2018_09_26_10.png'><img src='C:\BTIS\directgl\Testing\BTIS_Application\LegacyApplication\src\main\java\com\LegacyApplication\Success_Screenshots\create_KraftLakeWholesaler_submission_10_12_2018_09_26_10.png'height='100'width='100'/></a><br/>
</div>
</td>
<td></td>
<td>44</td>
<td>com.LegacyApplication.ProductionTickets.TC041_CreatingKraftLakeWholesalerGLSubmission@5223e5ee</td></tr>
<tr>
<td title='com.LegacyApplication.ProductionTickets.TC069_VerifyAvailabilityOfRenewalLetterOption.review_submissionStatus_SpecialAgency_AgencyFinance()'><b>review_submissionStatus_SpecialAgency_AgencyFinance</b><br>Test class: com.LegacyApplication.ProductionTickets.TC069_VerifyAvailabilityOfRenewalLetterOption<br/>
<a href="#Output-1678221072" onClick='toggleBox("Output-1678221072", this, "Show output", "Hide output");'>Show output</a>

<a href="#Output-1678221072" onClick="toggleAllBoxes();">Show all outputs</a>
<div class='log' id="Output-1678221072">
<a href='C:\BTIS\directgl\Testing\BTIS_Application\LegacyApplication\src\main\java\com\LegacyApplication\Success_Screenshots\review_submissionStatus_SpecialAgency_AgencyFinance_10_12_2018_09_47_29.png'><img src='C:\BTIS\directgl\Testing\BTIS_Application\LegacyApplication\src\main\java\com\LegacyApplication\Success_Screenshots\review_submissionStatus_SpecialAgency_AgencyFinance_10_12_2018_09_47_29.png'height='100'width='100'/></a><br/>
<a href='C:\BTIS\directgl\Testing\BTIS_Application\LegacyApplication\src\main\java\com\LegacyApplication\Success_Screenshots\review_submissionStatus_SpecialAgency_AgencyFinance_10_12_2018_09_47_29.png'><img src='C:\BTIS\directgl\Testing\BTIS_Application\LegacyApplication\src\main\java\com\LegacyApplication\Success_Screenshots\review_submissionStatus_SpecialAgency_AgencyFinance_10_12_2018_09_47_29.png'height='100'width='100'/></a><br/>
</div>
</td>
<td></td>
<td>290</td>
<td>com.LegacyApplication.ProductionTickets.TC069_VerifyAvailabilityOfRenewalLetterOption@769f71a9</td></tr>
<tr>
<td title='com.LegacyApplication.ProductionTickets.TC060_QCAvalidateCliamSectionField.validate_claim_section()'><b>validate_claim_section</b><br>Test class: com.LegacyApplication.ProductionTickets.TC060_QCAvalidateCliamSectionField<br/>
<a href="#Output-2023082628" onClick='toggleBox("Output-2023082628", this, "Show output", "Hide output");'>Show output</a>

<a href="#Output-2023082628" onClick="toggleAllBoxes();">Show all outputs</a>
<div class='log' id="Output-2023082628">
<a href='C:\BTIS\directgl\Testing\BTIS_Application\LegacyApplication\src\main\java\com\LegacyApplication\Success_Screenshots\validate_claim_section_10_12_2018_09_35_11.png'><img src='C:\BTIS\directgl\Testing\BTIS_Application\LegacyApplication\src\main\java\com\LegacyApplication\Success_Screenshots\validate_claim_section_10_12_2018_09_35_11.png'height='100'width='100'/></a><br/>
<a href='C:\BTIS\directgl\Testing\BTIS_Application\LegacyApplication\src\main\java\com\LegacyApplication\Success_Screenshots\validate_claim_section_10_12_2018_09_35_12.png'><img src='C:\BTIS\directgl\Testing\BTIS_Application\LegacyApplication\src\main\java\com\LegacyApplication\Success_Screenshots\validate_claim_section_10_12_2018_09_35_12.png'height='100'width='100'/></a><br/>
</div>
</td>
<td></td>
<td>45</td>
<td>com.LegacyApplication.ProductionTickets.TC060_QCAvalidateCliamSectionField@1d119efb</td></tr>
<tr>
<td title='com.LegacyApplication.ProductionTickets.TC028_VerifyVictoryExpressEmailAddress.validate_emailaddress_field()'><b>validate_emailaddress_field</b><br>Test class: com.LegacyApplication.ProductionTickets.TC028_VerifyVictoryExpressEmailAddress<br/>
<a href="#Output-1712597146" onClick='toggleBox("Output-1712597146", this, "Show output", "Hide output");'>Show output</a>

<a href="#Output-1712597146" onClick="toggleAllBoxes();">Show all outputs</a>
<div class='log' id="Output-1712597146">
<a href='C:\BTIS\directgl\Testing\BTIS_Application\LegacyApplication\src\main\java\com\LegacyApplication\Success_Screenshots\validate_emailaddress_field_10_12_2018_09_14_24.png'><img src='C:\BTIS\directgl\Testing\BTIS_Application\LegacyApplication\src\main\java\com\LegacyApplication\Success_Screenshots\validate_emailaddress_field_10_12_2018_09_14_24.png'height='100'width='100'/></a><br/>
<a href='C:\BTIS\directgl\Testing\BTIS_Application\LegacyApplication\src\main\java\com\LegacyApplication\Success_Screenshots\validate_emailaddress_field_10_12_2018_09_14_24.png'><img src='C:\BTIS\directgl\Testing\BTIS_Application\LegacyApplication\src\main\java\com\LegacyApplication\Success_Screenshots\validate_emailaddress_field_10_12_2018_09_14_24.png'height='100'width='100'/></a><br/>
</div>
</td>
<td></td>
<td>19</td>
<td>com.LegacyApplication.ProductionTickets.TC028_VerifyVictoryExpressEmailAddress@36c88a32</td></tr>
<tr>
<td title='com.LegacyApplication.ProductionTickets.TC067_VerifyBindingDoc_QNI.verify_BinidingDocfor_QNI()'><b>verify_BinidingDocfor_QNI</b><br>Test class: com.LegacyApplication.ProductionTickets.TC067_VerifyBindingDoc_QNI<br/>
<a href="#Output-1364077225" onClick='toggleBox("Output-1364077225", this, "Show output", "Hide output");'>Show output</a>

<a href="#Output-1364077225" onClick="toggleAllBoxes();">Show all outputs</a>
<div class='log' id="Output-1364077225">
<a href='C:\BTIS\directgl\Testing\BTIS_Application\LegacyApplication\src\main\java\com\LegacyApplication\Success_Screenshots\verify_BinidingDocfor_QNI_10_12_2018_09_42_06.png'><img src='C:\BTIS\directgl\Testing\BTIS_Application\LegacyApplication\src\main\java\com\LegacyApplication\Success_Screenshots\verify_BinidingDocfor_QNI_10_12_2018_09_42_06.png'height='100'width='100'/></a><br/>
<a href='C:\BTIS\directgl\Testing\BTIS_Application\LegacyApplication\src\main\java\com\LegacyApplication\Success_Screenshots\verify_BinidingDocfor_QNI_10_12_2018_09_42_06.png'><img src='C:\BTIS\directgl\Testing\BTIS_Application\LegacyApplication\src\main\java\com\LegacyApplication\Success_Screenshots\verify_BinidingDocfor_QNI_10_12_2018_09_42_06.png'height='100'width='100'/></a><br/>
</div>
</td>
<td></td>
<td>137</td>
<td>com.LegacyApplication.ProductionTickets.TC067_VerifyBindingDoc_QNI@35047d03</td></tr>
<tr>
<td title='com.LegacyApplication.ProductionTickets.TC066_EditButtononMangeUserAdminEnd.verify_EditButton_ManageUser_AdminEnd()'><b>verify_EditButton_ManageUser_AdminEnd</b><br>Test class: com.LegacyApplication.ProductionTickets.TC066_EditButtononMangeUserAdminEnd<br/>
<a href="#Output-1945887438" onClick='toggleBox("Output-1945887438", this, "Show output", "Hide output");'>Show output</a>

<a href="#Output-1945887438" onClick="toggleAllBoxes();">Show all outputs</a>
<div class='log' id="Output-1945887438">
<a href='C:\BTIS\directgl\Testing\BTIS_Application\LegacyApplication\src\main\java\com\LegacyApplication\Success_Screenshots\verify_EditButton_ManageUser_AdminEnd_10_12_2018_09_39_46.png'><img src='C:\BTIS\directgl\Testing\BTIS_Application\LegacyApplication\src\main\java\com\LegacyApplication\Success_Screenshots\verify_EditButton_ManageUser_AdminEnd_10_12_2018_09_39_46.png'height='100'width='100'/></a><br/>
<a href='C:\BTIS\directgl\Testing\BTIS_Application\LegacyApplication\src\main\java\com\LegacyApplication\Success_Screenshots\verify_EditButton_ManageUser_AdminEnd_10_12_2018_09_39_47.png'><img src='C:\BTIS\directgl\Testing\BTIS_Application\LegacyApplication\src\main\java\com\LegacyApplication\Success_Screenshots\verify_EditButton_ManageUser_AdminEnd_10_12_2018_09_39_47.png'height='100'width='100'/></a><br/>
</div>
</td>
<td></td>
<td>17</td>
<td>com.LegacyApplication.ProductionTickets.TC066_EditButtononMangeUserAdminEnd@2473d930</td></tr>
<tr>
<td title='com.LegacyApplication.ProductionTickets.TC032_VerifyGABRUpdateReferralCountiesAndLogic.verify_GABR_update_referralcountiesand_logic()'><b>verify_GABR_update_referralcountiesand_logic</b><br>Test class: com.LegacyApplication.ProductionTickets.TC032_VerifyGABRUpdateReferralCountiesAndLogic<br/>
<a href="#Output-359406670" onClick='toggleBox("Output-359406670", this, "Show output", "Hide output");'>Show output</a>

<a href="#Output-359406670" onClick="toggleAllBoxes();">Show all outputs</a>
<div class='log' id="Output-359406670">
<a href='C:\BTIS\directgl\Testing\BTIS_Application\LegacyApplication\src\main\java\com\LegacyApplication\Success_Screenshots\verify_GABR_update_referralcountiesand_logic_10_12_2018_09_22_04.png'><img src='C:\BTIS\directgl\Testing\BTIS_Application\LegacyApplication\src\main\java\com\LegacyApplication\Success_Screenshots\verify_GABR_update_referralcountiesand_logic_10_12_2018_09_22_04.png'height='100'width='100'/></a><br/>
<a href='C:\BTIS\directgl\Testing\BTIS_Application\LegacyApplication\src\main\java\com\LegacyApplication\Success_Screenshots\verify_GABR_update_referralcountiesand_logic_10_12_2018_09_22_04.png'><img src='C:\BTIS\directgl\Testing\BTIS_Application\LegacyApplication\src\main\java\com\LegacyApplication\Success_Screenshots\verify_GABR_update_referralcountiesand_logic_10_12_2018_09_22_04.png'height='100'width='100'/></a><br/>
</div>
</td>
<td></td>
<td>75</td>
<td>com.LegacyApplication.ProductionTickets.TC032_VerifyGABRUpdateReferralCountiesAndLogic@6ef888f6</td></tr>
<tr>
<td title='com.LegacyApplication.ProductionTickets.TC042_VerifyGLTotalPayrollValueForNewAndRenwal.verify_GL_totalPayroll()'><b>verify_GL_totalPayroll</b><br>Test class: com.LegacyApplication.ProductionTickets.TC042_VerifyGLTotalPayrollValueForNewAndRenwal<br/>
<a href="#Output-374024388" onClick='toggleBox("Output-374024388", this, "Show output", "Hide output");'>Show output</a>

<a href="#Output-374024388" onClick="toggleAllBoxes();">Show all outputs</a>
<div class='log' id="Output-374024388">
<a href='C:\BTIS\directgl\Testing\BTIS_Application\LegacyApplication\src\main\java\com\LegacyApplication\Success_Screenshots\verify_GL_totalPayroll_10_12_2018_09_31_18.png'><img src='C:\BTIS\directgl\Testing\BTIS_Application\LegacyApplication\src\main\java\com\LegacyApplication\Success_Screenshots\verify_GL_totalPayroll_10_12_2018_09_31_18.png'height='100'width='100'/></a><br/>
<a href='C:\BTIS\directgl\Testing\BTIS_Application\LegacyApplication\src\main\java\com\LegacyApplication\Success_Screenshots\verify_GL_totalPayroll_10_12_2018_09_31_19.png'><img src='C:\BTIS\directgl\Testing\BTIS_Application\LegacyApplication\src\main\java\com\LegacyApplication\Success_Screenshots\verify_GL_totalPayroll_10_12_2018_09_31_19.png'height='100'width='100'/></a><br/>
</div>
</td>
<td></td>
<td>307</td>
<td>com.LegacyApplication.ProductionTickets.TC042_VerifyGLTotalPayrollValueForNewAndRenwal@bef2d72</td></tr>
<tr>
<td title='com.LegacyApplication.ProductionTickets.TC057_CreateQAAsubmissionWithoutEmail.verify_QAA_submission_witout_email()'><b>verify_QAA_submission_witout_email</b><br>Test class: com.LegacyApplication.ProductionTickets.TC057_CreateQAAsubmissionWithoutEmail<br/>
<a href="#Output-1956114754" onClick='toggleBox("Output-1956114754", this, "Show output", "Hide output");'>Show output</a>

<a href="#Output-1956114754" onClick="toggleAllBoxes();">Show all outputs</a>
<div class='log' id="Output-1956114754">
<a href='C:\BTIS\directgl\Testing\BTIS_Application\LegacyApplication\src\main\java\com\LegacyApplication\Success_Screenshots\verify_QAA_submission_witout_email_10_12_2018_09_33_09.png'><img src='C:\BTIS\directgl\Testing\BTIS_Application\LegacyApplication\src\main\java\com\LegacyApplication\Success_Screenshots\verify_QAA_submission_witout_email_10_12_2018_09_33_09.png'height='100'width='100'/></a><br/>
<a href='C:\BTIS\directgl\Testing\BTIS_Application\LegacyApplication\src\main\java\com\LegacyApplication\Success_Screenshots\verify_QAA_submission_witout_email_10_12_2018_09_33_09.png'><img src='C:\BTIS\directgl\Testing\BTIS_Application\LegacyApplication\src\main\java\com\LegacyApplication\Success_Screenshots\verify_QAA_submission_witout_email_10_12_2018_09_33_09.png'height='100'width='100'/></a><br/>
</div>
</td>
<td></td>
<td>108</td>
<td>com.LegacyApplication.ProductionTickets.TC057_CreateQAAsubmissionWithoutEmail@69b2283a</td></tr>
<tr>
<td title='com.LegacyApplication.ProductionTickets.TC026_VerifyAdditionalInsuredRequest.verify_additional_insured_request()'><b>verify_additional_insured_request</b><br>Test class: com.LegacyApplication.ProductionTickets.TC026_VerifyAdditionalInsuredRequest<br/>
<a href="#Output-1070619454" onClick='toggleBox("Output-1070619454", this, "Show output", "Hide output");'>Show output</a>

<a href="#Output-1070619454" onClick="toggleAllBoxes();">Show all outputs</a>
<div class='log' id="Output-1070619454">
<a href='C:\BTIS\directgl\Testing\BTIS_Application\LegacyApplication\src\main\java\com\LegacyApplication\Success_Screenshots\verify_additional_insured_request_10_12_2018_09_09_43.png'><img src='C:\BTIS\directgl\Testing\BTIS_Application\LegacyApplication\src\main\java\com\LegacyApplication\Success_Screenshots\verify_additional_insured_request_10_12_2018_09_09_43.png'height='100'width='100'/></a><br/>
<a href='C:\BTIS\directgl\Testing\BTIS_Application\LegacyApplication\src\main\java\com\LegacyApplication\Success_Screenshots\verify_additional_insured_request_10_12_2018_09_09_43.png'><img src='C:\BTIS\directgl\Testing\BTIS_Application\LegacyApplication\src\main\java\com\LegacyApplication\Success_Screenshots\verify_additional_insured_request_10_12_2018_09_09_43.png'height='100'width='100'/></a><br/>
</div>
</td>
<td></td>
<td>223</td>
<td>com.LegacyApplication.ProductionTickets.TC026_VerifyAdditionalInsuredRequest@6af93788</td></tr>
<tr>
<td title='com.LegacyApplication.ProductionTickets.TC059_QCAverifyAdditionalEligibilityQus.verify_additionaleligibility_qus()'><b>verify_additionaleligibility_qus</b><br>Test class: com.LegacyApplication.ProductionTickets.TC059_QCAverifyAdditionalEligibilityQus<br/>
<a href="#Output-1095596852" onClick='toggleBox("Output-1095596852", this, "Show output", "Hide output");'>Show output</a>

<a href="#Output-1095596852" onClick="toggleAllBoxes();">Show all outputs</a>
<div class='log' id="Output-1095596852">
<a href='C:\BTIS\directgl\Testing\BTIS_Application\LegacyApplication\src\main\java\com\LegacyApplication\Success_Screenshots\verify_additionaleligibility_qus_10_12_2018_09_34_23.png'><img src='C:\BTIS\directgl\Testing\BTIS_Application\LegacyApplication\src\main\java\com\LegacyApplication\Success_Screenshots\verify_additionaleligibility_qus_10_12_2018_09_34_23.png'height='100'width='100'/></a><br/>
<a href='C:\BTIS\directgl\Testing\BTIS_Application\LegacyApplication\src\main\java\com\LegacyApplication\Success_Screenshots\verify_additionaleligibility_qus_10_12_2018_09_34_24.png'><img src='C:\BTIS\directgl\Testing\BTIS_Application\LegacyApplication\src\main\java\com\LegacyApplication\Success_Screenshots\verify_additionaleligibility_qus_10_12_2018_09_34_24.png'height='100'width='100'/></a><br/>
</div>
</td>
<td></td>
<td>42</td>
<td>com.LegacyApplication.ProductionTickets.TC059_QCAverifyAdditionalEligibilityQus@6fe7aac8</td></tr>
<tr>
<td title='com.LegacyApplication.ProductionTickets.TC061_RegisterProducer_VerifyAffliationChanges.verify_affiliation_changes()'><b>verify_affiliation_changes</b><br>Test class: com.LegacyApplication.ProductionTickets.TC061_RegisterProducer_VerifyAffliationChanges<br/>
<a href="#Output-2122141685" onClick='toggleBox("Output-2122141685", this, "Show output", "Hide output");'>Show output</a>

<a href="#Output-2122141685" onClick="toggleAllBoxes();">Show all outputs</a>
<div class='log' id="Output-2122141685">
<a href='C:\BTIS\directgl\Testing\BTIS_Application\LegacyApplication\src\main\java\com\LegacyApplication\Success_Screenshots\verify_affiliation_changes_10_12_2018_09_35_25.png'><img src='C:\BTIS\directgl\Testing\BTIS_Application\LegacyApplication\src\main\java\com\LegacyApplication\Success_Screenshots\verify_affiliation_changes_10_12_2018_09_35_25.png'height='100'width='100'/></a><br/>
<a href='C:\BTIS\directgl\Testing\BTIS_Application\LegacyApplication\src\main\java\com\LegacyApplication\Success_Screenshots\verify_affiliation_changes_10_12_2018_09_35_25.png'><img src='C:\BTIS\directgl\Testing\BTIS_Application\LegacyApplication\src\main\java\com\LegacyApplication\Success_Screenshots\verify_affiliation_changes_10_12_2018_09_35_25.png'height='100'width='100'/></a><br/>
</div>
</td>
<td></td>
<td>11</td>
<td>com.LegacyApplication.ProductionTickets.TC061_RegisterProducer_VerifyAffliationChanges@659a969b</td></tr>
<tr>
<td title='com.LegacyApplication.ProductionTickets.TC062_VerifyBindingDocPaymentOption.verify_bindingDoc_paymentOption()'><b>verify_bindingDoc_paymentOption</b><br>Test class: com.LegacyApplication.ProductionTickets.TC062_VerifyBindingDocPaymentOption<br/>
<a href="#Output-2018082190" onClick='toggleBox("Output-2018082190", this, "Show output", "Hide output");'>Show output</a>

<a href="#Output-2018082190" onClick="toggleAllBoxes();">Show all outputs</a>
<div class='log' id="Output-2018082190">
<a href='C:\BTIS\directgl\Testing\BTIS_Application\LegacyApplication\src\main\java\com\LegacyApplication\Success_Screenshots\verify_bindingDoc_paymentOption_10_12_2018_09_39_27.png'><img src='C:\BTIS\directgl\Testing\BTIS_Application\LegacyApplication\src\main\java\com\LegacyApplication\Success_Screenshots\verify_bindingDoc_paymentOption_10_12_2018_09_39_27.png'height='100'width='100'/></a><br/>
<a href='C:\BTIS\directgl\Testing\BTIS_Application\LegacyApplication\src\main\java\com\LegacyApplication\Success_Screenshots\verify_bindingDoc_paymentOption_10_12_2018_09_39_27.png'><img src='C:\BTIS\directgl\Testing\BTIS_Application\LegacyApplication\src\main\java\com\LegacyApplication\Success_Screenshots\verify_bindingDoc_paymentOption_10_12_2018_09_39_27.png'height='100'width='100'/></a><br/>
</div>
</td>
<td></td>
<td>240</td>
<td>com.LegacyApplication.ProductionTickets.TC062_VerifyBindingDocPaymentOption@76908cc0</td></tr>
<tr>
<td title='com.LegacyApplication.ProductionTickets.TC029_VerifyEffectiveDateInInspectionReminder.verify_effectiveDate_in_InspectionRemider()'><b>verify_effectiveDate_in_InspectionRemider</b><br>Test class: com.LegacyApplication.ProductionTickets.TC029_VerifyEffectiveDateInInspectionReminder<br/>
<a href="#Output-554191469" onClick='toggleBox("Output-554191469", this, "Show output", "Hide output");'>Show output</a>

<a href="#Output-554191469" onClick="toggleAllBoxes();">Show all outputs</a>
<div class='log' id="Output-554191469">
<a href='C:\BTIS\directgl\Testing\BTIS_Application\LegacyApplication\src\main\java\com\LegacyApplication\Success_Screenshots\verify_effectiveDate_in_InspectionRemider_10_12_2018_09_17_46.png'><img src='C:\BTIS\directgl\Testing\BTIS_Application\LegacyApplication\src\main\java\com\LegacyApplication\Success_Screenshots\verify_effectiveDate_in_InspectionRemider_10_12_2018_09_17_46.png'height='100'width='100'/></a><br/>
<a href='C:\BTIS\directgl\Testing\BTIS_Application\LegacyApplication\src\main\java\com\LegacyApplication\Success_Screenshots\verify_effectiveDate_in_InspectionRemider_10_12_2018_09_17_46.png'><img src='C:\BTIS\directgl\Testing\BTIS_Application\LegacyApplication\src\main\java\com\LegacyApplication\Success_Screenshots\verify_effectiveDate_in_InspectionRemider_10_12_2018_09_17_46.png'height='100'width='100'/></a><br/>
</div>
</td>
<td></td>
<td>199</td>
<td>com.LegacyApplication.ProductionTickets.TC029_VerifyEffectiveDateInInspectionReminder@7880cdf3</td></tr>
<tr>
<td title='com.LegacyApplication.ProductionTickets.TC030_VerifyFraudWarninginQNIApplication.verify_fraud_warning_in_QNI()'><b>verify_fraud_warning_in_QNI</b><br>Test class: com.LegacyApplication.ProductionTickets.TC030_VerifyFraudWarninginQNIApplication<br/>
<a href="#Output-437499329" onClick='toggleBox("Output-437499329", this, "Show output", "Hide output");'>Show output</a>

<a href="#Output-437499329" onClick="toggleAllBoxes();">Show all outputs</a>
<div class='log' id="Output-437499329">
<a href='C:\BTIS\directgl\Testing\BTIS_Application\LegacyApplication\src\main\java\com\LegacyApplication\Success_Screenshots\verify_fraud_warning_in_QNI_10_12_2018_09_18_56.png'><img src='C:\BTIS\directgl\Testing\BTIS_Application\LegacyApplication\src\main\java\com\LegacyApplication\Success_Screenshots\verify_fraud_warning_in_QNI_10_12_2018_09_18_56.png'height='100'width='100'/></a><br/>
<a href='C:\BTIS\directgl\Testing\BTIS_Application\LegacyApplication\src\main\java\com\LegacyApplication\Success_Screenshots\verify_fraud_warning_in_QNI_10_12_2018_09_18_56.png'><img src='C:\BTIS\directgl\Testing\BTIS_Application\LegacyApplication\src\main\java\com\LegacyApplication\Success_Screenshots\verify_fraud_warning_in_QNI_10_12_2018_09_18_56.png'height='100'width='100'/></a><br/>
</div>
</td>
<td></td>
<td>68</td>
<td>com.LegacyApplication.ProductionTickets.TC030_VerifyFraudWarninginQNIApplication@5be6e01c</td></tr>
<tr>
<td title='com.LegacyApplication.ProductionTickets.TC027_VerifyMakeaPaymentOption.verify_make_payment_option()'><b>verify_make_payment_option</b><br>Test class: com.LegacyApplication.ProductionTickets.TC027_VerifyMakeaPaymentOption<br/>
<a href="#Output-1668271280" onClick='toggleBox("Output-1668271280", this, "Show output", "Hide output");'>Show output</a>

<a href="#Output-1668271280" onClick="toggleAllBoxes();">Show all outputs</a>
<div class='log' id="Output-1668271280">
<a href='C:\BTIS\directgl\Testing\BTIS_Application\LegacyApplication\src\main\java\com\LegacyApplication\Success_Screenshots\verify_make_payment_option_10_12_2018_09_14_02.png'><img src='C:\BTIS\directgl\Testing\BTIS_Application\LegacyApplication\src\main\java\com\LegacyApplication\Success_Screenshots\verify_make_payment_option_10_12_2018_09_14_02.png'height='100'width='100'/></a><br/>
<a href='C:\BTIS\directgl\Testing\BTIS_Application\LegacyApplication\src\main\java\com\LegacyApplication\Success_Screenshots\verify_make_payment_option_10_12_2018_09_14_02.png'><img src='C:\BTIS\directgl\Testing\BTIS_Application\LegacyApplication\src\main\java\com\LegacyApplication\Success_Screenshots\verify_make_payment_option_10_12_2018_09_14_02.png'height='100'width='100'/></a><br/>
</div>
</td>
<td></td>
<td>256</td>
<td>com.LegacyApplication.ProductionTickets.TC027_VerifyMakeaPaymentOption@ef9296d</td></tr>
<tr>
<td title='com.LegacyApplication.ProductionTickets.TC058_QCAhidePriceIndicatorTab.verify_priceIndicator_tab()'><b>verify_priceIndicator_tab</b><br>Test class: com.LegacyApplication.ProductionTickets.TC058_QCAhidePriceIndicatorTab<br/>
<a href="#Output-1715785932" onClick='toggleBox("Output-1715785932", this, "Show output", "Hide output");'>Show output</a>

<a href="#Output-1715785932" onClick="toggleAllBoxes();">Show all outputs</a>
<div class='log' id="Output-1715785932">
<a href='C:\BTIS\directgl\Testing\BTIS_Application\LegacyApplication\src\main\java\com\LegacyApplication\Success_Screenshots\verify_priceIndicator_tab_10_12_2018_09_33_39.png'><img src='C:\BTIS\directgl\Testing\BTIS_Application\LegacyApplication\src\main\java\com\LegacyApplication\Success_Screenshots\verify_priceIndicator_tab_10_12_2018_09_33_39.png'height='100'width='100'/></a><br/>
<a href='C:\BTIS\directgl\Testing\BTIS_Application\LegacyApplication\src\main\java\com\LegacyApplication\Success_Screenshots\verify_priceIndicator_tab_10_12_2018_09_33_39.png'><img src='C:\BTIS\directgl\Testing\BTIS_Application\LegacyApplication\src\main\java\com\LegacyApplication\Success_Screenshots\verify_priceIndicator_tab_10_12_2018_09_33_39.png'height='100'width='100'/></a><br/>
</div>
</td>
<td></td>
<td>27</td>
<td>com.LegacyApplication.ProductionTickets.TC058_QCAhidePriceIndicatorTab@22a637e7</td></tr>
<tr>
<td title='com.LegacyApplication.ProductionTickets.TC068_ValidateEZBondsVerbageUpdatedToRapidBonds.verify_rapid_bonds_verbage()'><b>verify_rapid_bonds_verbage</b><br>Test class: com.LegacyApplication.ProductionTickets.TC068_ValidateEZBondsVerbageUpdatedToRapidBonds<br/>
<a href="#Output-154311019" onClick='toggleBox("Output-154311019", this, "Show output", "Hide output");'>Show output</a>

<a href="#Output-154311019" onClick="toggleAllBoxes();">Show all outputs</a>
<div class='log' id="Output-154311019">
<a href='C:\BTIS\directgl\Testing\BTIS_Application\LegacyApplication\src\main\java\com\LegacyApplication\Success_Screenshots\verify_rapid_bonds_verbage_10_12_2018_09_42_36.png'><img src='C:\BTIS\directgl\Testing\BTIS_Application\LegacyApplication\src\main\java\com\LegacyApplication\Success_Screenshots\verify_rapid_bonds_verbage_10_12_2018_09_42_36.png'height='100'width='100'/></a><br/>
<a href='C:\BTIS\directgl\Testing\BTIS_Application\LegacyApplication\src\main\java\com\LegacyApplication\Success_Screenshots\verify_rapid_bonds_verbage_10_12_2018_09_42_37.png'><img src='C:\BTIS\directgl\Testing\BTIS_Application\LegacyApplication\src\main\java\com\LegacyApplication\Success_Screenshots\verify_rapid_bonds_verbage_10_12_2018_09_42_37.png'height='100'width='100'/></a><br/>
</div>
</td>
<td></td>
<td>27</td>
<td>com.LegacyApplication.ProductionTickets.TC068_ValidateEZBondsVerbageUpdatedToRapidBonds@49b0b76</td></tr>
<tr>
<td title='com.LegacyApplication.ProductionTickets.TC037_GLVerifyTheftProtectionField.verify_running_outofpolicynumbers_QES()'><b>verify_running_outofpolicynumbers_QES</b><br>Test class: com.LegacyApplication.ProductionTickets.TC037_GLVerifyTheftProtectionField<br/>
<a href="#Output-990053853" onClick='toggleBox("Output-990053853", this, "Show output", "Hide output");'>Show output</a>

<a href="#Output-990053853" onClick="toggleAllBoxes();">Show all outputs</a>
<div class='log' id="Output-990053853">
<a href='C:\BTIS\directgl\Testing\BTIS_Application\LegacyApplication\src\main\java\com\LegacyApplication\Success_Screenshots\verify_running_outofpolicynumbers_QES_10_12_2018_09_23_31.png'><img src='C:\BTIS\directgl\Testing\BTIS_Application\LegacyApplication\src\main\java\com\LegacyApplication\Success_Screenshots\verify_running_outofpolicynumbers_QES_10_12_2018_09_23_31.png'height='100'width='100'/></a><br/>
<a href='C:\BTIS\directgl\Testing\BTIS_Application\LegacyApplication\src\main\java\com\LegacyApplication\Success_Screenshots\verify_running_outofpolicynumbers_QES_10_12_2018_09_23_31.png'><img src='C:\BTIS\directgl\Testing\BTIS_Application\LegacyApplication\src\main\java\com\LegacyApplication\Success_Screenshots\verify_running_outofpolicynumbers_QES_10_12_2018_09_23_31.png'height='100'width='100'/></a><br/>
</div>
</td>
<td></td>
<td>84</td>
<td>com.LegacyApplication.ProductionTickets.TC037_GLVerifyTheftProtectionField@10e92f8f</td></tr>
<tr>
<td title='com.LegacyApplication.ProductionTickets.TC040_VerifyWCShiftPixyAvailability.verify_shiftpixy_availability()'><b>verify_shiftpixy_availability</b><br>Test class: com.LegacyApplication.ProductionTickets.TC040_VerifyWCShiftPixyAvailability<br/>
<a href="#Output-1292747012" onClick='toggleBox("Output-1292747012", this, "Show output", "Hide output");'>Show output</a>

<a href="#Output-1292747012" onClick="toggleAllBoxes();">Show all outputs</a>
<div class='log' id="Output-1292747012">
<a href='C:\BTIS\directgl\Testing\BTIS_Application\LegacyApplication\src\main\java\com\LegacyApplication\Success_Screenshots\verify_shiftpixy_availability_10_12_2018_09_25_21.png'><img src='C:\BTIS\directgl\Testing\BTIS_Application\LegacyApplication\src\main\java\com\LegacyApplication\Success_Screenshots\verify_shiftpixy_availability_10_12_2018_09_25_21.png'height='100'width='100'/></a><br/>
<a href='C:\BTIS\directgl\Testing\BTIS_Application\LegacyApplication\src\main\java\com\LegacyApplication\Success_Screenshots\verify_shiftpixy_availability_10_12_2018_09_25_22.png'><img src='C:\BTIS\directgl\Testing\BTIS_Application\LegacyApplication\src\main\java\com\LegacyApplication\Success_Screenshots\verify_shiftpixy_availability_10_12_2018_09_25_22.png'height='100'width='100'/></a><br/>
</div>
</td>
<td></td>
<td>26</td>
<td>com.LegacyApplication.ProductionTickets.TC040_VerifyWCShiftPixyAvailability@78b66d36</td></tr>
<tr>
<td title='com.LegacyApplication.ProductionTickets.TC039_VerifyToughCompAvailability.verify_toughcomp_availability()'><b>verify_toughcomp_availability</b><br>Test class: com.LegacyApplication.ProductionTickets.TC039_VerifyToughCompAvailability<br/>
<a href="#Output-1942464295" onClick='toggleBox("Output-1942464295", this, "Show output", "Hide output");'>Show output</a>

<a href="#Output-1942464295" onClick="toggleAllBoxes();">Show all outputs</a>
<div class='log' id="Output-1942464295">
<a href='C:\BTIS\directgl\Testing\BTIS_Application\LegacyApplication\src\main\java\com\LegacyApplication\Success_Screenshots\verify_toughcomp_availability_10_12_2018_09_24_52.png'><img src='C:\BTIS\directgl\Testing\BTIS_Application\LegacyApplication\src\main\java\com\LegacyApplication\Success_Screenshots\verify_toughcomp_availability_10_12_2018_09_24_52.png'height='100'width='100'/></a><br/>
<a href='C:\BTIS\directgl\Testing\BTIS_Application\LegacyApplication\src\main\java\com\LegacyApplication\Success_Screenshots\verify_toughcomp_availability_10_12_2018_09_24_53.png'><img src='C:\BTIS\directgl\Testing\BTIS_Application\LegacyApplication\src\main\java\com\LegacyApplication\Success_Screenshots\verify_toughcomp_availability_10_12_2018_09_24_53.png'height='100'width='100'/></a><br/>
</div>
</td>
<td></td>
<td>79</td>
<td>com.LegacyApplication.ProductionTickets.TC039_VerifyToughCompAvailability@7ce3cb8e</td></tr>
<tr>
<td title='com.LegacyApplication.ProductionTickets.TC031_VerifyVictoryExpressApproval.verify_victory_express_approval()'><b>verify_victory_express_approval</b><br>Test class: com.LegacyApplication.ProductionTickets.TC031_VerifyVictoryExpressApproval<br/>
<a href="#Output-1459137285" onClick='toggleBox("Output-1459137285", this, "Show output", "Hide output");'>Show output</a>

<a href="#Output-1459137285" onClick="toggleAllBoxes();">Show all outputs</a>
<div class='log' id="Output-1459137285">
<a href='C:\BTIS\directgl\Testing\BTIS_Application\LegacyApplication\src\main\java\com\LegacyApplication\Success_Screenshots\verify_victory_express_approval_10_12_2018_09_20_45.png'><img src='C:\BTIS\directgl\Testing\BTIS_Application\LegacyApplication\src\main\java\com\LegacyApplication\Success_Screenshots\verify_victory_express_approval_10_12_2018_09_20_45.png'height='100'width='100'/></a><br/>
<a href='C:\BTIS\directgl\Testing\BTIS_Application\LegacyApplication\src\main\java\com\LegacyApplication\Success_Screenshots\verify_victory_express_approval_10_12_2018_09_20_46.png'><img src='C:\BTIS\directgl\Testing\BTIS_Application\LegacyApplication\src\main\java\com\LegacyApplication\Success_Screenshots\verify_victory_express_approval_10_12_2018_09_20_46.png'height='100'width='100'/></a><br/>
</div>
</td>
<td></td>
<td>106</td>
<td>com.LegacyApplication.ProductionTickets.TC031_VerifyVictoryExpressApproval@1c93084c</td></tr>
=======
<td title='com.LegacyApplication.ProductionTickets.TC030_VerifyFraudWarninginQNIApplication.afterMethod()'><b>afterMethod</b><br>Test class: com.LegacyApplication.ProductionTickets.TC030_VerifyFraudWarninginQNIApplication<br>Parameters: [TestResult name=verify_fraud_warning_in_QNI status=SKIP method=TC030_VerifyFraudWarninginQNIApplication.verify_fraud_warning_in_QNI()[pri:0, instance:com.LegacyApplication.ProductionTickets.TC030_VerifyFraudWarninginQNIApplication@6af93788] output={null}]</td>
<td><div><pre>org.openqa.selenium.UnhandledAlertException: unexpected alert open: {Alert text : Failed to retreive program states}
  (Session info: chrome=70.0.3538.102)
  (Driver info: chromedriver=2.42.591088 (7b2b2dca23cca0862f674758c9a3933e685c27d5),platform=Windows NT 10.0.14393 x86_64) (WARNING: The server did not provide any stacktrace information)
Command duration or timeout: 0 milliseconds: null
Build info: version: &apos;3.14.0&apos;, revision: &apos;aacccce0&apos;, time: &apos;2018-08-02T20:19:58.91Z&apos;
System info: host: &apos;ROC-RDEVWS07&apos;, ip: &apos;10.31.42.222&apos;, os.name: &apos;Windows 10&apos;, os.arch: &apos;amd64&apos;, os.version: &apos;10.0&apos;, java.version: &apos;1.8.0_144&apos;
Driver info: org.openqa.selenium.chrome.ChromeDriver
Capabilities {acceptInsecureCerts: false, acceptSslCerts: false, applicationCacheEnabled: false, browserConnectionEnabled: false, browserName: chrome, chrome: {chromedriverVersion: 2.42.591088 (7b2b2dca23cca0..., userDataDir: C:\Users\abelman\AppData\Lo...}, cssSelectorsEnabled: true, databaseEnabled: false, goog:chromeOptions: {debuggerAddress: localhost:15682}, handlesAlerts: true, hasTouchScreen: false, javascriptEnabled: true, locationContextEnabled: true, mobileEmulationEnabled: false, nativeEvents: true, networkConnectionEnabled: false, pageLoadStrategy: normal, platform: XP, platformName: XP, rotatable: false, setWindowRect: true, takesHeapSnapshot: true, takesScreenshot: true, unexpectedAlertBehaviour: accept, unhandledPromptBehavior: accept, version: 70.0.3538.102, webStorageEnabled: true}
Session ID: 6874a2cba4ff141eb4ff437835cf29c8
	at org.openqa.selenium.remote.ErrorHandler.createThrowable(ErrorHandler.java:214)
	at org.openqa.selenium.remote.ErrorHandler.throwIfResponseFailed(ErrorHandler.java:172)
	at org.openqa.selenium.remote.http.JsonHttpResponseCodec.reconstructValue(JsonHttpResponseCodec.java:40)
	at org.openqa.selenium.remote.http.AbstractHttpResponseCodec.decode(AbstractHttpResponseCodec.java:80)
	at org.openqa.selenium.remote.http.AbstractHttpResponseCodec.decode(AbstractHttpResponseCodec.java:44)
	at org.openqa.selenium.remote.HttpCommandExecutor.execute(HttpCommandExecutor.java:158)
	at org.openqa.selenium.remote.service.DriverCommandExecutor.execute(DriverCommandExecutor.java:83)
	at org.openqa.selenium.remote.RemoteWebDriver.execute(RemoteWebDriver.java:548)
	at org.openqa.selenium.remote.RemoteWebDriver.execute(RemoteWebDriver.java:605)
	at org.openqa.selenium.remote.RemoteWebDriver.getScreenshotAs(RemoteWebDriver.java:294)
	at com.LegacyApplication.TestBase.TestBase.capture_screen(TestBase.java:362)
	at com.LegacyApplication.TestBase.TestBase.get_result(TestBase.java:411)
	at com.LegacyApplication.TestBase.TestBase.afterMethod(TestBase.java:447)
... Removed 32 stack frames</pre></div><a href='#' onClick='toggleBox("stack-trace77077379", this, "Click to show all stack frames", "Click to hide stack frames")'>Click to show all stack frames</a>
<div class='stack-trace' id='stack-trace77077379'><pre>org.openqa.selenium.UnhandledAlertException: unexpected alert open: {Alert text : Failed to retreive program states}
  (Session info: chrome=70.0.3538.102)
  (Driver info: chromedriver=2.42.591088 (7b2b2dca23cca0862f674758c9a3933e685c27d5),platform=Windows NT 10.0.14393 x86_64) (WARNING: The server did not provide any stacktrace information)
Command duration or timeout: 0 milliseconds: null
Build info: version: &apos;3.14.0&apos;, revision: &apos;aacccce0&apos;, time: &apos;2018-08-02T20:19:58.91Z&apos;
System info: host: &apos;ROC-RDEVWS07&apos;, ip: &apos;10.31.42.222&apos;, os.name: &apos;Windows 10&apos;, os.arch: &apos;amd64&apos;, os.version: &apos;10.0&apos;, java.version: &apos;1.8.0_144&apos;
Driver info: org.openqa.selenium.chrome.ChromeDriver
Capabilities {acceptInsecureCerts: false, acceptSslCerts: false, applicationCacheEnabled: false, browserConnectionEnabled: false, browserName: chrome, chrome: {chromedriverVersion: 2.42.591088 (7b2b2dca23cca0..., userDataDir: C:\Users\abelman\AppData\Lo...}, cssSelectorsEnabled: true, databaseEnabled: false, goog:chromeOptions: {debuggerAddress: localhost:15682}, handlesAlerts: true, hasTouchScreen: false, javascriptEnabled: true, locationContextEnabled: true, mobileEmulationEnabled: false, nativeEvents: true, networkConnectionEnabled: false, pageLoadStrategy: normal, platform: XP, platformName: XP, rotatable: false, setWindowRect: true, takesHeapSnapshot: true, takesScreenshot: true, unexpectedAlertBehaviour: accept, unhandledPromptBehavior: accept, version: 70.0.3538.102, webStorageEnabled: true}
Session ID: 6874a2cba4ff141eb4ff437835cf29c8
	at sun.reflect.NativeConstructorAccessorImpl.newInstance0(Native Method)
	at sun.reflect.NativeConstructorAccessorImpl.newInstance(NativeConstructorAccessorImpl.java:62)
	at sun.reflect.DelegatingConstructorAccessorImpl.newInstance(DelegatingConstructorAccessorImpl.java:45)
	at java.lang.reflect.Constructor.newInstance(Constructor.java:423)
	at org.openqa.selenium.remote.ErrorHandler.createThrowable(ErrorHandler.java:214)
	at org.openqa.selenium.remote.ErrorHandler.throwIfResponseFailed(ErrorHandler.java:172)
	at org.openqa.selenium.remote.http.JsonHttpResponseCodec.reconstructValue(JsonHttpResponseCodec.java:40)
	at org.openqa.selenium.remote.http.AbstractHttpResponseCodec.decode(AbstractHttpResponseCodec.java:80)
	at org.openqa.selenium.remote.http.AbstractHttpResponseCodec.decode(AbstractHttpResponseCodec.java:44)
	at org.openqa.selenium.remote.HttpCommandExecutor.execute(HttpCommandExecutor.java:158)
	at org.openqa.selenium.remote.service.DriverCommandExecutor.execute(DriverCommandExecutor.java:83)
	at org.openqa.selenium.remote.RemoteWebDriver.execute(RemoteWebDriver.java:548)
	at org.openqa.selenium.remote.RemoteWebDriver.execute(RemoteWebDriver.java:605)
	at org.openqa.selenium.remote.RemoteWebDriver.getScreenshotAs(RemoteWebDriver.java:294)
	at com.LegacyApplication.TestBase.TestBase.capture_screen(TestBase.java:362)
	at com.LegacyApplication.TestBase.TestBase.get_result(TestBase.java:411)
	at com.LegacyApplication.TestBase.TestBase.afterMethod(TestBase.java:447)
	at sun.reflect.NativeMethodAccessorImpl.invoke0(Native Method)
	at sun.reflect.NativeMethodAccessorImpl.invoke(NativeMethodAccessorImpl.java:62)
	at sun.reflect.DelegatingMethodAccessorImpl.invoke(DelegatingMethodAccessorImpl.java:43)
	at java.lang.reflect.Method.invoke(Method.java:498)
	at org.testng.internal.MethodInvocationHelper.invokeMethod(MethodInvocationHelper.java:124)
	at org.testng.internal.MethodInvocationHelper.invokeMethodConsideringTimeout(MethodInvocationHelper.java:59)
	at org.testng.internal.Invoker.invokeConfigurationMethod(Invoker.java:455)
	at org.testng.internal.Invoker.invokeConfigurations(Invoker.java:222)
	at org.testng.internal.Invoker.invokeMethod(Invoker.java:643)
	at org.testng.internal.Invoker.invokeTestMethod(Invoker.java:716)
	at org.testng.internal.Invoker.invokeTestMethods(Invoker.java:988)
	at org.testng.internal.TestMethodWorker.invokeTestMethods(TestMethodWorker.java:125)
	at org.testng.internal.TestMethodWorker.run(TestMethodWorker.java:109)
	at org.testng.TestRunner.privateRun(TestRunner.java:648)
	at org.testng.TestRunner.run(TestRunner.java:505)
	at org.testng.SuiteRunner.runTest(SuiteRunner.java:455)
	at org.testng.SuiteRunner.runSequentially(SuiteRunner.java:450)
	at org.testng.SuiteRunner.privateRun(SuiteRunner.java:415)
	at org.testng.SuiteRunner.run(SuiteRunner.java:364)
	at org.testng.SuiteRunnerWorker.runSuite(SuiteRunnerWorker.java:52)
	at org.testng.SuiteRunnerWorker.run(SuiteRunnerWorker.java:84)
	at org.testng.TestNG.runSuitesSequentially(TestNG.java:1208)
	at org.testng.TestNG.runSuitesLocally(TestNG.java:1137)
	at org.testng.TestNG.runSuites(TestNG.java:1049)
	at org.testng.TestNG.run(TestNG.java:1017)
	at org.testng.remote.AbstractRemoteTestNG.run(AbstractRemoteTestNG.java:114)
	at org.testng.remote.RemoteTestNG.initAndRun(RemoteTestNG.java:251)
	at org.testng.remote.RemoteTestNG.main(RemoteTestNG.java:77)
</pre></div></td>
<td>0</td>
<td>com.LegacyApplication.ProductionTickets.TC030_VerifyFraudWarninginQNIApplication@6af93788</td></tr>
</table><p>
<table width='100%' border='1' class='invocation-skipped'>
<tr><td colspan='4' align='center'><b>SKIPPED CONFIGURATIONS</b></td></tr>
<tr><td><b>Test method</b></td>
<td width="30%"><b>Exception</b></td>
<td width="10%"><b>Time (seconds)</b></td>
<td><b>Instance</b></td>
</tr>
<tr>
<td title='com.LegacyApplication.ProductionTickets.TC030_VerifyFraudWarninginQNIApplication.setup()'><b>setup</b><br>Test class: com.LegacyApplication.ProductionTickets.TC030_VerifyFraudWarninginQNIApplication</td>
<td></td>
<td>0</td>
<td>com.LegacyApplication.ProductionTickets.TC030_VerifyFraudWarninginQNIApplication@6af93788</td></tr>
<tr>
<td title='com.LegacyApplication.ProductionTickets.TC031_VerifyVictoryExpressApproval.setup()'><b>setup</b><br>Test class: com.LegacyApplication.ProductionTickets.TC031_VerifyVictoryExpressApproval</td>
<td></td>
<td>0</td>
<td>com.LegacyApplication.ProductionTickets.TC031_VerifyVictoryExpressApproval@ef9296d</td></tr>
<tr>
<td title='com.LegacyApplication.ProductionTickets.TC032_VerifyGABRUpdateReferralCountiesAndLogic.setup()'><b>setup</b><br>Test class: com.LegacyApplication.ProductionTickets.TC032_VerifyGABRUpdateReferralCountiesAndLogic</td>
<td></td>
<td>0</td>
<td>com.LegacyApplication.ProductionTickets.TC032_VerifyGABRUpdateReferralCountiesAndLogic@36c88a32</td></tr>
<tr>
<td title='com.LegacyApplication.ProductionTickets.TC037_GLVerifyTheftProtectionField.setup()'><b>setup</b><br>Test class: com.LegacyApplication.ProductionTickets.TC037_GLVerifyTheftProtectionField</td>
<td></td>
<td>0</td>
<td>com.LegacyApplication.ProductionTickets.TC037_GLVerifyTheftProtectionField@7880cdf3</td></tr>
<tr>
<td title='com.LegacyApplication.ProductionTickets.TC039_VerifyToughCompAvailability.setup()'><b>setup</b><br>Test class: com.LegacyApplication.ProductionTickets.TC039_VerifyToughCompAvailability</td>
<td></td>
<td>0</td>
<td>com.LegacyApplication.ProductionTickets.TC039_VerifyToughCompAvailability@5be6e01c</td></tr>
<tr>
<td title='com.LegacyApplication.ProductionTickets.TC040_VerifyWCShiftPixyAvailability.setup()'><b>setup</b><br>Test class: com.LegacyApplication.ProductionTickets.TC040_VerifyWCShiftPixyAvailability</td>
<td></td>
<td>0</td>
<td>com.LegacyApplication.ProductionTickets.TC040_VerifyWCShiftPixyAvailability@1c93084c</td></tr>
<tr>
<td title='com.LegacyApplication.ProductionTickets.TC041_CreatingKraftLakeWholesalerGLSubmission.setup()'><b>setup</b><br>Test class: com.LegacyApplication.ProductionTickets.TC041_CreatingKraftLakeWholesalerGLSubmission</td>
<td></td>
<td>0</td>
<td>com.LegacyApplication.ProductionTickets.TC041_CreatingKraftLakeWholesalerGLSubmission@6ef888f6</td></tr>
<tr>
<td title='com.LegacyApplication.ProductionTickets.TC042_VerifyGLTotalPayrollValueForNewAndRenwal.setup()'><b>setup</b><br>Test class: com.LegacyApplication.ProductionTickets.TC042_VerifyGLTotalPayrollValueForNewAndRenwal</td>
<td></td>
<td>0</td>
<td>com.LegacyApplication.ProductionTickets.TC042_VerifyGLTotalPayrollValueForNewAndRenwal@10e92f8f</td></tr>
<tr>
<td title='com.LegacyApplication.ProductionTickets.TC057_CreateQAAsubmissionWithoutEmail.setup()'><b>setup</b><br>Test class: com.LegacyApplication.ProductionTickets.TC057_CreateQAAsubmissionWithoutEmail</td>
<td></td>
<td>0</td>
<td>com.LegacyApplication.ProductionTickets.TC057_CreateQAAsubmissionWithoutEmail@7ce3cb8e</td></tr>
<tr>
<td title='com.LegacyApplication.ProductionTickets.TC058_QCAhidePriceIndicatorTab.setup()'><b>setup</b><br>Test class: com.LegacyApplication.ProductionTickets.TC058_QCAhidePriceIndicatorTab</td>
<td></td>
<td>0</td>
<td>com.LegacyApplication.ProductionTickets.TC058_QCAhidePriceIndicatorTab@78b66d36</td></tr>
<tr>
<td title='com.LegacyApplication.ProductionTickets.TC059_QCAverifyAdditionalEligibilityQus.setup()'><b>setup</b><br>Test class: com.LegacyApplication.ProductionTickets.TC059_QCAverifyAdditionalEligibilityQus</td>
<td></td>
<td>0</td>
<td>com.LegacyApplication.ProductionTickets.TC059_QCAverifyAdditionalEligibilityQus@5223e5ee</td></tr>
<tr>
<td title='com.LegacyApplication.ProductionTickets.TC060_QCAvalidateCliamSectionField.setup()'><b>setup</b><br>Test class: com.LegacyApplication.ProductionTickets.TC060_QCAvalidateCliamSectionField</td>
<td></td>
<td>0</td>
<td>com.LegacyApplication.ProductionTickets.TC060_QCAvalidateCliamSectionField@bef2d72</td></tr>
<tr>
<td title='com.LegacyApplication.ProductionTickets.TC061_RegisterProducer_VerifyAffliationChanges.setup()'><b>setup</b><br>Test class: com.LegacyApplication.ProductionTickets.TC061_RegisterProducer_VerifyAffliationChanges</td>
<td></td>
<td>0</td>
<td>com.LegacyApplication.ProductionTickets.TC061_RegisterProducer_VerifyAffliationChanges@69b2283a</td></tr>
<tr>
<td title='com.LegacyApplication.ProductionTickets.TC062_VerifyBindingDocPaymentOption.setup()'><b>setup</b><br>Test class: com.LegacyApplication.ProductionTickets.TC062_VerifyBindingDocPaymentOption</td>
<td></td>
<td>0</td>
<td>com.LegacyApplication.ProductionTickets.TC062_VerifyBindingDocPaymentOption@22a637e7</td></tr>
<tr>
<td title='com.LegacyApplication.ProductionTickets.TC066_EditButtononMangeUserAdminEnd.setup()'><b>setup</b><br>Test class: com.LegacyApplication.ProductionTickets.TC066_EditButtononMangeUserAdminEnd</td>
<td></td>
<td>0</td>
<td>com.LegacyApplication.ProductionTickets.TC066_EditButtononMangeUserAdminEnd@6fe7aac8</td></tr>
<tr>
<td title='com.LegacyApplication.ProductionTickets.TC067_VerifyBindingDoc_QNI.setup()'><b>setup</b><br>Test class: com.LegacyApplication.ProductionTickets.TC067_VerifyBindingDoc_QNI</td>
<td></td>
<td>0</td>
<td>com.LegacyApplication.ProductionTickets.TC067_VerifyBindingDoc_QNI@1d119efb</td></tr>
<tr>
<td title='com.LegacyApplication.ProductionTickets.TC068_ValidateEZBondsVerbageUpdatedToRapidBonds.setup()'><b>setup</b><br>Test class: com.LegacyApplication.ProductionTickets.TC068_ValidateEZBondsVerbageUpdatedToRapidBonds</td>
<td></td>
<td>0</td>
<td>com.LegacyApplication.ProductionTickets.TC068_ValidateEZBondsVerbageUpdatedToRapidBonds@659a969b</td></tr>
<tr>
<td title='com.LegacyApplication.ProductionTickets.TC069_VerifyAvailabilityOfRenewalLetterOption.setup()'><b>setup</b><br>Test class: com.LegacyApplication.ProductionTickets.TC069_VerifyAvailabilityOfRenewalLetterOption</td>
<td></td>
<td>0</td>
<td>com.LegacyApplication.ProductionTickets.TC069_VerifyAvailabilityOfRenewalLetterOption@76908cc0</td></tr>
<tr>
<td title='com.LegacyApplication.ProductionTickets.TC030_VerifyFraudWarninginQNIApplication.afterMethod()'><b>afterMethod</b><br>Test class: com.LegacyApplication.ProductionTickets.TC030_VerifyFraudWarninginQNIApplication</td>
<td></td>
<td>0</td>
<td>com.LegacyApplication.ProductionTickets.TC030_VerifyFraudWarninginQNIApplication@6af93788</td></tr>
<tr>
<td title='com.LegacyApplication.ProductionTickets.TC031_VerifyVictoryExpressApproval.afterMethod()'><b>afterMethod</b><br>Test class: com.LegacyApplication.ProductionTickets.TC031_VerifyVictoryExpressApproval</td>
<td></td>
<td>0</td>
<td>com.LegacyApplication.ProductionTickets.TC031_VerifyVictoryExpressApproval@ef9296d</td></tr>
<tr>
<td title='com.LegacyApplication.ProductionTickets.TC032_VerifyGABRUpdateReferralCountiesAndLogic.afterMethod()'><b>afterMethod</b><br>Test class: com.LegacyApplication.ProductionTickets.TC032_VerifyGABRUpdateReferralCountiesAndLogic</td>
<td></td>
<td>0</td>
<td>com.LegacyApplication.ProductionTickets.TC032_VerifyGABRUpdateReferralCountiesAndLogic@36c88a32</td></tr>
<tr>
<td title='com.LegacyApplication.ProductionTickets.TC037_GLVerifyTheftProtectionField.afterMethod()'><b>afterMethod</b><br>Test class: com.LegacyApplication.ProductionTickets.TC037_GLVerifyTheftProtectionField</td>
<td></td>
<td>0</td>
<td>com.LegacyApplication.ProductionTickets.TC037_GLVerifyTheftProtectionField@7880cdf3</td></tr>
<tr>
<td title='com.LegacyApplication.ProductionTickets.TC039_VerifyToughCompAvailability.afterMethod()'><b>afterMethod</b><br>Test class: com.LegacyApplication.ProductionTickets.TC039_VerifyToughCompAvailability</td>
<td></td>
<td>0</td>
<td>com.LegacyApplication.ProductionTickets.TC039_VerifyToughCompAvailability@5be6e01c</td></tr>
<tr>
<td title='com.LegacyApplication.ProductionTickets.TC040_VerifyWCShiftPixyAvailability.afterMethod()'><b>afterMethod</b><br>Test class: com.LegacyApplication.ProductionTickets.TC040_VerifyWCShiftPixyAvailability</td>
<td></td>
<td>0</td>
<td>com.LegacyApplication.ProductionTickets.TC040_VerifyWCShiftPixyAvailability@1c93084c</td></tr>
<tr>
<td title='com.LegacyApplication.ProductionTickets.TC041_CreatingKraftLakeWholesalerGLSubmission.afterMethod()'><b>afterMethod</b><br>Test class: com.LegacyApplication.ProductionTickets.TC041_CreatingKraftLakeWholesalerGLSubmission</td>
<td></td>
<td>0</td>
<td>com.LegacyApplication.ProductionTickets.TC041_CreatingKraftLakeWholesalerGLSubmission@6ef888f6</td></tr>
<tr>
<td title='com.LegacyApplication.ProductionTickets.TC042_VerifyGLTotalPayrollValueForNewAndRenwal.afterMethod()'><b>afterMethod</b><br>Test class: com.LegacyApplication.ProductionTickets.TC042_VerifyGLTotalPayrollValueForNewAndRenwal</td>
<td></td>
<td>0</td>
<td>com.LegacyApplication.ProductionTickets.TC042_VerifyGLTotalPayrollValueForNewAndRenwal@10e92f8f</td></tr>
<tr>
<td title='com.LegacyApplication.ProductionTickets.TC057_CreateQAAsubmissionWithoutEmail.afterMethod()'><b>afterMethod</b><br>Test class: com.LegacyApplication.ProductionTickets.TC057_CreateQAAsubmissionWithoutEmail</td>
<td></td>
<td>0</td>
<td>com.LegacyApplication.ProductionTickets.TC057_CreateQAAsubmissionWithoutEmail@7ce3cb8e</td></tr>
<tr>
<td title='com.LegacyApplication.ProductionTickets.TC058_QCAhidePriceIndicatorTab.afterMethod()'><b>afterMethod</b><br>Test class: com.LegacyApplication.ProductionTickets.TC058_QCAhidePriceIndicatorTab</td>
<td></td>
<td>0</td>
<td>com.LegacyApplication.ProductionTickets.TC058_QCAhidePriceIndicatorTab@78b66d36</td></tr>
<tr>
<td title='com.LegacyApplication.ProductionTickets.TC059_QCAverifyAdditionalEligibilityQus.afterMethod()'><b>afterMethod</b><br>Test class: com.LegacyApplication.ProductionTickets.TC059_QCAverifyAdditionalEligibilityQus</td>
<td></td>
<td>0</td>
<td>com.LegacyApplication.ProductionTickets.TC059_QCAverifyAdditionalEligibilityQus@5223e5ee</td></tr>
<tr>
<td title='com.LegacyApplication.ProductionTickets.TC060_QCAvalidateCliamSectionField.afterMethod()'><b>afterMethod</b><br>Test class: com.LegacyApplication.ProductionTickets.TC060_QCAvalidateCliamSectionField</td>
<td></td>
<td>0</td>
<td>com.LegacyApplication.ProductionTickets.TC060_QCAvalidateCliamSectionField@bef2d72</td></tr>
<tr>
<td title='com.LegacyApplication.ProductionTickets.TC061_RegisterProducer_VerifyAffliationChanges.afterMethod()'><b>afterMethod</b><br>Test class: com.LegacyApplication.ProductionTickets.TC061_RegisterProducer_VerifyAffliationChanges</td>
<td></td>
<td>0</td>
<td>com.LegacyApplication.ProductionTickets.TC061_RegisterProducer_VerifyAffliationChanges@69b2283a</td></tr>
<tr>
<td title='com.LegacyApplication.ProductionTickets.TC062_VerifyBindingDocPaymentOption.afterMethod()'><b>afterMethod</b><br>Test class: com.LegacyApplication.ProductionTickets.TC062_VerifyBindingDocPaymentOption</td>
<td></td>
<td>0</td>
<td>com.LegacyApplication.ProductionTickets.TC062_VerifyBindingDocPaymentOption@22a637e7</td></tr>
<tr>
<td title='com.LegacyApplication.ProductionTickets.TC066_EditButtononMangeUserAdminEnd.afterMethod()'><b>afterMethod</b><br>Test class: com.LegacyApplication.ProductionTickets.TC066_EditButtononMangeUserAdminEnd</td>
<td></td>
<td>0</td>
<td>com.LegacyApplication.ProductionTickets.TC066_EditButtononMangeUserAdminEnd@6fe7aac8</td></tr>
<tr>
<td title='com.LegacyApplication.ProductionTickets.TC067_VerifyBindingDoc_QNI.afterMethod()'><b>afterMethod</b><br>Test class: com.LegacyApplication.ProductionTickets.TC067_VerifyBindingDoc_QNI</td>
<td></td>
<td>0</td>
<td>com.LegacyApplication.ProductionTickets.TC067_VerifyBindingDoc_QNI@1d119efb</td></tr>
<tr>
<td title='com.LegacyApplication.ProductionTickets.TC068_ValidateEZBondsVerbageUpdatedToRapidBonds.afterMethod()'><b>afterMethod</b><br>Test class: com.LegacyApplication.ProductionTickets.TC068_ValidateEZBondsVerbageUpdatedToRapidBonds</td>
<td></td>
<td>0</td>
<td>com.LegacyApplication.ProductionTickets.TC068_ValidateEZBondsVerbageUpdatedToRapidBonds@659a969b</td></tr>
<tr>
<td title='com.LegacyApplication.ProductionTickets.TC069_VerifyAvailabilityOfRenewalLetterOption.afterMethod()'><b>afterMethod</b><br>Test class: com.LegacyApplication.ProductionTickets.TC069_VerifyAvailabilityOfRenewalLetterOption</td>
<td></td>
<td>0</td>
<td>com.LegacyApplication.ProductionTickets.TC069_VerifyAvailabilityOfRenewalLetterOption@76908cc0</td></tr>
<tr>
<td title='com.LegacyApplication.ProductionTickets.TC026_VerifyAdditionalInsuredRequest.teardown()'><b>teardown</b><br>Test class: com.LegacyApplication.ProductionTickets.TC026_VerifyAdditionalInsuredRequest</td>
<td></td>
<td>0</td>
<td>com.LegacyApplication.ProductionTickets.TC026_VerifyAdditionalInsuredRequest@3aefe5e5</td></tr>
</table><p>
<table width='100%' border='1' class='invocation-passed'>
<tr><td colspan='4' align='center'><b>PASSED TESTS</b></td></tr>
<tr><td><b>Test method</b></td>
<td width="30%"><b>Exception</b></td>
<td width="10%"><b>Time (seconds)</b></td>
<td><b>Instance</b></td>
</tr>
<tr>
<td title='com.LegacyApplication.ProductionTickets.TC028_VerifyVictoryExpressEmailAddress.validate_emailaddress_field()'><b>validate_emailaddress_field</b><br>Test class: com.LegacyApplication.ProductionTickets.TC028_VerifyVictoryExpressEmailAddress<br/>
<a href="#Output-1813769162" onClick='toggleBox("Output-1813769162", this, "Show output", "Hide output");'>Show output</a>

<a href="#Output-1813769162" onClick="toggleAllBoxes();">Show all outputs</a>
<div class='log' id="Output-1813769162">
<a href='C:\BTIS\directgl\Testing\BTIS_Application\LegacyApplication\src\main\java\com\LegacyApplication\Success_Screenshots\validate_emailaddress_field_18_12_2018_12_55_47.png'><img src='C:\BTIS\directgl\Testing\BTIS_Application\LegacyApplication\src\main\java\com\LegacyApplication\Success_Screenshots\validate_emailaddress_field_18_12_2018_12_55_47.png'height='100'width='100'/></a><br/>
<a href='C:\BTIS\directgl\Testing\BTIS_Application\LegacyApplication\src\main\java\com\LegacyApplication\Success_Screenshots\validate_emailaddress_field_18_12_2018_12_55_47.png'><img src='C:\BTIS\directgl\Testing\BTIS_Application\LegacyApplication\src\main\java\com\LegacyApplication\Success_Screenshots\validate_emailaddress_field_18_12_2018_12_55_47.png'height='100'width='100'/></a><br/>
</div>
</td>
<td></td>
<td>22</td>
<td>com.LegacyApplication.ProductionTickets.TC028_VerifyVictoryExpressEmailAddress@1b1473ab</td></tr>
<tr>
<td title='com.LegacyApplication.ProductionTickets.TC026_VerifyAdditionalInsuredRequest.verify_additional_insured_request()'><b>verify_additional_insured_request</b><br>Test class: com.LegacyApplication.ProductionTickets.TC026_VerifyAdditionalInsuredRequest<br/>
<a href="#Output-1657920572" onClick='toggleBox("Output-1657920572", this, "Show output", "Hide output");'>Show output</a>

<a href="#Output-1657920572" onClick="toggleAllBoxes();">Show all outputs</a>
<div class='log' id="Output-1657920572">
<a href='C:\BTIS\directgl\Testing\BTIS_Application\LegacyApplication\src\main\java\com\LegacyApplication\Success_Screenshots\verify_additional_insured_request_18_12_2018_12_50_57.png'><img src='C:\BTIS\directgl\Testing\BTIS_Application\LegacyApplication\src\main\java\com\LegacyApplication\Success_Screenshots\verify_additional_insured_request_18_12_2018_12_50_57.png'height='100'width='100'/></a><br/>
<a href='C:\BTIS\directgl\Testing\BTIS_Application\LegacyApplication\src\main\java\com\LegacyApplication\Success_Screenshots\verify_additional_insured_request_18_12_2018_12_50_57.png'><img src='C:\BTIS\directgl\Testing\BTIS_Application\LegacyApplication\src\main\java\com\LegacyApplication\Success_Screenshots\verify_additional_insured_request_18_12_2018_12_50_57.png'height='100'width='100'/></a><br/>
</div>
</td>
<td></td>
<td>243</td>
<td>com.LegacyApplication.ProductionTickets.TC026_VerifyAdditionalInsuredRequest@3aefe5e5</td></tr>
<tr>
<td title='com.LegacyApplication.ProductionTickets.TC029_VerifyEffectiveDateInInspectionReminder.verify_effectiveDate_in_InspectionRemider()'><b>verify_effectiveDate_in_InspectionRemider</b><br>Test class: com.LegacyApplication.ProductionTickets.TC029_VerifyEffectiveDateInInspectionReminder<br/>
<a href="#Output-748351174" onClick='toggleBox("Output-748351174", this, "Show output", "Hide output");'>Show output</a>

<a href="#Output-748351174" onClick="toggleAllBoxes();">Show all outputs</a>
<div class='log' id="Output-748351174">
<a href='C:\BTIS\directgl\Testing\BTIS_Application\LegacyApplication\src\main\java\com\LegacyApplication\Success_Screenshots\verify_effectiveDate_in_InspectionRemider_18_12_2018_12_59_35.png'><img src='C:\BTIS\directgl\Testing\BTIS_Application\LegacyApplication\src\main\java\com\LegacyApplication\Success_Screenshots\verify_effectiveDate_in_InspectionRemider_18_12_2018_12_59_35.png'height='100'width='100'/></a><br/>
<a href='C:\BTIS\directgl\Testing\BTIS_Application\LegacyApplication\src\main\java\com\LegacyApplication\Success_Screenshots\verify_effectiveDate_in_InspectionRemider_18_12_2018_12_59_35.png'><img src='C:\BTIS\directgl\Testing\BTIS_Application\LegacyApplication\src\main\java\com\LegacyApplication\Success_Screenshots\verify_effectiveDate_in_InspectionRemider_18_12_2018_12_59_35.png'height='100'width='100'/></a><br/>
</div>
</td>
<td></td>
<td>226</td>
<td>com.LegacyApplication.ProductionTickets.TC029_VerifyEffectiveDateInInspectionReminder@2f7c2f4f</td></tr>
<tr>
<td title='com.LegacyApplication.ProductionTickets.TC027_VerifyMakeaPaymentOption.verify_make_payment_option()'><b>verify_make_payment_option</b><br>Test class: com.LegacyApplication.ProductionTickets.TC027_VerifyMakeaPaymentOption<br/>
<a href="#Output-548009467" onClick='toggleBox("Output-548009467", this, "Show output", "Hide output");'>Show output</a>

<a href="#Output-548009467" onClick="toggleAllBoxes();">Show all outputs</a>
<div class='log' id="Output-548009467">
<a href='C:\BTIS\directgl\Testing\BTIS_Application\LegacyApplication\src\main\java\com\LegacyApplication\Success_Screenshots\verify_make_payment_option_18_12_2018_12_55_23.png'><img src='C:\BTIS\directgl\Testing\BTIS_Application\LegacyApplication\src\main\java\com\LegacyApplication\Success_Screenshots\verify_make_payment_option_18_12_2018_12_55_23.png'height='100'width='100'/></a><br/>
<a href='C:\BTIS\directgl\Testing\BTIS_Application\LegacyApplication\src\main\java\com\LegacyApplication\Success_Screenshots\verify_make_payment_option_18_12_2018_12_55_23.png'><img src='C:\BTIS\directgl\Testing\BTIS_Application\LegacyApplication\src\main\java\com\LegacyApplication\Success_Screenshots\verify_make_payment_option_18_12_2018_12_55_23.png'height='100'width='100'/></a><br/>
</div>
</td>
<td></td>
<td>262</td>
<td>com.LegacyApplication.ProductionTickets.TC027_VerifyMakeaPaymentOption@149e0f5d</td></tr>
</table><p>
<table width='100%' border='1' class='invocation-skipped'>
<tr><td colspan='4' align='center'><b>SKIPPED TESTS</b></td></tr>
<tr><td><b>Test method</b></td>
<td width="30%"><b>Exception</b></td>
<td width="10%"><b>Time (seconds)</b></td>
<td><b>Instance</b></td>
</tr>
<tr>
<td title='com.LegacyApplication.ProductionTickets.TC041_CreatingKraftLakeWholesalerGLSubmission.create_KraftLakeWholesaler_submission()'><b>create_KraftLakeWholesaler_submission</b><br>Test class: com.LegacyApplication.ProductionTickets.TC041_CreatingKraftLakeWholesalerGLSubmission</td>
<td><div><pre>org.openqa.selenium.UnhandledAlertException: unexpected alert open: {Alert text : Failed to retreive program states}
  (Session info: chrome=70.0.3538.102)
  (Driver info: chromedriver=2.42.591088 (7b2b2dca23cca0862f674758c9a3933e685c27d5),platform=Windows NT 10.0.14393 x86_64) (WARNING: The server did not provide any stacktrace information)
Command duration or timeout: 0 milliseconds: null
Build info: version: &apos;3.14.0&apos;, revision: &apos;aacccce0&apos;, time: &apos;2018-08-02T20:19:58.91Z&apos;
System info: host: &apos;ROC-RDEVWS07&apos;, ip: &apos;10.31.42.222&apos;, os.name: &apos;Windows 10&apos;, os.arch: &apos;amd64&apos;, os.version: &apos;10.0&apos;, java.version: &apos;1.8.0_144&apos;
Driver info: org.openqa.selenium.chrome.ChromeDriver
Capabilities {acceptInsecureCerts: false, acceptSslCerts: false, applicationCacheEnabled: false, browserConnectionEnabled: false, browserName: chrome, chrome: {chromedriverVersion: 2.42.591088 (7b2b2dca23cca0..., userDataDir: C:\Users\abelman\AppData\Lo...}, cssSelectorsEnabled: true, databaseEnabled: false, goog:chromeOptions: {debuggerAddress: localhost:15682}, handlesAlerts: true, hasTouchScreen: false, javascriptEnabled: true, locationContextEnabled: true, mobileEmulationEnabled: false, nativeEvents: true, networkConnectionEnabled: false, pageLoadStrategy: normal, platform: XP, platformName: XP, rotatable: false, setWindowRect: true, takesHeapSnapshot: true, takesScreenshot: true, unexpectedAlertBehaviour: accept, unhandledPromptBehavior: accept, version: 70.0.3538.102, webStorageEnabled: true}
Session ID: 6874a2cba4ff141eb4ff437835cf29c8
	at org.openqa.selenium.remote.ErrorHandler.createThrowable(ErrorHandler.java:214)
	at org.openqa.selenium.remote.ErrorHandler.throwIfResponseFailed(ErrorHandler.java:172)
	at org.openqa.selenium.remote.http.JsonHttpResponseCodec.reconstructValue(JsonHttpResponseCodec.java:40)
	at org.openqa.selenium.remote.http.AbstractHttpResponseCodec.decode(AbstractHttpResponseCodec.java:80)
	at org.openqa.selenium.remote.http.AbstractHttpResponseCodec.decode(AbstractHttpResponseCodec.java:44)
	at org.openqa.selenium.remote.HttpCommandExecutor.execute(HttpCommandExecutor.java:158)
	at org.openqa.selenium.remote.service.DriverCommandExecutor.execute(DriverCommandExecutor.java:83)
	at org.openqa.selenium.remote.RemoteWebDriver.execute(RemoteWebDriver.java:548)
	at org.openqa.selenium.remote.RemoteWebDriver.execute(RemoteWebDriver.java:605)
	at org.openqa.selenium.remote.RemoteWebDriver.getScreenshotAs(RemoteWebDriver.java:294)
	at com.LegacyApplication.TestBase.TestBase.capture_screen(TestBase.java:362)
	at com.LegacyApplication.TestBase.TestBase.get_result(TestBase.java:411)
	at com.LegacyApplication.TestBase.TestBase.afterMethod(TestBase.java:447)
... Removed 32 stack frames</pre></div><a href='#' onClick='toggleBox("stack-trace1532904892", this, "Click to show all stack frames", "Click to hide stack frames")'>Click to show all stack frames</a>
<div class='stack-trace' id='stack-trace1532904892'><pre>org.openqa.selenium.UnhandledAlertException: unexpected alert open: {Alert text : Failed to retreive program states}
  (Session info: chrome=70.0.3538.102)
  (Driver info: chromedriver=2.42.591088 (7b2b2dca23cca0862f674758c9a3933e685c27d5),platform=Windows NT 10.0.14393 x86_64) (WARNING: The server did not provide any stacktrace information)
Command duration or timeout: 0 milliseconds: null
Build info: version: &apos;3.14.0&apos;, revision: &apos;aacccce0&apos;, time: &apos;2018-08-02T20:19:58.91Z&apos;
System info: host: &apos;ROC-RDEVWS07&apos;, ip: &apos;10.31.42.222&apos;, os.name: &apos;Windows 10&apos;, os.arch: &apos;amd64&apos;, os.version: &apos;10.0&apos;, java.version: &apos;1.8.0_144&apos;
Driver info: org.openqa.selenium.chrome.ChromeDriver
Capabilities {acceptInsecureCerts: false, acceptSslCerts: false, applicationCacheEnabled: false, browserConnectionEnabled: false, browserName: chrome, chrome: {chromedriverVersion: 2.42.591088 (7b2b2dca23cca0..., userDataDir: C:\Users\abelman\AppData\Lo...}, cssSelectorsEnabled: true, databaseEnabled: false, goog:chromeOptions: {debuggerAddress: localhost:15682}, handlesAlerts: true, hasTouchScreen: false, javascriptEnabled: true, locationContextEnabled: true, mobileEmulationEnabled: false, nativeEvents: true, networkConnectionEnabled: false, pageLoadStrategy: normal, platform: XP, platformName: XP, rotatable: false, setWindowRect: true, takesHeapSnapshot: true, takesScreenshot: true, unexpectedAlertBehaviour: accept, unhandledPromptBehavior: accept, version: 70.0.3538.102, webStorageEnabled: true}
Session ID: 6874a2cba4ff141eb4ff437835cf29c8
	at sun.reflect.NativeConstructorAccessorImpl.newInstance0(Native Method)
	at sun.reflect.NativeConstructorAccessorImpl.newInstance(NativeConstructorAccessorImpl.java:62)
	at sun.reflect.DelegatingConstructorAccessorImpl.newInstance(DelegatingConstructorAccessorImpl.java:45)
	at java.lang.reflect.Constructor.newInstance(Constructor.java:423)
	at org.openqa.selenium.remote.ErrorHandler.createThrowable(ErrorHandler.java:214)
	at org.openqa.selenium.remote.ErrorHandler.throwIfResponseFailed(ErrorHandler.java:172)
	at org.openqa.selenium.remote.http.JsonHttpResponseCodec.reconstructValue(JsonHttpResponseCodec.java:40)
	at org.openqa.selenium.remote.http.AbstractHttpResponseCodec.decode(AbstractHttpResponseCodec.java:80)
	at org.openqa.selenium.remote.http.AbstractHttpResponseCodec.decode(AbstractHttpResponseCodec.java:44)
	at org.openqa.selenium.remote.HttpCommandExecutor.execute(HttpCommandExecutor.java:158)
	at org.openqa.selenium.remote.service.DriverCommandExecutor.execute(DriverCommandExecutor.java:83)
	at org.openqa.selenium.remote.RemoteWebDriver.execute(RemoteWebDriver.java:548)
	at org.openqa.selenium.remote.RemoteWebDriver.execute(RemoteWebDriver.java:605)
	at org.openqa.selenium.remote.RemoteWebDriver.getScreenshotAs(RemoteWebDriver.java:294)
	at com.LegacyApplication.TestBase.TestBase.capture_screen(TestBase.java:362)
	at com.LegacyApplication.TestBase.TestBase.get_result(TestBase.java:411)
	at com.LegacyApplication.TestBase.TestBase.afterMethod(TestBase.java:447)
	at sun.reflect.NativeMethodAccessorImpl.invoke0(Native Method)
	at sun.reflect.NativeMethodAccessorImpl.invoke(NativeMethodAccessorImpl.java:62)
	at sun.reflect.DelegatingMethodAccessorImpl.invoke(DelegatingMethodAccessorImpl.java:43)
	at java.lang.reflect.Method.invoke(Method.java:498)
	at org.testng.internal.MethodInvocationHelper.invokeMethod(MethodInvocationHelper.java:124)
	at org.testng.internal.MethodInvocationHelper.invokeMethodConsideringTimeout(MethodInvocationHelper.java:59)
	at org.testng.internal.Invoker.invokeConfigurationMethod(Invoker.java:455)
	at org.testng.internal.Invoker.invokeConfigurations(Invoker.java:222)
	at org.testng.internal.Invoker.invokeMethod(Invoker.java:643)
	at org.testng.internal.Invoker.invokeTestMethod(Invoker.java:716)
	at org.testng.internal.Invoker.invokeTestMethods(Invoker.java:988)
	at org.testng.internal.TestMethodWorker.invokeTestMethods(TestMethodWorker.java:125)
	at org.testng.internal.TestMethodWorker.run(TestMethodWorker.java:109)
	at org.testng.TestRunner.privateRun(TestRunner.java:648)
	at org.testng.TestRunner.run(TestRunner.java:505)
	at org.testng.SuiteRunner.runTest(SuiteRunner.java:455)
	at org.testng.SuiteRunner.runSequentially(SuiteRunner.java:450)
	at org.testng.SuiteRunner.privateRun(SuiteRunner.java:415)
	at org.testng.SuiteRunner.run(SuiteRunner.java:364)
	at org.testng.SuiteRunnerWorker.runSuite(SuiteRunnerWorker.java:52)
	at org.testng.SuiteRunnerWorker.run(SuiteRunnerWorker.java:84)
	at org.testng.TestNG.runSuitesSequentially(TestNG.java:1208)
	at org.testng.TestNG.runSuitesLocally(TestNG.java:1137)
	at org.testng.TestNG.runSuites(TestNG.java:1049)
	at org.testng.TestNG.run(TestNG.java:1017)
	at org.testng.remote.AbstractRemoteTestNG.run(AbstractRemoteTestNG.java:114)
	at org.testng.remote.RemoteTestNG.initAndRun(RemoteTestNG.java:251)
	at org.testng.remote.RemoteTestNG.main(RemoteTestNG.java:77)
</pre></div></td>
<td>0</td>
<td>com.LegacyApplication.ProductionTickets.TC041_CreatingKraftLakeWholesalerGLSubmission@6ef888f6</td></tr>
<tr>
<td title='com.LegacyApplication.ProductionTickets.TC069_VerifyAvailabilityOfRenewalLetterOption.review_submissionStatus_SpecialAgency_AgencyFinance()'><b>review_submissionStatus_SpecialAgency_AgencyFinance</b><br>Test class: com.LegacyApplication.ProductionTickets.TC069_VerifyAvailabilityOfRenewalLetterOption</td>
<td><div><pre>org.openqa.selenium.UnhandledAlertException: unexpected alert open: {Alert text : Failed to retreive program states}
  (Session info: chrome=70.0.3538.102)
  (Driver info: chromedriver=2.42.591088 (7b2b2dca23cca0862f674758c9a3933e685c27d5),platform=Windows NT 10.0.14393 x86_64) (WARNING: The server did not provide any stacktrace information)
Command duration or timeout: 0 milliseconds: null
Build info: version: &apos;3.14.0&apos;, revision: &apos;aacccce0&apos;, time: &apos;2018-08-02T20:19:58.91Z&apos;
System info: host: &apos;ROC-RDEVWS07&apos;, ip: &apos;10.31.42.222&apos;, os.name: &apos;Windows 10&apos;, os.arch: &apos;amd64&apos;, os.version: &apos;10.0&apos;, java.version: &apos;1.8.0_144&apos;
Driver info: org.openqa.selenium.chrome.ChromeDriver
Capabilities {acceptInsecureCerts: false, acceptSslCerts: false, applicationCacheEnabled: false, browserConnectionEnabled: false, browserName: chrome, chrome: {chromedriverVersion: 2.42.591088 (7b2b2dca23cca0..., userDataDir: C:\Users\abelman\AppData\Lo...}, cssSelectorsEnabled: true, databaseEnabled: false, goog:chromeOptions: {debuggerAddress: localhost:15682}, handlesAlerts: true, hasTouchScreen: false, javascriptEnabled: true, locationContextEnabled: true, mobileEmulationEnabled: false, nativeEvents: true, networkConnectionEnabled: false, pageLoadStrategy: normal, platform: XP, platformName: XP, rotatable: false, setWindowRect: true, takesHeapSnapshot: true, takesScreenshot: true, unexpectedAlertBehaviour: accept, unhandledPromptBehavior: accept, version: 70.0.3538.102, webStorageEnabled: true}
Session ID: 6874a2cba4ff141eb4ff437835cf29c8
	at org.openqa.selenium.remote.ErrorHandler.createThrowable(ErrorHandler.java:214)
	at org.openqa.selenium.remote.ErrorHandler.throwIfResponseFailed(ErrorHandler.java:172)
	at org.openqa.selenium.remote.http.JsonHttpResponseCodec.reconstructValue(JsonHttpResponseCodec.java:40)
	at org.openqa.selenium.remote.http.AbstractHttpResponseCodec.decode(AbstractHttpResponseCodec.java:80)
	at org.openqa.selenium.remote.http.AbstractHttpResponseCodec.decode(AbstractHttpResponseCodec.java:44)
	at org.openqa.selenium.remote.HttpCommandExecutor.execute(HttpCommandExecutor.java:158)
	at org.openqa.selenium.remote.service.DriverCommandExecutor.execute(DriverCommandExecutor.java:83)
	at org.openqa.selenium.remote.RemoteWebDriver.execute(RemoteWebDriver.java:548)
	at org.openqa.selenium.remote.RemoteWebDriver.execute(RemoteWebDriver.java:605)
	at org.openqa.selenium.remote.RemoteWebDriver.getScreenshotAs(RemoteWebDriver.java:294)
	at com.LegacyApplication.TestBase.TestBase.capture_screen(TestBase.java:362)
	at com.LegacyApplication.TestBase.TestBase.get_result(TestBase.java:411)
	at com.LegacyApplication.TestBase.TestBase.afterMethod(TestBase.java:447)
... Removed 32 stack frames</pre></div><a href='#' onClick='toggleBox("stack-trace966446307", this, "Click to show all stack frames", "Click to hide stack frames")'>Click to show all stack frames</a>
<div class='stack-trace' id='stack-trace966446307'><pre>org.openqa.selenium.UnhandledAlertException: unexpected alert open: {Alert text : Failed to retreive program states}
  (Session info: chrome=70.0.3538.102)
  (Driver info: chromedriver=2.42.591088 (7b2b2dca23cca0862f674758c9a3933e685c27d5),platform=Windows NT 10.0.14393 x86_64) (WARNING: The server did not provide any stacktrace information)
Command duration or timeout: 0 milliseconds: null
Build info: version: &apos;3.14.0&apos;, revision: &apos;aacccce0&apos;, time: &apos;2018-08-02T20:19:58.91Z&apos;
System info: host: &apos;ROC-RDEVWS07&apos;, ip: &apos;10.31.42.222&apos;, os.name: &apos;Windows 10&apos;, os.arch: &apos;amd64&apos;, os.version: &apos;10.0&apos;, java.version: &apos;1.8.0_144&apos;
Driver info: org.openqa.selenium.chrome.ChromeDriver
Capabilities {acceptInsecureCerts: false, acceptSslCerts: false, applicationCacheEnabled: false, browserConnectionEnabled: false, browserName: chrome, chrome: {chromedriverVersion: 2.42.591088 (7b2b2dca23cca0..., userDataDir: C:\Users\abelman\AppData\Lo...}, cssSelectorsEnabled: true, databaseEnabled: false, goog:chromeOptions: {debuggerAddress: localhost:15682}, handlesAlerts: true, hasTouchScreen: false, javascriptEnabled: true, locationContextEnabled: true, mobileEmulationEnabled: false, nativeEvents: true, networkConnectionEnabled: false, pageLoadStrategy: normal, platform: XP, platformName: XP, rotatable: false, setWindowRect: true, takesHeapSnapshot: true, takesScreenshot: true, unexpectedAlertBehaviour: accept, unhandledPromptBehavior: accept, version: 70.0.3538.102, webStorageEnabled: true}
Session ID: 6874a2cba4ff141eb4ff437835cf29c8
	at sun.reflect.NativeConstructorAccessorImpl.newInstance0(Native Method)
	at sun.reflect.NativeConstructorAccessorImpl.newInstance(NativeConstructorAccessorImpl.java:62)
	at sun.reflect.DelegatingConstructorAccessorImpl.newInstance(DelegatingConstructorAccessorImpl.java:45)
	at java.lang.reflect.Constructor.newInstance(Constructor.java:423)
	at org.openqa.selenium.remote.ErrorHandler.createThrowable(ErrorHandler.java:214)
	at org.openqa.selenium.remote.ErrorHandler.throwIfResponseFailed(ErrorHandler.java:172)
	at org.openqa.selenium.remote.http.JsonHttpResponseCodec.reconstructValue(JsonHttpResponseCodec.java:40)
	at org.openqa.selenium.remote.http.AbstractHttpResponseCodec.decode(AbstractHttpResponseCodec.java:80)
	at org.openqa.selenium.remote.http.AbstractHttpResponseCodec.decode(AbstractHttpResponseCodec.java:44)
	at org.openqa.selenium.remote.HttpCommandExecutor.execute(HttpCommandExecutor.java:158)
	at org.openqa.selenium.remote.service.DriverCommandExecutor.execute(DriverCommandExecutor.java:83)
	at org.openqa.selenium.remote.RemoteWebDriver.execute(RemoteWebDriver.java:548)
	at org.openqa.selenium.remote.RemoteWebDriver.execute(RemoteWebDriver.java:605)
	at org.openqa.selenium.remote.RemoteWebDriver.getScreenshotAs(RemoteWebDriver.java:294)
	at com.LegacyApplication.TestBase.TestBase.capture_screen(TestBase.java:362)
	at com.LegacyApplication.TestBase.TestBase.get_result(TestBase.java:411)
	at com.LegacyApplication.TestBase.TestBase.afterMethod(TestBase.java:447)
	at sun.reflect.NativeMethodAccessorImpl.invoke0(Native Method)
	at sun.reflect.NativeMethodAccessorImpl.invoke(NativeMethodAccessorImpl.java:62)
	at sun.reflect.DelegatingMethodAccessorImpl.invoke(DelegatingMethodAccessorImpl.java:43)
	at java.lang.reflect.Method.invoke(Method.java:498)
	at org.testng.internal.MethodInvocationHelper.invokeMethod(MethodInvocationHelper.java:124)
	at org.testng.internal.MethodInvocationHelper.invokeMethodConsideringTimeout(MethodInvocationHelper.java:59)
	at org.testng.internal.Invoker.invokeConfigurationMethod(Invoker.java:455)
	at org.testng.internal.Invoker.invokeConfigurations(Invoker.java:222)
	at org.testng.internal.Invoker.invokeMethod(Invoker.java:643)
	at org.testng.internal.Invoker.invokeTestMethod(Invoker.java:716)
	at org.testng.internal.Invoker.invokeTestMethods(Invoker.java:988)
	at org.testng.internal.TestMethodWorker.invokeTestMethods(TestMethodWorker.java:125)
	at org.testng.internal.TestMethodWorker.run(TestMethodWorker.java:109)
	at org.testng.TestRunner.privateRun(TestRunner.java:648)
	at org.testng.TestRunner.run(TestRunner.java:505)
	at org.testng.SuiteRunner.runTest(SuiteRunner.java:455)
	at org.testng.SuiteRunner.runSequentially(SuiteRunner.java:450)
	at org.testng.SuiteRunner.privateRun(SuiteRunner.java:415)
	at org.testng.SuiteRunner.run(SuiteRunner.java:364)
	at org.testng.SuiteRunnerWorker.runSuite(SuiteRunnerWorker.java:52)
	at org.testng.SuiteRunnerWorker.run(SuiteRunnerWorker.java:84)
	at org.testng.TestNG.runSuitesSequentially(TestNG.java:1208)
	at org.testng.TestNG.runSuitesLocally(TestNG.java:1137)
	at org.testng.TestNG.runSuites(TestNG.java:1049)
	at org.testng.TestNG.run(TestNG.java:1017)
	at org.testng.remote.AbstractRemoteTestNG.run(AbstractRemoteTestNG.java:114)
	at org.testng.remote.RemoteTestNG.initAndRun(RemoteTestNG.java:251)
	at org.testng.remote.RemoteTestNG.main(RemoteTestNG.java:77)
</pre></div></td>
<td>0</td>
<td>com.LegacyApplication.ProductionTickets.TC069_VerifyAvailabilityOfRenewalLetterOption@76908cc0</td></tr>
<tr>
<td title='com.LegacyApplication.ProductionTickets.TC060_QCAvalidateCliamSectionField.validate_claim_section()'><b>validate_claim_section</b><br>Test class: com.LegacyApplication.ProductionTickets.TC060_QCAvalidateCliamSectionField</td>
<td><div><pre>org.openqa.selenium.UnhandledAlertException: unexpected alert open: {Alert text : Failed to retreive program states}
  (Session info: chrome=70.0.3538.102)
  (Driver info: chromedriver=2.42.591088 (7b2b2dca23cca0862f674758c9a3933e685c27d5),platform=Windows NT 10.0.14393 x86_64) (WARNING: The server did not provide any stacktrace information)
Command duration or timeout: 0 milliseconds: null
Build info: version: &apos;3.14.0&apos;, revision: &apos;aacccce0&apos;, time: &apos;2018-08-02T20:19:58.91Z&apos;
System info: host: &apos;ROC-RDEVWS07&apos;, ip: &apos;10.31.42.222&apos;, os.name: &apos;Windows 10&apos;, os.arch: &apos;amd64&apos;, os.version: &apos;10.0&apos;, java.version: &apos;1.8.0_144&apos;
Driver info: org.openqa.selenium.chrome.ChromeDriver
Capabilities {acceptInsecureCerts: false, acceptSslCerts: false, applicationCacheEnabled: false, browserConnectionEnabled: false, browserName: chrome, chrome: {chromedriverVersion: 2.42.591088 (7b2b2dca23cca0..., userDataDir: C:\Users\abelman\AppData\Lo...}, cssSelectorsEnabled: true, databaseEnabled: false, goog:chromeOptions: {debuggerAddress: localhost:15682}, handlesAlerts: true, hasTouchScreen: false, javascriptEnabled: true, locationContextEnabled: true, mobileEmulationEnabled: false, nativeEvents: true, networkConnectionEnabled: false, pageLoadStrategy: normal, platform: XP, platformName: XP, rotatable: false, setWindowRect: true, takesHeapSnapshot: true, takesScreenshot: true, unexpectedAlertBehaviour: accept, unhandledPromptBehavior: accept, version: 70.0.3538.102, webStorageEnabled: true}
Session ID: 6874a2cba4ff141eb4ff437835cf29c8
	at org.openqa.selenium.remote.ErrorHandler.createThrowable(ErrorHandler.java:214)
	at org.openqa.selenium.remote.ErrorHandler.throwIfResponseFailed(ErrorHandler.java:172)
	at org.openqa.selenium.remote.http.JsonHttpResponseCodec.reconstructValue(JsonHttpResponseCodec.java:40)
	at org.openqa.selenium.remote.http.AbstractHttpResponseCodec.decode(AbstractHttpResponseCodec.java:80)
	at org.openqa.selenium.remote.http.AbstractHttpResponseCodec.decode(AbstractHttpResponseCodec.java:44)
	at org.openqa.selenium.remote.HttpCommandExecutor.execute(HttpCommandExecutor.java:158)
	at org.openqa.selenium.remote.service.DriverCommandExecutor.execute(DriverCommandExecutor.java:83)
	at org.openqa.selenium.remote.RemoteWebDriver.execute(RemoteWebDriver.java:548)
	at org.openqa.selenium.remote.RemoteWebDriver.execute(RemoteWebDriver.java:605)
	at org.openqa.selenium.remote.RemoteWebDriver.getScreenshotAs(RemoteWebDriver.java:294)
	at com.LegacyApplication.TestBase.TestBase.capture_screen(TestBase.java:362)
	at com.LegacyApplication.TestBase.TestBase.get_result(TestBase.java:411)
	at com.LegacyApplication.TestBase.TestBase.afterMethod(TestBase.java:447)
... Removed 32 stack frames</pre></div><a href='#' onClick='toggleBox("stack-trace1164481922", this, "Click to show all stack frames", "Click to hide stack frames")'>Click to show all stack frames</a>
<div class='stack-trace' id='stack-trace1164481922'><pre>org.openqa.selenium.UnhandledAlertException: unexpected alert open: {Alert text : Failed to retreive program states}
  (Session info: chrome=70.0.3538.102)
  (Driver info: chromedriver=2.42.591088 (7b2b2dca23cca0862f674758c9a3933e685c27d5),platform=Windows NT 10.0.14393 x86_64) (WARNING: The server did not provide any stacktrace information)
Command duration or timeout: 0 milliseconds: null
Build info: version: &apos;3.14.0&apos;, revision: &apos;aacccce0&apos;, time: &apos;2018-08-02T20:19:58.91Z&apos;
System info: host: &apos;ROC-RDEVWS07&apos;, ip: &apos;10.31.42.222&apos;, os.name: &apos;Windows 10&apos;, os.arch: &apos;amd64&apos;, os.version: &apos;10.0&apos;, java.version: &apos;1.8.0_144&apos;
Driver info: org.openqa.selenium.chrome.ChromeDriver
Capabilities {acceptInsecureCerts: false, acceptSslCerts: false, applicationCacheEnabled: false, browserConnectionEnabled: false, browserName: chrome, chrome: {chromedriverVersion: 2.42.591088 (7b2b2dca23cca0..., userDataDir: C:\Users\abelman\AppData\Lo...}, cssSelectorsEnabled: true, databaseEnabled: false, goog:chromeOptions: {debuggerAddress: localhost:15682}, handlesAlerts: true, hasTouchScreen: false, javascriptEnabled: true, locationContextEnabled: true, mobileEmulationEnabled: false, nativeEvents: true, networkConnectionEnabled: false, pageLoadStrategy: normal, platform: XP, platformName: XP, rotatable: false, setWindowRect: true, takesHeapSnapshot: true, takesScreenshot: true, unexpectedAlertBehaviour: accept, unhandledPromptBehavior: accept, version: 70.0.3538.102, webStorageEnabled: true}
Session ID: 6874a2cba4ff141eb4ff437835cf29c8
	at sun.reflect.NativeConstructorAccessorImpl.newInstance0(Native Method)
	at sun.reflect.NativeConstructorAccessorImpl.newInstance(NativeConstructorAccessorImpl.java:62)
	at sun.reflect.DelegatingConstructorAccessorImpl.newInstance(DelegatingConstructorAccessorImpl.java:45)
	at java.lang.reflect.Constructor.newInstance(Constructor.java:423)
	at org.openqa.selenium.remote.ErrorHandler.createThrowable(ErrorHandler.java:214)
	at org.openqa.selenium.remote.ErrorHandler.throwIfResponseFailed(ErrorHandler.java:172)
	at org.openqa.selenium.remote.http.JsonHttpResponseCodec.reconstructValue(JsonHttpResponseCodec.java:40)
	at org.openqa.selenium.remote.http.AbstractHttpResponseCodec.decode(AbstractHttpResponseCodec.java:80)
	at org.openqa.selenium.remote.http.AbstractHttpResponseCodec.decode(AbstractHttpResponseCodec.java:44)
	at org.openqa.selenium.remote.HttpCommandExecutor.execute(HttpCommandExecutor.java:158)
	at org.openqa.selenium.remote.service.DriverCommandExecutor.execute(DriverCommandExecutor.java:83)
	at org.openqa.selenium.remote.RemoteWebDriver.execute(RemoteWebDriver.java:548)
	at org.openqa.selenium.remote.RemoteWebDriver.execute(RemoteWebDriver.java:605)
	at org.openqa.selenium.remote.RemoteWebDriver.getScreenshotAs(RemoteWebDriver.java:294)
	at com.LegacyApplication.TestBase.TestBase.capture_screen(TestBase.java:362)
	at com.LegacyApplication.TestBase.TestBase.get_result(TestBase.java:411)
	at com.LegacyApplication.TestBase.TestBase.afterMethod(TestBase.java:447)
	at sun.reflect.NativeMethodAccessorImpl.invoke0(Native Method)
	at sun.reflect.NativeMethodAccessorImpl.invoke(NativeMethodAccessorImpl.java:62)
	at sun.reflect.DelegatingMethodAccessorImpl.invoke(DelegatingMethodAccessorImpl.java:43)
	at java.lang.reflect.Method.invoke(Method.java:498)
	at org.testng.internal.MethodInvocationHelper.invokeMethod(MethodInvocationHelper.java:124)
	at org.testng.internal.MethodInvocationHelper.invokeMethodConsideringTimeout(MethodInvocationHelper.java:59)
	at org.testng.internal.Invoker.invokeConfigurationMethod(Invoker.java:455)
	at org.testng.internal.Invoker.invokeConfigurations(Invoker.java:222)
	at org.testng.internal.Invoker.invokeMethod(Invoker.java:643)
	at org.testng.internal.Invoker.invokeTestMethod(Invoker.java:716)
	at org.testng.internal.Invoker.invokeTestMethods(Invoker.java:988)
	at org.testng.internal.TestMethodWorker.invokeTestMethods(TestMethodWorker.java:125)
	at org.testng.internal.TestMethodWorker.run(TestMethodWorker.java:109)
	at org.testng.TestRunner.privateRun(TestRunner.java:648)
	at org.testng.TestRunner.run(TestRunner.java:505)
	at org.testng.SuiteRunner.runTest(SuiteRunner.java:455)
	at org.testng.SuiteRunner.runSequentially(SuiteRunner.java:450)
	at org.testng.SuiteRunner.privateRun(SuiteRunner.java:415)
	at org.testng.SuiteRunner.run(SuiteRunner.java:364)
	at org.testng.SuiteRunnerWorker.runSuite(SuiteRunnerWorker.java:52)
	at org.testng.SuiteRunnerWorker.run(SuiteRunnerWorker.java:84)
	at org.testng.TestNG.runSuitesSequentially(TestNG.java:1208)
	at org.testng.TestNG.runSuitesLocally(TestNG.java:1137)
	at org.testng.TestNG.runSuites(TestNG.java:1049)
	at org.testng.TestNG.run(TestNG.java:1017)
	at org.testng.remote.AbstractRemoteTestNG.run(AbstractRemoteTestNG.java:114)
	at org.testng.remote.RemoteTestNG.initAndRun(RemoteTestNG.java:251)
	at org.testng.remote.RemoteTestNG.main(RemoteTestNG.java:77)
</pre></div></td>
<td>0</td>
<td>com.LegacyApplication.ProductionTickets.TC060_QCAvalidateCliamSectionField@bef2d72</td></tr>
<tr>
<td title='com.LegacyApplication.ProductionTickets.TC067_VerifyBindingDoc_QNI.verify_BinidingDocfor_QNI()'><b>verify_BinidingDocfor_QNI</b><br>Test class: com.LegacyApplication.ProductionTickets.TC067_VerifyBindingDoc_QNI</td>
<td><div><pre>org.openqa.selenium.UnhandledAlertException: unexpected alert open: {Alert text : Failed to retreive program states}
  (Session info: chrome=70.0.3538.102)
  (Driver info: chromedriver=2.42.591088 (7b2b2dca23cca0862f674758c9a3933e685c27d5),platform=Windows NT 10.0.14393 x86_64) (WARNING: The server did not provide any stacktrace information)
Command duration or timeout: 0 milliseconds: null
Build info: version: &apos;3.14.0&apos;, revision: &apos;aacccce0&apos;, time: &apos;2018-08-02T20:19:58.91Z&apos;
System info: host: &apos;ROC-RDEVWS07&apos;, ip: &apos;10.31.42.222&apos;, os.name: &apos;Windows 10&apos;, os.arch: &apos;amd64&apos;, os.version: &apos;10.0&apos;, java.version: &apos;1.8.0_144&apos;
Driver info: org.openqa.selenium.chrome.ChromeDriver
Capabilities {acceptInsecureCerts: false, acceptSslCerts: false, applicationCacheEnabled: false, browserConnectionEnabled: false, browserName: chrome, chrome: {chromedriverVersion: 2.42.591088 (7b2b2dca23cca0..., userDataDir: C:\Users\abelman\AppData\Lo...}, cssSelectorsEnabled: true, databaseEnabled: false, goog:chromeOptions: {debuggerAddress: localhost:15682}, handlesAlerts: true, hasTouchScreen: false, javascriptEnabled: true, locationContextEnabled: true, mobileEmulationEnabled: false, nativeEvents: true, networkConnectionEnabled: false, pageLoadStrategy: normal, platform: XP, platformName: XP, rotatable: false, setWindowRect: true, takesHeapSnapshot: true, takesScreenshot: true, unexpectedAlertBehaviour: accept, unhandledPromptBehavior: accept, version: 70.0.3538.102, webStorageEnabled: true}
Session ID: 6874a2cba4ff141eb4ff437835cf29c8
	at org.openqa.selenium.remote.ErrorHandler.createThrowable(ErrorHandler.java:214)
	at org.openqa.selenium.remote.ErrorHandler.throwIfResponseFailed(ErrorHandler.java:172)
	at org.openqa.selenium.remote.http.JsonHttpResponseCodec.reconstructValue(JsonHttpResponseCodec.java:40)
	at org.openqa.selenium.remote.http.AbstractHttpResponseCodec.decode(AbstractHttpResponseCodec.java:80)
	at org.openqa.selenium.remote.http.AbstractHttpResponseCodec.decode(AbstractHttpResponseCodec.java:44)
	at org.openqa.selenium.remote.HttpCommandExecutor.execute(HttpCommandExecutor.java:158)
	at org.openqa.selenium.remote.service.DriverCommandExecutor.execute(DriverCommandExecutor.java:83)
	at org.openqa.selenium.remote.RemoteWebDriver.execute(RemoteWebDriver.java:548)
	at org.openqa.selenium.remote.RemoteWebDriver.execute(RemoteWebDriver.java:605)
	at org.openqa.selenium.remote.RemoteWebDriver.getScreenshotAs(RemoteWebDriver.java:294)
	at com.LegacyApplication.TestBase.TestBase.capture_screen(TestBase.java:362)
	at com.LegacyApplication.TestBase.TestBase.get_result(TestBase.java:411)
	at com.LegacyApplication.TestBase.TestBase.afterMethod(TestBase.java:447)
... Removed 32 stack frames</pre></div><a href='#' onClick='toggleBox("stack-trace1292788772", this, "Click to show all stack frames", "Click to hide stack frames")'>Click to show all stack frames</a>
<div class='stack-trace' id='stack-trace1292788772'><pre>org.openqa.selenium.UnhandledAlertException: unexpected alert open: {Alert text : Failed to retreive program states}
  (Session info: chrome=70.0.3538.102)
  (Driver info: chromedriver=2.42.591088 (7b2b2dca23cca0862f674758c9a3933e685c27d5),platform=Windows NT 10.0.14393 x86_64) (WARNING: The server did not provide any stacktrace information)
Command duration or timeout: 0 milliseconds: null
Build info: version: &apos;3.14.0&apos;, revision: &apos;aacccce0&apos;, time: &apos;2018-08-02T20:19:58.91Z&apos;
System info: host: &apos;ROC-RDEVWS07&apos;, ip: &apos;10.31.42.222&apos;, os.name: &apos;Windows 10&apos;, os.arch: &apos;amd64&apos;, os.version: &apos;10.0&apos;, java.version: &apos;1.8.0_144&apos;
Driver info: org.openqa.selenium.chrome.ChromeDriver
Capabilities {acceptInsecureCerts: false, acceptSslCerts: false, applicationCacheEnabled: false, browserConnectionEnabled: false, browserName: chrome, chrome: {chromedriverVersion: 2.42.591088 (7b2b2dca23cca0..., userDataDir: C:\Users\abelman\AppData\Lo...}, cssSelectorsEnabled: true, databaseEnabled: false, goog:chromeOptions: {debuggerAddress: localhost:15682}, handlesAlerts: true, hasTouchScreen: false, javascriptEnabled: true, locationContextEnabled: true, mobileEmulationEnabled: false, nativeEvents: true, networkConnectionEnabled: false, pageLoadStrategy: normal, platform: XP, platformName: XP, rotatable: false, setWindowRect: true, takesHeapSnapshot: true, takesScreenshot: true, unexpectedAlertBehaviour: accept, unhandledPromptBehavior: accept, version: 70.0.3538.102, webStorageEnabled: true}
Session ID: 6874a2cba4ff141eb4ff437835cf29c8
	at sun.reflect.NativeConstructorAccessorImpl.newInstance0(Native Method)
	at sun.reflect.NativeConstructorAccessorImpl.newInstance(NativeConstructorAccessorImpl.java:62)
	at sun.reflect.DelegatingConstructorAccessorImpl.newInstance(DelegatingConstructorAccessorImpl.java:45)
	at java.lang.reflect.Constructor.newInstance(Constructor.java:423)
	at org.openqa.selenium.remote.ErrorHandler.createThrowable(ErrorHandler.java:214)
	at org.openqa.selenium.remote.ErrorHandler.throwIfResponseFailed(ErrorHandler.java:172)
	at org.openqa.selenium.remote.http.JsonHttpResponseCodec.reconstructValue(JsonHttpResponseCodec.java:40)
	at org.openqa.selenium.remote.http.AbstractHttpResponseCodec.decode(AbstractHttpResponseCodec.java:80)
	at org.openqa.selenium.remote.http.AbstractHttpResponseCodec.decode(AbstractHttpResponseCodec.java:44)
	at org.openqa.selenium.remote.HttpCommandExecutor.execute(HttpCommandExecutor.java:158)
	at org.openqa.selenium.remote.service.DriverCommandExecutor.execute(DriverCommandExecutor.java:83)
	at org.openqa.selenium.remote.RemoteWebDriver.execute(RemoteWebDriver.java:548)
	at org.openqa.selenium.remote.RemoteWebDriver.execute(RemoteWebDriver.java:605)
	at org.openqa.selenium.remote.RemoteWebDriver.getScreenshotAs(RemoteWebDriver.java:294)
	at com.LegacyApplication.TestBase.TestBase.capture_screen(TestBase.java:362)
	at com.LegacyApplication.TestBase.TestBase.get_result(TestBase.java:411)
	at com.LegacyApplication.TestBase.TestBase.afterMethod(TestBase.java:447)
	at sun.reflect.NativeMethodAccessorImpl.invoke0(Native Method)
	at sun.reflect.NativeMethodAccessorImpl.invoke(NativeMethodAccessorImpl.java:62)
	at sun.reflect.DelegatingMethodAccessorImpl.invoke(DelegatingMethodAccessorImpl.java:43)
	at java.lang.reflect.Method.invoke(Method.java:498)
	at org.testng.internal.MethodInvocationHelper.invokeMethod(MethodInvocationHelper.java:124)
	at org.testng.internal.MethodInvocationHelper.invokeMethodConsideringTimeout(MethodInvocationHelper.java:59)
	at org.testng.internal.Invoker.invokeConfigurationMethod(Invoker.java:455)
	at org.testng.internal.Invoker.invokeConfigurations(Invoker.java:222)
	at org.testng.internal.Invoker.invokeMethod(Invoker.java:643)
	at org.testng.internal.Invoker.invokeTestMethod(Invoker.java:716)
	at org.testng.internal.Invoker.invokeTestMethods(Invoker.java:988)
	at org.testng.internal.TestMethodWorker.invokeTestMethods(TestMethodWorker.java:125)
	at org.testng.internal.TestMethodWorker.run(TestMethodWorker.java:109)
	at org.testng.TestRunner.privateRun(TestRunner.java:648)
	at org.testng.TestRunner.run(TestRunner.java:505)
	at org.testng.SuiteRunner.runTest(SuiteRunner.java:455)
	at org.testng.SuiteRunner.runSequentially(SuiteRunner.java:450)
	at org.testng.SuiteRunner.privateRun(SuiteRunner.java:415)
	at org.testng.SuiteRunner.run(SuiteRunner.java:364)
	at org.testng.SuiteRunnerWorker.runSuite(SuiteRunnerWorker.java:52)
	at org.testng.SuiteRunnerWorker.run(SuiteRunnerWorker.java:84)
	at org.testng.TestNG.runSuitesSequentially(TestNG.java:1208)
	at org.testng.TestNG.runSuitesLocally(TestNG.java:1137)
	at org.testng.TestNG.runSuites(TestNG.java:1049)
	at org.testng.TestNG.run(TestNG.java:1017)
	at org.testng.remote.AbstractRemoteTestNG.run(AbstractRemoteTestNG.java:114)
	at org.testng.remote.RemoteTestNG.initAndRun(RemoteTestNG.java:251)
	at org.testng.remote.RemoteTestNG.main(RemoteTestNG.java:77)
</pre></div></td>
<td>0</td>
<td>com.LegacyApplication.ProductionTickets.TC067_VerifyBindingDoc_QNI@1d119efb</td></tr>
<tr>
<td title='com.LegacyApplication.ProductionTickets.TC066_EditButtononMangeUserAdminEnd.verify_EditButton_ManageUser_AdminEnd()'><b>verify_EditButton_ManageUser_AdminEnd</b><br>Test class: com.LegacyApplication.ProductionTickets.TC066_EditButtononMangeUserAdminEnd</td>
<td><div><pre>org.openqa.selenium.UnhandledAlertException: unexpected alert open: {Alert text : Failed to retreive program states}
  (Session info: chrome=70.0.3538.102)
  (Driver info: chromedriver=2.42.591088 (7b2b2dca23cca0862f674758c9a3933e685c27d5),platform=Windows NT 10.0.14393 x86_64) (WARNING: The server did not provide any stacktrace information)
Command duration or timeout: 0 milliseconds: null
Build info: version: &apos;3.14.0&apos;, revision: &apos;aacccce0&apos;, time: &apos;2018-08-02T20:19:58.91Z&apos;
System info: host: &apos;ROC-RDEVWS07&apos;, ip: &apos;10.31.42.222&apos;, os.name: &apos;Windows 10&apos;, os.arch: &apos;amd64&apos;, os.version: &apos;10.0&apos;, java.version: &apos;1.8.0_144&apos;
Driver info: org.openqa.selenium.chrome.ChromeDriver
Capabilities {acceptInsecureCerts: false, acceptSslCerts: false, applicationCacheEnabled: false, browserConnectionEnabled: false, browserName: chrome, chrome: {chromedriverVersion: 2.42.591088 (7b2b2dca23cca0..., userDataDir: C:\Users\abelman\AppData\Lo...}, cssSelectorsEnabled: true, databaseEnabled: false, goog:chromeOptions: {debuggerAddress: localhost:15682}, handlesAlerts: true, hasTouchScreen: false, javascriptEnabled: true, locationContextEnabled: true, mobileEmulationEnabled: false, nativeEvents: true, networkConnectionEnabled: false, pageLoadStrategy: normal, platform: XP, platformName: XP, rotatable: false, setWindowRect: true, takesHeapSnapshot: true, takesScreenshot: true, unexpectedAlertBehaviour: accept, unhandledPromptBehavior: accept, version: 70.0.3538.102, webStorageEnabled: true}
Session ID: 6874a2cba4ff141eb4ff437835cf29c8
	at org.openqa.selenium.remote.ErrorHandler.createThrowable(ErrorHandler.java:214)
	at org.openqa.selenium.remote.ErrorHandler.throwIfResponseFailed(ErrorHandler.java:172)
	at org.openqa.selenium.remote.http.JsonHttpResponseCodec.reconstructValue(JsonHttpResponseCodec.java:40)
	at org.openqa.selenium.remote.http.AbstractHttpResponseCodec.decode(AbstractHttpResponseCodec.java:80)
	at org.openqa.selenium.remote.http.AbstractHttpResponseCodec.decode(AbstractHttpResponseCodec.java:44)
	at org.openqa.selenium.remote.HttpCommandExecutor.execute(HttpCommandExecutor.java:158)
	at org.openqa.selenium.remote.service.DriverCommandExecutor.execute(DriverCommandExecutor.java:83)
	at org.openqa.selenium.remote.RemoteWebDriver.execute(RemoteWebDriver.java:548)
	at org.openqa.selenium.remote.RemoteWebDriver.execute(RemoteWebDriver.java:605)
	at org.openqa.selenium.remote.RemoteWebDriver.getScreenshotAs(RemoteWebDriver.java:294)
	at com.LegacyApplication.TestBase.TestBase.capture_screen(TestBase.java:362)
	at com.LegacyApplication.TestBase.TestBase.get_result(TestBase.java:411)
	at com.LegacyApplication.TestBase.TestBase.afterMethod(TestBase.java:447)
... Removed 32 stack frames</pre></div><a href='#' onClick='toggleBox("stack-trace1020745918", this, "Click to show all stack frames", "Click to hide stack frames")'>Click to show all stack frames</a>
<div class='stack-trace' id='stack-trace1020745918'><pre>org.openqa.selenium.UnhandledAlertException: unexpected alert open: {Alert text : Failed to retreive program states}
  (Session info: chrome=70.0.3538.102)
  (Driver info: chromedriver=2.42.591088 (7b2b2dca23cca0862f674758c9a3933e685c27d5),platform=Windows NT 10.0.14393 x86_64) (WARNING: The server did not provide any stacktrace information)
Command duration or timeout: 0 milliseconds: null
Build info: version: &apos;3.14.0&apos;, revision: &apos;aacccce0&apos;, time: &apos;2018-08-02T20:19:58.91Z&apos;
System info: host: &apos;ROC-RDEVWS07&apos;, ip: &apos;10.31.42.222&apos;, os.name: &apos;Windows 10&apos;, os.arch: &apos;amd64&apos;, os.version: &apos;10.0&apos;, java.version: &apos;1.8.0_144&apos;
Driver info: org.openqa.selenium.chrome.ChromeDriver
Capabilities {acceptInsecureCerts: false, acceptSslCerts: false, applicationCacheEnabled: false, browserConnectionEnabled: false, browserName: chrome, chrome: {chromedriverVersion: 2.42.591088 (7b2b2dca23cca0..., userDataDir: C:\Users\abelman\AppData\Lo...}, cssSelectorsEnabled: true, databaseEnabled: false, goog:chromeOptions: {debuggerAddress: localhost:15682}, handlesAlerts: true, hasTouchScreen: false, javascriptEnabled: true, locationContextEnabled: true, mobileEmulationEnabled: false, nativeEvents: true, networkConnectionEnabled: false, pageLoadStrategy: normal, platform: XP, platformName: XP, rotatable: false, setWindowRect: true, takesHeapSnapshot: true, takesScreenshot: true, unexpectedAlertBehaviour: accept, unhandledPromptBehavior: accept, version: 70.0.3538.102, webStorageEnabled: true}
Session ID: 6874a2cba4ff141eb4ff437835cf29c8
	at sun.reflect.NativeConstructorAccessorImpl.newInstance0(Native Method)
	at sun.reflect.NativeConstructorAccessorImpl.newInstance(NativeConstructorAccessorImpl.java:62)
	at sun.reflect.DelegatingConstructorAccessorImpl.newInstance(DelegatingConstructorAccessorImpl.java:45)
	at java.lang.reflect.Constructor.newInstance(Constructor.java:423)
	at org.openqa.selenium.remote.ErrorHandler.createThrowable(ErrorHandler.java:214)
	at org.openqa.selenium.remote.ErrorHandler.throwIfResponseFailed(ErrorHandler.java:172)
	at org.openqa.selenium.remote.http.JsonHttpResponseCodec.reconstructValue(JsonHttpResponseCodec.java:40)
	at org.openqa.selenium.remote.http.AbstractHttpResponseCodec.decode(AbstractHttpResponseCodec.java:80)
	at org.openqa.selenium.remote.http.AbstractHttpResponseCodec.decode(AbstractHttpResponseCodec.java:44)
	at org.openqa.selenium.remote.HttpCommandExecutor.execute(HttpCommandExecutor.java:158)
	at org.openqa.selenium.remote.service.DriverCommandExecutor.execute(DriverCommandExecutor.java:83)
	at org.openqa.selenium.remote.RemoteWebDriver.execute(RemoteWebDriver.java:548)
	at org.openqa.selenium.remote.RemoteWebDriver.execute(RemoteWebDriver.java:605)
	at org.openqa.selenium.remote.RemoteWebDriver.getScreenshotAs(RemoteWebDriver.java:294)
	at com.LegacyApplication.TestBase.TestBase.capture_screen(TestBase.java:362)
	at com.LegacyApplication.TestBase.TestBase.get_result(TestBase.java:411)
	at com.LegacyApplication.TestBase.TestBase.afterMethod(TestBase.java:447)
	at sun.reflect.NativeMethodAccessorImpl.invoke0(Native Method)
	at sun.reflect.NativeMethodAccessorImpl.invoke(NativeMethodAccessorImpl.java:62)
	at sun.reflect.DelegatingMethodAccessorImpl.invoke(DelegatingMethodAccessorImpl.java:43)
	at java.lang.reflect.Method.invoke(Method.java:498)
	at org.testng.internal.MethodInvocationHelper.invokeMethod(MethodInvocationHelper.java:124)
	at org.testng.internal.MethodInvocationHelper.invokeMethodConsideringTimeout(MethodInvocationHelper.java:59)
	at org.testng.internal.Invoker.invokeConfigurationMethod(Invoker.java:455)
	at org.testng.internal.Invoker.invokeConfigurations(Invoker.java:222)
	at org.testng.internal.Invoker.invokeMethod(Invoker.java:643)
	at org.testng.internal.Invoker.invokeTestMethod(Invoker.java:716)
	at org.testng.internal.Invoker.invokeTestMethods(Invoker.java:988)
	at org.testng.internal.TestMethodWorker.invokeTestMethods(TestMethodWorker.java:125)
	at org.testng.internal.TestMethodWorker.run(TestMethodWorker.java:109)
	at org.testng.TestRunner.privateRun(TestRunner.java:648)
	at org.testng.TestRunner.run(TestRunner.java:505)
	at org.testng.SuiteRunner.runTest(SuiteRunner.java:455)
	at org.testng.SuiteRunner.runSequentially(SuiteRunner.java:450)
	at org.testng.SuiteRunner.privateRun(SuiteRunner.java:415)
	at org.testng.SuiteRunner.run(SuiteRunner.java:364)
	at org.testng.SuiteRunnerWorker.runSuite(SuiteRunnerWorker.java:52)
	at org.testng.SuiteRunnerWorker.run(SuiteRunnerWorker.java:84)
	at org.testng.TestNG.runSuitesSequentially(TestNG.java:1208)
	at org.testng.TestNG.runSuitesLocally(TestNG.java:1137)
	at org.testng.TestNG.runSuites(TestNG.java:1049)
	at org.testng.TestNG.run(TestNG.java:1017)
	at org.testng.remote.AbstractRemoteTestNG.run(AbstractRemoteTestNG.java:114)
	at org.testng.remote.RemoteTestNG.initAndRun(RemoteTestNG.java:251)
	at org.testng.remote.RemoteTestNG.main(RemoteTestNG.java:77)
</pre></div></td>
<td>0</td>
<td>com.LegacyApplication.ProductionTickets.TC066_EditButtononMangeUserAdminEnd@6fe7aac8</td></tr>
<tr>
<td title='com.LegacyApplication.ProductionTickets.TC032_VerifyGABRUpdateReferralCountiesAndLogic.verify_GABR_update_referralcountiesand_logic()'><b>verify_GABR_update_referralcountiesand_logic</b><br>Test class: com.LegacyApplication.ProductionTickets.TC032_VerifyGABRUpdateReferralCountiesAndLogic</td>
<td><div><pre>org.openqa.selenium.UnhandledAlertException: unexpected alert open: {Alert text : Failed to retreive program states}
  (Session info: chrome=70.0.3538.102)
  (Driver info: chromedriver=2.42.591088 (7b2b2dca23cca0862f674758c9a3933e685c27d5),platform=Windows NT 10.0.14393 x86_64) (WARNING: The server did not provide any stacktrace information)
Command duration or timeout: 0 milliseconds: null
Build info: version: &apos;3.14.0&apos;, revision: &apos;aacccce0&apos;, time: &apos;2018-08-02T20:19:58.91Z&apos;
System info: host: &apos;ROC-RDEVWS07&apos;, ip: &apos;10.31.42.222&apos;, os.name: &apos;Windows 10&apos;, os.arch: &apos;amd64&apos;, os.version: &apos;10.0&apos;, java.version: &apos;1.8.0_144&apos;
Driver info: org.openqa.selenium.chrome.ChromeDriver
Capabilities {acceptInsecureCerts: false, acceptSslCerts: false, applicationCacheEnabled: false, browserConnectionEnabled: false, browserName: chrome, chrome: {chromedriverVersion: 2.42.591088 (7b2b2dca23cca0..., userDataDir: C:\Users\abelman\AppData\Lo...}, cssSelectorsEnabled: true, databaseEnabled: false, goog:chromeOptions: {debuggerAddress: localhost:15682}, handlesAlerts: true, hasTouchScreen: false, javascriptEnabled: true, locationContextEnabled: true, mobileEmulationEnabled: false, nativeEvents: true, networkConnectionEnabled: false, pageLoadStrategy: normal, platform: XP, platformName: XP, rotatable: false, setWindowRect: true, takesHeapSnapshot: true, takesScreenshot: true, unexpectedAlertBehaviour: accept, unhandledPromptBehavior: accept, version: 70.0.3538.102, webStorageEnabled: true}
Session ID: 6874a2cba4ff141eb4ff437835cf29c8
	at org.openqa.selenium.remote.ErrorHandler.createThrowable(ErrorHandler.java:214)
	at org.openqa.selenium.remote.ErrorHandler.throwIfResponseFailed(ErrorHandler.java:172)
	at org.openqa.selenium.remote.http.JsonHttpResponseCodec.reconstructValue(JsonHttpResponseCodec.java:40)
	at org.openqa.selenium.remote.http.AbstractHttpResponseCodec.decode(AbstractHttpResponseCodec.java:80)
	at org.openqa.selenium.remote.http.AbstractHttpResponseCodec.decode(AbstractHttpResponseCodec.java:44)
	at org.openqa.selenium.remote.HttpCommandExecutor.execute(HttpCommandExecutor.java:158)
	at org.openqa.selenium.remote.service.DriverCommandExecutor.execute(DriverCommandExecutor.java:83)
	at org.openqa.selenium.remote.RemoteWebDriver.execute(RemoteWebDriver.java:548)
	at org.openqa.selenium.remote.RemoteWebDriver.execute(RemoteWebDriver.java:605)
	at org.openqa.selenium.remote.RemoteWebDriver.getScreenshotAs(RemoteWebDriver.java:294)
	at com.LegacyApplication.TestBase.TestBase.capture_screen(TestBase.java:362)
	at com.LegacyApplication.TestBase.TestBase.get_result(TestBase.java:411)
	at com.LegacyApplication.TestBase.TestBase.afterMethod(TestBase.java:447)
... Removed 32 stack frames</pre></div><a href='#' onClick='toggleBox("stack-trace441216628", this, "Click to show all stack frames", "Click to hide stack frames")'>Click to show all stack frames</a>
<div class='stack-trace' id='stack-trace441216628'><pre>org.openqa.selenium.UnhandledAlertException: unexpected alert open: {Alert text : Failed to retreive program states}
  (Session info: chrome=70.0.3538.102)
  (Driver info: chromedriver=2.42.591088 (7b2b2dca23cca0862f674758c9a3933e685c27d5),platform=Windows NT 10.0.14393 x86_64) (WARNING: The server did not provide any stacktrace information)
Command duration or timeout: 0 milliseconds: null
Build info: version: &apos;3.14.0&apos;, revision: &apos;aacccce0&apos;, time: &apos;2018-08-02T20:19:58.91Z&apos;
System info: host: &apos;ROC-RDEVWS07&apos;, ip: &apos;10.31.42.222&apos;, os.name: &apos;Windows 10&apos;, os.arch: &apos;amd64&apos;, os.version: &apos;10.0&apos;, java.version: &apos;1.8.0_144&apos;
Driver info: org.openqa.selenium.chrome.ChromeDriver
Capabilities {acceptInsecureCerts: false, acceptSslCerts: false, applicationCacheEnabled: false, browserConnectionEnabled: false, browserName: chrome, chrome: {chromedriverVersion: 2.42.591088 (7b2b2dca23cca0..., userDataDir: C:\Users\abelman\AppData\Lo...}, cssSelectorsEnabled: true, databaseEnabled: false, goog:chromeOptions: {debuggerAddress: localhost:15682}, handlesAlerts: true, hasTouchScreen: false, javascriptEnabled: true, locationContextEnabled: true, mobileEmulationEnabled: false, nativeEvents: true, networkConnectionEnabled: false, pageLoadStrategy: normal, platform: XP, platformName: XP, rotatable: false, setWindowRect: true, takesHeapSnapshot: true, takesScreenshot: true, unexpectedAlertBehaviour: accept, unhandledPromptBehavior: accept, version: 70.0.3538.102, webStorageEnabled: true}
Session ID: 6874a2cba4ff141eb4ff437835cf29c8
	at sun.reflect.NativeConstructorAccessorImpl.newInstance0(Native Method)
	at sun.reflect.NativeConstructorAccessorImpl.newInstance(NativeConstructorAccessorImpl.java:62)
	at sun.reflect.DelegatingConstructorAccessorImpl.newInstance(DelegatingConstructorAccessorImpl.java:45)
	at java.lang.reflect.Constructor.newInstance(Constructor.java:423)
	at org.openqa.selenium.remote.ErrorHandler.createThrowable(ErrorHandler.java:214)
	at org.openqa.selenium.remote.ErrorHandler.throwIfResponseFailed(ErrorHandler.java:172)
	at org.openqa.selenium.remote.http.JsonHttpResponseCodec.reconstructValue(JsonHttpResponseCodec.java:40)
	at org.openqa.selenium.remote.http.AbstractHttpResponseCodec.decode(AbstractHttpResponseCodec.java:80)
	at org.openqa.selenium.remote.http.AbstractHttpResponseCodec.decode(AbstractHttpResponseCodec.java:44)
	at org.openqa.selenium.remote.HttpCommandExecutor.execute(HttpCommandExecutor.java:158)
	at org.openqa.selenium.remote.service.DriverCommandExecutor.execute(DriverCommandExecutor.java:83)
	at org.openqa.selenium.remote.RemoteWebDriver.execute(RemoteWebDriver.java:548)
	at org.openqa.selenium.remote.RemoteWebDriver.execute(RemoteWebDriver.java:605)
	at org.openqa.selenium.remote.RemoteWebDriver.getScreenshotAs(RemoteWebDriver.java:294)
	at com.LegacyApplication.TestBase.TestBase.capture_screen(TestBase.java:362)
	at com.LegacyApplication.TestBase.TestBase.get_result(TestBase.java:411)
	at com.LegacyApplication.TestBase.TestBase.afterMethod(TestBase.java:447)
	at sun.reflect.NativeMethodAccessorImpl.invoke0(Native Method)
	at sun.reflect.NativeMethodAccessorImpl.invoke(NativeMethodAccessorImpl.java:62)
	at sun.reflect.DelegatingMethodAccessorImpl.invoke(DelegatingMethodAccessorImpl.java:43)
	at java.lang.reflect.Method.invoke(Method.java:498)
	at org.testng.internal.MethodInvocationHelper.invokeMethod(MethodInvocationHelper.java:124)
	at org.testng.internal.MethodInvocationHelper.invokeMethodConsideringTimeout(MethodInvocationHelper.java:59)
	at org.testng.internal.Invoker.invokeConfigurationMethod(Invoker.java:455)
	at org.testng.internal.Invoker.invokeConfigurations(Invoker.java:222)
	at org.testng.internal.Invoker.invokeMethod(Invoker.java:643)
	at org.testng.internal.Invoker.invokeTestMethod(Invoker.java:716)
	at org.testng.internal.Invoker.invokeTestMethods(Invoker.java:988)
	at org.testng.internal.TestMethodWorker.invokeTestMethods(TestMethodWorker.java:125)
	at org.testng.internal.TestMethodWorker.run(TestMethodWorker.java:109)
	at org.testng.TestRunner.privateRun(TestRunner.java:648)
	at org.testng.TestRunner.run(TestRunner.java:505)
	at org.testng.SuiteRunner.runTest(SuiteRunner.java:455)
	at org.testng.SuiteRunner.runSequentially(SuiteRunner.java:450)
	at org.testng.SuiteRunner.privateRun(SuiteRunner.java:415)
	at org.testng.SuiteRunner.run(SuiteRunner.java:364)
	at org.testng.SuiteRunnerWorker.runSuite(SuiteRunnerWorker.java:52)
	at org.testng.SuiteRunnerWorker.run(SuiteRunnerWorker.java:84)
	at org.testng.TestNG.runSuitesSequentially(TestNG.java:1208)
	at org.testng.TestNG.runSuitesLocally(TestNG.java:1137)
	at org.testng.TestNG.runSuites(TestNG.java:1049)
	at org.testng.TestNG.run(TestNG.java:1017)
	at org.testng.remote.AbstractRemoteTestNG.run(AbstractRemoteTestNG.java:114)
	at org.testng.remote.RemoteTestNG.initAndRun(RemoteTestNG.java:251)
	at org.testng.remote.RemoteTestNG.main(RemoteTestNG.java:77)
</pre></div></td>
<td>0</td>
<td>com.LegacyApplication.ProductionTickets.TC032_VerifyGABRUpdateReferralCountiesAndLogic@36c88a32</td></tr>
<tr>
<td title='com.LegacyApplication.ProductionTickets.TC042_VerifyGLTotalPayrollValueForNewAndRenwal.verify_GL_totalPayroll()'><b>verify_GL_totalPayroll</b><br>Test class: com.LegacyApplication.ProductionTickets.TC042_VerifyGLTotalPayrollValueForNewAndRenwal</td>
<td><div><pre>org.openqa.selenium.UnhandledAlertException: unexpected alert open: {Alert text : Failed to retreive program states}
  (Session info: chrome=70.0.3538.102)
  (Driver info: chromedriver=2.42.591088 (7b2b2dca23cca0862f674758c9a3933e685c27d5),platform=Windows NT 10.0.14393 x86_64) (WARNING: The server did not provide any stacktrace information)
Command duration or timeout: 0 milliseconds: null
Build info: version: &apos;3.14.0&apos;, revision: &apos;aacccce0&apos;, time: &apos;2018-08-02T20:19:58.91Z&apos;
System info: host: &apos;ROC-RDEVWS07&apos;, ip: &apos;10.31.42.222&apos;, os.name: &apos;Windows 10&apos;, os.arch: &apos;amd64&apos;, os.version: &apos;10.0&apos;, java.version: &apos;1.8.0_144&apos;
Driver info: org.openqa.selenium.chrome.ChromeDriver
Capabilities {acceptInsecureCerts: false, acceptSslCerts: false, applicationCacheEnabled: false, browserConnectionEnabled: false, browserName: chrome, chrome: {chromedriverVersion: 2.42.591088 (7b2b2dca23cca0..., userDataDir: C:\Users\abelman\AppData\Lo...}, cssSelectorsEnabled: true, databaseEnabled: false, goog:chromeOptions: {debuggerAddress: localhost:15682}, handlesAlerts: true, hasTouchScreen: false, javascriptEnabled: true, locationContextEnabled: true, mobileEmulationEnabled: false, nativeEvents: true, networkConnectionEnabled: false, pageLoadStrategy: normal, platform: XP, platformName: XP, rotatable: false, setWindowRect: true, takesHeapSnapshot: true, takesScreenshot: true, unexpectedAlertBehaviour: accept, unhandledPromptBehavior: accept, version: 70.0.3538.102, webStorageEnabled: true}
Session ID: 6874a2cba4ff141eb4ff437835cf29c8
	at org.openqa.selenium.remote.ErrorHandler.createThrowable(ErrorHandler.java:214)
	at org.openqa.selenium.remote.ErrorHandler.throwIfResponseFailed(ErrorHandler.java:172)
	at org.openqa.selenium.remote.http.JsonHttpResponseCodec.reconstructValue(JsonHttpResponseCodec.java:40)
	at org.openqa.selenium.remote.http.AbstractHttpResponseCodec.decode(AbstractHttpResponseCodec.java:80)
	at org.openqa.selenium.remote.http.AbstractHttpResponseCodec.decode(AbstractHttpResponseCodec.java:44)
	at org.openqa.selenium.remote.HttpCommandExecutor.execute(HttpCommandExecutor.java:158)
	at org.openqa.selenium.remote.service.DriverCommandExecutor.execute(DriverCommandExecutor.java:83)
	at org.openqa.selenium.remote.RemoteWebDriver.execute(RemoteWebDriver.java:548)
	at org.openqa.selenium.remote.RemoteWebDriver.execute(RemoteWebDriver.java:605)
	at org.openqa.selenium.remote.RemoteWebDriver.getScreenshotAs(RemoteWebDriver.java:294)
	at com.LegacyApplication.TestBase.TestBase.capture_screen(TestBase.java:362)
	at com.LegacyApplication.TestBase.TestBase.get_result(TestBase.java:411)
	at com.LegacyApplication.TestBase.TestBase.afterMethod(TestBase.java:447)
... Removed 32 stack frames</pre></div><a href='#' onClick='toggleBox("stack-trace120561697", this, "Click to show all stack frames", "Click to hide stack frames")'>Click to show all stack frames</a>
<div class='stack-trace' id='stack-trace120561697'><pre>org.openqa.selenium.UnhandledAlertException: unexpected alert open: {Alert text : Failed to retreive program states}
  (Session info: chrome=70.0.3538.102)
  (Driver info: chromedriver=2.42.591088 (7b2b2dca23cca0862f674758c9a3933e685c27d5),platform=Windows NT 10.0.14393 x86_64) (WARNING: The server did not provide any stacktrace information)
Command duration or timeout: 0 milliseconds: null
Build info: version: &apos;3.14.0&apos;, revision: &apos;aacccce0&apos;, time: &apos;2018-08-02T20:19:58.91Z&apos;
System info: host: &apos;ROC-RDEVWS07&apos;, ip: &apos;10.31.42.222&apos;, os.name: &apos;Windows 10&apos;, os.arch: &apos;amd64&apos;, os.version: &apos;10.0&apos;, java.version: &apos;1.8.0_144&apos;
Driver info: org.openqa.selenium.chrome.ChromeDriver
Capabilities {acceptInsecureCerts: false, acceptSslCerts: false, applicationCacheEnabled: false, browserConnectionEnabled: false, browserName: chrome, chrome: {chromedriverVersion: 2.42.591088 (7b2b2dca23cca0..., userDataDir: C:\Users\abelman\AppData\Lo...}, cssSelectorsEnabled: true, databaseEnabled: false, goog:chromeOptions: {debuggerAddress: localhost:15682}, handlesAlerts: true, hasTouchScreen: false, javascriptEnabled: true, locationContextEnabled: true, mobileEmulationEnabled: false, nativeEvents: true, networkConnectionEnabled: false, pageLoadStrategy: normal, platform: XP, platformName: XP, rotatable: false, setWindowRect: true, takesHeapSnapshot: true, takesScreenshot: true, unexpectedAlertBehaviour: accept, unhandledPromptBehavior: accept, version: 70.0.3538.102, webStorageEnabled: true}
Session ID: 6874a2cba4ff141eb4ff437835cf29c8
	at sun.reflect.NativeConstructorAccessorImpl.newInstance0(Native Method)
	at sun.reflect.NativeConstructorAccessorImpl.newInstance(NativeConstructorAccessorImpl.java:62)
	at sun.reflect.DelegatingConstructorAccessorImpl.newInstance(DelegatingConstructorAccessorImpl.java:45)
	at java.lang.reflect.Constructor.newInstance(Constructor.java:423)
	at org.openqa.selenium.remote.ErrorHandler.createThrowable(ErrorHandler.java:214)
	at org.openqa.selenium.remote.ErrorHandler.throwIfResponseFailed(ErrorHandler.java:172)
	at org.openqa.selenium.remote.http.JsonHttpResponseCodec.reconstructValue(JsonHttpResponseCodec.java:40)
	at org.openqa.selenium.remote.http.AbstractHttpResponseCodec.decode(AbstractHttpResponseCodec.java:80)
	at org.openqa.selenium.remote.http.AbstractHttpResponseCodec.decode(AbstractHttpResponseCodec.java:44)
	at org.openqa.selenium.remote.HttpCommandExecutor.execute(HttpCommandExecutor.java:158)
	at org.openqa.selenium.remote.service.DriverCommandExecutor.execute(DriverCommandExecutor.java:83)
	at org.openqa.selenium.remote.RemoteWebDriver.execute(RemoteWebDriver.java:548)
	at org.openqa.selenium.remote.RemoteWebDriver.execute(RemoteWebDriver.java:605)
	at org.openqa.selenium.remote.RemoteWebDriver.getScreenshotAs(RemoteWebDriver.java:294)
	at com.LegacyApplication.TestBase.TestBase.capture_screen(TestBase.java:362)
	at com.LegacyApplication.TestBase.TestBase.get_result(TestBase.java:411)
	at com.LegacyApplication.TestBase.TestBase.afterMethod(TestBase.java:447)
	at sun.reflect.NativeMethodAccessorImpl.invoke0(Native Method)
	at sun.reflect.NativeMethodAccessorImpl.invoke(NativeMethodAccessorImpl.java:62)
	at sun.reflect.DelegatingMethodAccessorImpl.invoke(DelegatingMethodAccessorImpl.java:43)
	at java.lang.reflect.Method.invoke(Method.java:498)
	at org.testng.internal.MethodInvocationHelper.invokeMethod(MethodInvocationHelper.java:124)
	at org.testng.internal.MethodInvocationHelper.invokeMethodConsideringTimeout(MethodInvocationHelper.java:59)
	at org.testng.internal.Invoker.invokeConfigurationMethod(Invoker.java:455)
	at org.testng.internal.Invoker.invokeConfigurations(Invoker.java:222)
	at org.testng.internal.Invoker.invokeMethod(Invoker.java:643)
	at org.testng.internal.Invoker.invokeTestMethod(Invoker.java:716)
	at org.testng.internal.Invoker.invokeTestMethods(Invoker.java:988)
	at org.testng.internal.TestMethodWorker.invokeTestMethods(TestMethodWorker.java:125)
	at org.testng.internal.TestMethodWorker.run(TestMethodWorker.java:109)
	at org.testng.TestRunner.privateRun(TestRunner.java:648)
	at org.testng.TestRunner.run(TestRunner.java:505)
	at org.testng.SuiteRunner.runTest(SuiteRunner.java:455)
	at org.testng.SuiteRunner.runSequentially(SuiteRunner.java:450)
	at org.testng.SuiteRunner.privateRun(SuiteRunner.java:415)
	at org.testng.SuiteRunner.run(SuiteRunner.java:364)
	at org.testng.SuiteRunnerWorker.runSuite(SuiteRunnerWorker.java:52)
	at org.testng.SuiteRunnerWorker.run(SuiteRunnerWorker.java:84)
	at org.testng.TestNG.runSuitesSequentially(TestNG.java:1208)
	at org.testng.TestNG.runSuitesLocally(TestNG.java:1137)
	at org.testng.TestNG.runSuites(TestNG.java:1049)
	at org.testng.TestNG.run(TestNG.java:1017)
	at org.testng.remote.AbstractRemoteTestNG.run(AbstractRemoteTestNG.java:114)
	at org.testng.remote.RemoteTestNG.initAndRun(RemoteTestNG.java:251)
	at org.testng.remote.RemoteTestNG.main(RemoteTestNG.java:77)
</pre></div></td>
<td>0</td>
<td>com.LegacyApplication.ProductionTickets.TC042_VerifyGLTotalPayrollValueForNewAndRenwal@10e92f8f</td></tr>
<tr>
<td title='com.LegacyApplication.ProductionTickets.TC057_CreateQAAsubmissionWithoutEmail.verify_QAA_submission_witout_email()'><b>verify_QAA_submission_witout_email</b><br>Test class: com.LegacyApplication.ProductionTickets.TC057_CreateQAAsubmissionWithoutEmail</td>
<td><div><pre>org.openqa.selenium.UnhandledAlertException: unexpected alert open: {Alert text : Failed to retreive program states}
  (Session info: chrome=70.0.3538.102)
  (Driver info: chromedriver=2.42.591088 (7b2b2dca23cca0862f674758c9a3933e685c27d5),platform=Windows NT 10.0.14393 x86_64) (WARNING: The server did not provide any stacktrace information)
Command duration or timeout: 0 milliseconds: null
Build info: version: &apos;3.14.0&apos;, revision: &apos;aacccce0&apos;, time: &apos;2018-08-02T20:19:58.91Z&apos;
System info: host: &apos;ROC-RDEVWS07&apos;, ip: &apos;10.31.42.222&apos;, os.name: &apos;Windows 10&apos;, os.arch: &apos;amd64&apos;, os.version: &apos;10.0&apos;, java.version: &apos;1.8.0_144&apos;
Driver info: org.openqa.selenium.chrome.ChromeDriver
Capabilities {acceptInsecureCerts: false, acceptSslCerts: false, applicationCacheEnabled: false, browserConnectionEnabled: false, browserName: chrome, chrome: {chromedriverVersion: 2.42.591088 (7b2b2dca23cca0..., userDataDir: C:\Users\abelman\AppData\Lo...}, cssSelectorsEnabled: true, databaseEnabled: false, goog:chromeOptions: {debuggerAddress: localhost:15682}, handlesAlerts: true, hasTouchScreen: false, javascriptEnabled: true, locationContextEnabled: true, mobileEmulationEnabled: false, nativeEvents: true, networkConnectionEnabled: false, pageLoadStrategy: normal, platform: XP, platformName: XP, rotatable: false, setWindowRect: true, takesHeapSnapshot: true, takesScreenshot: true, unexpectedAlertBehaviour: accept, unhandledPromptBehavior: accept, version: 70.0.3538.102, webStorageEnabled: true}
Session ID: 6874a2cba4ff141eb4ff437835cf29c8
	at org.openqa.selenium.remote.ErrorHandler.createThrowable(ErrorHandler.java:214)
	at org.openqa.selenium.remote.ErrorHandler.throwIfResponseFailed(ErrorHandler.java:172)
	at org.openqa.selenium.remote.http.JsonHttpResponseCodec.reconstructValue(JsonHttpResponseCodec.java:40)
	at org.openqa.selenium.remote.http.AbstractHttpResponseCodec.decode(AbstractHttpResponseCodec.java:80)
	at org.openqa.selenium.remote.http.AbstractHttpResponseCodec.decode(AbstractHttpResponseCodec.java:44)
	at org.openqa.selenium.remote.HttpCommandExecutor.execute(HttpCommandExecutor.java:158)
	at org.openqa.selenium.remote.service.DriverCommandExecutor.execute(DriverCommandExecutor.java:83)
	at org.openqa.selenium.remote.RemoteWebDriver.execute(RemoteWebDriver.java:548)
	at org.openqa.selenium.remote.RemoteWebDriver.execute(RemoteWebDriver.java:605)
	at org.openqa.selenium.remote.RemoteWebDriver.getScreenshotAs(RemoteWebDriver.java:294)
	at com.LegacyApplication.TestBase.TestBase.capture_screen(TestBase.java:362)
	at com.LegacyApplication.TestBase.TestBase.get_result(TestBase.java:411)
	at com.LegacyApplication.TestBase.TestBase.afterMethod(TestBase.java:447)
... Removed 32 stack frames</pre></div><a href='#' onClick='toggleBox("stack-trace72537853", this, "Click to show all stack frames", "Click to hide stack frames")'>Click to show all stack frames</a>
<div class='stack-trace' id='stack-trace72537853'><pre>org.openqa.selenium.UnhandledAlertException: unexpected alert open: {Alert text : Failed to retreive program states}
  (Session info: chrome=70.0.3538.102)
  (Driver info: chromedriver=2.42.591088 (7b2b2dca23cca0862f674758c9a3933e685c27d5),platform=Windows NT 10.0.14393 x86_64) (WARNING: The server did not provide any stacktrace information)
Command duration or timeout: 0 milliseconds: null
Build info: version: &apos;3.14.0&apos;, revision: &apos;aacccce0&apos;, time: &apos;2018-08-02T20:19:58.91Z&apos;
System info: host: &apos;ROC-RDEVWS07&apos;, ip: &apos;10.31.42.222&apos;, os.name: &apos;Windows 10&apos;, os.arch: &apos;amd64&apos;, os.version: &apos;10.0&apos;, java.version: &apos;1.8.0_144&apos;
Driver info: org.openqa.selenium.chrome.ChromeDriver
Capabilities {acceptInsecureCerts: false, acceptSslCerts: false, applicationCacheEnabled: false, browserConnectionEnabled: false, browserName: chrome, chrome: {chromedriverVersion: 2.42.591088 (7b2b2dca23cca0..., userDataDir: C:\Users\abelman\AppData\Lo...}, cssSelectorsEnabled: true, databaseEnabled: false, goog:chromeOptions: {debuggerAddress: localhost:15682}, handlesAlerts: true, hasTouchScreen: false, javascriptEnabled: true, locationContextEnabled: true, mobileEmulationEnabled: false, nativeEvents: true, networkConnectionEnabled: false, pageLoadStrategy: normal, platform: XP, platformName: XP, rotatable: false, setWindowRect: true, takesHeapSnapshot: true, takesScreenshot: true, unexpectedAlertBehaviour: accept, unhandledPromptBehavior: accept, version: 70.0.3538.102, webStorageEnabled: true}
Session ID: 6874a2cba4ff141eb4ff437835cf29c8
	at sun.reflect.NativeConstructorAccessorImpl.newInstance0(Native Method)
	at sun.reflect.NativeConstructorAccessorImpl.newInstance(NativeConstructorAccessorImpl.java:62)
	at sun.reflect.DelegatingConstructorAccessorImpl.newInstance(DelegatingConstructorAccessorImpl.java:45)
	at java.lang.reflect.Constructor.newInstance(Constructor.java:423)
	at org.openqa.selenium.remote.ErrorHandler.createThrowable(ErrorHandler.java:214)
	at org.openqa.selenium.remote.ErrorHandler.throwIfResponseFailed(ErrorHandler.java:172)
	at org.openqa.selenium.remote.http.JsonHttpResponseCodec.reconstructValue(JsonHttpResponseCodec.java:40)
	at org.openqa.selenium.remote.http.AbstractHttpResponseCodec.decode(AbstractHttpResponseCodec.java:80)
	at org.openqa.selenium.remote.http.AbstractHttpResponseCodec.decode(AbstractHttpResponseCodec.java:44)
	at org.openqa.selenium.remote.HttpCommandExecutor.execute(HttpCommandExecutor.java:158)
	at org.openqa.selenium.remote.service.DriverCommandExecutor.execute(DriverCommandExecutor.java:83)
	at org.openqa.selenium.remote.RemoteWebDriver.execute(RemoteWebDriver.java:548)
	at org.openqa.selenium.remote.RemoteWebDriver.execute(RemoteWebDriver.java:605)
	at org.openqa.selenium.remote.RemoteWebDriver.getScreenshotAs(RemoteWebDriver.java:294)
	at com.LegacyApplication.TestBase.TestBase.capture_screen(TestBase.java:362)
	at com.LegacyApplication.TestBase.TestBase.get_result(TestBase.java:411)
	at com.LegacyApplication.TestBase.TestBase.afterMethod(TestBase.java:447)
	at sun.reflect.NativeMethodAccessorImpl.invoke0(Native Method)
	at sun.reflect.NativeMethodAccessorImpl.invoke(NativeMethodAccessorImpl.java:62)
	at sun.reflect.DelegatingMethodAccessorImpl.invoke(DelegatingMethodAccessorImpl.java:43)
	at java.lang.reflect.Method.invoke(Method.java:498)
	at org.testng.internal.MethodInvocationHelper.invokeMethod(MethodInvocationHelper.java:124)
	at org.testng.internal.MethodInvocationHelper.invokeMethodConsideringTimeout(MethodInvocationHelper.java:59)
	at org.testng.internal.Invoker.invokeConfigurationMethod(Invoker.java:455)
	at org.testng.internal.Invoker.invokeConfigurations(Invoker.java:222)
	at org.testng.internal.Invoker.invokeMethod(Invoker.java:643)
	at org.testng.internal.Invoker.invokeTestMethod(Invoker.java:716)
	at org.testng.internal.Invoker.invokeTestMethods(Invoker.java:988)
	at org.testng.internal.TestMethodWorker.invokeTestMethods(TestMethodWorker.java:125)
	at org.testng.internal.TestMethodWorker.run(TestMethodWorker.java:109)
	at org.testng.TestRunner.privateRun(TestRunner.java:648)
	at org.testng.TestRunner.run(TestRunner.java:505)
	at org.testng.SuiteRunner.runTest(SuiteRunner.java:455)
	at org.testng.SuiteRunner.runSequentially(SuiteRunner.java:450)
	at org.testng.SuiteRunner.privateRun(SuiteRunner.java:415)
	at org.testng.SuiteRunner.run(SuiteRunner.java:364)
	at org.testng.SuiteRunnerWorker.runSuite(SuiteRunnerWorker.java:52)
	at org.testng.SuiteRunnerWorker.run(SuiteRunnerWorker.java:84)
	at org.testng.TestNG.runSuitesSequentially(TestNG.java:1208)
	at org.testng.TestNG.runSuitesLocally(TestNG.java:1137)
	at org.testng.TestNG.runSuites(TestNG.java:1049)
	at org.testng.TestNG.run(TestNG.java:1017)
	at org.testng.remote.AbstractRemoteTestNG.run(AbstractRemoteTestNG.java:114)
	at org.testng.remote.RemoteTestNG.initAndRun(RemoteTestNG.java:251)
	at org.testng.remote.RemoteTestNG.main(RemoteTestNG.java:77)
</pre></div></td>
<td>0</td>
<td>com.LegacyApplication.ProductionTickets.TC057_CreateQAAsubmissionWithoutEmail@7ce3cb8e</td></tr>
<tr>
<td title='com.LegacyApplication.ProductionTickets.TC059_QCAverifyAdditionalEligibilityQus.verify_additionaleligibility_qus()'><b>verify_additionaleligibility_qus</b><br>Test class: com.LegacyApplication.ProductionTickets.TC059_QCAverifyAdditionalEligibilityQus</td>
<td><div><pre>org.openqa.selenium.UnhandledAlertException: unexpected alert open: {Alert text : Failed to retreive program states}
  (Session info: chrome=70.0.3538.102)
  (Driver info: chromedriver=2.42.591088 (7b2b2dca23cca0862f674758c9a3933e685c27d5),platform=Windows NT 10.0.14393 x86_64) (WARNING: The server did not provide any stacktrace information)
Command duration or timeout: 0 milliseconds: null
Build info: version: &apos;3.14.0&apos;, revision: &apos;aacccce0&apos;, time: &apos;2018-08-02T20:19:58.91Z&apos;
System info: host: &apos;ROC-RDEVWS07&apos;, ip: &apos;10.31.42.222&apos;, os.name: &apos;Windows 10&apos;, os.arch: &apos;amd64&apos;, os.version: &apos;10.0&apos;, java.version: &apos;1.8.0_144&apos;
Driver info: org.openqa.selenium.chrome.ChromeDriver
Capabilities {acceptInsecureCerts: false, acceptSslCerts: false, applicationCacheEnabled: false, browserConnectionEnabled: false, browserName: chrome, chrome: {chromedriverVersion: 2.42.591088 (7b2b2dca23cca0..., userDataDir: C:\Users\abelman\AppData\Lo...}, cssSelectorsEnabled: true, databaseEnabled: false, goog:chromeOptions: {debuggerAddress: localhost:15682}, handlesAlerts: true, hasTouchScreen: false, javascriptEnabled: true, locationContextEnabled: true, mobileEmulationEnabled: false, nativeEvents: true, networkConnectionEnabled: false, pageLoadStrategy: normal, platform: XP, platformName: XP, rotatable: false, setWindowRect: true, takesHeapSnapshot: true, takesScreenshot: true, unexpectedAlertBehaviour: accept, unhandledPromptBehavior: accept, version: 70.0.3538.102, webStorageEnabled: true}
Session ID: 6874a2cba4ff141eb4ff437835cf29c8
	at org.openqa.selenium.remote.ErrorHandler.createThrowable(ErrorHandler.java:214)
	at org.openqa.selenium.remote.ErrorHandler.throwIfResponseFailed(ErrorHandler.java:172)
	at org.openqa.selenium.remote.http.JsonHttpResponseCodec.reconstructValue(JsonHttpResponseCodec.java:40)
	at org.openqa.selenium.remote.http.AbstractHttpResponseCodec.decode(AbstractHttpResponseCodec.java:80)
	at org.openqa.selenium.remote.http.AbstractHttpResponseCodec.decode(AbstractHttpResponseCodec.java:44)
	at org.openqa.selenium.remote.HttpCommandExecutor.execute(HttpCommandExecutor.java:158)
	at org.openqa.selenium.remote.service.DriverCommandExecutor.execute(DriverCommandExecutor.java:83)
	at org.openqa.selenium.remote.RemoteWebDriver.execute(RemoteWebDriver.java:548)
	at org.openqa.selenium.remote.RemoteWebDriver.execute(RemoteWebDriver.java:605)
	at org.openqa.selenium.remote.RemoteWebDriver.getScreenshotAs(RemoteWebDriver.java:294)
	at com.LegacyApplication.TestBase.TestBase.capture_screen(TestBase.java:362)
	at com.LegacyApplication.TestBase.TestBase.get_result(TestBase.java:411)
	at com.LegacyApplication.TestBase.TestBase.afterMethod(TestBase.java:447)
... Removed 32 stack frames</pre></div><a href='#' onClick='toggleBox("stack-trace1598009290", this, "Click to show all stack frames", "Click to hide stack frames")'>Click to show all stack frames</a>
<div class='stack-trace' id='stack-trace1598009290'><pre>org.openqa.selenium.UnhandledAlertException: unexpected alert open: {Alert text : Failed to retreive program states}
  (Session info: chrome=70.0.3538.102)
  (Driver info: chromedriver=2.42.591088 (7b2b2dca23cca0862f674758c9a3933e685c27d5),platform=Windows NT 10.0.14393 x86_64) (WARNING: The server did not provide any stacktrace information)
Command duration or timeout: 0 milliseconds: null
Build info: version: &apos;3.14.0&apos;, revision: &apos;aacccce0&apos;, time: &apos;2018-08-02T20:19:58.91Z&apos;
System info: host: &apos;ROC-RDEVWS07&apos;, ip: &apos;10.31.42.222&apos;, os.name: &apos;Windows 10&apos;, os.arch: &apos;amd64&apos;, os.version: &apos;10.0&apos;, java.version: &apos;1.8.0_144&apos;
Driver info: org.openqa.selenium.chrome.ChromeDriver
Capabilities {acceptInsecureCerts: false, acceptSslCerts: false, applicationCacheEnabled: false, browserConnectionEnabled: false, browserName: chrome, chrome: {chromedriverVersion: 2.42.591088 (7b2b2dca23cca0..., userDataDir: C:\Users\abelman\AppData\Lo...}, cssSelectorsEnabled: true, databaseEnabled: false, goog:chromeOptions: {debuggerAddress: localhost:15682}, handlesAlerts: true, hasTouchScreen: false, javascriptEnabled: true, locationContextEnabled: true, mobileEmulationEnabled: false, nativeEvents: true, networkConnectionEnabled: false, pageLoadStrategy: normal, platform: XP, platformName: XP, rotatable: false, setWindowRect: true, takesHeapSnapshot: true, takesScreenshot: true, unexpectedAlertBehaviour: accept, unhandledPromptBehavior: accept, version: 70.0.3538.102, webStorageEnabled: true}
Session ID: 6874a2cba4ff141eb4ff437835cf29c8
	at sun.reflect.NativeConstructorAccessorImpl.newInstance0(Native Method)
	at sun.reflect.NativeConstructorAccessorImpl.newInstance(NativeConstructorAccessorImpl.java:62)
	at sun.reflect.DelegatingConstructorAccessorImpl.newInstance(DelegatingConstructorAccessorImpl.java:45)
	at java.lang.reflect.Constructor.newInstance(Constructor.java:423)
	at org.openqa.selenium.remote.ErrorHandler.createThrowable(ErrorHandler.java:214)
	at org.openqa.selenium.remote.ErrorHandler.throwIfResponseFailed(ErrorHandler.java:172)
	at org.openqa.selenium.remote.http.JsonHttpResponseCodec.reconstructValue(JsonHttpResponseCodec.java:40)
	at org.openqa.selenium.remote.http.AbstractHttpResponseCodec.decode(AbstractHttpResponseCodec.java:80)
	at org.openqa.selenium.remote.http.AbstractHttpResponseCodec.decode(AbstractHttpResponseCodec.java:44)
	at org.openqa.selenium.remote.HttpCommandExecutor.execute(HttpCommandExecutor.java:158)
	at org.openqa.selenium.remote.service.DriverCommandExecutor.execute(DriverCommandExecutor.java:83)
	at org.openqa.selenium.remote.RemoteWebDriver.execute(RemoteWebDriver.java:548)
	at org.openqa.selenium.remote.RemoteWebDriver.execute(RemoteWebDriver.java:605)
	at org.openqa.selenium.remote.RemoteWebDriver.getScreenshotAs(RemoteWebDriver.java:294)
	at com.LegacyApplication.TestBase.TestBase.capture_screen(TestBase.java:362)
	at com.LegacyApplication.TestBase.TestBase.get_result(TestBase.java:411)
	at com.LegacyApplication.TestBase.TestBase.afterMethod(TestBase.java:447)
	at sun.reflect.NativeMethodAccessorImpl.invoke0(Native Method)
	at sun.reflect.NativeMethodAccessorImpl.invoke(NativeMethodAccessorImpl.java:62)
	at sun.reflect.DelegatingMethodAccessorImpl.invoke(DelegatingMethodAccessorImpl.java:43)
	at java.lang.reflect.Method.invoke(Method.java:498)
	at org.testng.internal.MethodInvocationHelper.invokeMethod(MethodInvocationHelper.java:124)
	at org.testng.internal.MethodInvocationHelper.invokeMethodConsideringTimeout(MethodInvocationHelper.java:59)
	at org.testng.internal.Invoker.invokeConfigurationMethod(Invoker.java:455)
	at org.testng.internal.Invoker.invokeConfigurations(Invoker.java:222)
	at org.testng.internal.Invoker.invokeMethod(Invoker.java:643)
	at org.testng.internal.Invoker.invokeTestMethod(Invoker.java:716)
	at org.testng.internal.Invoker.invokeTestMethods(Invoker.java:988)
	at org.testng.internal.TestMethodWorker.invokeTestMethods(TestMethodWorker.java:125)
	at org.testng.internal.TestMethodWorker.run(TestMethodWorker.java:109)
	at org.testng.TestRunner.privateRun(TestRunner.java:648)
	at org.testng.TestRunner.run(TestRunner.java:505)
	at org.testng.SuiteRunner.runTest(SuiteRunner.java:455)
	at org.testng.SuiteRunner.runSequentially(SuiteRunner.java:450)
	at org.testng.SuiteRunner.privateRun(SuiteRunner.java:415)
	at org.testng.SuiteRunner.run(SuiteRunner.java:364)
	at org.testng.SuiteRunnerWorker.runSuite(SuiteRunnerWorker.java:52)
	at org.testng.SuiteRunnerWorker.run(SuiteRunnerWorker.java:84)
	at org.testng.TestNG.runSuitesSequentially(TestNG.java:1208)
	at org.testng.TestNG.runSuitesLocally(TestNG.java:1137)
	at org.testng.TestNG.runSuites(TestNG.java:1049)
	at org.testng.TestNG.run(TestNG.java:1017)
	at org.testng.remote.AbstractRemoteTestNG.run(AbstractRemoteTestNG.java:114)
	at org.testng.remote.RemoteTestNG.initAndRun(RemoteTestNG.java:251)
	at org.testng.remote.RemoteTestNG.main(RemoteTestNG.java:77)
</pre></div></td>
<td>0</td>
<td>com.LegacyApplication.ProductionTickets.TC059_QCAverifyAdditionalEligibilityQus@5223e5ee</td></tr>
<tr>
<td title='com.LegacyApplication.ProductionTickets.TC061_RegisterProducer_VerifyAffliationChanges.verify_affiliation_changes()'><b>verify_affiliation_changes</b><br>Test class: com.LegacyApplication.ProductionTickets.TC061_RegisterProducer_VerifyAffliationChanges</td>
<td><div><pre>org.openqa.selenium.UnhandledAlertException: unexpected alert open: {Alert text : Failed to retreive program states}
  (Session info: chrome=70.0.3538.102)
  (Driver info: chromedriver=2.42.591088 (7b2b2dca23cca0862f674758c9a3933e685c27d5),platform=Windows NT 10.0.14393 x86_64) (WARNING: The server did not provide any stacktrace information)
Command duration or timeout: 0 milliseconds: null
Build info: version: &apos;3.14.0&apos;, revision: &apos;aacccce0&apos;, time: &apos;2018-08-02T20:19:58.91Z&apos;
System info: host: &apos;ROC-RDEVWS07&apos;, ip: &apos;10.31.42.222&apos;, os.name: &apos;Windows 10&apos;, os.arch: &apos;amd64&apos;, os.version: &apos;10.0&apos;, java.version: &apos;1.8.0_144&apos;
Driver info: org.openqa.selenium.chrome.ChromeDriver
Capabilities {acceptInsecureCerts: false, acceptSslCerts: false, applicationCacheEnabled: false, browserConnectionEnabled: false, browserName: chrome, chrome: {chromedriverVersion: 2.42.591088 (7b2b2dca23cca0..., userDataDir: C:\Users\abelman\AppData\Lo...}, cssSelectorsEnabled: true, databaseEnabled: false, goog:chromeOptions: {debuggerAddress: localhost:15682}, handlesAlerts: true, hasTouchScreen: false, javascriptEnabled: true, locationContextEnabled: true, mobileEmulationEnabled: false, nativeEvents: true, networkConnectionEnabled: false, pageLoadStrategy: normal, platform: XP, platformName: XP, rotatable: false, setWindowRect: true, takesHeapSnapshot: true, takesScreenshot: true, unexpectedAlertBehaviour: accept, unhandledPromptBehavior: accept, version: 70.0.3538.102, webStorageEnabled: true}
Session ID: 6874a2cba4ff141eb4ff437835cf29c8
	at org.openqa.selenium.remote.ErrorHandler.createThrowable(ErrorHandler.java:214)
	at org.openqa.selenium.remote.ErrorHandler.throwIfResponseFailed(ErrorHandler.java:172)
	at org.openqa.selenium.remote.http.JsonHttpResponseCodec.reconstructValue(JsonHttpResponseCodec.java:40)
	at org.openqa.selenium.remote.http.AbstractHttpResponseCodec.decode(AbstractHttpResponseCodec.java:80)
	at org.openqa.selenium.remote.http.AbstractHttpResponseCodec.decode(AbstractHttpResponseCodec.java:44)
	at org.openqa.selenium.remote.HttpCommandExecutor.execute(HttpCommandExecutor.java:158)
	at org.openqa.selenium.remote.service.DriverCommandExecutor.execute(DriverCommandExecutor.java:83)
	at org.openqa.selenium.remote.RemoteWebDriver.execute(RemoteWebDriver.java:548)
	at org.openqa.selenium.remote.RemoteWebDriver.execute(RemoteWebDriver.java:605)
	at org.openqa.selenium.remote.RemoteWebDriver.getScreenshotAs(RemoteWebDriver.java:294)
	at com.LegacyApplication.TestBase.TestBase.capture_screen(TestBase.java:362)
	at com.LegacyApplication.TestBase.TestBase.get_result(TestBase.java:411)
	at com.LegacyApplication.TestBase.TestBase.afterMethod(TestBase.java:447)
... Removed 32 stack frames</pre></div><a href='#' onClick='toggleBox("stack-trace770519500", this, "Click to show all stack frames", "Click to hide stack frames")'>Click to show all stack frames</a>
<div class='stack-trace' id='stack-trace770519500'><pre>org.openqa.selenium.UnhandledAlertException: unexpected alert open: {Alert text : Failed to retreive program states}
  (Session info: chrome=70.0.3538.102)
  (Driver info: chromedriver=2.42.591088 (7b2b2dca23cca0862f674758c9a3933e685c27d5),platform=Windows NT 10.0.14393 x86_64) (WARNING: The server did not provide any stacktrace information)
Command duration or timeout: 0 milliseconds: null
Build info: version: &apos;3.14.0&apos;, revision: &apos;aacccce0&apos;, time: &apos;2018-08-02T20:19:58.91Z&apos;
System info: host: &apos;ROC-RDEVWS07&apos;, ip: &apos;10.31.42.222&apos;, os.name: &apos;Windows 10&apos;, os.arch: &apos;amd64&apos;, os.version: &apos;10.0&apos;, java.version: &apos;1.8.0_144&apos;
Driver info: org.openqa.selenium.chrome.ChromeDriver
Capabilities {acceptInsecureCerts: false, acceptSslCerts: false, applicationCacheEnabled: false, browserConnectionEnabled: false, browserName: chrome, chrome: {chromedriverVersion: 2.42.591088 (7b2b2dca23cca0..., userDataDir: C:\Users\abelman\AppData\Lo...}, cssSelectorsEnabled: true, databaseEnabled: false, goog:chromeOptions: {debuggerAddress: localhost:15682}, handlesAlerts: true, hasTouchScreen: false, javascriptEnabled: true, locationContextEnabled: true, mobileEmulationEnabled: false, nativeEvents: true, networkConnectionEnabled: false, pageLoadStrategy: normal, platform: XP, platformName: XP, rotatable: false, setWindowRect: true, takesHeapSnapshot: true, takesScreenshot: true, unexpectedAlertBehaviour: accept, unhandledPromptBehavior: accept, version: 70.0.3538.102, webStorageEnabled: true}
Session ID: 6874a2cba4ff141eb4ff437835cf29c8
	at sun.reflect.NativeConstructorAccessorImpl.newInstance0(Native Method)
	at sun.reflect.NativeConstructorAccessorImpl.newInstance(NativeConstructorAccessorImpl.java:62)
	at sun.reflect.DelegatingConstructorAccessorImpl.newInstance(DelegatingConstructorAccessorImpl.java:45)
	at java.lang.reflect.Constructor.newInstance(Constructor.java:423)
	at org.openqa.selenium.remote.ErrorHandler.createThrowable(ErrorHandler.java:214)
	at org.openqa.selenium.remote.ErrorHandler.throwIfResponseFailed(ErrorHandler.java:172)
	at org.openqa.selenium.remote.http.JsonHttpResponseCodec.reconstructValue(JsonHttpResponseCodec.java:40)
	at org.openqa.selenium.remote.http.AbstractHttpResponseCodec.decode(AbstractHttpResponseCodec.java:80)
	at org.openqa.selenium.remote.http.AbstractHttpResponseCodec.decode(AbstractHttpResponseCodec.java:44)
	at org.openqa.selenium.remote.HttpCommandExecutor.execute(HttpCommandExecutor.java:158)
	at org.openqa.selenium.remote.service.DriverCommandExecutor.execute(DriverCommandExecutor.java:83)
	at org.openqa.selenium.remote.RemoteWebDriver.execute(RemoteWebDriver.java:548)
	at org.openqa.selenium.remote.RemoteWebDriver.execute(RemoteWebDriver.java:605)
	at org.openqa.selenium.remote.RemoteWebDriver.getScreenshotAs(RemoteWebDriver.java:294)
	at com.LegacyApplication.TestBase.TestBase.capture_screen(TestBase.java:362)
	at com.LegacyApplication.TestBase.TestBase.get_result(TestBase.java:411)
	at com.LegacyApplication.TestBase.TestBase.afterMethod(TestBase.java:447)
	at sun.reflect.NativeMethodAccessorImpl.invoke0(Native Method)
	at sun.reflect.NativeMethodAccessorImpl.invoke(NativeMethodAccessorImpl.java:62)
	at sun.reflect.DelegatingMethodAccessorImpl.invoke(DelegatingMethodAccessorImpl.java:43)
	at java.lang.reflect.Method.invoke(Method.java:498)
	at org.testng.internal.MethodInvocationHelper.invokeMethod(MethodInvocationHelper.java:124)
	at org.testng.internal.MethodInvocationHelper.invokeMethodConsideringTimeout(MethodInvocationHelper.java:59)
	at org.testng.internal.Invoker.invokeConfigurationMethod(Invoker.java:455)
	at org.testng.internal.Invoker.invokeConfigurations(Invoker.java:222)
	at org.testng.internal.Invoker.invokeMethod(Invoker.java:643)
	at org.testng.internal.Invoker.invokeTestMethod(Invoker.java:716)
	at org.testng.internal.Invoker.invokeTestMethods(Invoker.java:988)
	at org.testng.internal.TestMethodWorker.invokeTestMethods(TestMethodWorker.java:125)
	at org.testng.internal.TestMethodWorker.run(TestMethodWorker.java:109)
	at org.testng.TestRunner.privateRun(TestRunner.java:648)
	at org.testng.TestRunner.run(TestRunner.java:505)
	at org.testng.SuiteRunner.runTest(SuiteRunner.java:455)
	at org.testng.SuiteRunner.runSequentially(SuiteRunner.java:450)
	at org.testng.SuiteRunner.privateRun(SuiteRunner.java:415)
	at org.testng.SuiteRunner.run(SuiteRunner.java:364)
	at org.testng.SuiteRunnerWorker.runSuite(SuiteRunnerWorker.java:52)
	at org.testng.SuiteRunnerWorker.run(SuiteRunnerWorker.java:84)
	at org.testng.TestNG.runSuitesSequentially(TestNG.java:1208)
	at org.testng.TestNG.runSuitesLocally(TestNG.java:1137)
	at org.testng.TestNG.runSuites(TestNG.java:1049)
	at org.testng.TestNG.run(TestNG.java:1017)
	at org.testng.remote.AbstractRemoteTestNG.run(AbstractRemoteTestNG.java:114)
	at org.testng.remote.RemoteTestNG.initAndRun(RemoteTestNG.java:251)
	at org.testng.remote.RemoteTestNG.main(RemoteTestNG.java:77)
</pre></div></td>
<td>0</td>
<td>com.LegacyApplication.ProductionTickets.TC061_RegisterProducer_VerifyAffliationChanges@69b2283a</td></tr>
<tr>
<td title='com.LegacyApplication.ProductionTickets.TC062_VerifyBindingDocPaymentOption.verify_bindingDoc_paymentOption()'><b>verify_bindingDoc_paymentOption</b><br>Test class: com.LegacyApplication.ProductionTickets.TC062_VerifyBindingDocPaymentOption</td>
<td><div><pre>org.openqa.selenium.UnhandledAlertException: unexpected alert open: {Alert text : Failed to retreive program states}
  (Session info: chrome=70.0.3538.102)
  (Driver info: chromedriver=2.42.591088 (7b2b2dca23cca0862f674758c9a3933e685c27d5),platform=Windows NT 10.0.14393 x86_64) (WARNING: The server did not provide any stacktrace information)
Command duration or timeout: 0 milliseconds: null
Build info: version: &apos;3.14.0&apos;, revision: &apos;aacccce0&apos;, time: &apos;2018-08-02T20:19:58.91Z&apos;
System info: host: &apos;ROC-RDEVWS07&apos;, ip: &apos;10.31.42.222&apos;, os.name: &apos;Windows 10&apos;, os.arch: &apos;amd64&apos;, os.version: &apos;10.0&apos;, java.version: &apos;1.8.0_144&apos;
Driver info: org.openqa.selenium.chrome.ChromeDriver
Capabilities {acceptInsecureCerts: false, acceptSslCerts: false, applicationCacheEnabled: false, browserConnectionEnabled: false, browserName: chrome, chrome: {chromedriverVersion: 2.42.591088 (7b2b2dca23cca0..., userDataDir: C:\Users\abelman\AppData\Lo...}, cssSelectorsEnabled: true, databaseEnabled: false, goog:chromeOptions: {debuggerAddress: localhost:15682}, handlesAlerts: true, hasTouchScreen: false, javascriptEnabled: true, locationContextEnabled: true, mobileEmulationEnabled: false, nativeEvents: true, networkConnectionEnabled: false, pageLoadStrategy: normal, platform: XP, platformName: XP, rotatable: false, setWindowRect: true, takesHeapSnapshot: true, takesScreenshot: true, unexpectedAlertBehaviour: accept, unhandledPromptBehavior: accept, version: 70.0.3538.102, webStorageEnabled: true}
Session ID: 6874a2cba4ff141eb4ff437835cf29c8
	at org.openqa.selenium.remote.ErrorHandler.createThrowable(ErrorHandler.java:214)
	at org.openqa.selenium.remote.ErrorHandler.throwIfResponseFailed(ErrorHandler.java:172)
	at org.openqa.selenium.remote.http.JsonHttpResponseCodec.reconstructValue(JsonHttpResponseCodec.java:40)
	at org.openqa.selenium.remote.http.AbstractHttpResponseCodec.decode(AbstractHttpResponseCodec.java:80)
	at org.openqa.selenium.remote.http.AbstractHttpResponseCodec.decode(AbstractHttpResponseCodec.java:44)
	at org.openqa.selenium.remote.HttpCommandExecutor.execute(HttpCommandExecutor.java:158)
	at org.openqa.selenium.remote.service.DriverCommandExecutor.execute(DriverCommandExecutor.java:83)
	at org.openqa.selenium.remote.RemoteWebDriver.execute(RemoteWebDriver.java:548)
	at org.openqa.selenium.remote.RemoteWebDriver.execute(RemoteWebDriver.java:605)
	at org.openqa.selenium.remote.RemoteWebDriver.getScreenshotAs(RemoteWebDriver.java:294)
	at com.LegacyApplication.TestBase.TestBase.capture_screen(TestBase.java:362)
	at com.LegacyApplication.TestBase.TestBase.get_result(TestBase.java:411)
	at com.LegacyApplication.TestBase.TestBase.afterMethod(TestBase.java:447)
... Removed 32 stack frames</pre></div><a href='#' onClick='toggleBox("stack-trace1157136713", this, "Click to show all stack frames", "Click to hide stack frames")'>Click to show all stack frames</a>
<div class='stack-trace' id='stack-trace1157136713'><pre>org.openqa.selenium.UnhandledAlertException: unexpected alert open: {Alert text : Failed to retreive program states}
  (Session info: chrome=70.0.3538.102)
  (Driver info: chromedriver=2.42.591088 (7b2b2dca23cca0862f674758c9a3933e685c27d5),platform=Windows NT 10.0.14393 x86_64) (WARNING: The server did not provide any stacktrace information)
Command duration or timeout: 0 milliseconds: null
Build info: version: &apos;3.14.0&apos;, revision: &apos;aacccce0&apos;, time: &apos;2018-08-02T20:19:58.91Z&apos;
System info: host: &apos;ROC-RDEVWS07&apos;, ip: &apos;10.31.42.222&apos;, os.name: &apos;Windows 10&apos;, os.arch: &apos;amd64&apos;, os.version: &apos;10.0&apos;, java.version: &apos;1.8.0_144&apos;
Driver info: org.openqa.selenium.chrome.ChromeDriver
Capabilities {acceptInsecureCerts: false, acceptSslCerts: false, applicationCacheEnabled: false, browserConnectionEnabled: false, browserName: chrome, chrome: {chromedriverVersion: 2.42.591088 (7b2b2dca23cca0..., userDataDir: C:\Users\abelman\AppData\Lo...}, cssSelectorsEnabled: true, databaseEnabled: false, goog:chromeOptions: {debuggerAddress: localhost:15682}, handlesAlerts: true, hasTouchScreen: false, javascriptEnabled: true, locationContextEnabled: true, mobileEmulationEnabled: false, nativeEvents: true, networkConnectionEnabled: false, pageLoadStrategy: normal, platform: XP, platformName: XP, rotatable: false, setWindowRect: true, takesHeapSnapshot: true, takesScreenshot: true, unexpectedAlertBehaviour: accept, unhandledPromptBehavior: accept, version: 70.0.3538.102, webStorageEnabled: true}
Session ID: 6874a2cba4ff141eb4ff437835cf29c8
	at sun.reflect.NativeConstructorAccessorImpl.newInstance0(Native Method)
	at sun.reflect.NativeConstructorAccessorImpl.newInstance(NativeConstructorAccessorImpl.java:62)
	at sun.reflect.DelegatingConstructorAccessorImpl.newInstance(DelegatingConstructorAccessorImpl.java:45)
	at java.lang.reflect.Constructor.newInstance(Constructor.java:423)
	at org.openqa.selenium.remote.ErrorHandler.createThrowable(ErrorHandler.java:214)
	at org.openqa.selenium.remote.ErrorHandler.throwIfResponseFailed(ErrorHandler.java:172)
	at org.openqa.selenium.remote.http.JsonHttpResponseCodec.reconstructValue(JsonHttpResponseCodec.java:40)
	at org.openqa.selenium.remote.http.AbstractHttpResponseCodec.decode(AbstractHttpResponseCodec.java:80)
	at org.openqa.selenium.remote.http.AbstractHttpResponseCodec.decode(AbstractHttpResponseCodec.java:44)
	at org.openqa.selenium.remote.HttpCommandExecutor.execute(HttpCommandExecutor.java:158)
	at org.openqa.selenium.remote.service.DriverCommandExecutor.execute(DriverCommandExecutor.java:83)
	at org.openqa.selenium.remote.RemoteWebDriver.execute(RemoteWebDriver.java:548)
	at org.openqa.selenium.remote.RemoteWebDriver.execute(RemoteWebDriver.java:605)
	at org.openqa.selenium.remote.RemoteWebDriver.getScreenshotAs(RemoteWebDriver.java:294)
	at com.LegacyApplication.TestBase.TestBase.capture_screen(TestBase.java:362)
	at com.LegacyApplication.TestBase.TestBase.get_result(TestBase.java:411)
	at com.LegacyApplication.TestBase.TestBase.afterMethod(TestBase.java:447)
	at sun.reflect.NativeMethodAccessorImpl.invoke0(Native Method)
	at sun.reflect.NativeMethodAccessorImpl.invoke(NativeMethodAccessorImpl.java:62)
	at sun.reflect.DelegatingMethodAccessorImpl.invoke(DelegatingMethodAccessorImpl.java:43)
	at java.lang.reflect.Method.invoke(Method.java:498)
	at org.testng.internal.MethodInvocationHelper.invokeMethod(MethodInvocationHelper.java:124)
	at org.testng.internal.MethodInvocationHelper.invokeMethodConsideringTimeout(MethodInvocationHelper.java:59)
	at org.testng.internal.Invoker.invokeConfigurationMethod(Invoker.java:455)
	at org.testng.internal.Invoker.invokeConfigurations(Invoker.java:222)
	at org.testng.internal.Invoker.invokeMethod(Invoker.java:643)
	at org.testng.internal.Invoker.invokeTestMethod(Invoker.java:716)
	at org.testng.internal.Invoker.invokeTestMethods(Invoker.java:988)
	at org.testng.internal.TestMethodWorker.invokeTestMethods(TestMethodWorker.java:125)
	at org.testng.internal.TestMethodWorker.run(TestMethodWorker.java:109)
	at org.testng.TestRunner.privateRun(TestRunner.java:648)
	at org.testng.TestRunner.run(TestRunner.java:505)
	at org.testng.SuiteRunner.runTest(SuiteRunner.java:455)
	at org.testng.SuiteRunner.runSequentially(SuiteRunner.java:450)
	at org.testng.SuiteRunner.privateRun(SuiteRunner.java:415)
	at org.testng.SuiteRunner.run(SuiteRunner.java:364)
	at org.testng.SuiteRunnerWorker.runSuite(SuiteRunnerWorker.java:52)
	at org.testng.SuiteRunnerWorker.run(SuiteRunnerWorker.java:84)
	at org.testng.TestNG.runSuitesSequentially(TestNG.java:1208)
	at org.testng.TestNG.runSuitesLocally(TestNG.java:1137)
	at org.testng.TestNG.runSuites(TestNG.java:1049)
	at org.testng.TestNG.run(TestNG.java:1017)
	at org.testng.remote.AbstractRemoteTestNG.run(AbstractRemoteTestNG.java:114)
	at org.testng.remote.RemoteTestNG.initAndRun(RemoteTestNG.java:251)
	at org.testng.remote.RemoteTestNG.main(RemoteTestNG.java:77)
</pre></div></td>
<td>0</td>
<td>com.LegacyApplication.ProductionTickets.TC062_VerifyBindingDocPaymentOption@22a637e7</td></tr>
<tr>
<td title='com.LegacyApplication.ProductionTickets.TC030_VerifyFraudWarninginQNIApplication.verify_fraud_warning_in_QNI()'><b>verify_fraud_warning_in_QNI</b><br>Test class: com.LegacyApplication.ProductionTickets.TC030_VerifyFraudWarninginQNIApplication</td>
<td><div><pre>org.openqa.selenium.UnhandledAlertException: unexpected alert open: {Alert text : Failed to retreive submissions}
  (Session info: chrome=70.0.3538.102)
  (Driver info: chromedriver=2.42.591088 (7b2b2dca23cca0862f674758c9a3933e685c27d5),platform=Windows NT 10.0.14393 x86_64) (WARNING: The server did not provide any stacktrace information)
Command duration or timeout: 0 milliseconds: null
Build info: version: &apos;3.14.0&apos;, revision: &apos;aacccce0&apos;, time: &apos;2018-08-02T20:19:58.91Z&apos;
System info: host: &apos;ROC-RDEVWS07&apos;, ip: &apos;10.31.42.222&apos;, os.name: &apos;Windows 10&apos;, os.arch: &apos;amd64&apos;, os.version: &apos;10.0&apos;, java.version: &apos;1.8.0_144&apos;
Driver info: org.openqa.selenium.chrome.ChromeDriver
Capabilities {acceptInsecureCerts: false, acceptSslCerts: false, applicationCacheEnabled: false, browserConnectionEnabled: false, browserName: chrome, chrome: {chromedriverVersion: 2.42.591088 (7b2b2dca23cca0..., userDataDir: C:\Users\abelman\AppData\Lo...}, cssSelectorsEnabled: true, databaseEnabled: false, goog:chromeOptions: {debuggerAddress: localhost:15682}, handlesAlerts: true, hasTouchScreen: false, javascriptEnabled: true, locationContextEnabled: true, mobileEmulationEnabled: false, nativeEvents: true, networkConnectionEnabled: false, pageLoadStrategy: normal, platform: XP, platformName: XP, rotatable: false, setWindowRect: true, takesHeapSnapshot: true, takesScreenshot: true, unexpectedAlertBehaviour: accept, unhandledPromptBehavior: accept, version: 70.0.3538.102, webStorageEnabled: true}
Session ID: 6874a2cba4ff141eb4ff437835cf29c8
	at org.openqa.selenium.remote.ErrorHandler.createThrowable(ErrorHandler.java:214)
	at org.openqa.selenium.remote.ErrorHandler.throwIfResponseFailed(ErrorHandler.java:172)
	at org.openqa.selenium.remote.http.JsonHttpResponseCodec.reconstructValue(JsonHttpResponseCodec.java:40)
	at org.openqa.selenium.remote.http.AbstractHttpResponseCodec.decode(AbstractHttpResponseCodec.java:80)
	at org.openqa.selenium.remote.http.AbstractHttpResponseCodec.decode(AbstractHttpResponseCodec.java:44)
	at org.openqa.selenium.remote.HttpCommandExecutor.execute(HttpCommandExecutor.java:158)
	at org.openqa.selenium.remote.service.DriverCommandExecutor.execute(DriverCommandExecutor.java:83)
	at org.openqa.selenium.remote.RemoteWebDriver.execute(RemoteWebDriver.java:548)
	at org.openqa.selenium.remote.RemoteWebDriver.executeScript(RemoteWebDriver.java:485)
	at com.LegacyApplication.Utilities.GenericMethods.navigate_to_url(GenericMethods.java:323)
	at com.LegacyApplication.ProductionTickets.TC030_VerifyFraudWarninginQNIApplication.verify_fraud_warning_in_QNI(TC030_VerifyFraudWarninginQNIApplication.java:40)
... Removed 29 stack frames</pre></div><a href='#' onClick='toggleBox("stack-trace1091633125", this, "Click to show all stack frames", "Click to hide stack frames")'>Click to show all stack frames</a>
<div class='stack-trace' id='stack-trace1091633125'><pre>org.openqa.selenium.UnhandledAlertException: unexpected alert open: {Alert text : Failed to retreive submissions}
  (Session info: chrome=70.0.3538.102)
  (Driver info: chromedriver=2.42.591088 (7b2b2dca23cca0862f674758c9a3933e685c27d5),platform=Windows NT 10.0.14393 x86_64) (WARNING: The server did not provide any stacktrace information)
Command duration or timeout: 0 milliseconds: null
Build info: version: &apos;3.14.0&apos;, revision: &apos;aacccce0&apos;, time: &apos;2018-08-02T20:19:58.91Z&apos;
System info: host: &apos;ROC-RDEVWS07&apos;, ip: &apos;10.31.42.222&apos;, os.name: &apos;Windows 10&apos;, os.arch: &apos;amd64&apos;, os.version: &apos;10.0&apos;, java.version: &apos;1.8.0_144&apos;
Driver info: org.openqa.selenium.chrome.ChromeDriver
Capabilities {acceptInsecureCerts: false, acceptSslCerts: false, applicationCacheEnabled: false, browserConnectionEnabled: false, browserName: chrome, chrome: {chromedriverVersion: 2.42.591088 (7b2b2dca23cca0..., userDataDir: C:\Users\abelman\AppData\Lo...}, cssSelectorsEnabled: true, databaseEnabled: false, goog:chromeOptions: {debuggerAddress: localhost:15682}, handlesAlerts: true, hasTouchScreen: false, javascriptEnabled: true, locationContextEnabled: true, mobileEmulationEnabled: false, nativeEvents: true, networkConnectionEnabled: false, pageLoadStrategy: normal, platform: XP, platformName: XP, rotatable: false, setWindowRect: true, takesHeapSnapshot: true, takesScreenshot: true, unexpectedAlertBehaviour: accept, unhandledPromptBehavior: accept, version: 70.0.3538.102, webStorageEnabled: true}
Session ID: 6874a2cba4ff141eb4ff437835cf29c8
	at sun.reflect.NativeConstructorAccessorImpl.newInstance0(Native Method)
	at sun.reflect.NativeConstructorAccessorImpl.newInstance(NativeConstructorAccessorImpl.java:62)
	at sun.reflect.DelegatingConstructorAccessorImpl.newInstance(DelegatingConstructorAccessorImpl.java:45)
	at java.lang.reflect.Constructor.newInstance(Constructor.java:423)
	at org.openqa.selenium.remote.ErrorHandler.createThrowable(ErrorHandler.java:214)
	at org.openqa.selenium.remote.ErrorHandler.throwIfResponseFailed(ErrorHandler.java:172)
	at org.openqa.selenium.remote.http.JsonHttpResponseCodec.reconstructValue(JsonHttpResponseCodec.java:40)
	at org.openqa.selenium.remote.http.AbstractHttpResponseCodec.decode(AbstractHttpResponseCodec.java:80)
	at org.openqa.selenium.remote.http.AbstractHttpResponseCodec.decode(AbstractHttpResponseCodec.java:44)
	at org.openqa.selenium.remote.HttpCommandExecutor.execute(HttpCommandExecutor.java:158)
	at org.openqa.selenium.remote.service.DriverCommandExecutor.execute(DriverCommandExecutor.java:83)
	at org.openqa.selenium.remote.RemoteWebDriver.execute(RemoteWebDriver.java:548)
	at org.openqa.selenium.remote.RemoteWebDriver.executeScript(RemoteWebDriver.java:485)
	at com.LegacyApplication.Utilities.GenericMethods.navigate_to_url(GenericMethods.java:323)
	at com.LegacyApplication.ProductionTickets.TC030_VerifyFraudWarninginQNIApplication.verify_fraud_warning_in_QNI(TC030_VerifyFraudWarninginQNIApplication.java:40)
	at sun.reflect.NativeMethodAccessorImpl.invoke0(Native Method)
	at sun.reflect.NativeMethodAccessorImpl.invoke(NativeMethodAccessorImpl.java:62)
	at sun.reflect.DelegatingMethodAccessorImpl.invoke(DelegatingMethodAccessorImpl.java:43)
	at java.lang.reflect.Method.invoke(Method.java:498)
	at org.testng.internal.MethodInvocationHelper.invokeMethod(MethodInvocationHelper.java:124)
	at org.testng.internal.Invoker.invokeMethod(Invoker.java:580)
	at org.testng.internal.Invoker.invokeTestMethod(Invoker.java:716)
	at org.testng.internal.Invoker.invokeTestMethods(Invoker.java:988)
	at org.testng.internal.TestMethodWorker.invokeTestMethods(TestMethodWorker.java:125)
	at org.testng.internal.TestMethodWorker.run(TestMethodWorker.java:109)
	at org.testng.TestRunner.privateRun(TestRunner.java:648)
	at org.testng.TestRunner.run(TestRunner.java:505)
	at org.testng.SuiteRunner.runTest(SuiteRunner.java:455)
	at org.testng.SuiteRunner.runSequentially(SuiteRunner.java:450)
	at org.testng.SuiteRunner.privateRun(SuiteRunner.java:415)
	at org.testng.SuiteRunner.run(SuiteRunner.java:364)
	at org.testng.SuiteRunnerWorker.runSuite(SuiteRunnerWorker.java:52)
	at org.testng.SuiteRunnerWorker.run(SuiteRunnerWorker.java:84)
	at org.testng.TestNG.runSuitesSequentially(TestNG.java:1208)
	at org.testng.TestNG.runSuitesLocally(TestNG.java:1137)
	at org.testng.TestNG.runSuites(TestNG.java:1049)
	at org.testng.TestNG.run(TestNG.java:1017)
	at org.testng.remote.AbstractRemoteTestNG.run(AbstractRemoteTestNG.java:114)
	at org.testng.remote.RemoteTestNG.initAndRun(RemoteTestNG.java:251)
	at org.testng.remote.RemoteTestNG.main(RemoteTestNG.java:77)
</pre></div></td>
<td>54</td>
<td>com.LegacyApplication.ProductionTickets.TC030_VerifyFraudWarninginQNIApplication@6af93788</td></tr>
<tr>
<td title='com.LegacyApplication.ProductionTickets.TC030_VerifyFraudWarninginQNIApplication.verify_fraud_warning_in_QNI()'><b>verify_fraud_warning_in_QNI</b><br>Test class: com.LegacyApplication.ProductionTickets.TC030_VerifyFraudWarninginQNIApplication</td>
<td><div><pre>org.openqa.selenium.UnhandledAlertException: unexpected alert open: {Alert text : Failed to retreive program states}
  (Session info: chrome=70.0.3538.102)
  (Driver info: chromedriver=2.42.591088 (7b2b2dca23cca0862f674758c9a3933e685c27d5),platform=Windows NT 10.0.14393 x86_64) (WARNING: The server did not provide any stacktrace information)
Command duration or timeout: 0 milliseconds: null
Build info: version: &apos;3.14.0&apos;, revision: &apos;aacccce0&apos;, time: &apos;2018-08-02T20:19:58.91Z&apos;
System info: host: &apos;ROC-RDEVWS07&apos;, ip: &apos;10.31.42.222&apos;, os.name: &apos;Windows 10&apos;, os.arch: &apos;amd64&apos;, os.version: &apos;10.0&apos;, java.version: &apos;1.8.0_144&apos;
Driver info: org.openqa.selenium.chrome.ChromeDriver
Capabilities {acceptInsecureCerts: false, acceptSslCerts: false, applicationCacheEnabled: false, browserConnectionEnabled: false, browserName: chrome, chrome: {chromedriverVersion: 2.42.591088 (7b2b2dca23cca0..., userDataDir: C:\Users\abelman\AppData\Lo...}, cssSelectorsEnabled: true, databaseEnabled: false, goog:chromeOptions: {debuggerAddress: localhost:15682}, handlesAlerts: true, hasTouchScreen: false, javascriptEnabled: true, locationContextEnabled: true, mobileEmulationEnabled: false, nativeEvents: true, networkConnectionEnabled: false, pageLoadStrategy: normal, platform: XP, platformName: XP, rotatable: false, setWindowRect: true, takesHeapSnapshot: true, takesScreenshot: true, unexpectedAlertBehaviour: accept, unhandledPromptBehavior: accept, version: 70.0.3538.102, webStorageEnabled: true}
Session ID: 6874a2cba4ff141eb4ff437835cf29c8
	at org.openqa.selenium.remote.ErrorHandler.createThrowable(ErrorHandler.java:214)
	at org.openqa.selenium.remote.ErrorHandler.throwIfResponseFailed(ErrorHandler.java:172)
	at org.openqa.selenium.remote.http.JsonHttpResponseCodec.reconstructValue(JsonHttpResponseCodec.java:40)
	at org.openqa.selenium.remote.http.AbstractHttpResponseCodec.decode(AbstractHttpResponseCodec.java:80)
	at org.openqa.selenium.remote.http.AbstractHttpResponseCodec.decode(AbstractHttpResponseCodec.java:44)
	at org.openqa.selenium.remote.HttpCommandExecutor.execute(HttpCommandExecutor.java:158)
	at org.openqa.selenium.remote.service.DriverCommandExecutor.execute(DriverCommandExecutor.java:83)
	at org.openqa.selenium.remote.RemoteWebDriver.execute(RemoteWebDriver.java:548)
	at org.openqa.selenium.remote.RemoteWebDriver.execute(RemoteWebDriver.java:605)
	at org.openqa.selenium.remote.RemoteWebDriver.getScreenshotAs(RemoteWebDriver.java:294)
	at com.LegacyApplication.TestBase.TestBase.capture_screen(TestBase.java:362)
	at com.LegacyApplication.TestBase.TestBase.get_result(TestBase.java:411)
	at com.LegacyApplication.TestBase.TestBase.afterMethod(TestBase.java:447)
... Removed 32 stack frames</pre></div><a href='#' onClick='toggleBox("stack-trace445013695", this, "Click to show all stack frames", "Click to hide stack frames")'>Click to show all stack frames</a>
<div class='stack-trace' id='stack-trace445013695'><pre>org.openqa.selenium.UnhandledAlertException: unexpected alert open: {Alert text : Failed to retreive program states}
  (Session info: chrome=70.0.3538.102)
  (Driver info: chromedriver=2.42.591088 (7b2b2dca23cca0862f674758c9a3933e685c27d5),platform=Windows NT 10.0.14393 x86_64) (WARNING: The server did not provide any stacktrace information)
Command duration or timeout: 0 milliseconds: null
Build info: version: &apos;3.14.0&apos;, revision: &apos;aacccce0&apos;, time: &apos;2018-08-02T20:19:58.91Z&apos;
System info: host: &apos;ROC-RDEVWS07&apos;, ip: &apos;10.31.42.222&apos;, os.name: &apos;Windows 10&apos;, os.arch: &apos;amd64&apos;, os.version: &apos;10.0&apos;, java.version: &apos;1.8.0_144&apos;
Driver info: org.openqa.selenium.chrome.ChromeDriver
Capabilities {acceptInsecureCerts: false, acceptSslCerts: false, applicationCacheEnabled: false, browserConnectionEnabled: false, browserName: chrome, chrome: {chromedriverVersion: 2.42.591088 (7b2b2dca23cca0..., userDataDir: C:\Users\abelman\AppData\Lo...}, cssSelectorsEnabled: true, databaseEnabled: false, goog:chromeOptions: {debuggerAddress: localhost:15682}, handlesAlerts: true, hasTouchScreen: false, javascriptEnabled: true, locationContextEnabled: true, mobileEmulationEnabled: false, nativeEvents: true, networkConnectionEnabled: false, pageLoadStrategy: normal, platform: XP, platformName: XP, rotatable: false, setWindowRect: true, takesHeapSnapshot: true, takesScreenshot: true, unexpectedAlertBehaviour: accept, unhandledPromptBehavior: accept, version: 70.0.3538.102, webStorageEnabled: true}
Session ID: 6874a2cba4ff141eb4ff437835cf29c8
	at sun.reflect.NativeConstructorAccessorImpl.newInstance0(Native Method)
	at sun.reflect.NativeConstructorAccessorImpl.newInstance(NativeConstructorAccessorImpl.java:62)
	at sun.reflect.DelegatingConstructorAccessorImpl.newInstance(DelegatingConstructorAccessorImpl.java:45)
	at java.lang.reflect.Constructor.newInstance(Constructor.java:423)
	at org.openqa.selenium.remote.ErrorHandler.createThrowable(ErrorHandler.java:214)
	at org.openqa.selenium.remote.ErrorHandler.throwIfResponseFailed(ErrorHandler.java:172)
	at org.openqa.selenium.remote.http.JsonHttpResponseCodec.reconstructValue(JsonHttpResponseCodec.java:40)
	at org.openqa.selenium.remote.http.AbstractHttpResponseCodec.decode(AbstractHttpResponseCodec.java:80)
	at org.openqa.selenium.remote.http.AbstractHttpResponseCodec.decode(AbstractHttpResponseCodec.java:44)
	at org.openqa.selenium.remote.HttpCommandExecutor.execute(HttpCommandExecutor.java:158)
	at org.openqa.selenium.remote.service.DriverCommandExecutor.execute(DriverCommandExecutor.java:83)
	at org.openqa.selenium.remote.RemoteWebDriver.execute(RemoteWebDriver.java:548)
	at org.openqa.selenium.remote.RemoteWebDriver.execute(RemoteWebDriver.java:605)
	at org.openqa.selenium.remote.RemoteWebDriver.getScreenshotAs(RemoteWebDriver.java:294)
	at com.LegacyApplication.TestBase.TestBase.capture_screen(TestBase.java:362)
	at com.LegacyApplication.TestBase.TestBase.get_result(TestBase.java:411)
	at com.LegacyApplication.TestBase.TestBase.afterMethod(TestBase.java:447)
	at sun.reflect.NativeMethodAccessorImpl.invoke0(Native Method)
	at sun.reflect.NativeMethodAccessorImpl.invoke(NativeMethodAccessorImpl.java:62)
	at sun.reflect.DelegatingMethodAccessorImpl.invoke(DelegatingMethodAccessorImpl.java:43)
	at java.lang.reflect.Method.invoke(Method.java:498)
	at org.testng.internal.MethodInvocationHelper.invokeMethod(MethodInvocationHelper.java:124)
	at org.testng.internal.MethodInvocationHelper.invokeMethodConsideringTimeout(MethodInvocationHelper.java:59)
	at org.testng.internal.Invoker.invokeConfigurationMethod(Invoker.java:455)
	at org.testng.internal.Invoker.invokeConfigurations(Invoker.java:222)
	at org.testng.internal.Invoker.invokeMethod(Invoker.java:643)
	at org.testng.internal.Invoker.invokeTestMethod(Invoker.java:716)
	at org.testng.internal.Invoker.invokeTestMethods(Invoker.java:988)
	at org.testng.internal.TestMethodWorker.invokeTestMethods(TestMethodWorker.java:125)
	at org.testng.internal.TestMethodWorker.run(TestMethodWorker.java:109)
	at org.testng.TestRunner.privateRun(TestRunner.java:648)
	at org.testng.TestRunner.run(TestRunner.java:505)
	at org.testng.SuiteRunner.runTest(SuiteRunner.java:455)
	at org.testng.SuiteRunner.runSequentially(SuiteRunner.java:450)
	at org.testng.SuiteRunner.privateRun(SuiteRunner.java:415)
	at org.testng.SuiteRunner.run(SuiteRunner.java:364)
	at org.testng.SuiteRunnerWorker.runSuite(SuiteRunnerWorker.java:52)
	at org.testng.SuiteRunnerWorker.run(SuiteRunnerWorker.java:84)
	at org.testng.TestNG.runSuitesSequentially(TestNG.java:1208)
	at org.testng.TestNG.runSuitesLocally(TestNG.java:1137)
	at org.testng.TestNG.runSuites(TestNG.java:1049)
	at org.testng.TestNG.run(TestNG.java:1017)
	at org.testng.remote.AbstractRemoteTestNG.run(AbstractRemoteTestNG.java:114)
	at org.testng.remote.RemoteTestNG.initAndRun(RemoteTestNG.java:251)
	at org.testng.remote.RemoteTestNG.main(RemoteTestNG.java:77)
</pre></div></td>
<td>0</td>
<td>com.LegacyApplication.ProductionTickets.TC030_VerifyFraudWarninginQNIApplication@6af93788</td></tr>
<tr>
<td title='com.LegacyApplication.ProductionTickets.TC058_QCAhidePriceIndicatorTab.verify_priceIndicator_tab()'><b>verify_priceIndicator_tab</b><br>Test class: com.LegacyApplication.ProductionTickets.TC058_QCAhidePriceIndicatorTab</td>
<td><div><pre>org.openqa.selenium.UnhandledAlertException: unexpected alert open: {Alert text : Failed to retreive program states}
  (Session info: chrome=70.0.3538.102)
  (Driver info: chromedriver=2.42.591088 (7b2b2dca23cca0862f674758c9a3933e685c27d5),platform=Windows NT 10.0.14393 x86_64) (WARNING: The server did not provide any stacktrace information)
Command duration or timeout: 0 milliseconds: null
Build info: version: &apos;3.14.0&apos;, revision: &apos;aacccce0&apos;, time: &apos;2018-08-02T20:19:58.91Z&apos;
System info: host: &apos;ROC-RDEVWS07&apos;, ip: &apos;10.31.42.222&apos;, os.name: &apos;Windows 10&apos;, os.arch: &apos;amd64&apos;, os.version: &apos;10.0&apos;, java.version: &apos;1.8.0_144&apos;
Driver info: org.openqa.selenium.chrome.ChromeDriver
Capabilities {acceptInsecureCerts: false, acceptSslCerts: false, applicationCacheEnabled: false, browserConnectionEnabled: false, browserName: chrome, chrome: {chromedriverVersion: 2.42.591088 (7b2b2dca23cca0..., userDataDir: C:\Users\abelman\AppData\Lo...}, cssSelectorsEnabled: true, databaseEnabled: false, goog:chromeOptions: {debuggerAddress: localhost:15682}, handlesAlerts: true, hasTouchScreen: false, javascriptEnabled: true, locationContextEnabled: true, mobileEmulationEnabled: false, nativeEvents: true, networkConnectionEnabled: false, pageLoadStrategy: normal, platform: XP, platformName: XP, rotatable: false, setWindowRect: true, takesHeapSnapshot: true, takesScreenshot: true, unexpectedAlertBehaviour: accept, unhandledPromptBehavior: accept, version: 70.0.3538.102, webStorageEnabled: true}
Session ID: 6874a2cba4ff141eb4ff437835cf29c8
	at org.openqa.selenium.remote.ErrorHandler.createThrowable(ErrorHandler.java:214)
	at org.openqa.selenium.remote.ErrorHandler.throwIfResponseFailed(ErrorHandler.java:172)
	at org.openqa.selenium.remote.http.JsonHttpResponseCodec.reconstructValue(JsonHttpResponseCodec.java:40)
	at org.openqa.selenium.remote.http.AbstractHttpResponseCodec.decode(AbstractHttpResponseCodec.java:80)
	at org.openqa.selenium.remote.http.AbstractHttpResponseCodec.decode(AbstractHttpResponseCodec.java:44)
	at org.openqa.selenium.remote.HttpCommandExecutor.execute(HttpCommandExecutor.java:158)
	at org.openqa.selenium.remote.service.DriverCommandExecutor.execute(DriverCommandExecutor.java:83)
	at org.openqa.selenium.remote.RemoteWebDriver.execute(RemoteWebDriver.java:548)
	at org.openqa.selenium.remote.RemoteWebDriver.execute(RemoteWebDriver.java:605)
	at org.openqa.selenium.remote.RemoteWebDriver.getScreenshotAs(RemoteWebDriver.java:294)
	at com.LegacyApplication.TestBase.TestBase.capture_screen(TestBase.java:362)
	at com.LegacyApplication.TestBase.TestBase.get_result(TestBase.java:411)
	at com.LegacyApplication.TestBase.TestBase.afterMethod(TestBase.java:447)
... Removed 32 stack frames</pre></div><a href='#' onClick='toggleBox("stack-trace1385099824", this, "Click to show all stack frames", "Click to hide stack frames")'>Click to show all stack frames</a>
<div class='stack-trace' id='stack-trace1385099824'><pre>org.openqa.selenium.UnhandledAlertException: unexpected alert open: {Alert text : Failed to retreive program states}
  (Session info: chrome=70.0.3538.102)
  (Driver info: chromedriver=2.42.591088 (7b2b2dca23cca0862f674758c9a3933e685c27d5),platform=Windows NT 10.0.14393 x86_64) (WARNING: The server did not provide any stacktrace information)
Command duration or timeout: 0 milliseconds: null
Build info: version: &apos;3.14.0&apos;, revision: &apos;aacccce0&apos;, time: &apos;2018-08-02T20:19:58.91Z&apos;
System info: host: &apos;ROC-RDEVWS07&apos;, ip: &apos;10.31.42.222&apos;, os.name: &apos;Windows 10&apos;, os.arch: &apos;amd64&apos;, os.version: &apos;10.0&apos;, java.version: &apos;1.8.0_144&apos;
Driver info: org.openqa.selenium.chrome.ChromeDriver
Capabilities {acceptInsecureCerts: false, acceptSslCerts: false, applicationCacheEnabled: false, browserConnectionEnabled: false, browserName: chrome, chrome: {chromedriverVersion: 2.42.591088 (7b2b2dca23cca0..., userDataDir: C:\Users\abelman\AppData\Lo...}, cssSelectorsEnabled: true, databaseEnabled: false, goog:chromeOptions: {debuggerAddress: localhost:15682}, handlesAlerts: true, hasTouchScreen: false, javascriptEnabled: true, locationContextEnabled: true, mobileEmulationEnabled: false, nativeEvents: true, networkConnectionEnabled: false, pageLoadStrategy: normal, platform: XP, platformName: XP, rotatable: false, setWindowRect: true, takesHeapSnapshot: true, takesScreenshot: true, unexpectedAlertBehaviour: accept, unhandledPromptBehavior: accept, version: 70.0.3538.102, webStorageEnabled: true}
Session ID: 6874a2cba4ff141eb4ff437835cf29c8
	at sun.reflect.NativeConstructorAccessorImpl.newInstance0(Native Method)
	at sun.reflect.NativeConstructorAccessorImpl.newInstance(NativeConstructorAccessorImpl.java:62)
	at sun.reflect.DelegatingConstructorAccessorImpl.newInstance(DelegatingConstructorAccessorImpl.java:45)
	at java.lang.reflect.Constructor.newInstance(Constructor.java:423)
	at org.openqa.selenium.remote.ErrorHandler.createThrowable(ErrorHandler.java:214)
	at org.openqa.selenium.remote.ErrorHandler.throwIfResponseFailed(ErrorHandler.java:172)
	at org.openqa.selenium.remote.http.JsonHttpResponseCodec.reconstructValue(JsonHttpResponseCodec.java:40)
	at org.openqa.selenium.remote.http.AbstractHttpResponseCodec.decode(AbstractHttpResponseCodec.java:80)
	at org.openqa.selenium.remote.http.AbstractHttpResponseCodec.decode(AbstractHttpResponseCodec.java:44)
	at org.openqa.selenium.remote.HttpCommandExecutor.execute(HttpCommandExecutor.java:158)
	at org.openqa.selenium.remote.service.DriverCommandExecutor.execute(DriverCommandExecutor.java:83)
	at org.openqa.selenium.remote.RemoteWebDriver.execute(RemoteWebDriver.java:548)
	at org.openqa.selenium.remote.RemoteWebDriver.execute(RemoteWebDriver.java:605)
	at org.openqa.selenium.remote.RemoteWebDriver.getScreenshotAs(RemoteWebDriver.java:294)
	at com.LegacyApplication.TestBase.TestBase.capture_screen(TestBase.java:362)
	at com.LegacyApplication.TestBase.TestBase.get_result(TestBase.java:411)
	at com.LegacyApplication.TestBase.TestBase.afterMethod(TestBase.java:447)
	at sun.reflect.NativeMethodAccessorImpl.invoke0(Native Method)
	at sun.reflect.NativeMethodAccessorImpl.invoke(NativeMethodAccessorImpl.java:62)
	at sun.reflect.DelegatingMethodAccessorImpl.invoke(DelegatingMethodAccessorImpl.java:43)
	at java.lang.reflect.Method.invoke(Method.java:498)
	at org.testng.internal.MethodInvocationHelper.invokeMethod(MethodInvocationHelper.java:124)
	at org.testng.internal.MethodInvocationHelper.invokeMethodConsideringTimeout(MethodInvocationHelper.java:59)
	at org.testng.internal.Invoker.invokeConfigurationMethod(Invoker.java:455)
	at org.testng.internal.Invoker.invokeConfigurations(Invoker.java:222)
	at org.testng.internal.Invoker.invokeMethod(Invoker.java:643)
	at org.testng.internal.Invoker.invokeTestMethod(Invoker.java:716)
	at org.testng.internal.Invoker.invokeTestMethods(Invoker.java:988)
	at org.testng.internal.TestMethodWorker.invokeTestMethods(TestMethodWorker.java:125)
	at org.testng.internal.TestMethodWorker.run(TestMethodWorker.java:109)
	at org.testng.TestRunner.privateRun(TestRunner.java:648)
	at org.testng.TestRunner.run(TestRunner.java:505)
	at org.testng.SuiteRunner.runTest(SuiteRunner.java:455)
	at org.testng.SuiteRunner.runSequentially(SuiteRunner.java:450)
	at org.testng.SuiteRunner.privateRun(SuiteRunner.java:415)
	at org.testng.SuiteRunner.run(SuiteRunner.java:364)
	at org.testng.SuiteRunnerWorker.runSuite(SuiteRunnerWorker.java:52)
	at org.testng.SuiteRunnerWorker.run(SuiteRunnerWorker.java:84)
	at org.testng.TestNG.runSuitesSequentially(TestNG.java:1208)
	at org.testng.TestNG.runSuitesLocally(TestNG.java:1137)
	at org.testng.TestNG.runSuites(TestNG.java:1049)
	at org.testng.TestNG.run(TestNG.java:1017)
	at org.testng.remote.AbstractRemoteTestNG.run(AbstractRemoteTestNG.java:114)
	at org.testng.remote.RemoteTestNG.initAndRun(RemoteTestNG.java:251)
	at org.testng.remote.RemoteTestNG.main(RemoteTestNG.java:77)
</pre></div></td>
<td>0</td>
<td>com.LegacyApplication.ProductionTickets.TC058_QCAhidePriceIndicatorTab@78b66d36</td></tr>
<tr>
<td title='com.LegacyApplication.ProductionTickets.TC068_ValidateEZBondsVerbageUpdatedToRapidBonds.verify_rapid_bonds_verbage()'><b>verify_rapid_bonds_verbage</b><br>Test class: com.LegacyApplication.ProductionTickets.TC068_ValidateEZBondsVerbageUpdatedToRapidBonds</td>
<td><div><pre>org.openqa.selenium.UnhandledAlertException: unexpected alert open: {Alert text : Failed to retreive program states}
  (Session info: chrome=70.0.3538.102)
  (Driver info: chromedriver=2.42.591088 (7b2b2dca23cca0862f674758c9a3933e685c27d5),platform=Windows NT 10.0.14393 x86_64) (WARNING: The server did not provide any stacktrace information)
Command duration or timeout: 0 milliseconds: null
Build info: version: &apos;3.14.0&apos;, revision: &apos;aacccce0&apos;, time: &apos;2018-08-02T20:19:58.91Z&apos;
System info: host: &apos;ROC-RDEVWS07&apos;, ip: &apos;10.31.42.222&apos;, os.name: &apos;Windows 10&apos;, os.arch: &apos;amd64&apos;, os.version: &apos;10.0&apos;, java.version: &apos;1.8.0_144&apos;
Driver info: org.openqa.selenium.chrome.ChromeDriver
Capabilities {acceptInsecureCerts: false, acceptSslCerts: false, applicationCacheEnabled: false, browserConnectionEnabled: false, browserName: chrome, chrome: {chromedriverVersion: 2.42.591088 (7b2b2dca23cca0..., userDataDir: C:\Users\abelman\AppData\Lo...}, cssSelectorsEnabled: true, databaseEnabled: false, goog:chromeOptions: {debuggerAddress: localhost:15682}, handlesAlerts: true, hasTouchScreen: false, javascriptEnabled: true, locationContextEnabled: true, mobileEmulationEnabled: false, nativeEvents: true, networkConnectionEnabled: false, pageLoadStrategy: normal, platform: XP, platformName: XP, rotatable: false, setWindowRect: true, takesHeapSnapshot: true, takesScreenshot: true, unexpectedAlertBehaviour: accept, unhandledPromptBehavior: accept, version: 70.0.3538.102, webStorageEnabled: true}
Session ID: 6874a2cba4ff141eb4ff437835cf29c8
	at org.openqa.selenium.remote.ErrorHandler.createThrowable(ErrorHandler.java:214)
	at org.openqa.selenium.remote.ErrorHandler.throwIfResponseFailed(ErrorHandler.java:172)
	at org.openqa.selenium.remote.http.JsonHttpResponseCodec.reconstructValue(JsonHttpResponseCodec.java:40)
	at org.openqa.selenium.remote.http.AbstractHttpResponseCodec.decode(AbstractHttpResponseCodec.java:80)
	at org.openqa.selenium.remote.http.AbstractHttpResponseCodec.decode(AbstractHttpResponseCodec.java:44)
	at org.openqa.selenium.remote.HttpCommandExecutor.execute(HttpCommandExecutor.java:158)
	at org.openqa.selenium.remote.service.DriverCommandExecutor.execute(DriverCommandExecutor.java:83)
	at org.openqa.selenium.remote.RemoteWebDriver.execute(RemoteWebDriver.java:548)
	at org.openqa.selenium.remote.RemoteWebDriver.execute(RemoteWebDriver.java:605)
	at org.openqa.selenium.remote.RemoteWebDriver.getScreenshotAs(RemoteWebDriver.java:294)
	at com.LegacyApplication.TestBase.TestBase.capture_screen(TestBase.java:362)
	at com.LegacyApplication.TestBase.TestBase.get_result(TestBase.java:411)
	at com.LegacyApplication.TestBase.TestBase.afterMethod(TestBase.java:447)
... Removed 32 stack frames</pre></div><a href='#' onClick='toggleBox("stack-trace2038211362", this, "Click to show all stack frames", "Click to hide stack frames")'>Click to show all stack frames</a>
<div class='stack-trace' id='stack-trace2038211362'><pre>org.openqa.selenium.UnhandledAlertException: unexpected alert open: {Alert text : Failed to retreive program states}
  (Session info: chrome=70.0.3538.102)
  (Driver info: chromedriver=2.42.591088 (7b2b2dca23cca0862f674758c9a3933e685c27d5),platform=Windows NT 10.0.14393 x86_64) (WARNING: The server did not provide any stacktrace information)
Command duration or timeout: 0 milliseconds: null
Build info: version: &apos;3.14.0&apos;, revision: &apos;aacccce0&apos;, time: &apos;2018-08-02T20:19:58.91Z&apos;
System info: host: &apos;ROC-RDEVWS07&apos;, ip: &apos;10.31.42.222&apos;, os.name: &apos;Windows 10&apos;, os.arch: &apos;amd64&apos;, os.version: &apos;10.0&apos;, java.version: &apos;1.8.0_144&apos;
Driver info: org.openqa.selenium.chrome.ChromeDriver
Capabilities {acceptInsecureCerts: false, acceptSslCerts: false, applicationCacheEnabled: false, browserConnectionEnabled: false, browserName: chrome, chrome: {chromedriverVersion: 2.42.591088 (7b2b2dca23cca0..., userDataDir: C:\Users\abelman\AppData\Lo...}, cssSelectorsEnabled: true, databaseEnabled: false, goog:chromeOptions: {debuggerAddress: localhost:15682}, handlesAlerts: true, hasTouchScreen: false, javascriptEnabled: true, locationContextEnabled: true, mobileEmulationEnabled: false, nativeEvents: true, networkConnectionEnabled: false, pageLoadStrategy: normal, platform: XP, platformName: XP, rotatable: false, setWindowRect: true, takesHeapSnapshot: true, takesScreenshot: true, unexpectedAlertBehaviour: accept, unhandledPromptBehavior: accept, version: 70.0.3538.102, webStorageEnabled: true}
Session ID: 6874a2cba4ff141eb4ff437835cf29c8
	at sun.reflect.NativeConstructorAccessorImpl.newInstance0(Native Method)
	at sun.reflect.NativeConstructorAccessorImpl.newInstance(NativeConstructorAccessorImpl.java:62)
	at sun.reflect.DelegatingConstructorAccessorImpl.newInstance(DelegatingConstructorAccessorImpl.java:45)
	at java.lang.reflect.Constructor.newInstance(Constructor.java:423)
	at org.openqa.selenium.remote.ErrorHandler.createThrowable(ErrorHandler.java:214)
	at org.openqa.selenium.remote.ErrorHandler.throwIfResponseFailed(ErrorHandler.java:172)
	at org.openqa.selenium.remote.http.JsonHttpResponseCodec.reconstructValue(JsonHttpResponseCodec.java:40)
	at org.openqa.selenium.remote.http.AbstractHttpResponseCodec.decode(AbstractHttpResponseCodec.java:80)
	at org.openqa.selenium.remote.http.AbstractHttpResponseCodec.decode(AbstractHttpResponseCodec.java:44)
	at org.openqa.selenium.remote.HttpCommandExecutor.execute(HttpCommandExecutor.java:158)
	at org.openqa.selenium.remote.service.DriverCommandExecutor.execute(DriverCommandExecutor.java:83)
	at org.openqa.selenium.remote.RemoteWebDriver.execute(RemoteWebDriver.java:548)
	at org.openqa.selenium.remote.RemoteWebDriver.execute(RemoteWebDriver.java:605)
	at org.openqa.selenium.remote.RemoteWebDriver.getScreenshotAs(RemoteWebDriver.java:294)
	at com.LegacyApplication.TestBase.TestBase.capture_screen(TestBase.java:362)
	at com.LegacyApplication.TestBase.TestBase.get_result(TestBase.java:411)
	at com.LegacyApplication.TestBase.TestBase.afterMethod(TestBase.java:447)
	at sun.reflect.NativeMethodAccessorImpl.invoke0(Native Method)
	at sun.reflect.NativeMethodAccessorImpl.invoke(NativeMethodAccessorImpl.java:62)
	at sun.reflect.DelegatingMethodAccessorImpl.invoke(DelegatingMethodAccessorImpl.java:43)
	at java.lang.reflect.Method.invoke(Method.java:498)
	at org.testng.internal.MethodInvocationHelper.invokeMethod(MethodInvocationHelper.java:124)
	at org.testng.internal.MethodInvocationHelper.invokeMethodConsideringTimeout(MethodInvocationHelper.java:59)
	at org.testng.internal.Invoker.invokeConfigurationMethod(Invoker.java:455)
	at org.testng.internal.Invoker.invokeConfigurations(Invoker.java:222)
	at org.testng.internal.Invoker.invokeMethod(Invoker.java:643)
	at org.testng.internal.Invoker.invokeTestMethod(Invoker.java:716)
	at org.testng.internal.Invoker.invokeTestMethods(Invoker.java:988)
	at org.testng.internal.TestMethodWorker.invokeTestMethods(TestMethodWorker.java:125)
	at org.testng.internal.TestMethodWorker.run(TestMethodWorker.java:109)
	at org.testng.TestRunner.privateRun(TestRunner.java:648)
	at org.testng.TestRunner.run(TestRunner.java:505)
	at org.testng.SuiteRunner.runTest(SuiteRunner.java:455)
	at org.testng.SuiteRunner.runSequentially(SuiteRunner.java:450)
	at org.testng.SuiteRunner.privateRun(SuiteRunner.java:415)
	at org.testng.SuiteRunner.run(SuiteRunner.java:364)
	at org.testng.SuiteRunnerWorker.runSuite(SuiteRunnerWorker.java:52)
	at org.testng.SuiteRunnerWorker.run(SuiteRunnerWorker.java:84)
	at org.testng.TestNG.runSuitesSequentially(TestNG.java:1208)
	at org.testng.TestNG.runSuitesLocally(TestNG.java:1137)
	at org.testng.TestNG.runSuites(TestNG.java:1049)
	at org.testng.TestNG.run(TestNG.java:1017)
	at org.testng.remote.AbstractRemoteTestNG.run(AbstractRemoteTestNG.java:114)
	at org.testng.remote.RemoteTestNG.initAndRun(RemoteTestNG.java:251)
	at org.testng.remote.RemoteTestNG.main(RemoteTestNG.java:77)
</pre></div></td>
<td>0</td>
<td>com.LegacyApplication.ProductionTickets.TC068_ValidateEZBondsVerbageUpdatedToRapidBonds@659a969b</td></tr>
<tr>
<td title='com.LegacyApplication.ProductionTickets.TC037_GLVerifyTheftProtectionField.verify_running_outofpolicynumbers_QES()'><b>verify_running_outofpolicynumbers_QES</b><br>Test class: com.LegacyApplication.ProductionTickets.TC037_GLVerifyTheftProtectionField</td>
<td><div><pre>org.openqa.selenium.UnhandledAlertException: unexpected alert open: {Alert text : Failed to retreive program states}
  (Session info: chrome=70.0.3538.102)
  (Driver info: chromedriver=2.42.591088 (7b2b2dca23cca0862f674758c9a3933e685c27d5),platform=Windows NT 10.0.14393 x86_64) (WARNING: The server did not provide any stacktrace information)
Command duration or timeout: 0 milliseconds: null
Build info: version: &apos;3.14.0&apos;, revision: &apos;aacccce0&apos;, time: &apos;2018-08-02T20:19:58.91Z&apos;
System info: host: &apos;ROC-RDEVWS07&apos;, ip: &apos;10.31.42.222&apos;, os.name: &apos;Windows 10&apos;, os.arch: &apos;amd64&apos;, os.version: &apos;10.0&apos;, java.version: &apos;1.8.0_144&apos;
Driver info: org.openqa.selenium.chrome.ChromeDriver
Capabilities {acceptInsecureCerts: false, acceptSslCerts: false, applicationCacheEnabled: false, browserConnectionEnabled: false, browserName: chrome, chrome: {chromedriverVersion: 2.42.591088 (7b2b2dca23cca0..., userDataDir: C:\Users\abelman\AppData\Lo...}, cssSelectorsEnabled: true, databaseEnabled: false, goog:chromeOptions: {debuggerAddress: localhost:15682}, handlesAlerts: true, hasTouchScreen: false, javascriptEnabled: true, locationContextEnabled: true, mobileEmulationEnabled: false, nativeEvents: true, networkConnectionEnabled: false, pageLoadStrategy: normal, platform: XP, platformName: XP, rotatable: false, setWindowRect: true, takesHeapSnapshot: true, takesScreenshot: true, unexpectedAlertBehaviour: accept, unhandledPromptBehavior: accept, version: 70.0.3538.102, webStorageEnabled: true}
Session ID: 6874a2cba4ff141eb4ff437835cf29c8
	at org.openqa.selenium.remote.ErrorHandler.createThrowable(ErrorHandler.java:214)
	at org.openqa.selenium.remote.ErrorHandler.throwIfResponseFailed(ErrorHandler.java:172)
	at org.openqa.selenium.remote.http.JsonHttpResponseCodec.reconstructValue(JsonHttpResponseCodec.java:40)
	at org.openqa.selenium.remote.http.AbstractHttpResponseCodec.decode(AbstractHttpResponseCodec.java:80)
	at org.openqa.selenium.remote.http.AbstractHttpResponseCodec.decode(AbstractHttpResponseCodec.java:44)
	at org.openqa.selenium.remote.HttpCommandExecutor.execute(HttpCommandExecutor.java:158)
	at org.openqa.selenium.remote.service.DriverCommandExecutor.execute(DriverCommandExecutor.java:83)
	at org.openqa.selenium.remote.RemoteWebDriver.execute(RemoteWebDriver.java:548)
	at org.openqa.selenium.remote.RemoteWebDriver.execute(RemoteWebDriver.java:605)
	at org.openqa.selenium.remote.RemoteWebDriver.getScreenshotAs(RemoteWebDriver.java:294)
	at com.LegacyApplication.TestBase.TestBase.capture_screen(TestBase.java:362)
	at com.LegacyApplication.TestBase.TestBase.get_result(TestBase.java:411)
	at com.LegacyApplication.TestBase.TestBase.afterMethod(TestBase.java:447)
... Removed 32 stack frames</pre></div><a href='#' onClick='toggleBox("stack-trace285527866", this, "Click to show all stack frames", "Click to hide stack frames")'>Click to show all stack frames</a>
<div class='stack-trace' id='stack-trace285527866'><pre>org.openqa.selenium.UnhandledAlertException: unexpected alert open: {Alert text : Failed to retreive program states}
  (Session info: chrome=70.0.3538.102)
  (Driver info: chromedriver=2.42.591088 (7b2b2dca23cca0862f674758c9a3933e685c27d5),platform=Windows NT 10.0.14393 x86_64) (WARNING: The server did not provide any stacktrace information)
Command duration or timeout: 0 milliseconds: null
Build info: version: &apos;3.14.0&apos;, revision: &apos;aacccce0&apos;, time: &apos;2018-08-02T20:19:58.91Z&apos;
System info: host: &apos;ROC-RDEVWS07&apos;, ip: &apos;10.31.42.222&apos;, os.name: &apos;Windows 10&apos;, os.arch: &apos;amd64&apos;, os.version: &apos;10.0&apos;, java.version: &apos;1.8.0_144&apos;
Driver info: org.openqa.selenium.chrome.ChromeDriver
Capabilities {acceptInsecureCerts: false, acceptSslCerts: false, applicationCacheEnabled: false, browserConnectionEnabled: false, browserName: chrome, chrome: {chromedriverVersion: 2.42.591088 (7b2b2dca23cca0..., userDataDir: C:\Users\abelman\AppData\Lo...}, cssSelectorsEnabled: true, databaseEnabled: false, goog:chromeOptions: {debuggerAddress: localhost:15682}, handlesAlerts: true, hasTouchScreen: false, javascriptEnabled: true, locationContextEnabled: true, mobileEmulationEnabled: false, nativeEvents: true, networkConnectionEnabled: false, pageLoadStrategy: normal, platform: XP, platformName: XP, rotatable: false, setWindowRect: true, takesHeapSnapshot: true, takesScreenshot: true, unexpectedAlertBehaviour: accept, unhandledPromptBehavior: accept, version: 70.0.3538.102, webStorageEnabled: true}
Session ID: 6874a2cba4ff141eb4ff437835cf29c8
	at sun.reflect.NativeConstructorAccessorImpl.newInstance0(Native Method)
	at sun.reflect.NativeConstructorAccessorImpl.newInstance(NativeConstructorAccessorImpl.java:62)
	at sun.reflect.DelegatingConstructorAccessorImpl.newInstance(DelegatingConstructorAccessorImpl.java:45)
	at java.lang.reflect.Constructor.newInstance(Constructor.java:423)
	at org.openqa.selenium.remote.ErrorHandler.createThrowable(ErrorHandler.java:214)
	at org.openqa.selenium.remote.ErrorHandler.throwIfResponseFailed(ErrorHandler.java:172)
	at org.openqa.selenium.remote.http.JsonHttpResponseCodec.reconstructValue(JsonHttpResponseCodec.java:40)
	at org.openqa.selenium.remote.http.AbstractHttpResponseCodec.decode(AbstractHttpResponseCodec.java:80)
	at org.openqa.selenium.remote.http.AbstractHttpResponseCodec.decode(AbstractHttpResponseCodec.java:44)
	at org.openqa.selenium.remote.HttpCommandExecutor.execute(HttpCommandExecutor.java:158)
	at org.openqa.selenium.remote.service.DriverCommandExecutor.execute(DriverCommandExecutor.java:83)
	at org.openqa.selenium.remote.RemoteWebDriver.execute(RemoteWebDriver.java:548)
	at org.openqa.selenium.remote.RemoteWebDriver.execute(RemoteWebDriver.java:605)
	at org.openqa.selenium.remote.RemoteWebDriver.getScreenshotAs(RemoteWebDriver.java:294)
	at com.LegacyApplication.TestBase.TestBase.capture_screen(TestBase.java:362)
	at com.LegacyApplication.TestBase.TestBase.get_result(TestBase.java:411)
	at com.LegacyApplication.TestBase.TestBase.afterMethod(TestBase.java:447)
	at sun.reflect.NativeMethodAccessorImpl.invoke0(Native Method)
	at sun.reflect.NativeMethodAccessorImpl.invoke(NativeMethodAccessorImpl.java:62)
	at sun.reflect.DelegatingMethodAccessorImpl.invoke(DelegatingMethodAccessorImpl.java:43)
	at java.lang.reflect.Method.invoke(Method.java:498)
	at org.testng.internal.MethodInvocationHelper.invokeMethod(MethodInvocationHelper.java:124)
	at org.testng.internal.MethodInvocationHelper.invokeMethodConsideringTimeout(MethodInvocationHelper.java:59)
	at org.testng.internal.Invoker.invokeConfigurationMethod(Invoker.java:455)
	at org.testng.internal.Invoker.invokeConfigurations(Invoker.java:222)
	at org.testng.internal.Invoker.invokeMethod(Invoker.java:643)
	at org.testng.internal.Invoker.invokeTestMethod(Invoker.java:716)
	at org.testng.internal.Invoker.invokeTestMethods(Invoker.java:988)
	at org.testng.internal.TestMethodWorker.invokeTestMethods(TestMethodWorker.java:125)
	at org.testng.internal.TestMethodWorker.run(TestMethodWorker.java:109)
	at org.testng.TestRunner.privateRun(TestRunner.java:648)
	at org.testng.TestRunner.run(TestRunner.java:505)
	at org.testng.SuiteRunner.runTest(SuiteRunner.java:455)
	at org.testng.SuiteRunner.runSequentially(SuiteRunner.java:450)
	at org.testng.SuiteRunner.privateRun(SuiteRunner.java:415)
	at org.testng.SuiteRunner.run(SuiteRunner.java:364)
	at org.testng.SuiteRunnerWorker.runSuite(SuiteRunnerWorker.java:52)
	at org.testng.SuiteRunnerWorker.run(SuiteRunnerWorker.java:84)
	at org.testng.TestNG.runSuitesSequentially(TestNG.java:1208)
	at org.testng.TestNG.runSuitesLocally(TestNG.java:1137)
	at org.testng.TestNG.runSuites(TestNG.java:1049)
	at org.testng.TestNG.run(TestNG.java:1017)
	at org.testng.remote.AbstractRemoteTestNG.run(AbstractRemoteTestNG.java:114)
	at org.testng.remote.RemoteTestNG.initAndRun(RemoteTestNG.java:251)
	at org.testng.remote.RemoteTestNG.main(RemoteTestNG.java:77)
</pre></div></td>
<td>0</td>
<td>com.LegacyApplication.ProductionTickets.TC037_GLVerifyTheftProtectionField@7880cdf3</td></tr>
<tr>
<td title='com.LegacyApplication.ProductionTickets.TC040_VerifyWCShiftPixyAvailability.verify_shiftpixy_availability()'><b>verify_shiftpixy_availability</b><br>Test class: com.LegacyApplication.ProductionTickets.TC040_VerifyWCShiftPixyAvailability</td>
<td><div><pre>org.openqa.selenium.UnhandledAlertException: unexpected alert open: {Alert text : Failed to retreive program states}
  (Session info: chrome=70.0.3538.102)
  (Driver info: chromedriver=2.42.591088 (7b2b2dca23cca0862f674758c9a3933e685c27d5),platform=Windows NT 10.0.14393 x86_64) (WARNING: The server did not provide any stacktrace information)
Command duration or timeout: 0 milliseconds: null
Build info: version: &apos;3.14.0&apos;, revision: &apos;aacccce0&apos;, time: &apos;2018-08-02T20:19:58.91Z&apos;
System info: host: &apos;ROC-RDEVWS07&apos;, ip: &apos;10.31.42.222&apos;, os.name: &apos;Windows 10&apos;, os.arch: &apos;amd64&apos;, os.version: &apos;10.0&apos;, java.version: &apos;1.8.0_144&apos;
Driver info: org.openqa.selenium.chrome.ChromeDriver
Capabilities {acceptInsecureCerts: false, acceptSslCerts: false, applicationCacheEnabled: false, browserConnectionEnabled: false, browserName: chrome, chrome: {chromedriverVersion: 2.42.591088 (7b2b2dca23cca0..., userDataDir: C:\Users\abelman\AppData\Lo...}, cssSelectorsEnabled: true, databaseEnabled: false, goog:chromeOptions: {debuggerAddress: localhost:15682}, handlesAlerts: true, hasTouchScreen: false, javascriptEnabled: true, locationContextEnabled: true, mobileEmulationEnabled: false, nativeEvents: true, networkConnectionEnabled: false, pageLoadStrategy: normal, platform: XP, platformName: XP, rotatable: false, setWindowRect: true, takesHeapSnapshot: true, takesScreenshot: true, unexpectedAlertBehaviour: accept, unhandledPromptBehavior: accept, version: 70.0.3538.102, webStorageEnabled: true}
Session ID: 6874a2cba4ff141eb4ff437835cf29c8
	at org.openqa.selenium.remote.ErrorHandler.createThrowable(ErrorHandler.java:214)
	at org.openqa.selenium.remote.ErrorHandler.throwIfResponseFailed(ErrorHandler.java:172)
	at org.openqa.selenium.remote.http.JsonHttpResponseCodec.reconstructValue(JsonHttpResponseCodec.java:40)
	at org.openqa.selenium.remote.http.AbstractHttpResponseCodec.decode(AbstractHttpResponseCodec.java:80)
	at org.openqa.selenium.remote.http.AbstractHttpResponseCodec.decode(AbstractHttpResponseCodec.java:44)
	at org.openqa.selenium.remote.HttpCommandExecutor.execute(HttpCommandExecutor.java:158)
	at org.openqa.selenium.remote.service.DriverCommandExecutor.execute(DriverCommandExecutor.java:83)
	at org.openqa.selenium.remote.RemoteWebDriver.execute(RemoteWebDriver.java:548)
	at org.openqa.selenium.remote.RemoteWebDriver.execute(RemoteWebDriver.java:605)
	at org.openqa.selenium.remote.RemoteWebDriver.getScreenshotAs(RemoteWebDriver.java:294)
	at com.LegacyApplication.TestBase.TestBase.capture_screen(TestBase.java:362)
	at com.LegacyApplication.TestBase.TestBase.get_result(TestBase.java:411)
	at com.LegacyApplication.TestBase.TestBase.afterMethod(TestBase.java:447)
... Removed 32 stack frames</pre></div><a href='#' onClick='toggleBox("stack-trace678449488", this, "Click to show all stack frames", "Click to hide stack frames")'>Click to show all stack frames</a>
<div class='stack-trace' id='stack-trace678449488'><pre>org.openqa.selenium.UnhandledAlertException: unexpected alert open: {Alert text : Failed to retreive program states}
  (Session info: chrome=70.0.3538.102)
  (Driver info: chromedriver=2.42.591088 (7b2b2dca23cca0862f674758c9a3933e685c27d5),platform=Windows NT 10.0.14393 x86_64) (WARNING: The server did not provide any stacktrace information)
Command duration or timeout: 0 milliseconds: null
Build info: version: &apos;3.14.0&apos;, revision: &apos;aacccce0&apos;, time: &apos;2018-08-02T20:19:58.91Z&apos;
System info: host: &apos;ROC-RDEVWS07&apos;, ip: &apos;10.31.42.222&apos;, os.name: &apos;Windows 10&apos;, os.arch: &apos;amd64&apos;, os.version: &apos;10.0&apos;, java.version: &apos;1.8.0_144&apos;
Driver info: org.openqa.selenium.chrome.ChromeDriver
Capabilities {acceptInsecureCerts: false, acceptSslCerts: false, applicationCacheEnabled: false, browserConnectionEnabled: false, browserName: chrome, chrome: {chromedriverVersion: 2.42.591088 (7b2b2dca23cca0..., userDataDir: C:\Users\abelman\AppData\Lo...}, cssSelectorsEnabled: true, databaseEnabled: false, goog:chromeOptions: {debuggerAddress: localhost:15682}, handlesAlerts: true, hasTouchScreen: false, javascriptEnabled: true, locationContextEnabled: true, mobileEmulationEnabled: false, nativeEvents: true, networkConnectionEnabled: false, pageLoadStrategy: normal, platform: XP, platformName: XP, rotatable: false, setWindowRect: true, takesHeapSnapshot: true, takesScreenshot: true, unexpectedAlertBehaviour: accept, unhandledPromptBehavior: accept, version: 70.0.3538.102, webStorageEnabled: true}
Session ID: 6874a2cba4ff141eb4ff437835cf29c8
	at sun.reflect.NativeConstructorAccessorImpl.newInstance0(Native Method)
	at sun.reflect.NativeConstructorAccessorImpl.newInstance(NativeConstructorAccessorImpl.java:62)
	at sun.reflect.DelegatingConstructorAccessorImpl.newInstance(DelegatingConstructorAccessorImpl.java:45)
	at java.lang.reflect.Constructor.newInstance(Constructor.java:423)
	at org.openqa.selenium.remote.ErrorHandler.createThrowable(ErrorHandler.java:214)
	at org.openqa.selenium.remote.ErrorHandler.throwIfResponseFailed(ErrorHandler.java:172)
	at org.openqa.selenium.remote.http.JsonHttpResponseCodec.reconstructValue(JsonHttpResponseCodec.java:40)
	at org.openqa.selenium.remote.http.AbstractHttpResponseCodec.decode(AbstractHttpResponseCodec.java:80)
	at org.openqa.selenium.remote.http.AbstractHttpResponseCodec.decode(AbstractHttpResponseCodec.java:44)
	at org.openqa.selenium.remote.HttpCommandExecutor.execute(HttpCommandExecutor.java:158)
	at org.openqa.selenium.remote.service.DriverCommandExecutor.execute(DriverCommandExecutor.java:83)
	at org.openqa.selenium.remote.RemoteWebDriver.execute(RemoteWebDriver.java:548)
	at org.openqa.selenium.remote.RemoteWebDriver.execute(RemoteWebDriver.java:605)
	at org.openqa.selenium.remote.RemoteWebDriver.getScreenshotAs(RemoteWebDriver.java:294)
	at com.LegacyApplication.TestBase.TestBase.capture_screen(TestBase.java:362)
	at com.LegacyApplication.TestBase.TestBase.get_result(TestBase.java:411)
	at com.LegacyApplication.TestBase.TestBase.afterMethod(TestBase.java:447)
	at sun.reflect.NativeMethodAccessorImpl.invoke0(Native Method)
	at sun.reflect.NativeMethodAccessorImpl.invoke(NativeMethodAccessorImpl.java:62)
	at sun.reflect.DelegatingMethodAccessorImpl.invoke(DelegatingMethodAccessorImpl.java:43)
	at java.lang.reflect.Method.invoke(Method.java:498)
	at org.testng.internal.MethodInvocationHelper.invokeMethod(MethodInvocationHelper.java:124)
	at org.testng.internal.MethodInvocationHelper.invokeMethodConsideringTimeout(MethodInvocationHelper.java:59)
	at org.testng.internal.Invoker.invokeConfigurationMethod(Invoker.java:455)
	at org.testng.internal.Invoker.invokeConfigurations(Invoker.java:222)
	at org.testng.internal.Invoker.invokeMethod(Invoker.java:643)
	at org.testng.internal.Invoker.invokeTestMethod(Invoker.java:716)
	at org.testng.internal.Invoker.invokeTestMethods(Invoker.java:988)
	at org.testng.internal.TestMethodWorker.invokeTestMethods(TestMethodWorker.java:125)
	at org.testng.internal.TestMethodWorker.run(TestMethodWorker.java:109)
	at org.testng.TestRunner.privateRun(TestRunner.java:648)
	at org.testng.TestRunner.run(TestRunner.java:505)
	at org.testng.SuiteRunner.runTest(SuiteRunner.java:455)
	at org.testng.SuiteRunner.runSequentially(SuiteRunner.java:450)
	at org.testng.SuiteRunner.privateRun(SuiteRunner.java:415)
	at org.testng.SuiteRunner.run(SuiteRunner.java:364)
	at org.testng.SuiteRunnerWorker.runSuite(SuiteRunnerWorker.java:52)
	at org.testng.SuiteRunnerWorker.run(SuiteRunnerWorker.java:84)
	at org.testng.TestNG.runSuitesSequentially(TestNG.java:1208)
	at org.testng.TestNG.runSuitesLocally(TestNG.java:1137)
	at org.testng.TestNG.runSuites(TestNG.java:1049)
	at org.testng.TestNG.run(TestNG.java:1017)
	at org.testng.remote.AbstractRemoteTestNG.run(AbstractRemoteTestNG.java:114)
	at org.testng.remote.RemoteTestNG.initAndRun(RemoteTestNG.java:251)
	at org.testng.remote.RemoteTestNG.main(RemoteTestNG.java:77)
</pre></div></td>
<td>0</td>
<td>com.LegacyApplication.ProductionTickets.TC040_VerifyWCShiftPixyAvailability@1c93084c</td></tr>
<tr>
<td title='com.LegacyApplication.ProductionTickets.TC039_VerifyToughCompAvailability.verify_toughcomp_availability()'><b>verify_toughcomp_availability</b><br>Test class: com.LegacyApplication.ProductionTickets.TC039_VerifyToughCompAvailability</td>
<td><div><pre>org.openqa.selenium.UnhandledAlertException: unexpected alert open: {Alert text : Failed to retreive program states}
  (Session info: chrome=70.0.3538.102)
  (Driver info: chromedriver=2.42.591088 (7b2b2dca23cca0862f674758c9a3933e685c27d5),platform=Windows NT 10.0.14393 x86_64) (WARNING: The server did not provide any stacktrace information)
Command duration or timeout: 0 milliseconds: null
Build info: version: &apos;3.14.0&apos;, revision: &apos;aacccce0&apos;, time: &apos;2018-08-02T20:19:58.91Z&apos;
System info: host: &apos;ROC-RDEVWS07&apos;, ip: &apos;10.31.42.222&apos;, os.name: &apos;Windows 10&apos;, os.arch: &apos;amd64&apos;, os.version: &apos;10.0&apos;, java.version: &apos;1.8.0_144&apos;
Driver info: org.openqa.selenium.chrome.ChromeDriver
Capabilities {acceptInsecureCerts: false, acceptSslCerts: false, applicationCacheEnabled: false, browserConnectionEnabled: false, browserName: chrome, chrome: {chromedriverVersion: 2.42.591088 (7b2b2dca23cca0..., userDataDir: C:\Users\abelman\AppData\Lo...}, cssSelectorsEnabled: true, databaseEnabled: false, goog:chromeOptions: {debuggerAddress: localhost:15682}, handlesAlerts: true, hasTouchScreen: false, javascriptEnabled: true, locationContextEnabled: true, mobileEmulationEnabled: false, nativeEvents: true, networkConnectionEnabled: false, pageLoadStrategy: normal, platform: XP, platformName: XP, rotatable: false, setWindowRect: true, takesHeapSnapshot: true, takesScreenshot: true, unexpectedAlertBehaviour: accept, unhandledPromptBehavior: accept, version: 70.0.3538.102, webStorageEnabled: true}
Session ID: 6874a2cba4ff141eb4ff437835cf29c8
	at org.openqa.selenium.remote.ErrorHandler.createThrowable(ErrorHandler.java:214)
	at org.openqa.selenium.remote.ErrorHandler.throwIfResponseFailed(ErrorHandler.java:172)
	at org.openqa.selenium.remote.http.JsonHttpResponseCodec.reconstructValue(JsonHttpResponseCodec.java:40)
	at org.openqa.selenium.remote.http.AbstractHttpResponseCodec.decode(AbstractHttpResponseCodec.java:80)
	at org.openqa.selenium.remote.http.AbstractHttpResponseCodec.decode(AbstractHttpResponseCodec.java:44)
	at org.openqa.selenium.remote.HttpCommandExecutor.execute(HttpCommandExecutor.java:158)
	at org.openqa.selenium.remote.service.DriverCommandExecutor.execute(DriverCommandExecutor.java:83)
	at org.openqa.selenium.remote.RemoteWebDriver.execute(RemoteWebDriver.java:548)
	at org.openqa.selenium.remote.RemoteWebDriver.execute(RemoteWebDriver.java:605)
	at org.openqa.selenium.remote.RemoteWebDriver.getScreenshotAs(RemoteWebDriver.java:294)
	at com.LegacyApplication.TestBase.TestBase.capture_screen(TestBase.java:362)
	at com.LegacyApplication.TestBase.TestBase.get_result(TestBase.java:411)
	at com.LegacyApplication.TestBase.TestBase.afterMethod(TestBase.java:447)
... Removed 32 stack frames</pre></div><a href='#' onClick='toggleBox("stack-trace704144944", this, "Click to show all stack frames", "Click to hide stack frames")'>Click to show all stack frames</a>
<div class='stack-trace' id='stack-trace704144944'><pre>org.openqa.selenium.UnhandledAlertException: unexpected alert open: {Alert text : Failed to retreive program states}
  (Session info: chrome=70.0.3538.102)
  (Driver info: chromedriver=2.42.591088 (7b2b2dca23cca0862f674758c9a3933e685c27d5),platform=Windows NT 10.0.14393 x86_64) (WARNING: The server did not provide any stacktrace information)
Command duration or timeout: 0 milliseconds: null
Build info: version: &apos;3.14.0&apos;, revision: &apos;aacccce0&apos;, time: &apos;2018-08-02T20:19:58.91Z&apos;
System info: host: &apos;ROC-RDEVWS07&apos;, ip: &apos;10.31.42.222&apos;, os.name: &apos;Windows 10&apos;, os.arch: &apos;amd64&apos;, os.version: &apos;10.0&apos;, java.version: &apos;1.8.0_144&apos;
Driver info: org.openqa.selenium.chrome.ChromeDriver
Capabilities {acceptInsecureCerts: false, acceptSslCerts: false, applicationCacheEnabled: false, browserConnectionEnabled: false, browserName: chrome, chrome: {chromedriverVersion: 2.42.591088 (7b2b2dca23cca0..., userDataDir: C:\Users\abelman\AppData\Lo...}, cssSelectorsEnabled: true, databaseEnabled: false, goog:chromeOptions: {debuggerAddress: localhost:15682}, handlesAlerts: true, hasTouchScreen: false, javascriptEnabled: true, locationContextEnabled: true, mobileEmulationEnabled: false, nativeEvents: true, networkConnectionEnabled: false, pageLoadStrategy: normal, platform: XP, platformName: XP, rotatable: false, setWindowRect: true, takesHeapSnapshot: true, takesScreenshot: true, unexpectedAlertBehaviour: accept, unhandledPromptBehavior: accept, version: 70.0.3538.102, webStorageEnabled: true}
Session ID: 6874a2cba4ff141eb4ff437835cf29c8
	at sun.reflect.NativeConstructorAccessorImpl.newInstance0(Native Method)
	at sun.reflect.NativeConstructorAccessorImpl.newInstance(NativeConstructorAccessorImpl.java:62)
	at sun.reflect.DelegatingConstructorAccessorImpl.newInstance(DelegatingConstructorAccessorImpl.java:45)
	at java.lang.reflect.Constructor.newInstance(Constructor.java:423)
	at org.openqa.selenium.remote.ErrorHandler.createThrowable(ErrorHandler.java:214)
	at org.openqa.selenium.remote.ErrorHandler.throwIfResponseFailed(ErrorHandler.java:172)
	at org.openqa.selenium.remote.http.JsonHttpResponseCodec.reconstructValue(JsonHttpResponseCodec.java:40)
	at org.openqa.selenium.remote.http.AbstractHttpResponseCodec.decode(AbstractHttpResponseCodec.java:80)
	at org.openqa.selenium.remote.http.AbstractHttpResponseCodec.decode(AbstractHttpResponseCodec.java:44)
	at org.openqa.selenium.remote.HttpCommandExecutor.execute(HttpCommandExecutor.java:158)
	at org.openqa.selenium.remote.service.DriverCommandExecutor.execute(DriverCommandExecutor.java:83)
	at org.openqa.selenium.remote.RemoteWebDriver.execute(RemoteWebDriver.java:548)
	at org.openqa.selenium.remote.RemoteWebDriver.execute(RemoteWebDriver.java:605)
	at org.openqa.selenium.remote.RemoteWebDriver.getScreenshotAs(RemoteWebDriver.java:294)
	at com.LegacyApplication.TestBase.TestBase.capture_screen(TestBase.java:362)
	at com.LegacyApplication.TestBase.TestBase.get_result(TestBase.java:411)
	at com.LegacyApplication.TestBase.TestBase.afterMethod(TestBase.java:447)
	at sun.reflect.NativeMethodAccessorImpl.invoke0(Native Method)
	at sun.reflect.NativeMethodAccessorImpl.invoke(NativeMethodAccessorImpl.java:62)
	at sun.reflect.DelegatingMethodAccessorImpl.invoke(DelegatingMethodAccessorImpl.java:43)
	at java.lang.reflect.Method.invoke(Method.java:498)
	at org.testng.internal.MethodInvocationHelper.invokeMethod(MethodInvocationHelper.java:124)
	at org.testng.internal.MethodInvocationHelper.invokeMethodConsideringTimeout(MethodInvocationHelper.java:59)
	at org.testng.internal.Invoker.invokeConfigurationMethod(Invoker.java:455)
	at org.testng.internal.Invoker.invokeConfigurations(Invoker.java:222)
	at org.testng.internal.Invoker.invokeMethod(Invoker.java:643)
	at org.testng.internal.Invoker.invokeTestMethod(Invoker.java:716)
	at org.testng.internal.Invoker.invokeTestMethods(Invoker.java:988)
	at org.testng.internal.TestMethodWorker.invokeTestMethods(TestMethodWorker.java:125)
	at org.testng.internal.TestMethodWorker.run(TestMethodWorker.java:109)
	at org.testng.TestRunner.privateRun(TestRunner.java:648)
	at org.testng.TestRunner.run(TestRunner.java:505)
	at org.testng.SuiteRunner.runTest(SuiteRunner.java:455)
	at org.testng.SuiteRunner.runSequentially(SuiteRunner.java:450)
	at org.testng.SuiteRunner.privateRun(SuiteRunner.java:415)
	at org.testng.SuiteRunner.run(SuiteRunner.java:364)
	at org.testng.SuiteRunnerWorker.runSuite(SuiteRunnerWorker.java:52)
	at org.testng.SuiteRunnerWorker.run(SuiteRunnerWorker.java:84)
	at org.testng.TestNG.runSuitesSequentially(TestNG.java:1208)
	at org.testng.TestNG.runSuitesLocally(TestNG.java:1137)
	at org.testng.TestNG.runSuites(TestNG.java:1049)
	at org.testng.TestNG.run(TestNG.java:1017)
	at org.testng.remote.AbstractRemoteTestNG.run(AbstractRemoteTestNG.java:114)
	at org.testng.remote.RemoteTestNG.initAndRun(RemoteTestNG.java:251)
	at org.testng.remote.RemoteTestNG.main(RemoteTestNG.java:77)
</pre></div></td>
<td>0</td>
<td>com.LegacyApplication.ProductionTickets.TC039_VerifyToughCompAvailability@5be6e01c</td></tr>
<tr>
<td title='com.LegacyApplication.ProductionTickets.TC031_VerifyVictoryExpressApproval.verify_victory_express_approval()'><b>verify_victory_express_approval</b><br>Test class: com.LegacyApplication.ProductionTickets.TC031_VerifyVictoryExpressApproval</td>
<td><div><pre>org.openqa.selenium.UnhandledAlertException: unexpected alert open: {Alert text : Failed to retreive program states}
  (Session info: chrome=70.0.3538.102)
  (Driver info: chromedriver=2.42.591088 (7b2b2dca23cca0862f674758c9a3933e685c27d5),platform=Windows NT 10.0.14393 x86_64) (WARNING: The server did not provide any stacktrace information)
Command duration or timeout: 0 milliseconds: null
Build info: version: &apos;3.14.0&apos;, revision: &apos;aacccce0&apos;, time: &apos;2018-08-02T20:19:58.91Z&apos;
System info: host: &apos;ROC-RDEVWS07&apos;, ip: &apos;10.31.42.222&apos;, os.name: &apos;Windows 10&apos;, os.arch: &apos;amd64&apos;, os.version: &apos;10.0&apos;, java.version: &apos;1.8.0_144&apos;
Driver info: org.openqa.selenium.chrome.ChromeDriver
Capabilities {acceptInsecureCerts: false, acceptSslCerts: false, applicationCacheEnabled: false, browserConnectionEnabled: false, browserName: chrome, chrome: {chromedriverVersion: 2.42.591088 (7b2b2dca23cca0..., userDataDir: C:\Users\abelman\AppData\Lo...}, cssSelectorsEnabled: true, databaseEnabled: false, goog:chromeOptions: {debuggerAddress: localhost:15682}, handlesAlerts: true, hasTouchScreen: false, javascriptEnabled: true, locationContextEnabled: true, mobileEmulationEnabled: false, nativeEvents: true, networkConnectionEnabled: false, pageLoadStrategy: normal, platform: XP, platformName: XP, rotatable: false, setWindowRect: true, takesHeapSnapshot: true, takesScreenshot: true, unexpectedAlertBehaviour: accept, unhandledPromptBehavior: accept, version: 70.0.3538.102, webStorageEnabled: true}
Session ID: 6874a2cba4ff141eb4ff437835cf29c8
	at org.openqa.selenium.remote.ErrorHandler.createThrowable(ErrorHandler.java:214)
	at org.openqa.selenium.remote.ErrorHandler.throwIfResponseFailed(ErrorHandler.java:172)
	at org.openqa.selenium.remote.http.JsonHttpResponseCodec.reconstructValue(JsonHttpResponseCodec.java:40)
	at org.openqa.selenium.remote.http.AbstractHttpResponseCodec.decode(AbstractHttpResponseCodec.java:80)
	at org.openqa.selenium.remote.http.AbstractHttpResponseCodec.decode(AbstractHttpResponseCodec.java:44)
	at org.openqa.selenium.remote.HttpCommandExecutor.execute(HttpCommandExecutor.java:158)
	at org.openqa.selenium.remote.service.DriverCommandExecutor.execute(DriverCommandExecutor.java:83)
	at org.openqa.selenium.remote.RemoteWebDriver.execute(RemoteWebDriver.java:548)
	at org.openqa.selenium.remote.RemoteWebDriver.execute(RemoteWebDriver.java:605)
	at org.openqa.selenium.remote.RemoteWebDriver.getScreenshotAs(RemoteWebDriver.java:294)
	at com.LegacyApplication.TestBase.TestBase.capture_screen(TestBase.java:362)
	at com.LegacyApplication.TestBase.TestBase.get_result(TestBase.java:411)
	at com.LegacyApplication.TestBase.TestBase.afterMethod(TestBase.java:447)
... Removed 32 stack frames</pre></div><a href='#' onClick='toggleBox("stack-trace1400979201", this, "Click to show all stack frames", "Click to hide stack frames")'>Click to show all stack frames</a>
<div class='stack-trace' id='stack-trace1400979201'><pre>org.openqa.selenium.UnhandledAlertException: unexpected alert open: {Alert text : Failed to retreive program states}
  (Session info: chrome=70.0.3538.102)
  (Driver info: chromedriver=2.42.591088 (7b2b2dca23cca0862f674758c9a3933e685c27d5),platform=Windows NT 10.0.14393 x86_64) (WARNING: The server did not provide any stacktrace information)
Command duration or timeout: 0 milliseconds: null
Build info: version: &apos;3.14.0&apos;, revision: &apos;aacccce0&apos;, time: &apos;2018-08-02T20:19:58.91Z&apos;
System info: host: &apos;ROC-RDEVWS07&apos;, ip: &apos;10.31.42.222&apos;, os.name: &apos;Windows 10&apos;, os.arch: &apos;amd64&apos;, os.version: &apos;10.0&apos;, java.version: &apos;1.8.0_144&apos;
Driver info: org.openqa.selenium.chrome.ChromeDriver
Capabilities {acceptInsecureCerts: false, acceptSslCerts: false, applicationCacheEnabled: false, browserConnectionEnabled: false, browserName: chrome, chrome: {chromedriverVersion: 2.42.591088 (7b2b2dca23cca0..., userDataDir: C:\Users\abelman\AppData\Lo...}, cssSelectorsEnabled: true, databaseEnabled: false, goog:chromeOptions: {debuggerAddress: localhost:15682}, handlesAlerts: true, hasTouchScreen: false, javascriptEnabled: true, locationContextEnabled: true, mobileEmulationEnabled: false, nativeEvents: true, networkConnectionEnabled: false, pageLoadStrategy: normal, platform: XP, platformName: XP, rotatable: false, setWindowRect: true, takesHeapSnapshot: true, takesScreenshot: true, unexpectedAlertBehaviour: accept, unhandledPromptBehavior: accept, version: 70.0.3538.102, webStorageEnabled: true}
Session ID: 6874a2cba4ff141eb4ff437835cf29c8
	at sun.reflect.NativeConstructorAccessorImpl.newInstance0(Native Method)
	at sun.reflect.NativeConstructorAccessorImpl.newInstance(NativeConstructorAccessorImpl.java:62)
	at sun.reflect.DelegatingConstructorAccessorImpl.newInstance(DelegatingConstructorAccessorImpl.java:45)
	at java.lang.reflect.Constructor.newInstance(Constructor.java:423)
	at org.openqa.selenium.remote.ErrorHandler.createThrowable(ErrorHandler.java:214)
	at org.openqa.selenium.remote.ErrorHandler.throwIfResponseFailed(ErrorHandler.java:172)
	at org.openqa.selenium.remote.http.JsonHttpResponseCodec.reconstructValue(JsonHttpResponseCodec.java:40)
	at org.openqa.selenium.remote.http.AbstractHttpResponseCodec.decode(AbstractHttpResponseCodec.java:80)
	at org.openqa.selenium.remote.http.AbstractHttpResponseCodec.decode(AbstractHttpResponseCodec.java:44)
	at org.openqa.selenium.remote.HttpCommandExecutor.execute(HttpCommandExecutor.java:158)
	at org.openqa.selenium.remote.service.DriverCommandExecutor.execute(DriverCommandExecutor.java:83)
	at org.openqa.selenium.remote.RemoteWebDriver.execute(RemoteWebDriver.java:548)
	at org.openqa.selenium.remote.RemoteWebDriver.execute(RemoteWebDriver.java:605)
	at org.openqa.selenium.remote.RemoteWebDriver.getScreenshotAs(RemoteWebDriver.java:294)
	at com.LegacyApplication.TestBase.TestBase.capture_screen(TestBase.java:362)
	at com.LegacyApplication.TestBase.TestBase.get_result(TestBase.java:411)
	at com.LegacyApplication.TestBase.TestBase.afterMethod(TestBase.java:447)
	at sun.reflect.NativeMethodAccessorImpl.invoke0(Native Method)
	at sun.reflect.NativeMethodAccessorImpl.invoke(NativeMethodAccessorImpl.java:62)
	at sun.reflect.DelegatingMethodAccessorImpl.invoke(DelegatingMethodAccessorImpl.java:43)
	at java.lang.reflect.Method.invoke(Method.java:498)
	at org.testng.internal.MethodInvocationHelper.invokeMethod(MethodInvocationHelper.java:124)
	at org.testng.internal.MethodInvocationHelper.invokeMethodConsideringTimeout(MethodInvocationHelper.java:59)
	at org.testng.internal.Invoker.invokeConfigurationMethod(Invoker.java:455)
	at org.testng.internal.Invoker.invokeConfigurations(Invoker.java:222)
	at org.testng.internal.Invoker.invokeMethod(Invoker.java:643)
	at org.testng.internal.Invoker.invokeTestMethod(Invoker.java:716)
	at org.testng.internal.Invoker.invokeTestMethods(Invoker.java:988)
	at org.testng.internal.TestMethodWorker.invokeTestMethods(TestMethodWorker.java:125)
	at org.testng.internal.TestMethodWorker.run(TestMethodWorker.java:109)
	at org.testng.TestRunner.privateRun(TestRunner.java:648)
	at org.testng.TestRunner.run(TestRunner.java:505)
	at org.testng.SuiteRunner.runTest(SuiteRunner.java:455)
	at org.testng.SuiteRunner.runSequentially(SuiteRunner.java:450)
	at org.testng.SuiteRunner.privateRun(SuiteRunner.java:415)
	at org.testng.SuiteRunner.run(SuiteRunner.java:364)
	at org.testng.SuiteRunnerWorker.runSuite(SuiteRunnerWorker.java:52)
	at org.testng.SuiteRunnerWorker.run(SuiteRunnerWorker.java:84)
	at org.testng.TestNG.runSuitesSequentially(TestNG.java:1208)
	at org.testng.TestNG.runSuitesLocally(TestNG.java:1137)
	at org.testng.TestNG.runSuites(TestNG.java:1049)
	at org.testng.TestNG.run(TestNG.java:1017)
	at org.testng.remote.AbstractRemoteTestNG.run(AbstractRemoteTestNG.java:114)
	at org.testng.remote.RemoteTestNG.initAndRun(RemoteTestNG.java:251)
	at org.testng.remote.RemoteTestNG.main(RemoteTestNG.java:77)
</pre></div></td>
<td>0</td>
<td>com.LegacyApplication.ProductionTickets.TC031_VerifyVictoryExpressApproval@ef9296d</td></tr>
>>>>>>> 1e4144cfa49c5a2d36581fa3d56bc9f96d6659bc
</table><p>
</body>
</html>