<?xml version="1.0" encoding="UTF-8"?>
<!-- Generated by org.testng.reporters.JUnitXMLReporter -->
<<<<<<< HEAD
<testsuite hostname="MCC-TESTPC" ignored="21" name="Production Tickets Regression Test" tests="22" failures="0" timestamp="11 Dec 2018 05:47:31 GMT" time="2492.338" errors="0">
  <testcase name="verify_additional_insured_request" time="223.997" classname="com.LegacyApplication.ProductionTickets.TC026_VerifyAdditionalInsuredRequest"/>
  <testcase name="verify_make_payment_option" time="256.699" classname="com.LegacyApplication.ProductionTickets.TC027_VerifyMakeaPaymentOption"/>
  <testcase name="validate_emailaddress_field" time="19.425" classname="com.LegacyApplication.ProductionTickets.TC028_VerifyVictoryExpressEmailAddress"/>
  <testcase name="verify_effectiveDate_in_InspectionRemider" time="199.635" classname="com.LegacyApplication.ProductionTickets.TC029_VerifyEffectiveDateInInspectionReminder"/>
  <testcase name="verify_fraud_warning_in_QNI" time="68.313" classname="com.LegacyApplication.ProductionTickets.TC030_VerifyFraudWarninginQNIApplication"/>
  <testcase name="verify_victory_express_approval" time="106.769" classname="com.LegacyApplication.ProductionTickets.TC031_VerifyVictoryExpressApproval"/>
  <testcase name="verify_GABR_update_referralcountiesand_logic" time="75.925" classname="com.LegacyApplication.ProductionTickets.TC032_VerifyGABRUpdateReferralCountiesAndLogic"/>
  <testcase name="verify_running_outofpolicynumbers_QES" time="84.943" classname="com.LegacyApplication.ProductionTickets.TC037_GLVerifyTheftProtectionField"/>
  <testcase name="verify_toughcomp_availability" time="79.477" classname="com.LegacyApplication.ProductionTickets.TC039_VerifyToughCompAvailability"/>
  <testcase name="verify_shiftpixy_availability" time="26.164" classname="com.LegacyApplication.ProductionTickets.TC040_VerifyWCShiftPixyAvailability"/>
  <testcase name="create_KraftLakeWholesaler_submission" time="44.511" classname="com.LegacyApplication.ProductionTickets.TC041_CreatingKraftLakeWholesalerGLSubmission"/>
  <testcase name="verify_GL_totalPayroll" time="307.087" classname="com.LegacyApplication.ProductionTickets.TC042_VerifyGLTotalPayrollValueForNewAndRenwal"/>
  <testcase name="verify_QAA_submission_witout_email" time="108.33" classname="com.LegacyApplication.ProductionTickets.TC057_CreateQAAsubmissionWithoutEmail"/>
  <testcase name="verify_priceIndicator_tab" time="27.617" classname="com.LegacyApplication.ProductionTickets.TC058_QCAhidePriceIndicatorTab"/>
  <testcase name="verify_additionaleligibility_qus" time="42.065" classname="com.LegacyApplication.ProductionTickets.TC059_QCAverifyAdditionalEligibilityQus"/>
  <testcase name="validate_claim_section" time="45.772" classname="com.LegacyApplication.ProductionTickets.TC060_QCAvalidateCliamSectionField"/>
  <testcase name="verify_affiliation_changes" time="11.415" classname="com.LegacyApplication.ProductionTickets.TC061_RegisterProducer_VerifyAffliationChanges"/>
  <testcase name="verify_bindingDoc_paymentOption" time="240.067" classname="com.LegacyApplication.ProductionTickets.TC062_VerifyBindingDocPaymentOption"/>
  <testcase name="verify_EditButton_ManageUser_AdminEnd" time="17.474" classname="com.LegacyApplication.ProductionTickets.TC066_EditButtononMangeUserAdminEnd"/>
  <testcase name="verify_BinidingDocfor_QNI" time="137.718" classname="com.LegacyApplication.ProductionTickets.TC067_VerifyBindingDoc_QNI"/>
  <testcase name="verify_rapid_bonds_verbage" time="27.902" classname="com.LegacyApplication.ProductionTickets.TC068_ValidateEZBondsVerbageUpdatedToRapidBonds"/>
  <testcase name="review_submissionStatus_SpecialAgency_AgencyFinance" time="290.635" classname="com.LegacyApplication.ProductionTickets.TC069_VerifyAvailabilityOfRenewalLetterOption"/>
=======
<testsuite hostname="ROC-RDEVWS07" ignored="21" name="Production Tickets Regression Test" tests="23" failures="0" timestamp="18 Dec 2018 09:00:32 GMT" time="818.167" errors="0">
  <testcase name="@AfterMethod afterMethod" time="0.034" classname="com.LegacyApplication.TestBase.TestBase">
    <failure type="org.openqa.selenium.UnhandledAlertException" message="unexpected alert open: {Alert text : Failed to retreive program states}
  (Session info: chrome=70.0.3538.102)
  (Driver info: chromedriver=2.42.591088 (7b2b2dca23cca0862f674758c9a3933e685c27d5),platform=Windows NT 10.0.14393 x86_64) (WARNING: The server did not provide any stacktrace information)
Command duration or timeout: 0 milliseconds: null
Build info: version: &amp;apos;3.14.0&amp;apos;, revision: &amp;apos;aacccce0&amp;apos;, time: &amp;apos;2018-08-02T20:19:58.91Z&amp;apos;
System info: host: &amp;apos;ROC-RDEVWS07&amp;apos;, ip: &amp;apos;10.31.42.222&amp;apos;, os.name: &amp;apos;Windows 10&amp;apos;, os.arch: &amp;apos;amd64&amp;apos;, os.version: &amp;apos;10.0&amp;apos;, java.version: &amp;apos;1.8.0_144&amp;apos;
Driver info: org.openqa.selenium.chrome.ChromeDriver
Capabilities {acceptInsecureCerts: false, acceptSslCerts: false, applicationCacheEnabled: false, browserConnectionEnabled: false, browserName: chrome, chrome: {chromedriverVersion: 2.42.591088 (7b2b2dca23cca0..., userDataDir: C:\Users\abelman\AppData\Lo...}, cssSelectorsEnabled: true, databaseEnabled: false, goog:chromeOptions: {debuggerAddress: localhost:15682}, handlesAlerts: true, hasTouchScreen: false, javascriptEnabled: true, locationContextEnabled: true, mobileEmulationEnabled: false, nativeEvents: true, networkConnectionEnabled: false, pageLoadStrategy: normal, platform: XP, platformName: XP, rotatable: false, setWindowRect: true, takesHeapSnapshot: true, takesScreenshot: true, unexpectedAlertBehaviour: accept, unhandledPromptBehavior: accept, version: 70.0.3538.102, webStorageEnabled: true}
Session ID: 6874a2cba4ff141eb4ff437835cf29c8">
      <![CDATA[org.openqa.selenium.UnhandledAlertException: unexpected alert open: {Alert text : Failed to retreive program states}
  (Session info: chrome=70.0.3538.102)
  (Driver info: chromedriver=2.42.591088 (7b2b2dca23cca0862f674758c9a3933e685c27d5),platform=Windows NT 10.0.14393 x86_64) (WARNING: The server did not provide any stacktrace information)
Command duration or timeout: 0 milliseconds: null
Build info: version: '3.14.0', revision: 'aacccce0', time: '2018-08-02T20:19:58.91Z'
System info: host: 'ROC-RDEVWS07', ip: '10.31.42.222', os.name: 'Windows 10', os.arch: 'amd64', os.version: '10.0', java.version: '1.8.0_144'
Driver info: org.openqa.selenium.chrome.ChromeDriver
Capabilities {acceptInsecureCerts: false, acceptSslCerts: false, applicationCacheEnabled: false, browserConnectionEnabled: false, browserName: chrome, chrome: {chromedriverVersion: 2.42.591088 (7b2b2dca23cca0..., userDataDir: C:\Users\abelman\AppData\Lo...}, cssSelectorsEnabled: true, databaseEnabled: false, goog:chromeOptions: {debuggerAddress: localhost:15682}, handlesAlerts: true, hasTouchScreen: false, javascriptEnabled: true, locationContextEnabled: true, mobileEmulationEnabled: false, nativeEvents: true, networkConnectionEnabled: false, pageLoadStrategy: normal, platform: XP, platformName: XP, rotatable: false, setWindowRect: true, takesHeapSnapshot: true, takesScreenshot: true, unexpectedAlertBehaviour: accept, unhandledPromptBehavior: accept, version: 70.0.3538.102, webStorageEnabled: true}
Session ID: 6874a2cba4ff141eb4ff437835cf29c8
at org.openqa.selenium.remote.ErrorHandler.createThrowable(ErrorHandler.java:214)
at org.openqa.selenium.remote.ErrorHandler.throwIfResponseFailed(ErrorHandler.java:172)
at org.openqa.selenium.remote.http.JsonHttpResponseCodec.reconstructValue(JsonHttpResponseCodec.java:40)
at org.openqa.selenium.remote.http.AbstractHttpResponseCodec.decode(AbstractHttpResponseCodec.java:80)
at org.openqa.selenium.remote.http.AbstractHttpResponseCodec.decode(AbstractHttpResponseCodec.java:44)
at org.openqa.selenium.remote.HttpCommandExecutor.execute(HttpCommandExecutor.java:158)
at org.openqa.selenium.remote.service.DriverCommandExecutor.execute(DriverCommandExecutor.java:83)
at org.openqa.selenium.remote.RemoteWebDriver.execute(RemoteWebDriver.java:548)
at org.openqa.selenium.remote.RemoteWebDriver.execute(RemoteWebDriver.java:605)
at org.openqa.selenium.remote.RemoteWebDriver.getScreenshotAs(RemoteWebDriver.java:294)
at com.LegacyApplication.TestBase.TestBase.capture_screen(TestBase.java:362)
at com.LegacyApplication.TestBase.TestBase.get_result(TestBase.java:411)
at com.LegacyApplication.TestBase.TestBase.afterMethod(TestBase.java:447)
... Removed 32 stack frames]]>
    </failure>
  </testcase> <!-- @AfterMethod afterMethod -->
  <testcase name="@BeforeMethod setup" time="0.0" classname="com.LegacyApplication.TestBase.TestBase">
    <skipped/>
  </testcase> <!-- @BeforeMethod setup -->
  <testcase name="@AfterMethod afterMethod" time="0.0" classname="com.LegacyApplication.TestBase.TestBase">
    <skipped/>
  </testcase> <!-- @AfterMethod afterMethod -->
  <testcase name="@BeforeMethod setup" time="0.0" classname="com.LegacyApplication.TestBase.TestBase">
    <skipped/>
  </testcase> <!-- @BeforeMethod setup -->
  <testcase name="@AfterMethod afterMethod" time="0.0" classname="com.LegacyApplication.TestBase.TestBase">
    <skipped/>
  </testcase> <!-- @AfterMethod afterMethod -->
  <testcase name="@BeforeMethod setup" time="0.0" classname="com.LegacyApplication.TestBase.TestBase">
    <skipped/>
  </testcase> <!-- @BeforeMethod setup -->
  <testcase name="@AfterMethod afterMethod" time="0.0" classname="com.LegacyApplication.TestBase.TestBase">
    <skipped/>
  </testcase> <!-- @AfterMethod afterMethod -->
  <testcase name="@BeforeMethod setup" time="0.0" classname="com.LegacyApplication.TestBase.TestBase">
    <skipped/>
  </testcase> <!-- @BeforeMethod setup -->
  <testcase name="@AfterMethod afterMethod" time="0.0" classname="com.LegacyApplication.TestBase.TestBase">
    <skipped/>
  </testcase> <!-- @AfterMethod afterMethod -->
  <testcase name="@BeforeMethod setup" time="0.0" classname="com.LegacyApplication.TestBase.TestBase">
    <skipped/>
  </testcase> <!-- @BeforeMethod setup -->
  <testcase name="@AfterMethod afterMethod" time="0.0" classname="com.LegacyApplication.TestBase.TestBase">
    <skipped/>
  </testcase> <!-- @AfterMethod afterMethod -->
  <testcase name="@BeforeMethod setup" time="0.0" classname="com.LegacyApplication.TestBase.TestBase">
    <skipped/>
  </testcase> <!-- @BeforeMethod setup -->
  <testcase name="@AfterMethod afterMethod" time="0.0" classname="com.LegacyApplication.TestBase.TestBase">
    <skipped/>
  </testcase> <!-- @AfterMethod afterMethod -->
  <testcase name="@BeforeMethod setup" time="0.0" classname="com.LegacyApplication.TestBase.TestBase">
    <skipped/>
  </testcase> <!-- @BeforeMethod setup -->
  <testcase name="@AfterMethod afterMethod" time="0.0" classname="com.LegacyApplication.TestBase.TestBase">
    <skipped/>
  </testcase> <!-- @AfterMethod afterMethod -->
  <testcase name="@BeforeMethod setup" time="0.0" classname="com.LegacyApplication.TestBase.TestBase">
    <skipped/>
  </testcase> <!-- @BeforeMethod setup -->
  <testcase name="@AfterMethod afterMethod" time="0.0" classname="com.LegacyApplication.TestBase.TestBase">
    <skipped/>
  </testcase> <!-- @AfterMethod afterMethod -->
  <testcase name="@BeforeMethod setup" time="0.0" classname="com.LegacyApplication.TestBase.TestBase">
    <skipped/>
  </testcase> <!-- @BeforeMethod setup -->
  <testcase name="@AfterMethod afterMethod" time="0.0" classname="com.LegacyApplication.TestBase.TestBase">
    <skipped/>
  </testcase> <!-- @AfterMethod afterMethod -->
  <testcase name="@BeforeMethod setup" time="0.0" classname="com.LegacyApplication.TestBase.TestBase">
    <skipped/>
  </testcase> <!-- @BeforeMethod setup -->
  <testcase name="@AfterMethod afterMethod" time="0.0" classname="com.LegacyApplication.TestBase.TestBase">
    <skipped/>
  </testcase> <!-- @AfterMethod afterMethod -->
  <testcase name="@BeforeMethod setup" time="0.0" classname="com.LegacyApplication.TestBase.TestBase">
    <skipped/>
  </testcase> <!-- @BeforeMethod setup -->
  <testcase name="@AfterMethod afterMethod" time="0.0" classname="com.LegacyApplication.TestBase.TestBase">
    <skipped/>
  </testcase> <!-- @AfterMethod afterMethod -->
  <testcase name="@BeforeMethod setup" time="0.0" classname="com.LegacyApplication.TestBase.TestBase">
    <skipped/>
  </testcase> <!-- @BeforeMethod setup -->
  <testcase name="@AfterMethod afterMethod" time="0.0" classname="com.LegacyApplication.TestBase.TestBase">
    <skipped/>
  </testcase> <!-- @AfterMethod afterMethod -->
  <testcase name="@BeforeMethod setup" time="0.0" classname="com.LegacyApplication.TestBase.TestBase">
    <skipped/>
  </testcase> <!-- @BeforeMethod setup -->
  <testcase name="@AfterMethod afterMethod" time="0.0" classname="com.LegacyApplication.TestBase.TestBase">
    <skipped/>
  </testcase> <!-- @AfterMethod afterMethod -->
  <testcase name="@BeforeMethod setup" time="0.0" classname="com.LegacyApplication.TestBase.TestBase">
    <skipped/>
  </testcase> <!-- @BeforeMethod setup -->
  <testcase name="@AfterMethod afterMethod" time="0.0" classname="com.LegacyApplication.TestBase.TestBase">
    <skipped/>
  </testcase> <!-- @AfterMethod afterMethod -->
  <testcase name="@BeforeMethod setup" time="0.0" classname="com.LegacyApplication.TestBase.TestBase">
    <skipped/>
  </testcase> <!-- @BeforeMethod setup -->
  <testcase name="@AfterMethod afterMethod" time="0.0" classname="com.LegacyApplication.TestBase.TestBase">
    <skipped/>
  </testcase> <!-- @AfterMethod afterMethod -->
  <testcase name="@BeforeMethod setup" time="0.0" classname="com.LegacyApplication.TestBase.TestBase">
    <skipped/>
  </testcase> <!-- @BeforeMethod setup -->
  <testcase name="@AfterMethod afterMethod" time="0.0" classname="com.LegacyApplication.TestBase.TestBase">
    <skipped/>
  </testcase> <!-- @AfterMethod afterMethod -->
  <testcase name="@BeforeMethod setup" time="0.0" classname="com.LegacyApplication.TestBase.TestBase">
    <skipped/>
  </testcase> <!-- @BeforeMethod setup -->
  <testcase name="@AfterMethod afterMethod" time="0.0" classname="com.LegacyApplication.TestBase.TestBase">
    <skipped/>
  </testcase> <!-- @AfterMethod afterMethod -->
  <testcase name="@BeforeMethod setup" time="0.0" classname="com.LegacyApplication.TestBase.TestBase">
    <skipped/>
  </testcase> <!-- @BeforeMethod setup -->
  <testcase name="@AfterMethod afterMethod" time="0.0" classname="com.LegacyApplication.TestBase.TestBase">
    <skipped/>
  </testcase> <!-- @AfterMethod afterMethod -->
  <testcase name="@AfterTest teardown" time="0.0" classname="com.LegacyApplication.TestBase.TestBase">
    <skipped/>
  </testcase> <!-- @AfterTest teardown -->
  <testcase name="verify_additional_insured_request" time="243.251" classname="com.LegacyApplication.ProductionTickets.TC026_VerifyAdditionalInsuredRequest"/>
  <testcase name="verify_make_payment_option" time="262.446" classname="com.LegacyApplication.ProductionTickets.TC027_VerifyMakeaPaymentOption"/>
  <testcase name="validate_emailaddress_field" time="22.285" classname="com.LegacyApplication.ProductionTickets.TC028_VerifyVictoryExpressEmailAddress"/>
  <testcase name="verify_effectiveDate_in_InspectionRemider" time="226.021" classname="com.LegacyApplication.ProductionTickets.TC029_VerifyEffectiveDateInInspectionReminder"/>
  <testcase name="verify_fraud_warning_in_QNI" time="54.123" classname="com.LegacyApplication.ProductionTickets.TC030_VerifyFraudWarninginQNIApplication">
    <skipped/>
  </testcase> <!-- verify_fraud_warning_in_QNI -->
  <testcase name="verify_fraud_warning_in_QNI" time="0.0" classname="com.LegacyApplication.ProductionTickets.TC030_VerifyFraudWarninginQNIApplication">
    <skipped/>
  </testcase> <!-- verify_fraud_warning_in_QNI -->
  <testcase name="verify_victory_express_approval" time="0.0" classname="com.LegacyApplication.ProductionTickets.TC031_VerifyVictoryExpressApproval">
    <skipped/>
  </testcase> <!-- verify_victory_express_approval -->
  <testcase name="verify_GABR_update_referralcountiesand_logic" time="0.0" classname="com.LegacyApplication.ProductionTickets.TC032_VerifyGABRUpdateReferralCountiesAndLogic">
    <skipped/>
  </testcase> <!-- verify_GABR_update_referralcountiesand_logic -->
  <testcase name="verify_running_outofpolicynumbers_QES" time="0.0" classname="com.LegacyApplication.ProductionTickets.TC037_GLVerifyTheftProtectionField">
    <skipped/>
  </testcase> <!-- verify_running_outofpolicynumbers_QES -->
  <testcase name="verify_toughcomp_availability" time="0.0" classname="com.LegacyApplication.ProductionTickets.TC039_VerifyToughCompAvailability">
    <skipped/>
  </testcase> <!-- verify_toughcomp_availability -->
  <testcase name="verify_shiftpixy_availability" time="0.0" classname="com.LegacyApplication.ProductionTickets.TC040_VerifyWCShiftPixyAvailability">
    <skipped/>
  </testcase> <!-- verify_shiftpixy_availability -->
  <testcase name="create_KraftLakeWholesaler_submission" time="0.0" classname="com.LegacyApplication.ProductionTickets.TC041_CreatingKraftLakeWholesalerGLSubmission">
    <skipped/>
  </testcase> <!-- create_KraftLakeWholesaler_submission -->
  <testcase name="verify_GL_totalPayroll" time="0.0" classname="com.LegacyApplication.ProductionTickets.TC042_VerifyGLTotalPayrollValueForNewAndRenwal">
    <skipped/>
  </testcase> <!-- verify_GL_totalPayroll -->
  <testcase name="verify_QAA_submission_witout_email" time="0.0" classname="com.LegacyApplication.ProductionTickets.TC057_CreateQAAsubmissionWithoutEmail">
    <skipped/>
  </testcase> <!-- verify_QAA_submission_witout_email -->
  <testcase name="verify_priceIndicator_tab" time="0.0" classname="com.LegacyApplication.ProductionTickets.TC058_QCAhidePriceIndicatorTab">
    <skipped/>
  </testcase> <!-- verify_priceIndicator_tab -->
  <testcase name="verify_additionaleligibility_qus" time="0.0" classname="com.LegacyApplication.ProductionTickets.TC059_QCAverifyAdditionalEligibilityQus">
    <skipped/>
  </testcase> <!-- verify_additionaleligibility_qus -->
  <testcase name="validate_claim_section" time="0.0" classname="com.LegacyApplication.ProductionTickets.TC060_QCAvalidateCliamSectionField">
    <skipped/>
  </testcase> <!-- validate_claim_section -->
  <testcase name="verify_affiliation_changes" time="0.0" classname="com.LegacyApplication.ProductionTickets.TC061_RegisterProducer_VerifyAffliationChanges">
    <skipped/>
  </testcase> <!-- verify_affiliation_changes -->
  <testcase name="verify_bindingDoc_paymentOption" time="0.0" classname="com.LegacyApplication.ProductionTickets.TC062_VerifyBindingDocPaymentOption">
    <skipped/>
  </testcase> <!-- verify_bindingDoc_paymentOption -->
  <testcase name="verify_EditButton_ManageUser_AdminEnd" time="0.0" classname="com.LegacyApplication.ProductionTickets.TC066_EditButtononMangeUserAdminEnd">
    <skipped/>
  </testcase> <!-- verify_EditButton_ManageUser_AdminEnd -->
  <testcase name="verify_BinidingDocfor_QNI" time="0.0" classname="com.LegacyApplication.ProductionTickets.TC067_VerifyBindingDoc_QNI">
    <skipped/>
  </testcase> <!-- verify_BinidingDocfor_QNI -->
  <testcase name="verify_rapid_bonds_verbage" time="0.0" classname="com.LegacyApplication.ProductionTickets.TC068_ValidateEZBondsVerbageUpdatedToRapidBonds">
    <skipped/>
  </testcase> <!-- verify_rapid_bonds_verbage -->
  <testcase name="review_submissionStatus_SpecialAgency_AgencyFinance" time="0.0" classname="com.LegacyApplication.ProductionTickets.TC069_VerifyAvailabilityOfRenewalLetterOption">
    <skipped/>
  </testcase> <!-- review_submissionStatus_SpecialAgency_AgencyFinance -->
>>>>>>> 1e4144cfa49c5a2d36581fa3d56bc9f96d6659bc
  <testcase name="@AfterTest teardown" time="0.0" classname="com.LegacyApplication.TestBase.TestBase">
    <ignored/>
  </testcase> <!-- @AfterTest teardown -->
  <testcase name="@AfterTest teardown" time="0.0" classname="com.LegacyApplication.TestBase.TestBase">
    <ignored/>
  </testcase> <!-- @AfterTest teardown -->
  <testcase name="@AfterTest teardown" time="0.0" classname="com.LegacyApplication.TestBase.TestBase">
    <ignored/>
  </testcase> <!-- @AfterTest teardown -->
  <testcase name="@AfterTest teardown" time="0.0" classname="com.LegacyApplication.TestBase.TestBase">
    <ignored/>
  </testcase> <!-- @AfterTest teardown -->
  <testcase name="@AfterTest teardown" time="0.0" classname="com.LegacyApplication.TestBase.TestBase">
    <ignored/>
  </testcase> <!-- @AfterTest teardown -->
  <testcase name="@AfterTest teardown" time="0.0" classname="com.LegacyApplication.TestBase.TestBase">
    <ignored/>
  </testcase> <!-- @AfterTest teardown -->
  <testcase name="@AfterTest teardown" time="0.0" classname="com.LegacyApplication.TestBase.TestBase">
    <ignored/>
  </testcase> <!-- @AfterTest teardown -->
  <testcase name="@AfterTest teardown" time="0.0" classname="com.LegacyApplication.TestBase.TestBase">
    <ignored/>
  </testcase> <!-- @AfterTest teardown -->
  <testcase name="@AfterTest teardown" time="0.0" classname="com.LegacyApplication.TestBase.TestBase">
    <ignored/>
  </testcase> <!-- @AfterTest teardown -->
  <testcase name="@AfterTest teardown" time="0.0" classname="com.LegacyApplication.TestBase.TestBase">
    <ignored/>
  </testcase> <!-- @AfterTest teardown -->
  <testcase name="@AfterTest teardown" time="0.0" classname="com.LegacyApplication.TestBase.TestBase">
    <ignored/>
  </testcase> <!-- @AfterTest teardown -->
  <testcase name="@AfterTest teardown" time="0.0" classname="com.LegacyApplication.TestBase.TestBase">
    <ignored/>
  </testcase> <!-- @AfterTest teardown -->
  <testcase name="@AfterTest teardown" time="0.0" classname="com.LegacyApplication.TestBase.TestBase">
    <ignored/>
  </testcase> <!-- @AfterTest teardown -->
  <testcase name="@AfterTest teardown" time="0.0" classname="com.LegacyApplication.TestBase.TestBase">
    <ignored/>
  </testcase> <!-- @AfterTest teardown -->
  <testcase name="@AfterTest teardown" time="0.0" classname="com.LegacyApplication.TestBase.TestBase">
    <ignored/>
  </testcase> <!-- @AfterTest teardown -->
  <testcase name="@AfterTest teardown" time="0.0" classname="com.LegacyApplication.TestBase.TestBase">
    <ignored/>
  </testcase> <!-- @AfterTest teardown -->
  <testcase name="@AfterTest teardown" time="0.0" classname="com.LegacyApplication.TestBase.TestBase">
    <ignored/>
  </testcase> <!-- @AfterTest teardown -->
  <testcase name="@AfterTest teardown" time="0.0" classname="com.LegacyApplication.TestBase.TestBase">
    <ignored/>
  </testcase> <!-- @AfterTest teardown -->
  <testcase name="@AfterTest teardown" time="0.0" classname="com.LegacyApplication.TestBase.TestBase">
    <ignored/>
  </testcase> <!-- @AfterTest teardown -->
  <testcase name="@AfterTest teardown" time="0.0" classname="com.LegacyApplication.TestBase.TestBase">
    <ignored/>
  </testcase> <!-- @AfterTest teardown -->
  <testcase name="@AfterTest teardown" time="0.0" classname="com.LegacyApplication.TestBase.TestBase">
    <ignored/>
  </testcase> <!-- @AfterTest teardown -->
</testsuite> <!-- Production Tickets Regression Test -->
