<?xml version="1.0" encoding="UTF-8"?>
<!-- Generated by org.testng.reporters.JUnitXMLReporter -->
<<<<<<< HEAD
<testsuite hostname="MCC-TESTPC" ignored="9" name="Regression Issues Regression Test" tests="16" failures="3" timestamp="11 Dec 2018 06:10:19 GMT" time="1368.17" errors="0">
  <testcase name="verify_expirationdate_field" time="34.836" classname="com.LegacyApplication.RegressionIssues.TC043_ValidateAgencyExpirationDateField"/>
  <testcase name="verify_add_new_masterAgency" time="18.99" classname="com.LegacyApplication.RegressionIssues.TC044_VerifyAddingNewMasterAgency"/>
  <testcase name="createQCA" time="160.802" classname="com.LegacyApplication.RegressionIssues.TC048_VerifyVictoryCommercialAuto"/>
  <testcase name="AgencyManiMenuTkts_Marketing_Link" time="22.199" classname="com.LegacyApplication.RegressionIssues.TC049_VerifyAgencyMainMenuTkt"/>
  <testcase name="applicationpage_QCA" time="37.172" classname="com.LegacyApplication.RegressionIssues.TC050_VerifyApplicationpage_QCA"/>
  <testcase name="applicationpage_VIN_Validation_QCA" time="71.921" classname="com.LegacyApplication.RegressionIssues.TC051_VerifyApplicationpage_VIN_validation"/>
  <testcase name="verify_zipcode_IM" time="41.65" classname="com.LegacyApplication.RegressionIssues.TC052_VerifyZipCodeWhileFilling_IM_QNI"/>
  <testcase name="verify_GABR_UnderWriterCheckListError_fromAdmin" time="106.343" classname="com.LegacyApplication.RegressionIssues.TC053_VerifyUnderwriterChecklistError_GABR">
    <skipped/>
  </testcase> <!-- verify_GABR_UnderWriterCheckListError_fromAdmin -->
  <testcase name="verify_GABR_UnderWriterCheckListError_fromAdmin" time="105.971" classname="com.LegacyApplication.RegressionIssues.TC053_VerifyUnderwriterChecklistError_GABR">
    <skipped/>
  </testcase> <!-- verify_GABR_UnderWriterCheckListError_fromAdmin -->
  <testcase name="verify_GABR_UnderWriterCheckListError_fromAdmin" time="107.787" classname="com.LegacyApplication.RegressionIssues.TC053_VerifyUnderwriterChecklistError_GABR">
    <failure type="org.openqa.selenium.TimeoutException" message="Expected condition failed: waiting for visibility of [[ChromeDriver: chrome on XP (ee136d51f9bda345309f3b7e70b24cc6)] -&amp;gt; xpath: //input[@id=&amp;apos;btnSubmit&amp;apos;]] (tried for 30 second(s) with 500 milliseconds interval)
=======
<testsuite hostname="ROC-RDEVWS07" ignored="9" name="Regression Issues Regression Test" tests="14" failures="2" timestamp="18 Dec 2018 09:21:07 GMT" time="1235.097" errors="0">
  <testcase name="verify_expirationdate_field" time="38.896" classname="com.LegacyApplication.RegressionIssues.TC043_ValidateAgencyExpirationDateField"/>
  <testcase name="verify_add_new_masterAgency" time="21.83" classname="com.LegacyApplication.RegressionIssues.TC044_VerifyAddingNewMasterAgency"/>
  <testcase name="createQCA" time="183.891" classname="com.LegacyApplication.RegressionIssues.TC048_VerifyVictoryCommercialAuto"/>
  <testcase name="AgencyManiMenuTkts_Marketing_Link" time="22.914" classname="com.LegacyApplication.RegressionIssues.TC049_VerifyAgencyMainMenuTkt"/>
  <testcase name="applicationpage_QCA" time="41.24" classname="com.LegacyApplication.RegressionIssues.TC050_VerifyApplicationpage_QCA"/>
  <testcase name="applicationpage_VIN_Validation_QCA" time="82.228" classname="com.LegacyApplication.RegressionIssues.TC051_VerifyApplicationpage_VIN_validation"/>
  <testcase name="verify_zipcode_IM" time="48.732" classname="com.LegacyApplication.RegressionIssues.TC052_VerifyZipCodeWhileFilling_IM_QNI"/>
  <testcase name="verify_GABR_UnderWriterCheckListError_fromAdmin" time="119.206" classname="com.LegacyApplication.RegressionIssues.TC053_VerifyUnderwriterChecklistError_GABR"/>
  <testcase name="verify_GABR_submissionAcceptsInvalidZips" time="112.484" classname="com.LegacyApplication.RegressionIssues.TC054_VerifyGABRAcceptInvalid_ZIP">
    <skipped/>
  </testcase> <!-- verify_GABR_submissionAcceptsInvalidZips -->
  <testcase name="verify_GABR_submissionAcceptsInvalidZips" time="110.404" classname="com.LegacyApplication.RegressionIssues.TC054_VerifyGABRAcceptInvalid_ZIP">
    <skipped/>
  </testcase> <!-- verify_GABR_submissionAcceptsInvalidZips -->
  <testcase name="verify_GABR_submissionAcceptsInvalidZips" time="109.048" classname="com.LegacyApplication.RegressionIssues.TC054_VerifyGABRAcceptInvalid_ZIP">
    <failure type="org.openqa.selenium.TimeoutException" message="Expected condition failed: waiting for visibility of [[ChromeDriver: chrome on XP (de39ac018a3576f22520ecfc0a56c2f9)] -&amp;gt; xpath: //input[@id=&amp;apos;btnSubmit&amp;apos;]] (tried for 30 second(s) with 500 milliseconds interval)
>>>>>>> 1e4144cfa49c5a2d36581fa3d56bc9f96d6659bc
Build info: version: &amp;apos;3.14.0&amp;apos;, revision: &amp;apos;aacccce0&amp;apos;, time: &amp;apos;2018-08-02T20:19:58.91Z&amp;apos;
System info: host: &amp;apos;MCC-TESTPC&amp;apos;, ip: &amp;apos;10.31.47.30&amp;apos;, os.name: &amp;apos;Windows 10&amp;apos;, os.arch: &amp;apos;amd64&amp;apos;, os.version: &amp;apos;10.0&amp;apos;, java.version: &amp;apos;1.8.0_131&amp;apos;
Driver info: org.openqa.selenium.chrome.ChromeDriver
<<<<<<< HEAD
Capabilities {acceptInsecureCerts: false, acceptSslCerts: false, applicationCacheEnabled: false, browserConnectionEnabled: false, browserName: chrome, chrome: {chromedriverVersion: 2.42.591088 (7b2b2dca23cca0..., userDataDir: C:\Users\dhuynh\AppData\Loc...}, cssSelectorsEnabled: true, databaseEnabled: false, goog:chromeOptions: {debuggerAddress: localhost:58579}, handlesAlerts: true, hasTouchScreen: false, javascriptEnabled: true, locationContextEnabled: true, mobileEmulationEnabled: false, nativeEvents: true, networkConnectionEnabled: false, pageLoadStrategy: normal, platform: XP, platformName: XP, rotatable: false, setWindowRect: true, takesHeapSnapshot: true, takesScreenshot: true, unexpectedAlertBehaviour: accept, unhandledPromptBehavior: accept, version: 70.0.3538.110, webStorageEnabled: true}
Session ID: ee136d51f9bda345309f3b7e70b24cc6">
      <![CDATA[org.openqa.selenium.TimeoutException: Expected condition failed: waiting for visibility of [[ChromeDriver: chrome on XP (ee136d51f9bda345309f3b7e70b24cc6)] -> xpath: //input[@id='btnSubmit']] (tried for 30 second(s) with 500 milliseconds interval)
=======
Capabilities {acceptInsecureCerts: false, acceptSslCerts: false, applicationCacheEnabled: false, browserConnectionEnabled: false, browserName: chrome, chrome: {chromedriverVersion: 2.42.591088 (7b2b2dca23cca0..., userDataDir: C:\Users\abelman\AppData\Lo...}, cssSelectorsEnabled: true, databaseEnabled: false, goog:chromeOptions: {debuggerAddress: localhost:16323}, handlesAlerts: true, hasTouchScreen: false, javascriptEnabled: true, locationContextEnabled: true, mobileEmulationEnabled: false, nativeEvents: true, networkConnectionEnabled: false, pageLoadStrategy: normal, platform: XP, platformName: XP, rotatable: false, setWindowRect: true, takesHeapSnapshot: true, takesScreenshot: true, unexpectedAlertBehaviour: accept, unhandledPromptBehavior: accept, version: 70.0.3538.102, webStorageEnabled: true}
Session ID: de39ac018a3576f22520ecfc0a56c2f9">
      <![CDATA[org.openqa.selenium.TimeoutException: Expected condition failed: waiting for visibility of [[ChromeDriver: chrome on XP (de39ac018a3576f22520ecfc0a56c2f9)] -> xpath: //input[@id='btnSubmit']] (tried for 30 second(s) with 500 milliseconds interval)
>>>>>>> 1e4144cfa49c5a2d36581fa3d56bc9f96d6659bc
Build info: version: '3.14.0', revision: 'aacccce0', time: '2018-08-02T20:19:58.91Z'
System info: host: 'MCC-TESTPC', ip: '10.31.47.30', os.name: 'Windows 10', os.arch: 'amd64', os.version: '10.0', java.version: '1.8.0_131'
Driver info: org.openqa.selenium.chrome.ChromeDriver
<<<<<<< HEAD
Capabilities {acceptInsecureCerts: false, acceptSslCerts: false, applicationCacheEnabled: false, browserConnectionEnabled: false, browserName: chrome, chrome: {chromedriverVersion: 2.42.591088 (7b2b2dca23cca0..., userDataDir: C:\Users\dhuynh\AppData\Loc...}, cssSelectorsEnabled: true, databaseEnabled: false, goog:chromeOptions: {debuggerAddress: localhost:58579}, handlesAlerts: true, hasTouchScreen: false, javascriptEnabled: true, locationContextEnabled: true, mobileEmulationEnabled: false, nativeEvents: true, networkConnectionEnabled: false, pageLoadStrategy: normal, platform: XP, platformName: XP, rotatable: false, setWindowRect: true, takesHeapSnapshot: true, takesScreenshot: true, unexpectedAlertBehaviour: accept, unhandledPromptBehavior: accept, version: 70.0.3538.110, webStorageEnabled: true}
Session ID: ee136d51f9bda345309f3b7e70b24cc6
=======
Capabilities {acceptInsecureCerts: false, acceptSslCerts: false, applicationCacheEnabled: false, browserConnectionEnabled: false, browserName: chrome, chrome: {chromedriverVersion: 2.42.591088 (7b2b2dca23cca0..., userDataDir: C:\Users\abelman\AppData\Lo...}, cssSelectorsEnabled: true, databaseEnabled: false, goog:chromeOptions: {debuggerAddress: localhost:16323}, handlesAlerts: true, hasTouchScreen: false, javascriptEnabled: true, locationContextEnabled: true, mobileEmulationEnabled: false, nativeEvents: true, networkConnectionEnabled: false, pageLoadStrategy: normal, platform: XP, platformName: XP, rotatable: false, setWindowRect: true, takesHeapSnapshot: true, takesScreenshot: true, unexpectedAlertBehaviour: accept, unhandledPromptBehavior: accept, version: 70.0.3538.102, webStorageEnabled: true}
Session ID: de39ac018a3576f22520ecfc0a56c2f9
>>>>>>> 1e4144cfa49c5a2d36581fa3d56bc9f96d6659bc
at org.openqa.selenium.support.ui.WebDriverWait.timeoutException(WebDriverWait.java:113)
at org.openqa.selenium.support.ui.FluentWait.until(FluentWait.java:283)
at com.LegacyApplication.Utilities.WaitMethods.wait_for_element_present(WaitMethods.java:39)
at com.LegacyApplication.Utilities.GenericMethods.click_Element_Using_JS(GenericMethods.java:142)
at com.LegacyApplication.PageMethods.BuildersRiskMethods.clickon_finalReviewSubmit_toSubmitSubmission(BuildersRiskMethods.java:283)
<<<<<<< HEAD
at com.LegacyApplication.RegressionIssues.TC053_VerifyUnderwriterChecklistError_GABR.verify_GABR_UnderWriterCheckListError_fromAdmin(TC053_VerifyUnderwriterChecklistError_GABR.java:44)
... Removed 25 stack frames]]>
    </failure>
  </testcase> <!-- verify_GABR_UnderWriterCheckListError_fromAdmin -->
  <testcase name="verify_GABR_submissionAcceptsInvalidZips" time="106.697" classname="com.LegacyApplication.RegressionIssues.TC054_VerifyGABRAcceptInvalid_ZIP">
    <skipped/>
  </testcase> <!-- verify_GABR_submissionAcceptsInvalidZips -->
  <testcase name="verify_GABR_submissionAcceptsInvalidZips" time="107.058" classname="com.LegacyApplication.RegressionIssues.TC054_VerifyGABRAcceptInvalid_ZIP">
    <skipped/>
  </testcase> <!-- verify_GABR_submissionAcceptsInvalidZips -->
  <testcase name="verify_GABR_submissionAcceptsInvalidZips" time="105.847" classname="com.LegacyApplication.RegressionIssues.TC054_VerifyGABRAcceptInvalid_ZIP">
    <failure type="org.openqa.selenium.TimeoutException" message="Expected condition failed: waiting for visibility of [[ChromeDriver: chrome on XP (406bc50724dbe8b61c06c51bc2c8f035)] -&amp;gt; xpath: //input[@id=&amp;apos;btnSubmit&amp;apos;]] (tried for 30 second(s) with 500 milliseconds interval)
Build info: version: &amp;apos;3.14.0&amp;apos;, revision: &amp;apos;aacccce0&amp;apos;, time: &amp;apos;2018-08-02T20:19:58.91Z&amp;apos;
System info: host: &amp;apos;MCC-TESTPC&amp;apos;, ip: &amp;apos;10.31.47.30&amp;apos;, os.name: &amp;apos;Windows 10&amp;apos;, os.arch: &amp;apos;amd64&amp;apos;, os.version: &amp;apos;10.0&amp;apos;, java.version: &amp;apos;1.8.0_131&amp;apos;
Driver info: org.openqa.selenium.chrome.ChromeDriver
Capabilities {acceptInsecureCerts: false, acceptSslCerts: false, applicationCacheEnabled: false, browserConnectionEnabled: false, browserName: chrome, chrome: {chromedriverVersion: 2.42.591088 (7b2b2dca23cca0..., userDataDir: C:\Users\dhuynh\AppData\Loc...}, cssSelectorsEnabled: true, databaseEnabled: false, goog:chromeOptions: {debuggerAddress: localhost:58759}, handlesAlerts: true, hasTouchScreen: false, javascriptEnabled: true, locationContextEnabled: true, mobileEmulationEnabled: false, nativeEvents: true, networkConnectionEnabled: false, pageLoadStrategy: normal, platform: XP, platformName: XP, rotatable: false, setWindowRect: true, takesHeapSnapshot: true, takesScreenshot: true, unexpectedAlertBehaviour: accept, unhandledPromptBehavior: accept, version: 70.0.3538.110, webStorageEnabled: true}
Session ID: 406bc50724dbe8b61c06c51bc2c8f035">
      <![CDATA[org.openqa.selenium.TimeoutException: Expected condition failed: waiting for visibility of [[ChromeDriver: chrome on XP (406bc50724dbe8b61c06c51bc2c8f035)] -> xpath: //input[@id='btnSubmit']] (tried for 30 second(s) with 500 milliseconds interval)
Build info: version: '3.14.0', revision: 'aacccce0', time: '2018-08-02T20:19:58.91Z'
System info: host: 'MCC-TESTPC', ip: '10.31.47.30', os.name: 'Windows 10', os.arch: 'amd64', os.version: '10.0', java.version: '1.8.0_131'
Driver info: org.openqa.selenium.chrome.ChromeDriver
Capabilities {acceptInsecureCerts: false, acceptSslCerts: false, applicationCacheEnabled: false, browserConnectionEnabled: false, browserName: chrome, chrome: {chromedriverVersion: 2.42.591088 (7b2b2dca23cca0..., userDataDir: C:\Users\dhuynh\AppData\Loc...}, cssSelectorsEnabled: true, databaseEnabled: false, goog:chromeOptions: {debuggerAddress: localhost:58759}, handlesAlerts: true, hasTouchScreen: false, javascriptEnabled: true, locationContextEnabled: true, mobileEmulationEnabled: false, nativeEvents: true, networkConnectionEnabled: false, pageLoadStrategy: normal, platform: XP, platformName: XP, rotatable: false, setWindowRect: true, takesHeapSnapshot: true, takesScreenshot: true, unexpectedAlertBehaviour: accept, unhandledPromptBehavior: accept, version: 70.0.3538.110, webStorageEnabled: true}
Session ID: 406bc50724dbe8b61c06c51bc2c8f035
at org.openqa.selenium.support.ui.WebDriverWait.timeoutException(WebDriverWait.java:113)
at org.openqa.selenium.support.ui.FluentWait.until(FluentWait.java:283)
at com.LegacyApplication.Utilities.WaitMethods.wait_for_element_present(WaitMethods.java:39)
at com.LegacyApplication.Utilities.GenericMethods.click_Element_Using_JS(GenericMethods.java:142)
at com.LegacyApplication.PageMethods.BuildersRiskMethods.clickon_finalReviewSubmit_toSubmitSubmission(BuildersRiskMethods.java:283)
at com.LegacyApplication.RegressionIssues.TC054_VerifyGABRAcceptInvalid_ZIP.verify_GABR_submissionAcceptsInvalidZips(TC054_VerifyGABRAcceptInvalid_ZIP.java:42)
... Removed 25 stack frames]]>
    </failure>
  </testcase> <!-- verify_GABR_submissionAcceptsInvalidZips -->
  <testcase name="verify_GABR_submissionRenewalLetterError" time="102.291" classname="com.LegacyApplication.RegressionIssues.TC055_VerifyGABR_RenewalLetter">
    <skipped/>
  </testcase> <!-- verify_GABR_submissionRenewalLetterError -->
  <testcase name="verify_GABR_submissionRenewalLetterError" time="102.633" classname="com.LegacyApplication.RegressionIssues.TC055_VerifyGABR_RenewalLetter">
    <skipped/>
  </testcase> <!-- verify_GABR_submissionRenewalLetterError -->
  <testcase name="verify_GABR_submissionRenewalLetterError" time="105.575" classname="com.LegacyApplication.RegressionIssues.TC055_VerifyGABR_RenewalLetter">
    <failure type="org.openqa.selenium.TimeoutException" message="Expected condition failed: waiting for visibility of [[ChromeDriver: chrome on XP (312d42cc319c7e3f154b65a67566f00a)] -&amp;gt; xpath: //input[@id=&amp;apos;btnSubmit&amp;apos;]] (tried for 30 second(s) with 500 milliseconds interval)
Build info: version: &amp;apos;3.14.0&amp;apos;, revision: &amp;apos;aacccce0&amp;apos;, time: &amp;apos;2018-08-02T20:19:58.91Z&amp;apos;
System info: host: &amp;apos;MCC-TESTPC&amp;apos;, ip: &amp;apos;10.31.47.30&amp;apos;, os.name: &amp;apos;Windows 10&amp;apos;, os.arch: &amp;apos;amd64&amp;apos;, os.version: &amp;apos;10.0&amp;apos;, java.version: &amp;apos;1.8.0_131&amp;apos;
Driver info: org.openqa.selenium.chrome.ChromeDriver
Capabilities {acceptInsecureCerts: false, acceptSslCerts: false, applicationCacheEnabled: false, browserConnectionEnabled: false, browserName: chrome, chrome: {chromedriverVersion: 2.42.591088 (7b2b2dca23cca0..., userDataDir: C:\Users\dhuynh\AppData\Loc...}, cssSelectorsEnabled: true, databaseEnabled: false, goog:chromeOptions: {debuggerAddress: localhost:58936}, handlesAlerts: true, hasTouchScreen: false, javascriptEnabled: true, locationContextEnabled: true, mobileEmulationEnabled: false, nativeEvents: true, networkConnectionEnabled: false, pageLoadStrategy: normal, platform: XP, platformName: XP, rotatable: false, setWindowRect: true, takesHeapSnapshot: true, takesScreenshot: true, unexpectedAlertBehaviour: accept, unhandledPromptBehavior: accept, version: 70.0.3538.110, webStorageEnabled: true}
Session ID: 312d42cc319c7e3f154b65a67566f00a">
      <![CDATA[org.openqa.selenium.TimeoutException: Expected condition failed: waiting for visibility of [[ChromeDriver: chrome on XP (312d42cc319c7e3f154b65a67566f00a)] -> xpath: //input[@id='btnSubmit']] (tried for 30 second(s) with 500 milliseconds interval)
Build info: version: '3.14.0', revision: 'aacccce0', time: '2018-08-02T20:19:58.91Z'
System info: host: 'MCC-TESTPC', ip: '10.31.47.30', os.name: 'Windows 10', os.arch: 'amd64', os.version: '10.0', java.version: '1.8.0_131'
Driver info: org.openqa.selenium.chrome.ChromeDriver
Capabilities {acceptInsecureCerts: false, acceptSslCerts: false, applicationCacheEnabled: false, browserConnectionEnabled: false, browserName: chrome, chrome: {chromedriverVersion: 2.42.591088 (7b2b2dca23cca0..., userDataDir: C:\Users\dhuynh\AppData\Loc...}, cssSelectorsEnabled: true, databaseEnabled: false, goog:chromeOptions: {debuggerAddress: localhost:58936}, handlesAlerts: true, hasTouchScreen: false, javascriptEnabled: true, locationContextEnabled: true, mobileEmulationEnabled: false, nativeEvents: true, networkConnectionEnabled: false, pageLoadStrategy: normal, platform: XP, platformName: XP, rotatable: false, setWindowRect: true, takesHeapSnapshot: true, takesScreenshot: true, unexpectedAlertBehaviour: accept, unhandledPromptBehavior: accept, version: 70.0.3538.110, webStorageEnabled: true}
Session ID: 312d42cc319c7e3f154b65a67566f00a
=======
at com.LegacyApplication.RegressionIssues.TC054_VerifyGABRAcceptInvalid_ZIP.verify_GABR_submissionAcceptsInvalidZips(TC054_VerifyGABRAcceptInvalid_ZIP.java:42)
... Removed 25 stack frames]]>
    </failure>
  </testcase> <!-- verify_GABR_submissionAcceptsInvalidZips -->
  <testcase name="verify_GABR_submissionRenewalLetterError" time="106.043" classname="com.LegacyApplication.RegressionIssues.TC055_VerifyGABR_RenewalLetter">
    <skipped/>
  </testcase> <!-- verify_GABR_submissionRenewalLetterError -->
  <testcase name="verify_GABR_submissionRenewalLetterError" time="105.646" classname="com.LegacyApplication.RegressionIssues.TC055_VerifyGABR_RenewalLetter">
    <skipped/>
  </testcase> <!-- verify_GABR_submissionRenewalLetterError -->
  <testcase name="verify_GABR_submissionRenewalLetterError" time="105.756" classname="com.LegacyApplication.RegressionIssues.TC055_VerifyGABR_RenewalLetter">
    <failure type="org.openqa.selenium.TimeoutException" message="Expected condition failed: waiting for visibility of [[ChromeDriver: chrome on XP (74cbcce81092c5d94ac923b31f3130f8)] -&amp;gt; xpath: //input[@id=&amp;apos;btnSubmit&amp;apos;]] (tried for 30 second(s) with 500 milliseconds interval)
Build info: version: &amp;apos;3.14.0&amp;apos;, revision: &amp;apos;aacccce0&amp;apos;, time: &amp;apos;2018-08-02T20:19:58.91Z&amp;apos;
System info: host: &amp;apos;ROC-RDEVWS07&amp;apos;, ip: &amp;apos;10.31.42.222&amp;apos;, os.name: &amp;apos;Windows 10&amp;apos;, os.arch: &amp;apos;amd64&amp;apos;, os.version: &amp;apos;10.0&amp;apos;, java.version: &amp;apos;1.8.0_144&amp;apos;
Driver info: org.openqa.selenium.chrome.ChromeDriver
Capabilities {acceptInsecureCerts: false, acceptSslCerts: false, applicationCacheEnabled: false, browserConnectionEnabled: false, browserName: chrome, chrome: {chromedriverVersion: 2.42.591088 (7b2b2dca23cca0..., userDataDir: C:\Users\abelman\AppData\Lo...}, cssSelectorsEnabled: true, databaseEnabled: false, goog:chromeOptions: {debuggerAddress: localhost:16514}, handlesAlerts: true, hasTouchScreen: false, javascriptEnabled: true, locationContextEnabled: true, mobileEmulationEnabled: false, nativeEvents: true, networkConnectionEnabled: false, pageLoadStrategy: normal, platform: XP, platformName: XP, rotatable: false, setWindowRect: true, takesHeapSnapshot: true, takesScreenshot: true, unexpectedAlertBehaviour: accept, unhandledPromptBehavior: accept, version: 70.0.3538.102, webStorageEnabled: true}
Session ID: 74cbcce81092c5d94ac923b31f3130f8">
      <![CDATA[org.openqa.selenium.TimeoutException: Expected condition failed: waiting for visibility of [[ChromeDriver: chrome on XP (74cbcce81092c5d94ac923b31f3130f8)] -> xpath: //input[@id='btnSubmit']] (tried for 30 second(s) with 500 milliseconds interval)
Build info: version: '3.14.0', revision: 'aacccce0', time: '2018-08-02T20:19:58.91Z'
System info: host: 'ROC-RDEVWS07', ip: '10.31.42.222', os.name: 'Windows 10', os.arch: 'amd64', os.version: '10.0', java.version: '1.8.0_144'
Driver info: org.openqa.selenium.chrome.ChromeDriver
Capabilities {acceptInsecureCerts: false, acceptSslCerts: false, applicationCacheEnabled: false, browserConnectionEnabled: false, browserName: chrome, chrome: {chromedriverVersion: 2.42.591088 (7b2b2dca23cca0..., userDataDir: C:\Users\abelman\AppData\Lo...}, cssSelectorsEnabled: true, databaseEnabled: false, goog:chromeOptions: {debuggerAddress: localhost:16514}, handlesAlerts: true, hasTouchScreen: false, javascriptEnabled: true, locationContextEnabled: true, mobileEmulationEnabled: false, nativeEvents: true, networkConnectionEnabled: false, pageLoadStrategy: normal, platform: XP, platformName: XP, rotatable: false, setWindowRect: true, takesHeapSnapshot: true, takesScreenshot: true, unexpectedAlertBehaviour: accept, unhandledPromptBehavior: accept, version: 70.0.3538.102, webStorageEnabled: true}
Session ID: 74cbcce81092c5d94ac923b31f3130f8
>>>>>>> 1e4144cfa49c5a2d36581fa3d56bc9f96d6659bc
at org.openqa.selenium.support.ui.WebDriverWait.timeoutException(WebDriverWait.java:113)
at org.openqa.selenium.support.ui.FluentWait.until(FluentWait.java:283)
at com.LegacyApplication.Utilities.WaitMethods.wait_for_element_present(WaitMethods.java:39)
at com.LegacyApplication.Utilities.GenericMethods.click_Element_Using_JS(GenericMethods.java:142)
at com.LegacyApplication.PageMethods.BuildersRiskMethods.clickon_finalReviewSubmit_toSubmitSubmission(BuildersRiskMethods.java:283)
at com.LegacyApplication.RegressionIssues.TC055_VerifyGABR_RenewalLetter.verify_GABR_submissionRenewalLetterError(TC055_VerifyGABR_RenewalLetter.java:44)
... Removed 25 stack frames]]>
    </failure>
  </testcase> <!-- verify_GABR_submissionRenewalLetterError -->
  <testcase name="@AfterTest teardown" time="0.0" classname="com.LegacyApplication.TestBase.TestBase">
    <ignored/>
  </testcase> <!-- @AfterTest teardown -->
  <testcase name="@AfterTest teardown" time="0.0" classname="com.LegacyApplication.TestBase.TestBase">
    <ignored/>
  </testcase> <!-- @AfterTest teardown -->
  <testcase name="@AfterTest teardown" time="0.0" classname="com.LegacyApplication.TestBase.TestBase">
    <ignored/>
  </testcase> <!-- @AfterTest teardown -->
  <testcase name="@AfterTest teardown" time="0.0" classname="com.LegacyApplication.TestBase.TestBase">
    <ignored/>
  </testcase> <!-- @AfterTest teardown -->
  <testcase name="@AfterTest teardown" time="0.0" classname="com.LegacyApplication.TestBase.TestBase">
    <ignored/>
  </testcase> <!-- @AfterTest teardown -->
  <testcase name="@AfterTest teardown" time="0.0" classname="com.LegacyApplication.TestBase.TestBase">
    <ignored/>
  </testcase> <!-- @AfterTest teardown -->
  <testcase name="@AfterTest teardown" time="0.0" classname="com.LegacyApplication.TestBase.TestBase">
    <ignored/>
  </testcase> <!-- @AfterTest teardown -->
  <testcase name="@AfterTest teardown" time="0.0" classname="com.LegacyApplication.TestBase.TestBase">
    <ignored/>
  </testcase> <!-- @AfterTest teardown -->
  <testcase name="@AfterTest teardown" time="0.0" classname="com.LegacyApplication.TestBase.TestBase">
    <ignored/>
  </testcase> <!-- @AfterTest teardown -->
</testsuite> <!-- Regression Issues Regression Test -->
