<?xml version="1.0" encoding="UTF-8"?>
<!-- Generated by org.testng.reporters.JUnitXMLReporter -->
<testsuite hostname="ROC-RDEVWS07" ignored="0" name="Smoke Test" tests="12" failures="2" timestamp="29 Nov 2017 05:27:15 GMT" time="379.06" errors="0">
  <testcase name="login_as_agency" time="22.984" classname="com.LegacyApplication.LoginPage.TC001_LoginAsAgency"/>
  <testcase name="login_as_admin" time="19.301" classname="com.LegacyApplication.LoginPage.TC002_LoginAsAdmin"/>
  <testcase name="verify_GI_application_info" time="35.689" classname="com.LegacyApplication.SubmissionPage.TC003_VerifyGlApplicationInfo"/>
  <testcase name="verify_gi_rating_data" time="38.078" classname="com.LegacyApplication.SubmissionPage.TC004_VerifyGlRatingData"/>
  <testcase name="verify_header_tabs" time="32.214" classname="com.LegacyApplication.SubmissionPage.TC005_VerifyHeaderTabs"/>
  <testcase name="verify_optional_coverages" time="34.701" classname="com.LegacyApplication.SubmissionPage.TC006_VerifyOptionalCoverages"/>
  <testcase name="verify_priceindicator_information" time="42.376" classname="com.LegacyApplication.SubmissionPage.TC007_VerifyPriceIndicationInfo">
    <failure type="org.openqa.selenium.NoSuchElementException" message="Unable to locate element: //select[@id=&amp;apos;Price_Indicator_Screen1_ddldeductible&amp;apos;]
For documentation on this error, please visit: http://seleniumhq.org/exceptions/no_such_element.html
Build info: version: &amp;apos;3.4.0&amp;apos;, revision: &amp;apos;unknown&amp;apos;, time: &amp;apos;unknown&amp;apos;
System info: host: &amp;apos;ROC-RDEVWS07&amp;apos;, ip: &amp;apos;10.31.42.222&amp;apos;, os.name: &amp;apos;Windows 10&amp;apos;, os.arch: &amp;apos;amd64&amp;apos;, os.version: &amp;apos;10.0&amp;apos;, java.version: &amp;apos;1.8.0_144&amp;apos;
Driver info: org.openqa.selenium.firefox.FirefoxDriver
Capabilities [{moz:profile=C:\Users\abelman\AppData\Local\Temp\rust_mozprofile.msow7qzL7oHF, rotatable=false, timeouts={implicit=0.0, pageLoad=300000.0, script=30000.0}, pageLoadStrategy=normal, moz:headless=false, platform=ANY, specificationLevel=0.0, moz:accessibilityChecks=false, acceptInsecureCerts=true, browserVersion=56.0, platformVersion=10.0, moz:processID=8828.0, browserName=firefox, javascriptEnabled=true, platformName=windows_nt}]
Session ID: 38f015a6-6ab2-417d-bc34-060d33996c0c
*** Element info: {Using=xpath, value=//select[@id=&amp;apos;Price_Indicator_Screen1_ddldeductible&amp;apos;]}">
      <![CDATA[org.openqa.selenium.NoSuchElementException: Unable to locate element: //select[@id='Price_Indicator_Screen1_ddldeductible']
For documentation on this error, please visit: http://seleniumhq.org/exceptions/no_such_element.html
Build info: version: '3.4.0', revision: 'unknown', time: 'unknown'
System info: host: 'ROC-RDEVWS07', ip: '10.31.42.222', os.name: 'Windows 10', os.arch: 'amd64', os.version: '10.0', java.version: '1.8.0_144'
Driver info: org.openqa.selenium.firefox.FirefoxDriver
Capabilities [{moz:profile=C:\Users\abelman\AppData\Local\Temp\rust_mozprofile.msow7qzL7oHF, rotatable=false, timeouts={implicit=0.0, pageLoad=300000.0, script=30000.0}, pageLoadStrategy=normal, moz:headless=false, platform=ANY, specificationLevel=0.0, moz:accessibilityChecks=false, acceptInsecureCerts=true, browserVersion=56.0, platformVersion=10.0, moz:processID=8828.0, browserName=firefox, javascriptEnabled=true, platformName=windows_nt}]
Session ID: 38f015a6-6ab2-417d-bc34-060d33996c0c
*** Element info: {Using=xpath, value=//select[@id='Price_Indicator_Screen1_ddldeductible']}
	at org.openqa.selenium.remote.http.W3CHttpResponseCodec.createException(W3CHttpResponseCodec.java:150)
	at org.openqa.selenium.remote.http.W3CHttpResponseCodec.decode(W3CHttpResponseCodec.java:115)
	at org.openqa.selenium.remote.http.W3CHttpResponseCodec.decode(W3CHttpResponseCodec.java:45)
	at org.openqa.selenium.remote.HttpCommandExecutor.execute(HttpCommandExecutor.java:164)
	at org.openqa.selenium.remote.service.DriverCommandExecutor.execute(DriverCommandExecutor.java:82)
	at org.openqa.selenium.remote.RemoteWebDriver.execute(RemoteWebDriver.java:637)
	at org.openqa.selenium.remote.RemoteWebDriver.findElement(RemoteWebDriver.java:410)
	at org.openqa.selenium.remote.RemoteWebDriver.findElementByXPath(RemoteWebDriver.java:509)
	at org.openqa.selenium.By$ByXPath.findElement(By.java:361)
	at org.openqa.selenium.remote.RemoteWebDriver.findElement(RemoteWebDriver.java:402)
	at org.openqa.selenium.support.pagefactory.DefaultElementLocator.findElement(DefaultElementLocator.java:69)
	at org.openqa.selenium.support.pagefactory.internal.LocatingElementHandler.invoke(LocatingElementHandler.java:38)
	at com.sun.proxy.$Proxy8.getAttribute(Unknown Source)
	at org.openqa.selenium.support.ui.Select.<init>(Select.java:52)
	at com.LegacyApplication.Utilities.GenericMethods.get_selected_optn_frm_ele(GenericMethods.java:335)
	at com.LegacyApplication.PageMethods.SubmissionPageMethods.verify_price_indicator_elements(SubmissionPageMethods.java:252)
	at com.LegacyApplication.SubmissionPage.TC007_VerifyPriceIndicationInfo.verify_priceindicator_information(TC007_VerifyPriceIndicationInfo.java:27)
... Removed 29 stack frames]]>
    </failure>
  </testcase> <!-- verify_priceindicator_information -->
  <testcase name="verify_common_eligibility__information" time="35.309" classname="com.LegacyApplication.SubmissionPage.TC008_VerifyCommonEligibilityInfo"/>
  <testcase name="verify_specific_eligibility__information" time="35.097" classname="com.LegacyApplication.SubmissionPage.TC009_VerifySpecificPageInfo"/>
  <testcase name="verify_application_page_information" time="35.95" classname="com.LegacyApplication.SubmissionPage.TC010_VerifyApplicationPageInfo"/>
  <testcase name="verify_unsold_submission_details_information" time="23.841" classname="com.LegacyApplication.SubmissionPage.TC011_VerifySubmissionDetailsInformation"/>
  <testcase name="verify_sold_submission_details_information" time="6.007" classname="com.LegacyApplication.SubmissionPage.TC011_VerifySubmissionDetailsInformation">
    <failure type="java.lang.AssertionError" message="expected [test] but found [Test KCS]">
      <![CDATA[java.lang.AssertionError: expected [test] but found [Test KCS]
	at com.LegacyApplication.PageMethods.SubmissionPageMethods.verify_sold_submission_details_info(SubmissionPageMethods.java:728)
	at com.LegacyApplication.SubmissionPage.TC011_VerifySubmissionDetailsInformation.verify_sold_submission_details_information(TC011_VerifySubmissionDetailsInformation.java:42)
... Removed 31 stack frames]]>
    </failure>
  </testcase> <!-- verify_sold_submission_details_information -->
</testsuite> <!-- Smoke Test -->
