<html>
<head>
<title>TestNG:  End-End Test WC</title>
<link href="../testng.css" rel="stylesheet" type="text/css" />
<link href="../my-testng.css" rel="stylesheet" type="text/css" />

<style type="text/css">
.log { display: none;} 
.stack-trace { display: none;} 
</style>
<script type="text/javascript">
<!--
function flip(e) {
  current = e.style.display;
  if (current == 'block') {
    e.style.display = 'none';
    return 0;
  }
  else {
    e.style.display = 'block';
    return 1;
  }
}

function toggleBox(szDivId, elem, msg1, msg2)
{
  var res = -1;  if (document.getElementById) {
    res = flip(document.getElementById(szDivId));
  }
  else if (document.all) {
    // this is the way old msie versions work
    res = flip(document.all[szDivId]);
  }
  if(elem) {
    if(res == 0) elem.innerHTML = msg1; else elem.innerHTML = msg2;
  }

}

function toggleAllBoxes() {
  if (document.getElementsByTagName) {
    d = document.getElementsByTagName('div');
    for (i = 0; i < d.length; i++) {
      if (d[i].className == 'log') {
        flip(d[i]);
      }
    }
  }
}

// -->
</script>

</head>
<body>
<h2 align='center'>End-End Test WC</h2><table border='1' align="center">
<tr>
<td>Tests passed/Failed/Skipped:</td><td>10/0/2</td>
</tr><tr>
<td>Started on:</td><td>Thu Nov 28 04:54:19 PST 2019</td>
</tr>
<tr><td>Total time:</td><td>2371 seconds (2371772 ms)</td>
</tr><tr>
<td>Included groups:</td><td></td>
</tr><tr>
<td>Excluded groups:</td><td></td>
</tr>
</table><p/>
<small><i>(Hover the method name to see the test class name)</i></small><p/>
<table width='100%' border='1' class='invocation-passed'>
<tr><td colspan='4' align='center'><b>PASSED TESTS</b></td></tr>
<tr><td><b>Test method</b></td>
<td width="30%"><b>Exception</b></td>
<td width="10%"><b>Time (seconds)</b></td>
<td><b>Instance</b></td>
</tr>
<tr>
<td title='WorkesrCom_UI.TC108_ReferalConditions.ts01_Include_OwnersInfo_verify()'><b>ts01_Include_OwnersInfo_verify</b><br>Test class: WorkesrCom_UI.TC108_ReferalConditions<br/>
<a href="#Output-1277429308" onClick='toggleBox("Output-1277429308", this, "Show output", "Hide output");'>Show output</a>

<a href="#Output-1277429308" onClick="toggleAllBoxes();">Show all outputs</a>
<div class='log' id="Output-1277429308">
<a href='C:\BTIS\directgl\Testing\BTIS_Application\LegacyApplication\src\main\java\com\LegacyApplication\Success_Screenshots\ts01_Include_OwnersInfo_verify_28_11_2019_05_14_09.png'><img src='C:\BTIS\directgl\Testing\BTIS_Application\LegacyApplication\src\main\java\com\LegacyApplication\Success_Screenshots\ts01_Include_OwnersInfo_verify_28_11_2019_05_14_09.png'height='100'width='100'/></a><br/>
<a href='C:\BTIS\directgl\Testing\BTIS_Application\LegacyApplication\src\main\java\com\LegacyApplication\Success_Screenshots\ts01_Include_OwnersInfo_verify_28_11_2019_05_14_10.png'><img src='C:\BTIS\directgl\Testing\BTIS_Application\LegacyApplication\src\main\java\com\LegacyApplication\Success_Screenshots\ts01_Include_OwnersInfo_verify_28_11_2019_05_14_10.png'height='100'width='100'/></a><br/>
</div>
</td>
<td></td>
<td>142</td>
<td>WorkesrCom_UI.TC108_ReferalConditions@11a9e7c8</td></tr>
<tr>
<td title='WorkesrCom_UI.TC110_HappyFlow.ts01_employer_flow_verify()'><b>ts01_employer_flow_verify</b><br>Test class: WorkesrCom_UI.TC110_HappyFlow<br/>
<a href="#Output-1475889071" onClick='toggleBox("Output-1475889071", this, "Show output", "Hide output");'>Show output</a>

<a href="#Output-1475889071" onClick="toggleAllBoxes();">Show all outputs</a>
<div class='log' id="Output-1475889071">
<a href='C:\BTIS\directgl\Testing\BTIS_Application\LegacyApplication\src\main\java\com\LegacyApplication\Success_Screenshots\ts01_employer_flow_verify_28_11_2019_04_58_40.png'><img src='C:\BTIS\directgl\Testing\BTIS_Application\LegacyApplication\src\main\java\com\LegacyApplication\Success_Screenshots\ts01_employer_flow_verify_28_11_2019_04_58_40.png'height='100'width='100'/></a><br/>
<a href='C:\BTIS\directgl\Testing\BTIS_Application\LegacyApplication\src\main\java\com\LegacyApplication\Success_Screenshots\ts01_employer_flow_verify_28_11_2019_04_58_42.png'><img src='C:\BTIS\directgl\Testing\BTIS_Application\LegacyApplication\src\main\java\com\LegacyApplication\Success_Screenshots\ts01_employer_flow_verify_28_11_2019_04_58_42.png'height='100'width='100'/></a><br/>
</div>
</td>
<td></td>
<td>261</td>
<td>WorkesrCom_UI.TC110_HappyFlow@3b07a0d6</td></tr>
<tr>
<td title='WorkesrCom_UI.TC110_HappyFlow.ts02_AMTrust_flow_verify()'><b>ts02_AMTrust_flow_verify</b><br>Test class: WorkesrCom_UI.TC110_HappyFlow<br/>
<a href="#Output-808816071" onClick='toggleBox("Output-808816071", this, "Show output", "Hide output");'>Show output</a>

<a href="#Output-808816071" onClick="toggleAllBoxes();">Show all outputs</a>
<div class='log' id="Output-808816071">
<a href='C:\BTIS\directgl\Testing\BTIS_Application\LegacyApplication\src\main\java\com\LegacyApplication\Success_Screenshots\ts02_AMTrust_flow_verify_28_11_2019_05_03_10.png'><img src='C:\BTIS\directgl\Testing\BTIS_Application\LegacyApplication\src\main\java\com\LegacyApplication\Success_Screenshots\ts02_AMTrust_flow_verify_28_11_2019_05_03_10.png'height='100'width='100'/></a><br/>
<a href='C:\BTIS\directgl\Testing\BTIS_Application\LegacyApplication\src\main\java\com\LegacyApplication\Success_Screenshots\ts02_AMTrust_flow_verify_28_11_2019_05_03_11.png'><img src='C:\BTIS\directgl\Testing\BTIS_Application\LegacyApplication\src\main\java\com\LegacyApplication\Success_Screenshots\ts02_AMTrust_flow_verify_28_11_2019_05_03_11.png'height='100'width='100'/></a><br/>
</div>
</td>
<td></td>
<td>265</td>
<td>WorkesrCom_UI.TC110_HappyFlow@3b07a0d6</td></tr>
<tr>
<td title='WorkesrCom_UI.TC108_ReferalConditions.ts02_Include_OwnersInfo_verifyWith_Other()'><b>ts02_Include_OwnersInfo_verifyWith_Other</b><br>Test class: WorkesrCom_UI.TC108_ReferalConditions<br/>
<a href="#Output-34185415" onClick='toggleBox("Output-34185415", this, "Show output", "Hide output");'>Show output</a>

<a href="#Output-34185415" onClick="toggleAllBoxes();">Show all outputs</a>
<div class='log' id="Output-34185415">
<a href='C:\BTIS\directgl\Testing\BTIS_Application\LegacyApplication\src\main\java\com\LegacyApplication\Success_Screenshots\ts02_Include_OwnersInfo_verifyWith_Other_28_11_2019_05_33_47.png'><img src='C:\BTIS\directgl\Testing\BTIS_Application\LegacyApplication\src\main\java\com\LegacyApplication\Success_Screenshots\ts02_Include_OwnersInfo_verifyWith_Other_28_11_2019_05_33_47.png'height='100'width='100'/></a><br/>
<a href='C:\BTIS\directgl\Testing\BTIS_Application\LegacyApplication\src\main\java\com\LegacyApplication\Success_Screenshots\ts02_Include_OwnersInfo_verifyWith_Other_28_11_2019_05_33_48.png'><img src='C:\BTIS\directgl\Testing\BTIS_Application\LegacyApplication\src\main\java\com\LegacyApplication\Success_Screenshots\ts02_Include_OwnersInfo_verifyWith_Other_28_11_2019_05_33_48.png'height='100'width='100'/></a><br/>
</div>
</td>
<td></td>
<td>212</td>
<td>WorkesrCom_UI.TC108_ReferalConditions@11a9e7c8</td></tr>
<tr>
<td title='WorkesrCom_UI.TC110_HappyFlow.ts03_AMTrust_flow_verify_uptpPayNow()'><b>ts03_AMTrust_flow_verify_uptpPayNow</b><br>Test class: WorkesrCom_UI.TC110_HappyFlow<br/>
<a href="#Output-1573832937" onClick='toggleBox("Output-1573832937", this, "Show output", "Hide output");'>Show output</a>

<a href="#Output-1573832937" onClick="toggleAllBoxes();">Show all outputs</a>
<div class='log' id="Output-1573832937">
<a href='C:\BTIS\directgl\Testing\BTIS_Application\LegacyApplication\src\main\java\com\LegacyApplication\Success_Screenshots\ts03_AMTrust_flow_verify_uptpPayNow_28_11_2019_05_11_43.png'><img src='C:\BTIS\directgl\Testing\BTIS_Application\LegacyApplication\src\main\java\com\LegacyApplication\Success_Screenshots\ts03_AMTrust_flow_verify_uptpPayNow_28_11_2019_05_11_43.png'height='100'width='100'/></a><br/>
<a href='C:\BTIS\directgl\Testing\BTIS_Application\LegacyApplication\src\main\java\com\LegacyApplication\Success_Screenshots\ts03_AMTrust_flow_verify_uptpPayNow_28_11_2019_05_11_44.png'><img src='C:\BTIS\directgl\Testing\BTIS_Application\LegacyApplication\src\main\java\com\LegacyApplication\Success_Screenshots\ts03_AMTrust_flow_verify_uptpPayNow_28_11_2019_05_11_44.png'height='100'width='100'/></a><br/>
</div>
</td>
<td></td>
<td>287</td>
<td>WorkesrCom_UI.TC110_HappyFlow@3b07a0d6</td></tr>
<tr>
<td title='WorkesrCom_UI.TC108_ReferalConditions.ts03_exMod_length_verify()'><b>ts03_exMod_length_verify</b><br>Test class: WorkesrCom_UI.TC108_ReferalConditions<br/>
<a href="#Output-1094706575" onClick='toggleBox("Output-1094706575", this, "Show output", "Hide output");'>Show output</a>

<a href="#Output-1094706575" onClick="toggleAllBoxes();">Show all outputs</a>
<div class='log' id="Output-1094706575">
<a href='C:\BTIS\directgl\Testing\BTIS_Application\LegacyApplication\src\main\java\com\LegacyApplication\Success_Screenshots\ts03_exMod_length_verify_28_11_2019_05_16_59.png'><img src='C:\BTIS\directgl\Testing\BTIS_Application\LegacyApplication\src\main\java\com\LegacyApplication\Success_Screenshots\ts03_exMod_length_verify_28_11_2019_05_16_59.png'height='100'width='100'/></a><br/>
<a href='C:\BTIS\directgl\Testing\BTIS_Application\LegacyApplication\src\main\java\com\LegacyApplication\Success_Screenshots\ts03_exMod_length_verify_28_11_2019_05_17_01.png'><img src='C:\BTIS\directgl\Testing\BTIS_Application\LegacyApplication\src\main\java\com\LegacyApplication\Success_Screenshots\ts03_exMod_length_verify_28_11_2019_05_17_01.png'height='100'width='100'/></a><br/>
</div>
</td>
<td></td>
<td>166</td>
<td>WorkesrCom_UI.TC108_ReferalConditions@11a9e7c8</td></tr>
<tr>
<td title='WorkesrCom_UI.TC108_ReferalConditions.ts04_additional_Address_ReferVerify()'><b>ts04_additional_Address_ReferVerify</b><br>Test class: WorkesrCom_UI.TC108_ReferalConditions<br/>
<a href="#Output-1449474637" onClick='toggleBox("Output-1449474637", this, "Show output", "Hide output");'>Show output</a>

<a href="#Output-1449474637" onClick="toggleAllBoxes();">Show all outputs</a>
<div class='log' id="Output-1449474637">
<a href='C:\BTIS\directgl\Testing\BTIS_Application\LegacyApplication\src\main\java\com\LegacyApplication\Success_Screenshots\ts04_additional_Address_ReferVerify_28_11_2019_05_21_24.png'><img src='C:\BTIS\directgl\Testing\BTIS_Application\LegacyApplication\src\main\java\com\LegacyApplication\Success_Screenshots\ts04_additional_Address_ReferVerify_28_11_2019_05_21_24.png'height='100'width='100'/></a><br/>
<a href='C:\BTIS\directgl\Testing\BTIS_Application\LegacyApplication\src\main\java\com\LegacyApplication\Success_Screenshots\ts04_additional_Address_ReferVerify_28_11_2019_05_21_25.png'><img src='C:\BTIS\directgl\Testing\BTIS_Application\LegacyApplication\src\main\java\com\LegacyApplication\Success_Screenshots\ts04_additional_Address_ReferVerify_28_11_2019_05_21_25.png'height='100'width='100'/></a><br/>
</div>
</td>
<td></td>
<td>175</td>
<td>WorkesrCom_UI.TC108_ReferalConditions@11a9e7c8</td></tr>
<tr>
<td title='WorkesrCom_UI.TC108_ReferalConditions.ts05_coverageHistory_ReferVerify()'><b>ts05_coverageHistory_ReferVerify</b><br>Test class: WorkesrCom_UI.TC108_ReferalConditions<br/>
<a href="#Output-109391645" onClick='toggleBox("Output-109391645", this, "Show output", "Hide output");'>Show output</a>

<a href="#Output-109391645" onClick="toggleAllBoxes();">Show all outputs</a>
<div class='log' id="Output-109391645">
<a href='C:\BTIS\directgl\Testing\BTIS_Application\LegacyApplication\src\main\java\com\LegacyApplication\Success_Screenshots\ts05_coverageHistory_ReferVerify_28_11_2019_05_23_56.png'><img src='C:\BTIS\directgl\Testing\BTIS_Application\LegacyApplication\src\main\java\com\LegacyApplication\Success_Screenshots\ts05_coverageHistory_ReferVerify_28_11_2019_05_23_56.png'height='100'width='100'/></a><br/>
<a href='C:\BTIS\directgl\Testing\BTIS_Application\LegacyApplication\src\main\java\com\LegacyApplication\Success_Screenshots\ts05_coverageHistory_ReferVerify_28_11_2019_05_23_57.png'><img src='C:\BTIS\directgl\Testing\BTIS_Application\LegacyApplication\src\main\java\com\LegacyApplication\Success_Screenshots\ts05_coverageHistory_ReferVerify_28_11_2019_05_23_57.png'height='100'width='100'/></a><br/>
</div>
</td>
<td></td>
<td>147</td>
<td>WorkesrCom_UI.TC108_ReferalConditions@11a9e7c8</td></tr>
<tr>
<td title='WorkesrCom_UI.TC108_ReferalConditions.ts06_lossInfo_claim3_ReferVerify()'><b>ts06_lossInfo_claim3_ReferVerify</b><br>Test class: WorkesrCom_UI.TC108_ReferalConditions<br/>
<a href="#Output-1346809116" onClick='toggleBox("Output-1346809116", this, "Show output", "Hide output");'>Show output</a>

<a href="#Output-1346809116" onClick="toggleAllBoxes();">Show all outputs</a>
<div class='log' id="Output-1346809116">
<a href='C:\BTIS\directgl\Testing\BTIS_Application\LegacyApplication\src\main\java\com\LegacyApplication\Success_Screenshots\ts06_lossInfo_claim3_ReferVerify_28_11_2019_05_27_35.png'><img src='C:\BTIS\directgl\Testing\BTIS_Application\LegacyApplication\src\main\java\com\LegacyApplication\Success_Screenshots\ts06_lossInfo_claim3_ReferVerify_28_11_2019_05_27_35.png'height='100'width='100'/></a><br/>
<a href='C:\BTIS\directgl\Testing\BTIS_Application\LegacyApplication\src\main\java\com\LegacyApplication\Success_Screenshots\ts06_lossInfo_claim3_ReferVerify_28_11_2019_05_27_36.png'><img src='C:\BTIS\directgl\Testing\BTIS_Application\LegacyApplication\src\main\java\com\LegacyApplication\Success_Screenshots\ts06_lossInfo_claim3_ReferVerify_28_11_2019_05_27_36.png'height='100'width='100'/></a><br/>
</div>
</td>
<td></td>
<td>214</td>
<td>WorkesrCom_UI.TC108_ReferalConditions@11a9e7c8</td></tr>
<tr>
<td title='WorkesrCom_UI.TC108_ReferalConditions.ts07_keyWord_ReferVerify()'><b>ts07_keyWord_ReferVerify</b><br>Test class: WorkesrCom_UI.TC108_ReferalConditions<br/>
<a href="#Output-1397978526" onClick='toggleBox("Output-1397978526", this, "Show output", "Hide output");'>Show output</a>

<a href="#Output-1397978526" onClick="toggleAllBoxes();">Show all outputs</a>
<div class='log' id="Output-1397978526">
<a href='C:\BTIS\directgl\Testing\BTIS_Application\LegacyApplication\src\main\java\com\LegacyApplication\Success_Screenshots\ts07_keyWord_ReferVerify_28_11_2019_05_30_10.png'><img src='C:\BTIS\directgl\Testing\BTIS_Application\LegacyApplication\src\main\java\com\LegacyApplication\Success_Screenshots\ts07_keyWord_ReferVerify_28_11_2019_05_30_10.png'height='100'width='100'/></a><br/>
<a href='C:\BTIS\directgl\Testing\BTIS_Application\LegacyApplication\src\main\java\com\LegacyApplication\Success_Screenshots\ts07_keyWord_ReferVerify_28_11_2019_05_30_11.png'><img src='C:\BTIS\directgl\Testing\BTIS_Application\LegacyApplication\src\main\java\com\LegacyApplication\Success_Screenshots\ts07_keyWord_ReferVerify_28_11_2019_05_30_11.png'height='100'width='100'/></a><br/>
</div>
</td>
<td></td>
<td>150</td>
<td>WorkesrCom_UI.TC108_ReferalConditions@11a9e7c8</td></tr>
</table><p>
<table width='100%' border='1' class='invocation-skipped'>
<tr><td colspan='4' align='center'><b>SKIPPED TESTS</b></td></tr>
<tr><td><b>Test method</b></td>
<td width="30%"><b>Exception</b></td>
<td width="10%"><b>Time (seconds)</b></td>
<td><b>Instance</b></td>
</tr>
<tr>
<td title='WorkesrCom_UI.TC110_HappyFlow.ts03_AMTrust_flow_verify_uptpPayNow()'><b>ts03_AMTrust_flow_verify_uptpPayNow</b><br>Test class: WorkesrCom_UI.TC110_HappyFlow</td>
<td><div><pre>org.openqa.selenium.InvalidElementStateException: invalid element state: Element is not currently interactable and may not be manipulated
  (Session info: chrome=77.0.3865.120)
  (Driver info: chromedriver=2.42.591088 (7b2b2dca23cca0862f674758c9a3933e685c27d5),platform=Windows NT 10.0.16299 x86_64) (WARNING: The server did not provide any stacktrace information)
Command duration or timeout: 0 milliseconds
Build info: version: &apos;3.14.0&apos;, revision: &apos;aacccce0&apos;, time: &apos;2018-08-02T20:19:58.91Z&apos;
System info: host: &apos;MCC-RDEVWS10&apos;, ip: &apos;10.31.47.183&apos;, os.name: &apos;Windows 10&apos;, os.arch: &apos;amd64&apos;, os.version: &apos;10.0&apos;, java.version: &apos;1.8.0_131&apos;
Driver info: org.openqa.selenium.chrome.ChromeDriver
Capabilities {acceptInsecureCerts: false, acceptSslCerts: false, applicationCacheEnabled: false, browserConnectionEnabled: false, browserName: chrome, chrome: {chromedriverVersion: 2.42.591088 (7b2b2dca23cca0..., userDataDir: C:\Users\amaske\AppData\Loc...}, cssSelectorsEnabled: true, databaseEnabled: false, goog:chromeOptions: {debuggerAddress: localhost:62704}, handlesAlerts: true, hasTouchScreen: false, javascriptEnabled: true, locationContextEnabled: true, mobileEmulationEnabled: false, nativeEvents: true, networkConnectionEnabled: false, pageLoadStrategy: normal, platform: XP, platformName: XP, rotatable: false, setWindowRect: true, takesHeapSnapshot: true, takesScreenshot: true, unexpectedAlertBehaviour: accept, unhandledPromptBehavior: accept, version: 77.0.3865.120, webStorageEnabled: true}
Session ID: f9588add9cd61cceee046ea721803d29
	at org.openqa.selenium.remote.ErrorHandler.createThrowable(ErrorHandler.java:214)
	at org.openqa.selenium.remote.ErrorHandler.throwIfResponseFailed(ErrorHandler.java:166)
	at org.openqa.selenium.remote.http.JsonHttpResponseCodec.reconstructValue(JsonHttpResponseCodec.java:40)
	at org.openqa.selenium.remote.http.AbstractHttpResponseCodec.decode(AbstractHttpResponseCodec.java:80)
	at org.openqa.selenium.remote.http.AbstractHttpResponseCodec.decode(AbstractHttpResponseCodec.java:44)
	at org.openqa.selenium.remote.HttpCommandExecutor.execute(HttpCommandExecutor.java:158)
	at org.openqa.selenium.remote.service.DriverCommandExecutor.execute(DriverCommandExecutor.java:83)
	at org.openqa.selenium.remote.RemoteWebDriver.execute(RemoteWebDriver.java:548)
	at org.openqa.selenium.remote.RemoteWebElement.execute(RemoteWebElement.java:276)
	at org.openqa.selenium.remote.RemoteWebElement.clear(RemoteWebElement.java:118)
	at org.openqa.selenium.support.pagefactory.internal.LocatingElementHandler.invoke(LocatingElementHandler.java:51)
	at com.sun.proxy.$Proxy11.clear(Unknown Source)
	at com.LegacyApplication.Utilities.GenericMethods.enter_text(GenericMethods.java:907)
	at com.BtisNewUI.PageMethods.WCnewUIMethods.paymentBreakDown_page(WCnewUIMethods.java:2546)
	at WorkesrCom_UI.TC110_HappyFlow.ts03_AMTrust_flow_verify_uptpPayNow(TC110_HappyFlow.java:184)
... Removed 32 stack frames</pre></div><a href='#' onClick='toggleBox("stack-trace1825991051", this, "Click to show all stack frames", "Click to hide stack frames")'>Click to show all stack frames</a>
<div class='stack-trace' id='stack-trace1825991051'><pre>org.openqa.selenium.InvalidElementStateException: invalid element state: Element is not currently interactable and may not be manipulated
  (Session info: chrome=77.0.3865.120)
  (Driver info: chromedriver=2.42.591088 (7b2b2dca23cca0862f674758c9a3933e685c27d5),platform=Windows NT 10.0.16299 x86_64) (WARNING: The server did not provide any stacktrace information)
Command duration or timeout: 0 milliseconds
Build info: version: &apos;3.14.0&apos;, revision: &apos;aacccce0&apos;, time: &apos;2018-08-02T20:19:58.91Z&apos;
System info: host: &apos;MCC-RDEVWS10&apos;, ip: &apos;10.31.47.183&apos;, os.name: &apos;Windows 10&apos;, os.arch: &apos;amd64&apos;, os.version: &apos;10.0&apos;, java.version: &apos;1.8.0_131&apos;
Driver info: org.openqa.selenium.chrome.ChromeDriver
Capabilities {acceptInsecureCerts: false, acceptSslCerts: false, applicationCacheEnabled: false, browserConnectionEnabled: false, browserName: chrome, chrome: {chromedriverVersion: 2.42.591088 (7b2b2dca23cca0..., userDataDir: C:\Users\amaske\AppData\Loc...}, cssSelectorsEnabled: true, databaseEnabled: false, goog:chromeOptions: {debuggerAddress: localhost:62704}, handlesAlerts: true, hasTouchScreen: false, javascriptEnabled: true, locationContextEnabled: true, mobileEmulationEnabled: false, nativeEvents: true, networkConnectionEnabled: false, pageLoadStrategy: normal, platform: XP, platformName: XP, rotatable: false, setWindowRect: true, takesHeapSnapshot: true, takesScreenshot: true, unexpectedAlertBehaviour: accept, unhandledPromptBehavior: accept, version: 77.0.3865.120, webStorageEnabled: true}
Session ID: f9588add9cd61cceee046ea721803d29
	at sun.reflect.NativeConstructorAccessorImpl.newInstance0(Native Method)
	at sun.reflect.NativeConstructorAccessorImpl.newInstance(NativeConstructorAccessorImpl.java:62)
	at sun.reflect.DelegatingConstructorAccessorImpl.newInstance(DelegatingConstructorAccessorImpl.java:45)
	at java.lang.reflect.Constructor.newInstance(Constructor.java:423)
	at org.openqa.selenium.remote.ErrorHandler.createThrowable(ErrorHandler.java:214)
	at org.openqa.selenium.remote.ErrorHandler.throwIfResponseFailed(ErrorHandler.java:166)
	at org.openqa.selenium.remote.http.JsonHttpResponseCodec.reconstructValue(JsonHttpResponseCodec.java:40)
	at org.openqa.selenium.remote.http.AbstractHttpResponseCodec.decode(AbstractHttpResponseCodec.java:80)
	at org.openqa.selenium.remote.http.AbstractHttpResponseCodec.decode(AbstractHttpResponseCodec.java:44)
	at org.openqa.selenium.remote.HttpCommandExecutor.execute(HttpCommandExecutor.java:158)
	at org.openqa.selenium.remote.service.DriverCommandExecutor.execute(DriverCommandExecutor.java:83)
	at org.openqa.selenium.remote.RemoteWebDriver.execute(RemoteWebDriver.java:548)
	at org.openqa.selenium.remote.RemoteWebElement.execute(RemoteWebElement.java:276)
	at org.openqa.selenium.remote.RemoteWebElement.clear(RemoteWebElement.java:118)
	at sun.reflect.GeneratedMethodAccessor11.invoke(Unknown Source)
	at sun.reflect.DelegatingMethodAccessorImpl.invoke(DelegatingMethodAccessorImpl.java:43)
	at java.lang.reflect.Method.invoke(Method.java:498)
	at org.openqa.selenium.support.pagefactory.internal.LocatingElementHandler.invoke(LocatingElementHandler.java:51)
	at com.sun.proxy.$Proxy11.clear(Unknown Source)
	at com.LegacyApplication.Utilities.GenericMethods.enter_text(GenericMethods.java:907)
	at com.BtisNewUI.PageMethods.WCnewUIMethods.paymentBreakDown_page(WCnewUIMethods.java:2546)
	at WorkesrCom_UI.TC110_HappyFlow.ts03_AMTrust_flow_verify_uptpPayNow(TC110_HappyFlow.java:184)
	at sun.reflect.NativeMethodAccessorImpl.invoke0(Native Method)
	at sun.reflect.NativeMethodAccessorImpl.invoke(NativeMethodAccessorImpl.java:62)
	at sun.reflect.DelegatingMethodAccessorImpl.invoke(DelegatingMethodAccessorImpl.java:43)
	at java.lang.reflect.Method.invoke(Method.java:498)
	at org.testng.internal.MethodInvocationHelper.invokeMethod(MethodInvocationHelper.java:100)
	at org.testng.internal.Invoker.invokeMethod(Invoker.java:646)
	at org.testng.internal.Invoker.invokeTestMethod(Invoker.java:811)
	at org.testng.internal.Invoker.invokeTestMethods(Invoker.java:1129)
	at org.testng.internal.TestMethodWorker.invokeTestMethods(TestMethodWorker.java:129)
	at org.testng.internal.TestMethodWorker.run(TestMethodWorker.java:112)
	at org.testng.TestRunner.privateRun(TestRunner.java:746)
	at org.testng.TestRunner.run(TestRunner.java:600)
	at org.testng.SuiteRunner.runTest(SuiteRunner.java:366)
	at org.testng.SuiteRunner.runSequentially(SuiteRunner.java:361)
	at org.testng.SuiteRunner.privateRun(SuiteRunner.java:319)
	at org.testng.SuiteRunner.run(SuiteRunner.java:268)
	at org.testng.SuiteRunnerWorker.runSuite(SuiteRunnerWorker.java:52)
	at org.testng.SuiteRunnerWorker.run(SuiteRunnerWorker.java:86)
	at org.testng.TestNG.runSuitesSequentially(TestNG.java:1264)
	at org.testng.TestNG.runSuitesLocally(TestNG.java:1189)
	at org.testng.TestNG.runSuites(TestNG.java:1104)
	at org.testng.TestNG.run(TestNG.java:1076)
	at org.testng.remote.AbstractRemoteTestNG.run(AbstractRemoteTestNG.java:126)
	at org.testng.remote.RemoteTestNG.initAndRun(RemoteTestNG.java:152)
	at org.testng.remote.RemoteTestNG.main(RemoteTestNG.java:57)
</pre></div></td>
<td>219</td>
<td>WorkesrCom_UI.TC110_HappyFlow@3b07a0d6</td></tr>
<tr>
<td title='WorkesrCom_UI.TC108_ReferalConditions.ts04_additional_Address_ReferVerify()'><b>ts04_additional_Address_ReferVerify</b><br>Test class: WorkesrCom_UI.TC108_ReferalConditions</td>
<td><div><pre>org.openqa.selenium.NoSuchElementException: no such element: Unable to locate element: {&quot;method&quot;:&quot;xpath&quot;,&quot;selector&quot;:&quot;//p-calendar[@id=&apos;effectiveDate&apos;]//input[@name=&apos;DesiredEffectiveDate&apos;]&quot;}
  (Session info: chrome=77.0.3865.120)
  (Driver info: chromedriver=2.42.591088 (7b2b2dca23cca0862f674758c9a3933e685c27d5),platform=Windows NT 10.0.16299 x86_64) (WARNING: The server did not provide any stacktrace information)
Command duration or timeout: 0 milliseconds
For documentation on this error, please visit: http://seleniumhq.org/exceptions/no_such_element.html
Build info: version: &apos;3.14.0&apos;, revision: &apos;aacccce0&apos;, time: &apos;2018-08-02T20:19:58.91Z&apos;
System info: host: &apos;MCC-RDEVWS10&apos;, ip: &apos;10.31.47.183&apos;, os.name: &apos;Windows 10&apos;, os.arch: &apos;amd64&apos;, os.version: &apos;10.0&apos;, java.version: &apos;1.8.0_131&apos;
Driver info: org.openqa.selenium.chrome.ChromeDriver
Capabilities {acceptInsecureCerts: false, acceptSslCerts: false, applicationCacheEnabled: false, browserConnectionEnabled: false, browserName: chrome, chrome: {chromedriverVersion: 2.42.591088 (7b2b2dca23cca0..., userDataDir: C:\Users\amaske\AppData\Loc...}, cssSelectorsEnabled: true, databaseEnabled: false, goog:chromeOptions: {debuggerAddress: localhost:62973}, handlesAlerts: true, hasTouchScreen: false, javascriptEnabled: true, locationContextEnabled: true, mobileEmulationEnabled: false, nativeEvents: true, networkConnectionEnabled: false, pageLoadStrategy: normal, platform: XP, platformName: XP, rotatable: false, setWindowRect: true, takesHeapSnapshot: true, takesScreenshot: true, unexpectedAlertBehaviour: accept, unhandledPromptBehavior: accept, version: 77.0.3865.120, webStorageEnabled: true}
Session ID: c3a38cbbc518c6ac2930a6f95eb8773b
*** Element info: {Using=xpath, value=//p-calendar[@id=&apos;effectiveDate&apos;]//input[@name=&apos;DesiredEffectiveDate&apos;]}
	at org.openqa.selenium.remote.ErrorHandler.createThrowable(ErrorHandler.java:214)
	at org.openqa.selenium.remote.ErrorHandler.throwIfResponseFailed(ErrorHandler.java:166)
	at org.openqa.selenium.remote.http.JsonHttpResponseCodec.reconstructValue(JsonHttpResponseCodec.java:40)
	at org.openqa.selenium.remote.http.AbstractHttpResponseCodec.decode(AbstractHttpResponseCodec.java:80)
	at org.openqa.selenium.remote.http.AbstractHttpResponseCodec.decode(AbstractHttpResponseCodec.java:44)
	at org.openqa.selenium.remote.HttpCommandExecutor.execute(HttpCommandExecutor.java:158)
	at org.openqa.selenium.remote.service.DriverCommandExecutor.execute(DriverCommandExecutor.java:83)
	at org.openqa.selenium.remote.RemoteWebDriver.execute(RemoteWebDriver.java:548)
	at org.openqa.selenium.remote.RemoteWebDriver.findElement(RemoteWebDriver.java:322)
	at org.openqa.selenium.remote.RemoteWebDriver.findElementByXPath(RemoteWebDriver.java:424)
	at org.openqa.selenium.By$ByXPath.findElement(By.java:353)
	at org.openqa.selenium.remote.RemoteWebDriver.findElement(RemoteWebDriver.java:314)
	at org.openqa.selenium.support.pagefactory.DefaultElementLocator.findElement(DefaultElementLocator.java:69)
	at org.openqa.selenium.support.pagefactory.internal.LocatingElementHandler.invoke(LocatingElementHandler.java:38)
	at com.sun.proxy.$Proxy11.clear(Unknown Source)
	at com.BtisNewUI.PageMethods.WCnewUIMethods.businessInfoPage2(WCnewUIMethods.java:564)
	at WorkesrCom_UI.TC108_ReferalConditions.ts04_additional_Address_ReferVerify(TC108_ReferalConditions.java:170)
... Removed 29 stack frames</pre></div><a href='#' onClick='toggleBox("stack-trace1200314947", this, "Click to show all stack frames", "Click to hide stack frames")'>Click to show all stack frames</a>
<div class='stack-trace' id='stack-trace1200314947'><pre>org.openqa.selenium.NoSuchElementException: no such element: Unable to locate element: {&quot;method&quot;:&quot;xpath&quot;,&quot;selector&quot;:&quot;//p-calendar[@id=&apos;effectiveDate&apos;]//input[@name=&apos;DesiredEffectiveDate&apos;]&quot;}
  (Session info: chrome=77.0.3865.120)
  (Driver info: chromedriver=2.42.591088 (7b2b2dca23cca0862f674758c9a3933e685c27d5),platform=Windows NT 10.0.16299 x86_64) (WARNING: The server did not provide any stacktrace information)
Command duration or timeout: 0 milliseconds
For documentation on this error, please visit: http://seleniumhq.org/exceptions/no_such_element.html
Build info: version: &apos;3.14.0&apos;, revision: &apos;aacccce0&apos;, time: &apos;2018-08-02T20:19:58.91Z&apos;
System info: host: &apos;MCC-RDEVWS10&apos;, ip: &apos;10.31.47.183&apos;, os.name: &apos;Windows 10&apos;, os.arch: &apos;amd64&apos;, os.version: &apos;10.0&apos;, java.version: &apos;1.8.0_131&apos;
Driver info: org.openqa.selenium.chrome.ChromeDriver
Capabilities {acceptInsecureCerts: false, acceptSslCerts: false, applicationCacheEnabled: false, browserConnectionEnabled: false, browserName: chrome, chrome: {chromedriverVersion: 2.42.591088 (7b2b2dca23cca0..., userDataDir: C:\Users\amaske\AppData\Loc...}, cssSelectorsEnabled: true, databaseEnabled: false, goog:chromeOptions: {debuggerAddress: localhost:62973}, handlesAlerts: true, hasTouchScreen: false, javascriptEnabled: true, locationContextEnabled: true, mobileEmulationEnabled: false, nativeEvents: true, networkConnectionEnabled: false, pageLoadStrategy: normal, platform: XP, platformName: XP, rotatable: false, setWindowRect: true, takesHeapSnapshot: true, takesScreenshot: true, unexpectedAlertBehaviour: accept, unhandledPromptBehavior: accept, version: 77.0.3865.120, webStorageEnabled: true}
Session ID: c3a38cbbc518c6ac2930a6f95eb8773b
*** Element info: {Using=xpath, value=//p-calendar[@id=&apos;effectiveDate&apos;]//input[@name=&apos;DesiredEffectiveDate&apos;]}
	at sun.reflect.NativeConstructorAccessorImpl.newInstance0(Native Method)
	at sun.reflect.NativeConstructorAccessorImpl.newInstance(NativeConstructorAccessorImpl.java:62)
	at sun.reflect.DelegatingConstructorAccessorImpl.newInstance(DelegatingConstructorAccessorImpl.java:45)
	at java.lang.reflect.Constructor.newInstance(Constructor.java:423)
	at org.openqa.selenium.remote.ErrorHandler.createThrowable(ErrorHandler.java:214)
	at org.openqa.selenium.remote.ErrorHandler.throwIfResponseFailed(ErrorHandler.java:166)
	at org.openqa.selenium.remote.http.JsonHttpResponseCodec.reconstructValue(JsonHttpResponseCodec.java:40)
	at org.openqa.selenium.remote.http.AbstractHttpResponseCodec.decode(AbstractHttpResponseCodec.java:80)
	at org.openqa.selenium.remote.http.AbstractHttpResponseCodec.decode(AbstractHttpResponseCodec.java:44)
	at org.openqa.selenium.remote.HttpCommandExecutor.execute(HttpCommandExecutor.java:158)
	at org.openqa.selenium.remote.service.DriverCommandExecutor.execute(DriverCommandExecutor.java:83)
	at org.openqa.selenium.remote.RemoteWebDriver.execute(RemoteWebDriver.java:548)
	at org.openqa.selenium.remote.RemoteWebDriver.findElement(RemoteWebDriver.java:322)
	at org.openqa.selenium.remote.RemoteWebDriver.findElementByXPath(RemoteWebDriver.java:424)
	at org.openqa.selenium.By$ByXPath.findElement(By.java:353)
	at org.openqa.selenium.remote.RemoteWebDriver.findElement(RemoteWebDriver.java:314)
	at org.openqa.selenium.support.pagefactory.DefaultElementLocator.findElement(DefaultElementLocator.java:69)
	at org.openqa.selenium.support.pagefactory.internal.LocatingElementHandler.invoke(LocatingElementHandler.java:38)
	at com.sun.proxy.$Proxy11.clear(Unknown Source)
	at com.BtisNewUI.PageMethods.WCnewUIMethods.businessInfoPage2(WCnewUIMethods.java:564)
	at WorkesrCom_UI.TC108_ReferalConditions.ts04_additional_Address_ReferVerify(TC108_ReferalConditions.java:170)
	at sun.reflect.NativeMethodAccessorImpl.invoke0(Native Method)
	at sun.reflect.NativeMethodAccessorImpl.invoke(NativeMethodAccessorImpl.java:62)
	at sun.reflect.DelegatingMethodAccessorImpl.invoke(DelegatingMethodAccessorImpl.java:43)
	at java.lang.reflect.Method.invoke(Method.java:498)
	at org.testng.internal.MethodInvocationHelper.invokeMethod(MethodInvocationHelper.java:100)
	at org.testng.internal.Invoker.invokeMethod(Invoker.java:646)
	at org.testng.internal.Invoker.invokeTestMethod(Invoker.java:811)
	at org.testng.internal.Invoker.invokeTestMethods(Invoker.java:1129)
	at org.testng.internal.TestMethodWorker.invokeTestMethods(TestMethodWorker.java:129)
	at org.testng.internal.TestMethodWorker.run(TestMethodWorker.java:112)
	at org.testng.TestRunner.privateRun(TestRunner.java:746)
	at org.testng.TestRunner.run(TestRunner.java:600)
	at org.testng.SuiteRunner.runTest(SuiteRunner.java:366)
	at org.testng.SuiteRunner.runSequentially(SuiteRunner.java:361)
	at org.testng.SuiteRunner.privateRun(SuiteRunner.java:319)
	at org.testng.SuiteRunner.run(SuiteRunner.java:268)
	at org.testng.SuiteRunnerWorker.runSuite(SuiteRunnerWorker.java:52)
	at org.testng.SuiteRunnerWorker.run(SuiteRunnerWorker.java:86)
	at org.testng.TestNG.runSuitesSequentially(TestNG.java:1264)
	at org.testng.TestNG.runSuitesLocally(TestNG.java:1189)
	at org.testng.TestNG.runSuites(TestNG.java:1104)
	at org.testng.TestNG.run(TestNG.java:1076)
	at org.testng.remote.AbstractRemoteTestNG.run(AbstractRemoteTestNG.java:126)
	at org.testng.remote.RemoteTestNG.initAndRun(RemoteTestNG.java:152)
	at org.testng.remote.RemoteTestNG.main(RemoteTestNG.java:57)
</pre></div></td>
<td>83</td>
<td>WorkesrCom_UI.TC108_ReferalConditions@11a9e7c8</td></tr>
</table><p>
</body>
</html>